4687
1815
5825
12876
5937
456
5899
3
626
1
1998
3596
4260
2507
2576
1221
115
464
954
1194
1649
3710
752
5016
258
272
6880
380
1667
12042
1823
172
362
1668
1987
436
340
675
1425
1269
2155
1127
4324
96
2698
8090
2625
5410
4342
1730
204
3256
1737
1871
1459
831
2914
5817
1461
168
5213
3949
1390
383
171
407
392
5323
1378
1056
913
4880
2846
232
119
2
95
1565
4123
1096
5654
2693
8
1380
983
2512
1018
2356
542
6232
5841
4054
8456
913
567
665
833
7350
1072
188
2497
619
2822
985
387
11055
1044
1654
714
26
3312
231
2650
914
6374
2729
391
5414
652
1341
1257
1726
3174
112
4496
5233
4283
2383
2815
2231
4302
1248
224
1143
3686
122
557
498
8865
8415
341
298
2643
65
1961
6448
327
158
1007
1330
503
9558
1103
98
943
300
5070
1364
2129
1748
127
5021
8113
796
551
1463
665
1224
95
512
84
1675
5483
2901
11
452
894
3102
456
74
2105
716
4375
2755
1275
1640
3176
635
783
3
94
328
2034
3811
130
42
758
189
7031
341
1261
5346
629
1170
310
1712
382
1605
276
1134
918
9414
278
158
499
6794
156
1782
3017
553
461
3036
625
632
1163
968
341
14018
426
664
158
823
10240
4529
3921
2392
2266
4438
6333
1324
239
6097
5795
2612
27
10
4121
3789
1178
1269
522
3486
598
343
472
2572
49
917
659
1486
2399
4888
1254
1265
327
22
112
2677
138
1780
117
40
42
3281
90
1943
11
9402
2514
4127
5723
1218
450
4677
3427
480
717
2254
37
15037
580
2818
1292
70
725
5475
4685
482
443
7373
741
5861
517
2574
1049
342
176
2654
8037
314
48
955
5
5078
413
239
816
2075
8944
1489
1158
816
1949
2425
946
1036
3128
8103
5596
1516
3961
1855
2955
406
97
1129
588
2079
248
4740
5453
2778
4326
2039
1769
8051
564
2020
967
1136
5774
522
2891
368
68
2648
178
463
1237
3312
1100
1087
306
3215
636
262
10141
0
43
2417
30
6960
1856
177
2896
906
3548
2295
1194
2488
1729
2660
1531
1177
3263
1700
1614
5099
2180
3328
829
2775
1257
1483
5
1137
1240
1464
8535
299
143
3826
4658
2832
768
5370
620
621
4722
3465
676
1500
923
6550
1983
1051
313
3166
89
952
135
707
4784
9479
9270
4443
553
94
9528
7311
59
674
847
2060
1369
25
7915
2710
6916
3246
2520
1324
311
4
442
367
5668
3402
239
899
1547
678
2972
2019
4689
1965
11003
46
38
1041
3683
492
455
3720
2342
3509
15
2042
2653
5508
54
9940
8378
507
390
1364
342
325
8699
2148
105
913
48
5736
2250
14
9381
304
5565
2723
10121
3374
7905
1552
6431
7702
3069
176
2717
721
854
299
489
3520
1511
2240
418
71
1846
1775
627
204
1230
3160
7299
4160
169
1729
1690
21
5950
4965
110
167
10018
2102
770
6067
1282
495
6616
457
6764
3276
5307
158
1647
3179
7876
8122
2265
773
5880
343
447
3926
2210
409
1567
1798
1186
2624
883
3435
2925
1657
11026
912
365
51
649
519
33
1198
2658
372
5150
832
648
100
1661
2864
572
1655
3057
1028
7789
233
293
324
3858
1699
397
55
1051
2973
4153
165
334
84
213
579
1771
7941
5816
2331
189
4932
1891
3155
553
2049
961
5109
722
2429
7928
150
227
1032
1864
12734
3286
130
78
10156
715
2098
1043
327
1898
706
223
314
3103
13897
303
300
1677
6890
1114
2982
463
41
2884
3748
77
4251
2428
3300
982
2361
812
3159
277
1058
2019
2395
1061
3514
3990
3362
5983
109
5745
696
1473
7051
131
3131
374
2288
11149
338
4231
2797
195
4292
2677
2737
205
2063
1391
2751
2423
184
3536
2297
566
8
1834
2282
1519
1936
310
1810
662
85
658
3540
8
5348
514
543
1440
418
4868
3944
9707
1035
477
1067
8539
7167
51
2528
3111
227
3122
9001
3308
5
195
1409
238
442
1451
2123
272
1569
2385
2980
988
1652
752
6431
5293
5363
117
700
6493
6426
3729
748
357
399
4003
116
3058
1075
20
2416
1891
831
4111
643
129
1371
160
3129
4392
1035
1321
3870
1741
490
24
2414
1537
3069
5052
187
3691
671
259
566
20
2007
717
738
312
15
3841
2123
77
72
4617
1321
582
69
1299
1397
9027
212
553
164
437
2046
2340
4027
2890
8818
170
8672
3525
126
2457
2383
1618
422
13
3401
801
419
1217
5925
731
4937
61
611
2674
1103
108
4146
4415
95
2694
3890
2000
3415
222
12858
11512
930
1288
803
1133
786
5311
884
5070
1859
567
276
79
259
541
844
164
1346
2167
5881
10935
508
1721
1058
3081
616
5206
270
1131
1784
8047
69
2412
2798
26
847
4597
2493
1923
1264
8857
8
441
1236
1028
237
1181
605
5230
4
2054
7582
1399
2917
307
4627
2520
993
2177
4794
2934
3225
2357
537
132
214
5068
7476
2157
3794
52
245
1329
2176
3326
646
256
3468
1392
451
950
4486
3106
944
77
4608
5768
1964
4132
160
210
44
2621
608
407
6826
56
434
3613
433
16
4048
214
1613
4831
1722
399
2296
1
200
1447
776
143
306
2729
6752
7615
958
8996
1252
8316
49
1973
5870
6102
348
890
5833
2932
2448
2063
241
1669
4651
2808
1502
67
2428
842
3716
3652
5482
2386
89
340
46
1036
46
667
1317
20
3145
26
1598
2693
610
585
5037
2002
4742
1089
367
2643
9961
460
939
450
3454
3538
2852
625
3435
1430
3018
1683
21
944
345
2654
2755
8941
11570
6648
197
1945
19
270
5
818
43
577
668
3066
7651
604
603
469
2340
2490
2077
433
78
3277
5553
4
3328
1750
323
3243
180
1200
4196
145
204
173
3680
485
3201
588
381
2789
1820
1001
608
708
6055
6539
2908
6089
64
1604
35
955
4479
573
489
6445
892
12657
6198
1112
2102
2444
2529
804
1873
51
905
3233
3992
121
2063
270
4066
4460
1558
3158
767
914
2002
553
877
562
44
2159
1284
976
869
1621
5927
4388
482
1176
1622
42
1243
239
528
3519
383
4017
769
4919
679
1652
2540
80
4004
7
283
516
483
255
701
3923
1562
4400
1338
7187
2403
1325
595
548
4268
5587
705
393
1479
240
3
9831
1232
4987
106
1045
4991
11498
1952
5039
124
425
10
1729
0
691
212
121
1581
3282
215
7274
886
143
518
5496
1142
6252
502
11750
40
23
616
858
2353
1672
41
16
4
380
1535
7095
1150
439
10487
367
1207
1208
1250
1146
2893
1803
1325
364
11129
2123
7630
890
1831
6003
9212
5126
1125
8401
91
11794
4703
376
2977
1648
4984
2280
477
726
1071
6459
624
1422
1747
313
1791
6797
1135
2388
602
2917
1000
1785
587
980
968
2252
4111
1105
2597
3484
2717
509
36
3738
149
1567
3762
81
1951
93
218
10398
91
1498
2240
1006
991
525
931
3986
179
158
1545
1810
1423
279
3690
1781
2670
948
4580
4778
2550
2802
78
3603
2341
1081
344
51
2560
2244
2554
1333
7336
1686
965
4695
2392
4635
226
103
6711
3434
1418
212
5649
26
5430
145
8690
142
1585
442
23
6308
213
1598
8223
933
775
123
2646
2329
490
21
192
100
358
513
4810
1550
1872
655
457
3664
6521
1484
16441
233
2020
5572
2465
1076
1719
2281
373
262
4771
1025
1340
894
931
2714
2326
2705
6005
3940
2482
5360
2830
176
2004
3617
777
3003
999
97
4805
299
2656
5403
2278
808
5699
101
2373
274
4515
9222
3187
106
192
3726
149
2111
171
1855
5246
637
837
57
3685
729
3355
887
1915
999
794
855
3550
164
3175
7875
66
701
6156
47
18
439
1156
3672
6218
11821
332
1
3588
2064
802
1572
1547
3857
545
1863
369
1181
2105
2628
185
1657
266
2853
2784
219
1445
141
385
763
4654
3360
5834
98
1210
1103
1018
3074
666
5900
908
3103
417
530
5590
2725
1111
139
1480
569
207
951
612
65
8617
114
1560
0
2032
3326
2142
211
932
218
2748
157
217
433
842
1001
343
23
12
2107
850
837
807
2614
1081
1905
8194
279
32
8291
537
172
157
987
112
4475
3631
362
986
83
167
1338
303
4366
5129
6061
4892
2827
2016
3
1284
37
470
5951
267
1
909
6082
6857
16865
375
725
8667
3781
3389
1012
30
3991
1664
172
10
4534
2837
698
9034
662
5005
12
197
1961
4140
578
12937
6136
1645
1743
1715
3309
1039
2571
131
194
51
5158
85
4074
1292
1256
6697
208
520
189
901
625
1471
1453
3440
9522
1352
297
2594
802
1418
37
547
992
2
4379
3580
716
956
920
1511
140
1015
4310
1245
81
50
2520
1513
1961
1544
5518
4544
49
9911
92
2434
2388
3213
808
535
30
1243
1129
1746
1229
2680
74
449
436
1165
6395
4330
10074
589
692
2298
132
5884
137
4069
1033
4429
253
1191
3310
674
11
17
831
37
628
3301
8
5888
5590
1113
145
299
448
1496
10
482
3608
886
6052
8718
176
146
1325
2784
1291
908
3366
2867
1241
4521
5099
5476
836
1208
1113
392
2982
4065
4332
7927
1059
1190
440
1691
7569
1586
1999
299
82
324
278
3125
3299
4354
1444
89
7580
853
600
2251
750
1247
3069
2172
715
1621
6030
97
13790
64
13544
99
55
1122
1422
1576
117
1014
653
1701
1450
62
287
9995
721
5458
1932
1031
2039
2540
2340
4456
4672
952
3651
7
1053
1733
7
3715
557
3216
471
3580
896
5638
6498
130
3269
3752
5937
7874
375
19
1164
467
1542
59
979
138
947
560
1127
2150
2446
1506
4093
265
1861
14529
1439
244
176
6711
3709
5634
6798
641
4
108
1512
12130
1982
4557
1153
6462
1336
945
1942
1047
420
672
7567
2968
7098
716
948
2817
371
1195
458
434
298
892
4992
2169
2086
1809
2032
5702
360
215
1275
7342
3123
1995
6414
1583
926
14923
2107
2238
256
225
1414
2512
4042
1646
352
374
3304
1889
4601
502
1643
5934
636
115
2091
109
965
2103
53
6961
172
1837
4357
2988
9128
95
1224
381
6317
6227
7312
4615
50
3214
10922
1046
448
854
2952
136
8938
1694
1535
260
8619
1267
86
297
1650
524
10027
127
6428
1304
1310
1511
1396
52
1707
725
1462
8857
6229
1148
0
1856
4567
6891
1239
7335
313
515
42
1363
1033
5123
7896
17
237
55
886
3893
6141
2550
855
1815
63
2578
698
427
3963
660
437
564
2850
366
6404
2320
12
1111
2272
3131
1019
4930
74
687
1608
1167
186
398
6465
3533
112
1160
163
127
1032
10306
1925
630
266
1771
509
1356
4294
1785
1914
1426
1938
2359
3992
91
4374
1133
810
1912
8733
3986
4748
4374
6119
1535
1378
955
132
736
659
47
2948
3233
633
351
5277
461
24
268
1592
69
656
1311
2979
181
897
13307
2476
7727
1016
114
2911
73
1192
111
637
8097
3014
2368
566
884
355
1537
3373
1300
265
682
216
1210
2433
334
2806
1129
1706
1301
517
192
7340
990
3116
313
1
2568
7525
9601
2943
1804
5037
1024
100
1306
8438
26
231
151
654
730
945
7838
711
2607
1645
2358
85
11453
440
4005
2943
928
684
1563
1563
184
1603
4687
948
6568
3295
903
81
261
5197
784
84
328
1629
2113
2119
2444
805
4901
471
3
767
151
37
125
426
711
9077
411
4762
110
3723
1123
661
7012
8
2203
544
359
11723
124
666
7180
3646
2055
1863
1313
1034
3906
236
342
867
10
3380
3932
880
274
196
588
724
949
845
670
446
195
3228
4499
3212
840
9745
1155
1717
614
878
2169
75
473
3805
393
694
250
1981
4134
370
5257
54
6014
440
250
4394
448
144
1485
5994
208
6801
233
830
4702
10646
1222
13874
3128
1429
2229
965
488
5507
2629
2072
478
315
198
495
1608
137
3327
4561
755
163
1635
4523
8137
335
728
1692
455
334
421
442
454
2171
1434
6804
708
1680
83
223
2290
371
1165
817
181
347
231
280
286
2037
1834
686
44
1808
542
929
241
1356
34
619
2792
990
3648
2153
52
286
2562
1180
605
71
116
1598
1220
1621
2300
385
5088
4409
56
54
52
5196
139
34
112
532
6301
923
1338
310
647
1415
1127
530
1573
2679
2682
770
8392
132
4372
597
776
4889
850
598
5199
3849
4132
5254
6052
2036
95
1861
3702
1335
1167
2219
882
860
33
10680
417
193
2465
1353
173
1963
5367
1014
2763
1896
3983
2525
1256
165
3496
6062
483
3800
12446
6862
2451
566
24
1149
2008
1341
2480
8821
313
2563
484
579
569
191
1170
1979
12130
3661
3763
464
2333
285
4192
224
1917
4096
1165
660
6
946
547
3099
398
9441
3479
24
1653
83
1674
141
912
1226
2517
4356
2425
1746
3365
8594
982
513
586
1025
966
2808
2738
710
2939
3501
95
2048
1171
4415
454
3925
3773
6965
934
3178
1926
643
110
713
0
1
1157
34
4974
1071
3584
120
1356
4774
8296
213
238
4222
2612
205
2416
1684
9325
3030
3212
9722
3227
164
1970
1207
2950
472
1875
1451
635
568
438
90
3739
2312
1287
3296
669
90
2191
13148
1112
861
941
1422
1391
2775
580
4559
895
869
7867
3970
311
2443
707
1914
5245
5922
2632
3084
86
6431
1806
416
87
2440
46
9091
1988
2325
1358
228
127
3058
1872
178
1181
129
1858
1619
9057
94
88
3566
2180
35
4693
448
14062
1619
1725
887
674
685
752
4257
3973
153
592
687
981
2230
800
375
3065
635
2157
1669
2829
22
99
3676
3252
10341
512
1987
400
1611
8945
14314
548
3865
4728
118
3438
574
5363
6458
877
1656
2956
1631
4659
508
7407
424
68
197
220
1093
2088
8928
1642
989
230
434
3254
86
5385
3907
2532
1694
3228
38
262
5456
2718
701
260
1087
562
4775
342
55
1804
1401
32
992
585
35
83
829
270
198
1306
132
789
1
4571
1246
46
849
3735
2401
8098
5372
64
1272
3780
4969
1259
1259
467
1516
632
170
785
1281
5058
166
998
194
724
6830
178
9260
89
4591
55
2864
174
7956
512
103
2172
2243
818
191
356
990
4
32
484
80
112
4633
445
6130
4148
1124
471
2225
3989
963
393
55
521
41
3992
1127
181
840
1640
10979
5314
409
1039
1410
387
4574
803
73
764
4762
2458
2195
6364
3536
11427
719
1452
68
1641
2210
2371
5817
621
1040
3088
933
2719
19
204
864
1281
1153
14
1074
1164
307
467
6510
9222
318
4913
1432
4227
6323
413
5
6157
752
73
1141
439
3493
5062
286
1766
263
903
1074
102
3202
889
2632
4436
2111
1530
5238
1490
199
5144
813
469
1410
8652
167
2019
1776
2540
1140
656
7167
778
2700
4
122
4634
7672
1547
6855
753
2458
1706
789
12
787
1532
36
2750
915
1769
150
4880
816
3861
157
1235
140
1451
2292
2147
1341
2593
2603
4155
177
1565
126
227
8875
4165
2117
119
610
1797
1174
495
270
3288
601
402
2844
1529
2306
2147
5413
2210
1102
6946
452
6803
1599
3919
718
463
4406
1106
1661
315
415
42
2291
229
1130
252
5977
1916
250
3206
5182
923
2735
877
8485
1358
3459
3147
889
687
2170
204
211
5414
1132
366
5879
7809
1482
1212
77
270
2017
533
1587
2045
2781
5751
1705
3855
73
117
417
2818
4623
89
731
340
651
1161
7649
826
3863
967
2331
1786
689
548
671
374
680
5641
27
6885
168
218
3723
163
1410
95
2997
4
1119
6077
3298
1731
2867
3856
641
1907
864
7209
7124
7087
3273
169
11028
6218
208
7654
11642
250
3605
1586
218
6753
864
2422
3879
351
261
3
1378
1471
435
3
3612
1599
123
2090
1310
768
6877
5887
1345
65
4447
6978
1465
3944
32
359
1292
3298
80
651
28
2182
4098
10895
3018
4249
3129
1528
2618
1045
847
2107
132
5775
54
8186
644
2907
1702
6148
3016
2065
4
20
113
2863
5564
2441
68
6
9013
1796
5131
1718
3764
304
535
2100
252
1717
112
585
2441
87
363
6037
7401
8892
148
542
4342
399
1531
131
4011
301
160
1177
2349
1847
1277
8924
3009
2807
1793
312
3797
3446
3583
9
100
237
10215
4226
1620
93
164
628
2226
3325
4880
5981
307
1293
162
5461
13486
985
1939
186
3217
3212
827
4626
371
611
9385
354
357
2196
1891
3470
9407
2442
11
199
3100
186
2003
1310
14
244
3628
97
941
2531
1435
2156
4033
3383
3501
1074
1951
6
1899
2454
4200
1703
137
11
1736
2780
1536
699
391
817
2105
1681
992
634
1153
21
174
2099
35
11794
1450
13
513
733
4980
1352
2239
1817
1388
3481
3436
462
188
414
7372
1025
2388
3495
2361
556
2564
2140
580
587
686
1834
1018
1364
1030
1708
5416
1300
813
36
702
3732
147
1251
5946
1278
2295
1619
275
881
4835
4692
192
1274
2836
80
861
67
1903
1198
1350
7713
817
310
422
745
911
271
4195
1484
4229
361
1310
2429
1731
217
200
2167
2321
536
1809
1496
237
4599
573
2734
1582
729
568
75
1651
767
19
70
1001
2938
542
2820
5
1138
2209
3920
287
198
243
1402
2925
192
828
1602
260
1410
3325
420
149
760
3696
6345
1053
1580
7
1191
2234
3939
2055
2459
285
3250
456
1773
331
6
395
50
1790
1051
704
1505
3065
2024
2469
463
240
1143
411
163
3042
2883
4780
1767
480
345
1225
3488
328
6439
1572
2212
401
1877
2902
3863
2698
1537
16
511
1406
789
2342
561
2517
578
935
2184
173
362
2671
824
3091
552
1220
8595
3092
2302
464
498
3055
1225
51
3773
2785
634
492
266
34
81
5849
945
1870
7335
1283
5377
12527
492
1799
687
4109
9620
6299
3932
1634
1503
33
1281
602
1126
1827
1472
6864
8165
1306
570
236
9377
7639
21
5525
2346
83
1723
62
377
1952
1968
200
678
728
3573
5687
3636
4454
2581
796
1382
694
1828
1967
6843
758
610
2352
684
4573
1977
1950
68
58
14
24
21
2815
1590
465
416
4053
450
3159
1183
98
2436
310
66
9711
3823
71
9148
1270
836
1461
895
1041
532
876
950
5305
1212
8205
4695
9495
85
1714
1120
5443
3118
559
3592
1248
4155
228
1296
3771
4031
3068
3001
3104
6427
5627
1439
313
1084
9283
58
2029
321
45
878
338
732
630
2995
29
2105
1391
23
3807
118
3848
15
91
993
79
165
1604
813
1832
164
2621
12523
4838
2423
827
614
1171
1
423
811
145
10223
7254
2884
2635
209
4916
2152
6130
51
347
443
7524
696
3441
459
4374
252
2440
200
2088
1125
2213
1166
1119
1353
4835
202
70
697
248
698
6088
1675
108
610
1507
18
929
2680
3835
32
2215
3577
4850
3665
515
3701
807
1597
63
34
344
811
600
250
347
3153
753
2609
274
1250
56
80
527
263
3877
3552
894
5278
1917
5347
6343
71
1840
428
905
1887
680
2961
956
168
81
7869
3091
5174
2434
4670
4247
2222
1267
1427
1292
13
3667
565
1225
1517
3206
446
2399
340
4954
2995
427
997
6522
3668
1622
2585
259
4984
28
1154
122
3150
1049
2651
917
1789
3107
3626
130
3809
1959
4193
307
3287
3066
192
3261
3350
4468
6461
91
136
2451
8312
3588
1317
29
2052
221
3247
9160
5360
8130
615
165
75
4171
3047
856
1350
1930
2572
2031
848
1965
658
517
1210
64
1536
9900
1839
151
874
56
361
1813
5605
393
5165
1042
1002
645
262
779
1903
614
1642
4405
3017
1208
396
505
44
1418
768
387
55
7259
9
52
1993
9466
1102
3818
229
661
2822
72
5453
1038
1787
239
259
560
259
3472
455
467
6
8195
320
147
1543
1369
2829
5005
1518
269
8358
2239
610
2737
1778
980
456
476
3613
7235
248
209
2494
1302
7533
582
1978
2912
4465
1827
3244
2419
6008
2446
4065
991
881
4811
1420
2191
8564
302
260
461
2910
8395
936
531
2037
3724
175
4383
4269
49
1302
1609
1797
6796
2100
4246
3318
67
1942
4294
1586
1723
2233
12215
377
771
981
712
6809
3418
312
102
4584
3504
3639
1119
87
2934
1895
2685
1843
282
7251
2194
7335
763
2762
177
994
1430
429
2689
1966
384
4737
1491
2041
2355
4072
1412
2004
3926
80
3531
1879
301
531
5344
166
4349
1939
703
721
5147
542
675
375
1650
3266
81
1326
55
41
708
7596
3015
434
4144
1482
3529
9
5344
1175
388
7933
1093
4434
94
993
668
90
2940
5089
1625
959
51
4490
112
4872
6706
3484
770
695
1431
7871
1351
209
127
2746
3279
1359
144
308
12110
394
339
4271
200
1192
339
839
3649
1044
2094
779
9505
5
3732
1008
212
6773
3100
717
1206
8094
3858
1813
434
2422
204
0
13
7707
484
2159
2206
1513
5286
289
1306
4061
661
1415
7740
3395
3094
10046
57
190
6360
2774
192
1139
4422
642
1818
988
883
6831
627
3791
1152
2
588
4702
6350
5330
2473
4828
204
3981
2493
4169
1884
5309
229
3161
2798
1656
4857
93
331
1056
4520
6010
1659
1358
3457
8074
1186
3130
4479
2206
2587
8373
2099
1826
571
6779
1497
411
922
1515
3945
1996
344
63
156
509
157
918
1454
1749
2274
265
7783
8905
691
2635
159
3288
1970
6741
1588
1201
2261
261
2235
12
717
1154
341
3732
834
5070
4166
365
6316
897
797
9
7499
778
3
5363
9058
1302
1545
309
4945
1077
7
545
26
3319
1256
2300
3417
2794
294
4663
23
79
1118
1407
3412
9175
4583
1388
5565
1991
3792
3571
232
834
594
3347
5209
373
1842
74
1298
2762
897
23
854
226
4311
3475
272
47
8960
3400
180
21
5556
415
3628
894
6
15
2
2422
2814
296
1633
1116
4714
4812
391
9102
3496
796
2303
6867
3307
2545
193
177
713
843
244
1373
1346
648
4852
5557
6221
1980
1435
3357
2380
2656
3108
9
178
7930
1249
789
4587
74
45
337
1100
1726
3760
1697
716
2190
566
4755
1689
1236
1478
6458
3869
66
7987
2822
1249
1426
2515
623
2436
182
692
2429
160
339
4519
4851
1130
105
141
6354
4192
1787
92
1222
3368
803
225
559
4255
437
671
928
208
858
1497
170
133
3033
615
9536
3763
2025
2565
212
3753
1093
264
337
4183
318
175
2615
1759
898
116
4138
7214
1298
4840
5909
830
4390
275
842
757
1962
1926
2733
992
94
30
1329
882
1776
797
4380
4332
2721
600
824
178
324
6477
2069
1121
142
6662
1359
245
3838
112
6170
606
3284
1089
1430
4307
1890
40
425
1453
2964
3030
937
1092
116
3616
1712
612
311
1638
2928
1664
7336
889
8802
90
6236
64
372
3907
1759
3418
5160
5058
4898
134
3819
1716
1586
119
10821
131
4581
1064
1062
6428
2005
1127
7744
149
1483
73
386
2930
280
4569
444
2015
3629
1678
227
320
1229
108
171
416
1708
5585
974
38
700
816
5396
724
1344
1227
500
1559
586
2393
12070
7527
450
1846
563
147
7938
826
210
266
999
8915
3691
2858
33
6713
3255
66
2992
4645
1359
838
448
813
125
625
7253
1725
5
2138
580
1207
372
2569
2731
1423
443
5483
9234
6366
657
1000
666
3065
813
1570
1426
1586
2484
9106
5060
569
52
3581
131
4380
74
3940
12182
314
3239
3691
14832
2587
164
3138
1640
2600
3316
753
897
2836
5731
3772
411
2086
1729
8055
1870
815
456
1917
2173
4613
2929
328
1752
483
875
627
1115
980
320
9
1701
31
1529
1381
987
959
1366
764
8244
370
212
2765
5100
5968
8868
4596
117
1494
528
198
1186
4662
2526
557
432
1237
3277
1456
1186
1633
689
40
2014
385
174
5462
3826
835
4187
58
1246
49
39
72
2549
1057
195
260
4176
3567
1196
112
3
4415
19
1668
2
31
2624
1976
618
1416
1266
239
1703
319
568
4379
8229
3667
759
6881
1604
769
562
206
733
147
2999
727
266
275
108
2134
648
3250
478
992
175
16
5358
643
321
4076
353
6836
3063
2709
1811
1458
1875
198
252
271
479
5693
1862
6383
1602
747
184
1724
345
1692
9165
12014
73
63
4722
2381
1909
4596
821
111
754
3083
3991
4105
2116
1038
244
1026
1054
79
5462
7932
1356
400
8345
150
1233
1875
660
245
185
3371
525
284
938
7037
542
574
268
1829
4548
6085
2414
3185
1867
3649
3322
3038
11422
457
330
144
7747
10111
483
2552
4558
505
28
813
6361
1207
1304
283
181
0
2735
655
1065
115
5613
825
1187
3622
13
360
719
5769
1155
4505
2958
643
492
1063
2707
525
2249
197
629
15668
8760
2213
4852
2179
212
3598
1203
668
328
2355
2334
7221
2681
3903
1066
67
705
300
7826
590
1507
63
482
1887
318
8103
1250
3919
92
1270
2939
300
1605
1288
534
2506
4315
3368
1826
2290
4571
973
7439
2554
4824
4876
1505
204
1855
18
112
1652
4504
1125
1079
4507
1232
172
2216
1558
7122
1396
593
366
3035
332
70
485
3465
6735
1557
1428
2559
1855
3187
33
1361
270
866
78
154
6632
18
2476
1316
1121
4494
2701
3747
325
2651
564
34
13
6010
12768
621
161
6290
3157
4184
1537
277
1667
2450
95
1489
1637
2786
146
449
746
302
446
86
710
122
2250
4358
3680
3480
245
5886
336
1445
4207
4758
1622
2108
290
197
41
4447
1104
523
67
251
1402
3609
247
95
450
62
4663
106
803
1205
1206
4088
1109
1
316
11
1455
10942
5196
5069
6748
1732
173
4427
18
616
2893
335
155
3409
4526
4648
6106
674
7475
1420
425
218
5551
110
1055
2852
4079
4072
37
1519
2024
1378
4450
111
9735
593
200
1517
288
3375
4173
3914
3979
166
4169
245
4165
44
9519
3932
1903
272
3113
2249
2419
439
12
762
2142
6044
1126
36
460
2178
6255
2729
5417
309
2777
1459
2276
12836
254
8077
3571
6433
4500
8328
1074
3072
969
552
3545
707
362
1421
2144
4972
1849
3821
2987
24
528
220
2363
454
187
341
39
3985
404
6413
3548
1359
1005
217
382
3453
5658
619
1054
730
114
1369
1012
7543
3283
3827
442
1009
1295
4898
1504
2707
3421
598
2271
839
690
14052
2485
4223
631
2043
8580
2386
970
7674
780
314
2303
1565
292
73
930
2553
890
2790
3668
1862
906
2538
3182
56
270
1562
1381
2642
955
252
870
811
915
1382
1036
1205
2213
248
4754
114
331
104
2176
3577
9823
3853
6532
598
547
5400
43
3095
5341
579
5315
2019
5081
229
951
2747
5675
5172
79
2053
1046
108
488
3509
1006
1540
342
687
443
6083
4564
770
727
1274
323
1010
107
1035
176
1885
2349
1017
2855
379
1020
3290
1144
558
3443
18
369
5804
1626
2646
1090
5604
633
2102
415
4214
2171
2043
774
8
6311
2359
1096
180
818
7815
4296
4417
3908
2206
1219
3436
2120
187
198
1337
13
2395
1010
1391
1043
6408
352
5691
265
1050
15
3339
1215
4179
10902
8025
1436
484
919
874
6
235
677
1074
199
4579
815
708
2229
130
5855
603
1659
3381
653
3807
8521
278
6646
2135
143
7676
1212
108
324
87
657
449
493
252
1047
3346
3361
306
3390
8729
7061
112
5426
28
2252
1459
543
1774
253
5095
284
296
557
273
6499
469
4319
2705
104
130
441
4389
2004
1249
1053
476
2275
1118
3754
1607
2166
590
5
1464
57
943
617
41
643
1402
308
530
7142
103
2699
2460
540
27
3985
569
16
747
13977
643
9281
1784
1616
10429
107
766
2309
30
175
2256
0
292
386
1076
3765
1030
13517
9098
63
146
3888
115
1425
1582
591
2557
197
496
99
68
2691
123
1229
4588
354
5566
972
736
6694
832
6440
618
1824
26
5553
3936
237
4580
693
184
2738
207
838
3819
69
1502
4557
856
230
1067
53
2601
3579
412
6692
655
68
3053
3251
739
1298
1635
2775
2291
3884
10272
6099
1099
1579
66
69
629
2453
4163
288
529
2551
3349
1537
75
48
189
6372
2750
2353
788
4951
14
4599
1005
2012
979
691
35
23
979
1322
266
3201
497
136
4095
1898
842
2195
6399
2088
2690
2297
6218
206
400
6452
1586
79
1120
6204
523
6308
1196
5617
3455
2773
710
417
52
1282
15
4371
701
510
260
40
1956
1580
2287
3827
760
2730
56
2554
1626
924
3506
71
1088
160
3027
263
20
192
923
1697
7090
10151
434
420
24
560
3638
2422
241
635
1439
542
7426
13235
10
96
3511
7393
116
2121
2156
11904
5331
277
918
13
510
3633
9551
6305
3628
3050
1211
1820
3877
1796
465
1196
297
67
167
10579
248
47
7092
507
7257
2563
4113
427
4318
1031
1874
3554
691
648
3156
3428
227
2129
6376
292
4962
38
5404
199
9
4862
3976
1012
309
4179
1561
156
2886
529
5395
2812
155
102
2102
1604
485
1091
120
2897
546
1308
529
3136
2265
3943
620
1435
125
1711
6833
89
200
917
1134
2190
5007
2811
2479
6392
369
5965
8975
1806
6075
40
4949
11154
3402
172
1568
386
235
2693
1780
134
3101
1474
1376
2163
393
942
1123
323
453
194
327
2078
2086
2863
1219
2670
156
932
574
1797
2462
1040
794
1715
246
5075
2435
3893
1100
8368
509
11427
41
676
32
6773
3678
10248
1148
530
1693
586
4220
245
187
4786
873
4166
903
468
169
332
715
883
2439
142
1028
2782
1045
240
222
3836
684
1502
2697
3800
4161
814
2729
4865
3489
106
843
4380
3458
324
1027
1914
200
745
1643
3602
679
1668
127
2999
29
935
410
2768
698
2420
2648
21
16
2845
7334
5260
19
1465
5337
37
9907
617
89
5683
15
12
1354
9407
1521
3
2676
1630
8112
6883
625
2103
272
1406
581
1994
170
2791
190
2299
222
399
713
10300
389
3276
5178
1453
49
1340
3994
341
2699
3758
109
1080
5666
20
4092
6153
196
2901
7261
614
4614
151
701
4586
622
6008
125
966
97
5336
0
1606
4105
8169
10450
4759
1395
1146
3016
1792
464
111
6104
53
2011
378
5352
469
950
1392
5604
4279
4675
160
2641
983
9909
982
441
49
947
3172
240
3648
3658
7188
1845
2658
524
971
65
1998
1142
5205
1207
834
7268
853
4187
36
4877
1033
452
2478
86
1559
2875
14886
1635
1311
1352
639
512
1218
1142
4588
4657
681
418
3328
1111
60
4158
1401
764
2601
9861
2142
3491
5131
13060
1696
133
4347
214
3977
4094
408
76
4789
4275
8934
2261
451
28
4335
15
2401
438
1383
1010
3624
1397
1384
323
6816
4316
1156
154
347
2782
334
6636
1170
145
6263
3128
242
1821
1925
1611
4994
2100
803
1328
589
4631
4229
782
7302
39
1754
1036
381
219
2162
163
2009
6114
626
1308
301
774
384
2067
1571
518
846
4746
1386
1123
984
2948
1053
3257
12146
950
4756
14948
928
4615
294
1727
7921
2794
2235
288
899
7082
2042
4222
199
3334
1678
822
535
3195
739
780
441
249
8627
592
828
349
4241
3575
573
627
10668
28
2629
290
1052
1498
7577
257
2126
1512
2000
1700
3386
1970
43
934
18
222
4493
3035
134
59
2928
717
2279
973
158
1765
3431
292
4405
1855
3069
10671
1786
252
133
3960
2053
3701
759
7276
1795
464
1188
772
2225
4755
231
148
1932
14348
145
3169
1636
3806
5501
742
3
3174
2792
256
238
573
1056
228
91
1822
4085
8205
6393
1672
1538
5758
329
5089
585
525
332
3660
1237
4826
2142
4332
4532
7699
8466
3444
6115
355
1890
1953
321
2165
4522
1065
1170
2141
1684
386
2201
1017
941
128
6442
7051
3854
1843
390
3466
4254
2351
142
1075
2103
3329
73
160
1949
441
62
227
4796
329
1201
2598
269
823
3420
1019
606
3540
1131
6845
7113
5873
2098
1726
2342
11553
7891
36
3279
1500
4969
27
7366
3
910
15808
2185
2673
233
127
7885
1784
247
146
149
2279
48
8703
8071
1515
1267
7626
5614
8406
506
5034
7337
4182
413
1643
1419
62
24
1
41
122
212
348
3058
1198
3379
863
4958
759
710
2023
1586
1830
925
4199
9592
1700
1940
168
588
1418
1721
7
10
106
692
587
2704
866
2437
1672
2767
205
312
388
445
480
3082
65
2986
978
7077
413
1360
530
6783
2836
570
626
3709
7001
541
196
399
2293
1257
3270
6320
2885
574
7406
10170
5160
1327
4071
902
111
1072
648
1880
857
6085
5068
1689
84
149
15
2974
2710
1068
404
1891
2350
5474
78
484
1863
94
2302
8530
204
271
379
3721
36
497
24
8042
11
807
314
3280
873
15158
3769
237
4349
2400
4454
1511
10046
6792
4289
1617
2863
888
183
871
306
466
3333
12007
1136
3420
2823
189
9682
88
77
78
3892
580
510
399
4143
2035
745
126
140
4619
7615
2282
585
1258
374
5885
181
2199
3292
958
90
3
2635
109
5212
5616
3792
1666
3985
3562
4126
478
803
2689
825
2341
3
8640
7283
833
12112
2028
633
3529
877
7843
1859
961
1109
3700
2754
12316
663
5169
1913
1275
2153
254
2915
8060
1003
3907
5917
202
777
3268
6653
1582
347
556
4397
1002
5999
2519
2587
494
3240
615
400
2119
316
131
7773
57
1833
3179
5543
6867
630
463
9033
0
962
7968
198
402
731
4991
7083
863
631
4857
1241
6815
1892
2900
2332
794
103
96
1724
21
3897
2288
4378
975
963
854
2182
75
836
3998
1111
4655
7692
2034
1289
448
272
678
43
1466
3744
204
169
1286
6952
423
3845
6537
2022
566
63
27
702
5225
700
3707
2266
1704
4538
103
6710
1211
201
215
1268
6546
1844
2732
5900
88
521
3165
315
838
332
3639
461
55
639
3681
4
2963
2266
198
3511
111
85
221
4095
829
2448
2635
1168
319
403
2348
1203
233
3722
359
6133
11416
2197
127
306
793
610
3320
7745
364
727
8122
10961
2443
3774
1304
4651
820
304
1792
2054
261
201
9253
2796
303
388
4489
2012
1337
2732
24
267
544
7545
101
1126
3608
10795
1777
2438
2106
5279
786
413
301
4364
361
238
751
3753
3764
3590
1025
659
9612
254
7411
183
603
1439
128
1226
346
1563
5292
333
3003
412
3449
188
763
419
962
909
9658
0
2887
1638
183
1660
275
71
528
7252
806
139
3894
2156
1145
256
4770
870
850
22
1003
4109
1157
604
1042
625
2313
2205
634
1692
492
575
1253
3610
309
1324
82
972
6706
2246
2768
239
3567
4531
830
1712
897
302
1460
2204
4647
576
1741
1155
294
1060
894
8024
767
492
235
695
3292
571
36
324
232
400
6763
1873
2433
2001
1128
2743
2074
209
38
975
6439
1897
43
3878
884
2237
4203
1154
5887
7756
793
1601
200
1970
266
6343
474
4305
10635
750
406
134
7727
193
1998
2752
429
3810
34
151
2782
1043
326
1220
842
2162
355
5306
744
6163
171
3492
24
4101
1753
1216
2701
1981
374
1085
125
1475
1205
5580
7045
323
1541
3265
8644
104
271
1048
1631
5288
940
2266
4275
1707
988
2523
1808
188
5257
626
430
50
192
9579
3892
4853
3959
737
10
3856
227
576
1594
8039
58
10778
1931
1990
885
228
5032
670
2880
5013
419
3811
26
807
45
1145
1337
418
681
4746
762
6202
1683
50
4659
154
9236
6238
791
2923
111
240
5153
354
4483
539
1819
792
106
9350
4873
11
133
54
921
4447
4350
3672
3934
3298
3044
963
1164
370
488
5818
518
451
894
35
132
843
716
2089
611
906
5405
922
3089
919
2389
4776
515
186
275
2648
1529
4121
3151
4328
1599
8804
1053
5346
1332
8721
353
1719
397
1090
2540
85
1330
522
3002
624
2750
494
2527
4913
1
209
1611
2367
1394
106
31
4684
181
77
1414
515
16
2545
676
5210
11995
791
10064
1232
2740
4035
332
150
1045
171
1867
2386
9168
1854
2350
294
36
18
9114
1617
5173
1453
3456
826
1985
5243
1922
11320
5087
340
8
8595
112
2110
3319
1264
2098
973
1075
12769
5953
219
10999
4428
988
462
1293
2359
1105
5168
30
721
2744
3304
1600
3566
1037
2310
4094
936
581
377
3398
1337
3275
655
974
14
71
3314
1234
4114
255
101
459
2002
1826
2248
17
6
5856
1451
52
3784
2959
3340
132
4025
2111
1532
644
4402
381
648
200
7378
1574
725
64
183
108
1971
417
3774
2025
3432
162
1623
4454
4006
5859
883
814
1751
2054
2282
864
658
3672
6415
0
8351
384
5985
61
664
4871
523
1272
6796
6876
1580
189
759
121
522
986
82
5216
11407
4638
973
2313
11930
300
1733
822
239
5064
5691
169
200
1613
1343
1308
3117
1114
457
1144
6928
850
1697
2210
340
112
261
100
956
133
1144
11417
3147
1253
145
3452
2821
6727
301
8637
4562
971
6654
1872
7177
1388
3558
8933
8604
222
106
192
7606
3870
6480
1716
172
3132
420
1220
13811
4491
160
1067
1456
3621
2409
339
50
512
7261
2825
881
14244
5721
2017
127
4553
530
6205
2386
5547
472
425
3002
2661
954
2332
185
186
581
5888
3355
12651
294
993
508
2713
857
2110
2323
1366
353
5694
676
26
4731
1169
94
756
7793
1017
2291
33
2168
4812
323
2801
470
2800
2629
1677
9970
399
2108
2522
1888
819
118
2119
1226
144
2666
3071
37
32
2334
2194
2628
388
7919
3719
2884
589
1791
732
51
28
1667
2805
445
5742
2204
752
9055
5575
423
3640
204
3003
215
344
1770
4567
94
2849
4669
6576
10759
5647
4607
1419
4007
188
32
503
87
74
7
352
4525
96
90
1298
9456
673
4
407
1961
1811
2816
1639
1350
4580
22
198
8821
33
6098
5189
1364
528
961
124
1783
36
6300
732
3413
4790
270
1472
29
1863
159
311
356
2738
3947
24
3902
1530
2370
763
2547
6695
7793
5367
4557
1029
3391
3671
885
2692
1380
4147
294
81
5836
326
1219
555
3156
8679
7494
1277
3820
72
3421
3276
1075
2
108
784
7244
1202
4165
322
6778
15
443
6713
2275
2970
1386
1891
595
517
4060
825
1396
2368
2352
402
1648
1716
718
8200
960
87
11193
1990
4750
921
11098
5178
301
1539
934
3503
2792
1453
115
7816
1898
4296
2436
3840
1529
2590
1070
12178
1869
5677
852
873
2266
595
704
8632
2351
4571
1174
2677
2053
9128
2408
3955
174
2665
6437
2335
36
2485
717
944
81
138
1136
2716
1240
496
1065
9212
412
142
82
3240
1154
1346
2133
500
6912
534
203
2653
1295
254
91
3113
2938
11711
2157
1389
24
6567
5791
1733
11
1157
6615
2086
3515
2979
675
56
1409
1038
5575
738
265
6499
4157
876
1848
277
3043
21
6832
2933
1047
118
993
5405
7805
6
1286
7362
5215
3806
3298
3143
694
380
1271
414
1381
35
952
6134
814
292
712
1877
1285
1100
4324
3498
529
2077
439
2566
211
232
59
15
113
388
203
3438
2047
1451
2433
1641
3540
7764
4548
183
3249
10705
17
5007
375
1006
7820
3285
957
954
295
2138
919
425
232
575
2472
610
2171
4085
3070
14
3511
4882
2672
5167
8713
73
691
1013
323
1484
728
3
1073
498
2304
1009
8003
1264
778
1285
2138
8379
5626
8806
2622
251
1025
40
828
264
3676
2752
1091
814
1223
75
5813
290
523
354
479
829
107
74
396
672
1194
3438
703
6090
1974
91
1843
1108
361
287
560
3384
631
1858
1926
3176
1750
673
5334
1216
3099
95
2390
3923
6173
1352
767
110
8171
1170
167
4081
613
1023
8304
2570
283
4388
524
3357
686
2157
12914
915
1132
7143
1457
3793
3177
381
75
1698
413
29
5016
6601
6658
1904
1764
1737
4679
588
11
586
4092
2212
4433
1693
279
696
936
320
1567
441
2811
589
21
1856
161
1388
61
116
675
2110
2250
2266
521
1832
751
1360
6773
2681
723
4243
220
3339
1127
261
651
8691
3891
3788
329
442
391
900
1000
1392
621
4727
985
273
396
6909
9774
3415
818
2508
463
6620
1826
1647
3359
338
1053
3275
2316
9090
1266
1127
607
475
1121
1293
198
414
3184
4197
847
33
560
235
4180
7928
2206
2914
3142
325
187
1568
400
3269
3179
1487
1814
147
419
1290
12153
2470
143
3633
1537
168
802
2162
4150
4
7735
4722
3121
2072
56
2758
336
7056
191
782
269
2353
881
212
2936
1666
574
4824
2416
629
2297
3219
545
1356
1914
5433
88
2731
1660
3488
2677
6766
844
1130
3725
1883
2924
5
2473
5154
1853
234
2973
1822
2486
1425
1321
157
1553
321
2941
1868
5389
2832
2768
513
62
536
1746
425
675
1046
3424
5079
3
96
2894
1276
2621
647
608
252
660
2034
7842
21
1074
1323
1442
1078
1165
700
211
248
5180
3442
8121
316
1515
369
1970
1531
632
1423
159
282
278
768
17
420
3315
99
1882
9187
1906
8318
58
826
5810
5357
2523
2303
3782
568
2782
4005
2288
407
3895
3030
758
712
252
2785
873
1199
585
308
2224
170
976
3389
282
6227
604
1326
947
2551
753
1092
841
1
1921
703
786
157
525
1635
1771
769
502
5203
3512
1963
946
2031
5108
7222
2990
120
2136
1176
1495
892
231
8979
12574
624
1139
43
2085
3810
393
620
2173
1254
789
2566
3456
1057
773
1179
28
19
4675
110
447
302
1050
535
3096
1543
4650
5327
748
831
32
1825
124
2185
2489
2320
1566
198
1728
251
104
44
466
2516
1464
90
3193
6447
3262
3364
654
1501
10247
4513
1521
24
5096
764
4491
14400
3646
2772
32
2470
54
556
1858
3670
1105
79
5369
1080
4185
156
939
1032
565
1943
792
3036
1753
355
2576
1266
5434
1267
196
1262
1153
1429
1645
5787
346
335
2384
1364
1339
0
882
4373
5364
489
2224
4911
5998
4570
1527
3189
893
4943
2612
8
385
1696
322
1584
348
806
4062
4457
1894
3742
197
143
189
35
2
17
2219
8466
4980
3033
7634
928
948
394
206
91
488
1869
258
1405
1821
1847
9707
4333
732
11025
171
4130
4150
1298
3997
786
182
4677
1121
1660
2787
10069
536
2992
3109
147
2986
56
3094
2093
378
152
205
3524
8
1868
1754
153
1217
3480
2370
1108
1265
4106
280
23
788
38
4167
1336
142
523
167
13
220
9273
602
112
103
910
4469
51
997
700
3638
2369
157
2825
784
7033
1147
1259
1726
788
9638
2813
169
3180
4742
37
7146
629
123
2088
1499
5069
2827
19
554
2947
32
5261
1871
672
1242
6684
101
8181
3405
764
1930
5121
1527
583
1968
889
2279
4963
419
141
138
46
3125
1464
218
143
213
1543
4342
452
5487
543
723
6753
1417
792
7945
94
11
647
2265
120
1425
7526
3591
439
1232
1970
1220
8329
3706
5611
168
2955
1959
342
674
3718
15
2399
1283
36
3344
1527
3127
2450
892
177
1077
420
122
4337
5369
4615
265
1020
1541
542
3482
298
1146
3820
982
279
3681
123
3207
16
3126
3160
86
4372
425
769
4926
1303
7817
1081
213
2063
3336
2188
2356
1742
152
2063
443
4347
258
122
1491
1928
1747
3070
179
4572
1881
439
809
8038
103
259
1604
3837
3731
2385
3731
560
2101
1242
67
2836
675
2283
123
9028
4863
39
697
317
373
2403
6175
2493
145
7243
694
4649
3889
1148
13
3121
1709
166
7533
775
5644
2982
272
1449
211
2348
2100
2472
1450
998
16
1405
798
2379
6130
4709
97
4471
116
6609
395
1580
1821
995
872
246
1319
277
920
3419
4021
1251
174
1406
548
437
1004
206
146
7127
509
1813
594
4488
6172
552
11347
406
1486
815
130
5199
1095
1335
1415
7056
1180
3498
2392
2109
512
260
1547
1248
5297
379
522
202
527
18
4201
1181
4959
7932
22
314
2590
4056
1305
2784
384
972
3199
5116
2697
998
2446
15
4620
13267
8726
8450
3439
945
3174
5654
6596
93
673
11472
7363
1520
1891
281
11041
1125
1511
181
2763
228
657
2727
1130
1147
1746
320
234
914
2191
1061
682
455
402
10960
10935
2593
2257
1228
2995
13253
3000
1141
252
4375
904
4704
24
992
2669
35
94
699
5538
703
2444
6350
3499
2769
292
150
2362
1272
2480
1011
564
6967
3195
4076
750
537
1913
3674
52
1161
1352
5802
1426
753
2991
3147
5309
3603
392
3576
1597
19
2871
1907
1389
1667
112
1237
24
603
5278
1046
59
934
142
2100
395
2019
82
581
3086
2860
45
1877
847
9778
82
79
567
4142
263
5376
1719
1931
1654
5378
3102
202
144
523
101
1852
2637
65
7748
104
7948
3583
747
678
2363
2749
1032
5456
37
1435
2752
39
8277
26
1001
1347
3388
2138
129
67
5322
7285
294
28
777
151
2413
1844
1
2831
182
608
432
1591
3170
1612
1697
2014
195
380
4221
5334
431
9029
2840
2126
82
3326
674
346
903
3472
120
95
2499
2886
290
4171
3385
1502
267
5893
4660
842
4190
1211
434
2269
1259
617
4271
4142
693
125
8409
999
2775
1093
380
2797
1736
3463
6043
97
707
4197
3347
622
4978
1593
1974
54
4043
856
8038
2068
2157
125
1160
5703
2072
4660
8163
122
2978
137
239
3602
586
3248
62
4233
3024
849
2274
11281
1521
1488
66
1888
5344
1671
1776
4482
1906
277
77
3423
1190
25
1698
161
8015
6002
1
456
2599
2458
1414
1265
3831
3008
107
947
1417
1481
5870
2197
218
1101
3532
800
635
2736
986
301
6157
1112
3594
4584
4198
397
229
1993
735
3598
949
369
137
432
2583
2835
3571
1465
3926
1577
2766
4275
450
8028
2253
2285
6181
98
63
102
5097
1857
1636
1979
6787
326
2272
5366
676
1470
3808
3283
1110
685
95
203
89
123
16
51
837
1688
911
18
1338
94
1291
9274
769
53
3033
514
83
323
196
2548
753
5511
1505
16
1739
3056
1352
7191
883
5745
4453
21
1622
1127
4409
203
1837
1821
265
1972
1685
465
1976
1723
8736
35
460
2491
6267
1270
276
591
6875
499
731
192
111
1993
3377
1990
6794
1250
2714
103
721
6832
4471
1758
3906
481
931
347
406
214
1892
1102
3696
154
1649
1872
1275
1477
336
4437
1297
3444
458
2619
205
175
638
2891
1873
298
11074
2084
12046
384
102
95
1098
334
2295
369
9332
1742
441
573
99
927
247
1430
243
199
303
3924
189
1519
447
11
8169
340
739
1805
218
1770
3038
3332
46
3026
546
4150
703
5623
247
103
2164
87
5770
3135
7129
1564
805
3214
5098
63
85
293
5990
1852
1089
16
1518
781
170
4783
2988
1090
2796
1926
528
2986
179
3560
4658
830
324
318
93
2369
1057
1889
651
3142
3030
6052
3384
947
103
31
1257
806
6384
1296
2700
1538
6878
14260
690
621
551
77
2532
1308
4842
2349
134
3142
3358
81
3099
348
112
132
2173
2203
6238
365
103
1401
175
326
1360
359
5896
1797
8159
279
369
3
4473
4113
2387
727
589
2335
2607
2626
9119
2155
1066
59
689
1087
2899
361
957
2605
1188
463
7595
1512
2068
132
3266
285
2107
29
3047
5812
1035
2621
9651
939
1893
7
2412
10
504
1015
957
2179
334
309
501
270
6682
956
968
247
7077
741
229
421
151
637
2535
6496
298
2256
9475
202
1161
419
6395
49
9351
5133
2778
335
1062
2904
959
356
163
479
2970
2952
1944
665
5255
3359
4718
616
2622
161
3098
872
900
3042
1
8048
1340
850
4733
73
606
56
2062
146
2565
323
1016
2158
1017
304
2038
1475
1761
2108
1208
5035
2965
1977
6527
151
1200
20
11
452
4866
651
1383
133
80
1990
593
527
964
385
2051
3661
2096
625
1440
4833
2552
203
895
5383
215
3055
3361
1850
2019
15
1661
552
2795
4437
2715
1555
2523
4017
2355
1664
1256
4426
1891
126
2026
2459
946
541
5467
434
5479
136
9176
594
995
924
379
5643
1030
1542
3391
2000
578
122
1056
1239
3296
405
2082
3341
53
8212
2680
2881
259
3086
1462
153
5707
1024
37
220
9023
303
231
368
2326
963
1868
718
941
2459
361
2959
5060
1051
3262
480
5
356
2140
87
31
1094
1576
943
3419
442
5317
989
2322
131
3902
180
7072
107
3030
854
1699
534
3754
2345
955
137
82
4895
24
1191
2906
1679
1152
604
91
266
4426
7603
606
2590
1917
7557
5771
11418
37
1487
3514
9760
99
3401
82
2795
4
236
387
402
5832
34
1000
2237
112
348
7427
5785
2004
579
816
7016
680
4231
1903
293
1565
297
9457
10196
129
827
4877
197
85
1821
4358
77
332
485
2475
3523
5693
37
1115
1859
5906
4023
4785
690
6236
4322
1880
45
8377
553
295
2470
128
21
4795
3174
93
620
696
816
1742
6478
684
2921
335
766
2543
5629
3457
1779
5362
2603
3629
3646
4141
2194
1556
4344
3279
2845
1411
7767
2444
2580
2032
952
5816
1788
1740
4991
649
1171
4046
4798
220
13801
722
1093
48
558
4703
671
404
3193
1351
245
191
1518
218
1959
26
3810
193
12340
414
4766
230
2014
614
1866
199
717
8984
4517
655
663
387
1161
197
200
149
318
294
927
4159
1154
2642
231
11
1101
1302
148
555
1916
783
10419
703
9194
1693
1680
5
887
1136
3082
5424
1506
1834
3814
686
1039
185
956
3754
7617
2620
8854
249
6811
2056
3132
494
195
674
1027
5683
3525
2772
784
3510
4349
169
466
2029
1981
4194
590
163
1348
1933
2557
381
1532
1454
4236
4698
118
7736
5949
9429
350
4424
4294
54
88
231
851
109
306
463
1584
1108
3998
136
354
3196
4571
951
1289
2624
697
588
8176
168
531
2440
55
993
2207
140
1842
3318
3811
6156
1078
801
539
2213
2355
1467
557
319
531
679
480
1225
690
3939
1256
247
11043
868
339
137
16
64
1269
1422
3547
1747
549
2616
2622
1205
478
3798
766
4086
2317
598
2929
1208
1030
3426
1522
269
130
1980
879
2764
72
6453
1354
831
4314
1874
1261
4648
1520
6010
453
3943
1936
401
2349
1441
1089
4725
141
889
6467
101
1065
1059
388
400
1879
3322
4528
78
4565
349
1810
645
736
624
975
762
1552
1953
411
1795
3006
10
46
113
2070
6757
3587
4148
2092
171
501
3086
3247
18
225
3189
878
8201
1166
3887
9093
1784
924
1182
4812
2599
1
1002
617
2025
264
67
8307
6051
3819
2762
56
8141
1459
1417
58
4739
1504
118
15
168
4626
842
7603
370
3443
1325
112
562
2400
5742
9340
126
96
58
10593
144
2413
33
951
255
4098
4207
9281
465
1406
5355
765
1741
378
194
8784
1917
6741
37
128
2271
4329
2582
3549
1527
194
977
207
14
4430
676
596
7914
692
10
117
1259
94
172
1454
3704
246
623
13
43
3107
650
110
1292
152
117
3991
5586
1976
24
42
482
6222
5202
518
65
2011
1005
211
252
1017
673
882
215
1519
107
5415
5073
324
894
3921
140
143
88
3977
1482
1918
2752
98
41
677
1345
1140
4139
2447
1170
6145
5365
794
49
357
2035
26
1709
1268
4868
4576
35
912
8451
3557
3924
1082
294
12980
595
3387
3305
882
4681
854
3480
5203
1071
375
2591
436
13
626
370
19
4974
246
1349
5562
2180
399
102
83
2
792
5012
8467
4370
1063
7472
322
2540
179
540
3706
2533
7627
944
2917
44
589
7162
349
839
1829
2538
336
1006
463
234
2262
3128
5930
307
2276
362
1388
2974
2914
4
866
2533
671
1275
408
3395
1146
136
750
548
1322
105
1327
1494
123
758
2008
3738
4706
631
13
8717
137
2047
3880
1047
2251
1354
377
71
34
1387
81
1148
763
5742
2312
9197
6162
99
7785
495
323
632
765
204
225
413
2839
3751
1438
2306
3391
929
1830
257
676
5073
2205
66
757
813
8506
5292
507
4106
2393
2473
5120
1802
3539
192
2876
2913
3269
180
500
2271
422
216
6060
7255
61
2014
9522
1245
732
17
100
4
65
18266
2913
1430
1469
8
3895
1014
239
170
7485
2647
1261
2399
323
3410
519
307
16645
234
110
1575
1
725
2131
1589
488
1546
1559
1498
445
185
0
5325
752
3246
3529
25
1243
3461
36
2411
1
489
3086
155
6414
2061
2063
5647
559
906
6322
5838
4172
5582
2439
141
285
1584
123
217
1818
29
1196
4832
778
2795
1826
2085
119
5
3936
85
127
2015
694
5787
1092
44
888
1175
5709
230
162
1571
726
52
678
29
4400
3534
293
7035
2160
222
1470
523
2205
2586
1613
3084
720
578
90
339
6417
640
93
1050
941
1704
1086
2423
472
1633
668
3620
60
1138
5178
1881
1329
896
1284
1137
1518
11437
207
2830
1909
445
5952
2368
3528
6598
918
6910
180
7818
1644
9689
20
393
990
6
3069
14402
1043
505
697
727
581
2909
166
1192
531
3154
849
393
269
7281
605
144
2381
1916
7114
3573
615
5787
642
487
7792
2826
219
1175
2691
10
3016
1428
87
448
1878
4080
3283
112
2592
576
8006
1676
8706
1396
1207
429
1376
1233
80
2225
13
1218
2151
740
5
6441
707
1621
100
2048
4098
183
51
791
295
5129
1867
1672
4675
505
227
1310
989
2379
2097
1626
244
52
303
290
62
12
1785
316
7346
5841
212
1609
2099
3364
459
1166
219
724
765
9454
5857
609
4975
447
42
22
989
261
3222
1688
5539
34
2739
1657
2497
198
585
106
984
3584
843
716
205
724
4199
1125
3518
8648
111
1403
8177
401
209
104
5757
496
185
10665
195
3773
3670
2757
13595
1057
757
5602
2892
41
2139
1935
1283
2412
6003
2477
476
3238
2067
740
159
49
212
200
255
6038
865
6922
5521
7
2521
1269
2383
1860
5248
696
185
100
2546
2607
6871
2012
5347
283
4994
1662
1613
25
277
2383
3266
150
10
2477
1260
1651
1560
1579
4668
291
3937
7491
3664
4080
118
4435
25
3430
690
921
5416
2587
724
1627
599
1484
345
4
810
302
1439
1417
2702
1604
877
47
3668
1617
2048
5549
200
133
304
638
9
176
4029
1426
2273
2539
4579
148
7142
1286
3568
9461
57
2324
5189
572
11
286
3017
106
124
44
77
3704
644
345
5464
4038
331
59
383
5288
3015
3208
1422
758
432
455
3725
474
965
7649
90
3062
207
18
4146
765
3721
214
624
929
1665
6733
6337
2352
344
9
5225
1814
2835
5599
6193
243
1129
51
4352
7
3192
3508
2296
2500
1043
4087
565
225
2597
849
4599
9115
694
311
323
2765
2600
3475
694
997
4934
124
10363
919
1349
2263
64
11392
1888
3036
2467
1658
8
1989
153
1378
73
53
770
5200
471
658
3929
88
600
2352
3155
3827
1178
230
244
4825
956
650
1162
7572
39
9994
76
551
184
6680
547
3430
1104
4005
3472
48
4675
1018
1187
53
5322
1227
70
2100
1760
114
465
95
18
520
3
3870
5939
53
2234
4454
1104
1335
693
833
495
2146
36
1629
80
1058
4412
2111
592
463
1270
2298
913
3963
1606
6028
2191
1679
933
1146
5446
10623
1055
2046
2
48
2471
542
159
1597
100
5320
1056
173
1364
4744
1782
5927
759
854
2261
3
991
173
5061
2583
1051
237
3396
4807
4692
4684
355
9732
1056
453
1356
3362
3114
8567
2704
1458
3466
1727
130
1928
2509
1970
1068
1671
3458
1919
1342
247
417
319
3792
3039
3824
2215
8076
37
2134
244
1639
4086
63
121
803
275
7699
5932
79
4925
6676
1944
435
886
333
1871
3052
347
438
1900
300
3877
14
1049
762
222
158
4247
1419
4068
3805
4199
367
1021
258
660
775
2154
5786
4964
184
974
1523
1021
23
91
3655
763
78
13110
4933
733
2409
2686
929
7485
4480
479
1840
1101
895
3533
572
3300
3703
976
1272
8056
578
8
322
4671
1320
6508
1329
2804
233
314
2987
2303
10104
3300
5674
880
3844
1350
2256
321
3660
368
1931
15097
4081
3198
264
243
1488
2577
7582
4378
2207
728
338
243
485
4415
1130
318
4029
22
3808
568
4124
1659
152
617
145
59
2245
2278
91
591
7
3129
2541
555
2836
2173
47
352
4400
1585
1665
3232
3275
2471
428
66
319
1435
324
1026
606
2048
1757
824
2758
5725
399
5213
2342
286
474
87
136
89
2274
438
420
4256
1348
8022
7255
6991
5682
447
768
406
2592
4085
6715
2334
321
2946
815
2256
1159
3450
2622
4678
3461
762
364
438
7951
4537
8449
396
756
420
887
1423
2848
2916
1206
12758
4515
307
451
156
1074
6831
7754
324
4868
1873
573
16
1174
2757
1027
13236
1838
1326
1263
3115
615
2002
195
2010
528
1468
1538
639
1477
836
1608
481
3060
94
9730
323
979
35
2427
7677
680
583
686
200
3451
274
496
3743
2100
2405
211
1883
55
1264
72
2335
336
817
5194
2301
2450
44
384
3731
686
3440
277
2580
254
11010
312
553
690
2701
1887
418
941
1378
1505
33
2057
3252
2154
5910
160
2631
989
617
11011
1654
1360
3821
3550
1341
358
480
6758
4849
204
1724
825
3524
1510
57
1733
331
1162
1432
1194
1327
1819
569
1174
355
2299
336
2090
230
6077
1731
1161
8694
1906
3081
3777
6790
1416
2
554
1563
625
1379
2055
10202
539
5640
1432
7805
576
4753
4192
3481
1392
97
661
2580
739
579
464
2442
254
2671
205
3938
549
160
8313
491
3602
1894
146
2279
866
11708
62
465
731
6895
1872
25
870
5566
3836
2032
170
2901
3497
6872
197
63
12
99
5684
1981
2508
234
1529
14547
90
735
1300
1253
315
3132
725
4979
1083
195
649
230
1453
237
597
2766
1225
1736
2689
227
295
1169
14877
1048
1870
512
7723
363
7213
4153
9048
8737
203
8
308
81
8171
564
197
625
765
1284
798
2283
2438
3734
3754
5294
1579
1115
299
14107
1635
59
127
686
4749
6490
2165
333
2653
11386
1992
13180
6282
544
9898
99
111
29
5980
1215
284
1126
293
783
136
522
198
606
564
6281
2423
88
116
7
1374
227
891
3922
71
570
660
0
533
352
795
133
2051
4119
1414
1915
42
4134
109
1879
3861
10803
1567
9766
6781
533
458
3584
4295
2823
695
4107
4702
651
7814
142
6033
323
3924
20
474
528
241
118
6840
1468
7410
5482
5920
572
1027
4471
3178
33
573
3498
2019
671
3068
499
646
162
368
328
105
633
543
698
1559
964
664
1786
231
2751
365
3504
819
293
89
4763
0
7278
4924
2286
8394
3365
296
1716
2720
4903
900
1597
87
585
336
205
1906
12769
1681
4211
4144
3231
5070
445
79
5789
3623
5457
3685
757
3595
560
32
977
5838
4579
7230
3964
2155
84
4324
160
1412
3634
3615
1457
2054
647
1720
103
338
861
1431
3540
2423
584
2699
267
92
7329
614
736
632
3806
3487
954
96
9320
582
840
5
1883
3273
1905
688
5
4148
59
202
418
176
971
384
3604
133
3372
2600
626
1448
669
9843
2306
123
1021
945
5708
1995
633
1247
1598
708
274
989
2564
225
2361
626
278
3187
4439
5712
579
781
3229
1096
2299
199
48
59
13
187
1745
2129
5763
4506
2573
271
5088
740
2606
15
1895
952
357
1030
5718
18
6858
1984
1937
2808
2464
3328
456
3159
654
11117
221
1083
6285
508
200
6289
1330
1077
1253
526
3407
443
60
1700
1764
3716
477
467
729
2523
4201
860
156
5470
781
249
517
80
1305
2516
1316
1889
447
839
297
543
3560
3475
1846
3697
3382
4388
10617
3659
2752
77
964
742
4088
3884
473
893
118
1167
3619
4563
7323
3543
702
661
4023
69
118
182
3774
2578
64
1420
19
1023
1504
1419
98
894
1024
861
4910
1250
4392
7150
326
3246
411
6420
583
10235
1226
8353
1994
2045
434
3344
5302
846
4475
323
4406
934
6857
3338
1804
134
4355
193
334
2032
3710
191
158
5954
2189
4974
1779
5002
1020
154
333
903
95
1437
1154
2455
1116
630
1785
4979
323
304
839
843
1668
256
5253
448
37
1430
5263
432
1488
2286
7971
3102
5653
75
2417
1828
88
1148
134
5741
5
501
163
54
725
7060
464
3444
701
1498
398
2145
388
2134
315
826
2075
1311
6447
157
972
908
1804
79
922
2302
1432
1085
252
700
5503
1957
81
256
1245
1175
120
2425
629
1906
793
299
1030
3004
1309
1337
868
3878
3457
6199
10182
4598
83
2764
139
1399
1507
2080
8767
4603
55
269
4380
6378
1328
1057
2902
1296
7359
660
625
1793
424
215
344
6187
181
92
4495
1860
1290
4615
7948
14630
5830
298
4969
611
973
2690
413
1757
2284
2762
828
60
1528
6923
8014
1109
155
106
57
5236
8817
3228
395
1001
4700
521
523
8
690
2677
1686
582
2616
731
1528
7667
602
3349
66
129
1374
3686
5381
397
2809
1057
5161
109
3266
1093
1095
1851
63
51
431
479
22
623
33
854
819
2345
242
7731
605
4299
1297
663
80
700
5541
769
1565
7161
158
2603
394
2752
21
1047
3001
1875
9755
2644
1306
4940
786
1996
785
145
9107
6997
260
0
6110
57
1029
3704
1667
1930
1871
3372
878
1803
1269
96
2574
1331
1950
318
761
16
1140
41
2221
2395
940
8281
1616
302
1288
80
7699
48
543
1579
3708
4311
726
39
138
4510
1519
3326
1282
7832
729
2344
12
16
604
5314
8212
25
478
2549
207
901
1503
1953
1658
324
4427
2882
262
2404
1590
1947
11
464
2327
2825
484
8045
682
1518
805
439
2917
604
102
436
6
211
31
896
352
268
246
146
171
1794
2032
4494
368
644
4445
86
364
530
7901
1508
7500
312
24
1948
2295
3367
3962
357
1365
8254
827
983
8118
295
165
244
139
1251
632
5117
2292
1158
1912
1807
1902
297
217
1589
4535
134
203
7112
1049
1954
56
67
1123
3000
4440
647
1457
1908
3750
2423
2184
2
1696
144
3288
451
2071
267
3309
19
58
224
409
373
596
4616
4583
2015
1302
875
1386
4749
1305
198
1651
1313
3444
90
2788
186
145
305
540
7450
4659
1032
225
419
117
4065
4245
8402
722
4180
921
190
730
2561
5446
3236
383
20
538
6813
969
7752
1316
517
3514
2173
319
15
73
912
1192
16
56
7592
6802
619
291
3
4726
776
4
1764
1138
6624
3024
783
3657
3420
1192
1546
978
172
6035
1634
116
304
324
515
80
1387
2893
2234
949
2054
35
1833
2929
80
3304
2362
1995
1691
102
25
1821
110
315
105
3184
3951
3466
224
479
2856
7959
2026
1747
8002
270
5221
2937
5852
307
3150
664
455
1526
1233
1461
3605
291
1562
401
1073
3587
4029
2968
6028
496
2847
6742
643
315
5216
1745
1534
1
596
1192
3202
698
3122
7798
1303
2650
124
25
119
1525
513
1076
331
170
1857
6320
4002
7151
4067
347
3265
6912
1162
211
446
6281
35
551
185
3381
3845
3904
865
2866
9837
181
1534
7289
3256
642
2619
6615
2442
2633
916
3219
1987
335
12707
453
1876
1329
1843
379
12736
7381
249
13103
2428
11681
9845
1616
543
2818
8893
1642
80
3233
16
4864
340
1015
56
3361
174
283
1736
8884
241
2724
3211
640
4906
3482
1578
4999
1959
625
1717
757
3417
1681
5689
229
394
6008
4694
891
6537
1307
12
5345
525
1814
310
292
86
122
1557
512
232
5197
1416
1542
4123
144
1386
171
115
1088
456
642
1641
14232
90
1548
400
944
1199
9788
3829
1308
1211
112
137
5007
2027
683
2027
9
2428
1457
1232
1611
2597
1587
1451
219
1895
78
4776
2342
6870
15107
1991
582
2018
26
6863
938
2014
10358
1371
283
26
3673
6337
959
683
1818
72
1655
132
476
33
1938
2461
619
1897
1224
2705
133
572
1995
3250
8778
1273
190
1878
234
1264
495
476
5401
27
9617
823
267
9439
1552
968
224
2430
213
2147
1887
822
1432
1345
9306
237
8094
269
14618
4832
37
369
3377
1850
422
2682
75
1081
352
3
88
500
2513
97
2126
1627
739
3789
1750
6811
1481
159
4339
2933
3407
361
5215
35
8671
879
84
859
846
5505
3759
449
5171
774
2273
1880
1220
4612
465
4760
3019
8461
665
2713
55
4595
536
769
584
810
1015
1805
133
23
944
273
2447
216
2174
607
110
2588
2152
5452
1556
839
634
186
744
3229
3221
1082
1137
1387
1536
474
861
258
3184
2119
370
2414
900
491
4844
2086
764
181
2071
8374
453
3410
880
824
670
640
608
1191
512
2146
5604
8928
3812
288
3219
63
442
2922
864
1
6888
212
3978
2159
675
6570
545
2812
3882
1306
1551
3613
81
5092
6036
4192
4912
1877
372
147
1906
848
128
102
4212
512
4178
551
3479
248
2878
726
1302
535
3978
3857
39
988
35
213
3710
2904
12770
2493
220
178
6754
3185
262
3715
8260
1162
5881
711
2867
144
3857
791
3720
2080
10557
587
40
3979
1833
327
1493
550
836
1592
464
412
3407
518
450
216
892
560
61
715
2327
6186
2516
2911
105
3019
2695
23
4262
5569
5812
4292
1129
695
579
4246
784
2864
3145
1665
1233
1278
350
7401
591
76
4484
419
1947
1772
355
795
1796
1750
1484
19
228
254
998
13455
1223
5451
107
1024
3273
4387
2863
3363
5188
10904
1637
11492
100
11075
0
94
538
1227
1273
1153
394
6059
3277
1572
90
2096
287
860
388
449
144
433
1
484
570
255
1857
2094
88
3413
1643
2856
213
92
780
5260
1227
1163
100
5371
234
1878
296
2386
3902
246
2286
67
2266
4146
5546
2008
3296
267
409
312
1094
3878
609
4151
1370
1534
3746
6939
155
297
5064
730
671
1031
155
1013
7738
4
1962
2957
2273
1954
3940
1004
492
7538
1187
965
260
3045
11672
4781
2717
1152
27
14043
1975
169
41
657
529
9553
513
2041
509
1408
478
1010
2815
38
378
293
2541
465
3478
2211
21
4540
6658
1807
11367
4953
1890
2992
762
897
439
1571
3506
3023
9993
592
833
219
1730
91
45
263
197
2669
343
1948
3136
3049
3280
1414
538
1319
2024
2422
4976
4093
2638
226
6315
1052
1522
3116
3278
1665
1486
3481
166
102
708
4104
336
4037
3768
504
1256
752
1679
1064
8226
2292
9744
2165
676
576
1479
285
2696
9929
3201
812
870
251
4510
3113
2545
2932
25
8344
42
60
1638
10568
60
273
482
861
1501
279
5752
1307
6382
3195
124
117
1747
735
15630
1126
191
350
247
517
4147
4669
331
3411
1283
4276
202
1144
5094
8931
808
8029
2007
79
2714
4715
2788
2931
3639
361
1714
1297
2001
4410
1669
1727
807
4958
2872
2906
7018
1
186
482
4281
7807
515
1432
2323
2534
5137
2103
4355
1615
638
774
2303
822
220
1340
5631
851
4207
334
1064
143
2637
47
2232
5225
4144
4905
1543
880
1901
285
389
1976
1430
649
427
920
1463
2497
1758
3729
7
97
5954
201
2002
842
1759
5613
2421
544
402
3444
3664
1662
298
8708
11346
8206
4264
665
5493
134
704
7456
2166
2071
3733
3664
4257
5033
69
3293
10292
10146
307
286
317
2317
1205
318
57
1
1957
453
344
1206
864
601
431
4840
10867
26
943
362
2414
1071
338
3070
552
61
4013
8987
3975
174
12507
113
69
470
1072
3437
2222
2732
1694
387
3491
1378
4396
6825
3008
2028
6760
535
3651
1097
914
87
209
2565
208
6759
5289
6735
3578
1887
983
167
1182
680
3192
1710
1668
3488
973
3022
3135
583
1823
5760
1702
905
308
16
124
9950
418
405
1576
1748
297
144
2984
4177
301
7982
40
2986
703
727
438
777
14133
9621
959
411
1023
612
2509
41
1924
2423
489
52
225
3524
3744
5115
966
3115
5017
331
2547
4307
1704
3509
3557
4564
607
5743
592
14
1896
431
152
1825
212
1137
5621
619
742
3712
1046
2931
5419
1075
244
1098
2370
2204
1057
196
895
8473
994
1402
147
4777
139
644
4957
1718
6
2098
1739
2817
1381
804
4796
1014
524
595
3689
1668
2400
1896
3265
3481
2387
6594
1654
5404
2882
1741
3482
6376
4974
1298
559
1275
259
884
3976
2552
6568
3050
1026
971
2131
32
2554
2334
447
267
94
3872
1377
6887
3790
1915
334
953
1096
523
794
1795
9706
881
203
725
2205
929
5077
773
4663
521
118
1905
3799
1765
655
364
1138
2396
1832
380
17024
904
524
1667
88
2425
4637
4116
432
2709
4151
892
90
862
337
3758
2070
2727
5404
1853
1215
522
1374
2235
6352
3689
1679
3949
1642
8282
2530
1591
5402
4028
5908
6
141
140
398
1085
1757
2489
1081
1010
1778
2959
188
40
6202
4337
1671
1045
779
447
6499
8290
3693
6618
2700
2183
123
84
146
925
5795
172
1495
1729
105
795
2149
1516
2756
273
3499
5373
138
141
991
3504
7359
627
296
911
3857
16
195
86
67
1055
5323
1505
595
1817
165
160
1944
414
8649
2612
3108
12500
128
425
461
2622
1956
453
424
1922
211
451
3547
8179
2961
1935
3691
4839
275
8828
2991
1042
1670
2108
776
3317
44
117
2318
1556
117
6396
137
3137
19
1270
1627
509
3541
1196
127
17
42
210
610
18
1091
872
15
363
851
321
465
2266
1911
2617
681
2216
179
1103
3297
86
174
77
2392
5471
359
3002
602
848
262
2327
1113
1735
675
50
59
1208
1490
7375
1460
3550
3350
7059
152
2287
602
2097
663
1333
279
640
127
101
3594
6117
6490
176
612
1368
167
204
2425
887
100
2533
8148
1132
1513
4049
138
4878
3979
6030
992
1703
129
6464
4807
1720
3671
4381
196
1011
2528
1296
8363
2751
950
15
1729
2193
1250
426
293
484
2264
673
5872
1804
11
1124
222
4308
4108
1491
2489
5385
1782
5696
77
1172
20
11064
28
3365
231
268
82
995
744
898
36
21
787
2850
2461
81
5116
393
4216
1671
54
265
55
456
1579
1839
5287
1887
3017
4887
1094
147
1364
361
5941
244
3118
1036
2351
3919
126
8104
27
2481
5314
5151
81
2555
753
5537
2625
6537
39
1112
3146
22
242
609
3609
442
3508
12
1720
3958
1728
2310
240
1355
438
231
5752
1231
893
623
642
704
1069
3392
366
6145
2285
948
114
394
1049
2043
8108
1014
3694
1074
5973
2499
744
450
6632
2740
2882
1493
2320
4478
4782
6293
9136
468
2026
13593
4377
4004
2859
192
7374
1739
395
801
1690
2508
447
806
1625
761
2991
116
4108
1805
3817
7596
1760
2563
460
1538
2050
330
3294
2243
8051
1473
2384
725
214
8205
7528
316
3507
1240
261
982
813
6774
1488
649
105
1094
661
8830
4448
836
8168
1981
468
75
1037
4292
3808
2
1703
296
6555
6747
9971
700
792
1443
737
1532
622
309
3259
6201
1410
16
492
760
6643
2039
3740
711
792
121
2321
713
2486
1830
1573
437
3146
1534
5506
3224
2345
1023
1971
3006
257
679
610
1970
118
1143
571
2171
1067
4
4265
4084
2783
901
252
1628
1626
397
562
3114
689
419
1137
441
2565
2013
1580
5289
253
1019
1264
1259
495
844
3147
708
1800
466
1257
79
33
1139
93
0
141
2701
203
1866
266
1746
3166
1791
6117
3122
3924
1468
5771
530
935
136
238
1199
4085
8534
2124
13
16
269
3563
588
640
886
56
5225
31
452
3160
328
14
396
2690
6780
718
1640
175
599
3317
1951
4689
269
2650
1394
102
8133
1040
8113
2808
1903
1564
12432
12747
2677
1363
1808
6916
1161
179
516
674
4777
60
96
3931
187
3220
455
21
7864
271
308
1562
1712
2455
308
2794
214
2086
1086
2305
811
1848
4987
3686
1057
671
1153
529
366
15665
4691
258
4013
449
7649
2615
1851
11610
50
637
76
3502
10459
1036
10537
1172
838
8829
2399
672
3441
847
501
501
131
3496
772
3334
3620
1115
10003
3602
4315
1193
105
151
726
968
1895
3435
283
691
875
11084
115
13404
1129
5403
1473
3684
859
829
1255
552
29
405
343
12
213
6
430
3595
2406
1981
588
18
2290
1808
2297
10085
1035
2000
4154
225
2494
84
4121
3093
1964
3805
606
549
3899
2030
2938
1681
3561
192
7107
3238
103
571
128
509
16
295
1242
1339
217
3737
1014
1989
983
2922
520
2506
1698
7357
155
571
7869
2707
893
4427
1794
1957
7547
4196
399
1616
1104
405
319
6731
409
2494
1435
186
6
597
4978
8899
640
453
3210
612
1550
646
117
934
10548
303
430
1621
146
705
474
241
1928
2535
1190
1354
14
216
1075
129
52
200
7915
1975
7306
9578
835
2944
357
284
726
451
57
1393
4230
3503
4283
615
2270
1302
160
107
1803
904
225
242
2431
1419
2613
934
519
1653
854
440
440
999
1219
7281
5646
6831
3246
276
143
3039
7082
2339
607
1605
913
4597
545
1953
805
4895
89
3313
2234
4068
1272
840
792
3331
3551
135
761
2794
896
3156
2337
117
3384
1660
105
3831
89
6391
7182
1885
752
1188
5792
3784
303
486
933
179
15
69
5236
739
542
930
1636
2409
6397
970
7990
314
32
58
6897
1570
9009
4041
443
1038
7130
224
6624
1229
24
1141
9991
56
3196
2545
1093
3681
28
332
3386
3212
1362
6105
447
645
193
2917
1316
1983
3813
176
2338
1717
2475
297
989
5812
524
301
600
1413
2571
230
937
3297
8203
2113
576
171
246
494
252
2233
4108
1265
1396
2260
325
5112
873
2516
1632
922
428
4777
2213
6854
755
1071
1813
578
1641
7076
349
18
2686
175
736
4723
305
1419
1783
1596
3440
1397
2858
4622
93
229
286
2096
3540
860
3623
5696
1026
1736
2685
3563
1078
868
2602
458
1891
344
5432
5275
1127
230
2327
1076
1934
1187
669
22
1609
608
4828
694
701
2915
2800
3795
42
4390
14129
1056
1528
2496
1190
477
1419
4245
70
1487
1709
192
471
1777
5693
36
2249
1064
9236
78
1804
261
472
1526
5250
237
450
135
6225
2107
3559
6987
2205
177
1944
4916
1121
587
3151
3237
7476
555
7617
6433
862
1883
1361
87
1126
1398
10026
3811
9470
6241
26
1223
3501
2171
2492
1496
2829
31
94
1087
4959
7396
1825
4706
2023
1351
346
6949
1503
2118
281
3063
5584
2147
1013
845
2886
762
8
35
591
1890
2542
193
1534
1356
6268
2102
203
639
537
53
380
695
2424
8
2728
253
282
1589
1880
4865
43
13114
5695
1837
115
26
316
2210
60
1636
1067
10937
4377
1402
6563
5848
565
73
1493
2565
2302
2482
139
4288
2714
162
6547
37
1163
11
166
10348
1148
3504
694
3245
1506
4337
893
290
1874
43
13
112
4085
27
2564
8021
5980
2908
2241
1192
3938
9458
698
156
7
2878
584
282
613
2018
421
48
8748
1166
4282
1723
547
20
1513
2310
892
757
96
1478
216
8432
4477
2
3712
191
578
2514
84
595
927
12
2599
873
4290
2516
214
2637
3305
1472
1651
194
779
1480
3025
2730
1559
378
782
282
2688
1128
2683
3952
17033
968
963
373
183
149
230
3938
467
456
635
1146
623
478
196
43
1499
3111
230
12543
221
3474
3846
52
488
3982
2081
208
417
657
6298
1928
2077
5615
342
4289
1137
149
858
690
485
1522
1191
6511
3011
5353
3942
80
2900
9061
443
1982
280
3013
4278
2090
596
3093
1186
1031
2599
8
786
1303
96
4739
2175
459
1713
1735
1373
1272
2186
819
224
1526
82
2351
247
4992
356
575
1102
3482
50
1422
2337
7117
1034
1176
11368
8
547
825
662
1305
1195
2147
937
1259
6702
2528
4972
669
511
9713
4972
99
10641
553
1383
171
966
256
983
5582
1634
2348
180
7
172
980
653
69
1056
730
7945
16
411
7275
2961
2949
3050
1050
4545
588
1741
9
4379
11711
2275
4840
1763
562
7761
425
719
729
121
1062
205
7219
3570
1562
6567
3236
106
983
6480
10039
2287
2476
371
1791
1211
576
296
3984
1597
691
3468
7325
2301
3703
103
3154
11
1303
8118
3219
252
461
1728
396
839
1062
5596
174
1764
795
3299
7147
529
12795
433
818
1450
2311
268
9511
749
1037
151
103
13
302
7990
79
5465
1927
793
5481
1985
587
1669
1569
5534
599
566
17
9685
170
8
4247
9326
2234
625
1107
3483
40
1851
763
354
5044
778
9977
5295
5515
248
533
532
1171
106
733
139
9509
4771
581
182
527
207
812
1347
1380
2935
2277
3681
8580
1808
4313
298
4024
679
113
3526
3477
7125
2390
7301
1222
1042
66
2297
7717
835
2126
525
8490
653
2714
3757
158
986
5768
2377
469
19
1765
77
8861
4030
7446
601
690
93
140
630
7131
7580
27
250
205
1043
3263
2463
1317
14
444
287
1746
2722
126
404
78
3140
18
835
1999
2195
1606
1054
828
402
6706
391
282
2316
4727
193
1367
409
1097
1121
2309
123
138
2650
2221
619
1383
2924
5396
985
2741
248
6701
170
1093
1411
192
1138
375
376
4850
454
151
1274
288
2824
645
676
259
1895
740
2929
4197
894
2307
1191
79
349
259
2585
170
4744
2346
594
783
1082
2039
1196
191
1969
1552
2755
3007
57
877
1947
38
3092
133
7921
1527
105
219
167
1013
4623
1771
166
8879
317
1061
2407
61
1545
218
128
4660
3727
516
823
1729
12185
151
1169
354
2638
727
218
14153
397
745
1299
3007
7084
3278
345
2233
1836
862
321
305
18
1562
479
684
29
747
1239
568
5999
158
705
369
5528
1423
1578
1025
13885
8974
488
1685
84
1477
109
1669
1344
4380
295
1023
2026
185
6070
3786
1356
2750
442
4
1593
205
713
921
6001
2262
147
547
2869
4561
139
741
945
898
1346
3763
724
1148
1594
317
256
12421
76
522
651
971
169
125
2717
5957
6774
2742
12453
9929
4189
11545
157
1461
558
7204
3305
2885
364
307
168
350
747
2069
4034
8558
5955
44
1267
7420
73
1497
330
1515
473
5362
41
16
1104
2458
169
323
2179
5195
189
2936
873
3178
4868
4740
417
6297
3339
1495
3458
2167
2248
2240
1844
231
812
137
124
1034
356
658
6563
7848
6646
9
1769
2329
4344
5612
89
47
5441
37
3992
362
4391
1247
5313
306
377
2
1602
1547
318
311
6840
1831
2663
1130
2870
374
4062
11017
819
4667
2937
7801
6626
560
495
570
4261
344
218
424
1108
138
2576
2637
3928
2091
8
596
1820
248
1976
1402
6709
257
1853
2307
2392
1576
5848
270
3005
1128
487
2360
4246
263
145
49
3994
1425
2305
550
73
4651
2203
4923
2648
3234
1379
439
1430
969
101
9992
54
5
166
212
488
2978
6488
962
416
562
58
12960
136
1007
1272
93
599
1203
148
2298
2318
1628
362
711
41
135
4624
3273
257
1819
224
3798
1999
870
2003
803
4288
1842
14
41
769
2275
1243
163
4327
90
410
4454
9208
277
14
52
1624
7425
4770
1458
2328
1977
3617
57
2020
585
18
192
1771
1054
1697
446
309
1691
1991
194
532
1616
14
242
194
10781
4272
2191
654
3789
1035
322
1060
395
1728
227
1470
48
421
282
4987
876
3281
3629
1967
1376
3867
372
2239
2248
3536
913
126
5833
749
1060
2348
1511
6186
5430
1736
454
2732
2056
851
1126
5874
71
838
2954
2887
6476
7014
1136
3670
1119
173
1270
8747
3935
1784
36
4413
1828
5236
6137
251
3134
117
132
1281
2058
981
576
10637
1873
2112
391
1502
180
849
331
117
2115
5044
5203
1528
464
6805
345
0
260
367
2235
340
1084
3412
1956
3520
5191
3163
335
596
222
6096
1414
8
1458
2737
2167
1082
520
1118
5315
10690
2039
3446
5952
4514
293
4334
909
523
504
480
293
1298
6498
47
2729
2075
1805
2227
3750
110
928
261
3929
577
1103
634
3304
6282
5764
249
2334
1150
190
3361
918
913
454
5473
715
10263
458
2001
1773
804
158
8256
148
56
835
262
2037
5153
5257
5789
9
1884
31
818
223
7149
808
2506
616
47
2054
118
4182
1149
416
6247
775
8630
7861
767
16
3137
1630
4620
262
1553
94
607
298
520
5805
204
69
1494
396
376
3011
151
1910
1822
1763
97
1158
315
2479
1227
302
679
33
5943
1261
1054
864
2283
1982
2307
270
91
3557
6127
222
1842
5898
2239
72
3275
535
2519
710
454
135
383
3239
849
3360
982
454
2677
313
2227
254
322
1287
736
79
934
1864
906
4687
57
3796
262
3156
1437
678
816
622
8842
501
2976
9290
247
24
2376
526
5653
167
1973
976
2101
380
113
1237
4498
481
1202
241
254
2071
5457
4918
335
188
9131
471
6529
204
6581
6041
3090
585
2078
1799
663
1463
1395
2215
7317
3200
5764
9672
2600
3323
3529
101
2296
1100
1032
2189
868
3084
80
2278
2273
1679
700
6033
1164
2153
1904
3237
141
53
168
151
796
1888
4757
337
8740
2989
4823
405
7634
4228
7360
1670
3583
1698
10812
953
3886
1250
89
433
5095
2406
2991
563
1498
1270
170
135
384
1993
1588
10581
740
7383
5272
182
4105
3284
99
8029
640
586
5759
87
1379
11990
59
2
275
27
604
6411
9367
765
3002
1247
1483
1147
4575
2707
2994
1023
223
381
2671
1120
426
389
8593
4145
2019
2097
385
82
516
152
3166
312
12
1648
410
109
129
1333
1915
5152
5223
1138
391
1249
6367
480
1996
108
306
861
191
5106
1039
1426
3708
1326
1036
122
2116
10887
2268
1394
2281
662
28
1343
13058
5420
114
10893
503
1590
520
459
315
5182
2290
3074
283
1739
857
1142
8026
2972
581
617
109
139
1203
6949
11621
128
79
220
337
1323
1106
3414
424
3470
753
49
5910
4395
306
586
2408
4181
327
4225
1135
1131
7483
190
1817
1211
1572
2695
9042
2092
423
4825
66
11737
3
1554
1075
1163
3171
2936
7864
8725
1130
8576
982
371
2355
400
880
1567
5547
2257
1531
1534
2755
3242
3201
3538
2956
4098
2803
303
1443
10090
891
860
2120
549
5412
386
3295
313
4171
484
41
9518
454
497
98
534
2412
619
1473
69
608
477
28
2952
1044
849
4665
284
159
139
2513
5667
4692
43
408
275
2496
26
275
4746
1556
949
161
661
5043
3568
3020
75
1947
1830
1949
9262
110
704
2850
653
477
6077
7358
2825
72
3222
522
379
7678
347
2038
232
137
569
152
1298
420
4787
580
4442
8420
2013
180
324
958
732
3193
3507
515
196
2680
8629
232
1284
112
792
2586
618
6127
442
593
222
479
344
574
129
239
1001
1362
4163
1076
548
1540
3492
1241
7335
5918
2
59
405
216
6950
967
447
3201
1362
1938
1081
286
48
2807
2186
14642
373
248
589
3112
4536
162
4263
8001
132
5494
470
11390
501
1956
4673
2422
1147
1545
4955
2216
503
4055
3408
632
189
1133
332
143
1374
4885
529
138
20
1463
815
548
35
366
814
3124
1306
5100
2
167
2016
292
2622
1537
8334
227
2269
13
16
500
271
5350
2045
37
574
628
186
289
3991
8782
111
2376
1955
103
928
9588
153
6839
59
612
2434
4469
5115
1878
615
748
859
3520
4682
1460
927
1445
10
448
1315
2232
11617
6084
2083
12357
5276
493
2407
651
1064
4851
3372
2967
715
272
1352
325
5396
4051
52
499
683
337
13501
3575
2311
223
2776
16
205
2331
4853
144
3349
563
1600
2750
2101
737
1668
6330
7632
2087
6611
3369
1979
573
2390
3909
5118
431
1458
1100
4902
1916
8361
15755
24
1406
2918
1638
3315
2560
4208
1557
2355
317
2029
1050
319
9331
2603
6624
1274
477
5100
934
5403
137
11834
366
9715
6934
3
1782
2109
4842
3054
508
1132
218
4603
7125
2269
1266
285
152
979
40
2404
2008
239
7631
298
105
34
7218
330
2756
10887
1717
7144
184
222
1952
6132
127
744
4089
1270
1527
70
1697
722
7419
6133
8443
1644
224
392
72
3975
31
623
11182
1505
3479
21
2084
170
4770
2365
70
2817
578
34
860
6934
743
1091
439
21
1198
571
4470
3472
1331
439
309
2985
3693
4568
3191
2992
1038
3238
7823
494
967
365
223
3131
287
211
903
2298
1986
1685
153
12
1738
64
2687
1509
288
4664
3201
4486
1178
38
304
1056
168
2270
2726
35
3177
6900
51
375
2769
861
2920
87
228
2171
288
10382
1758
2647
3614
389
1291
3669
2999
392
5095
939
2783
1936
7184
534
1904
6471
686
786
4593
278
376
147
139
1108
1382
1574
213
4837
2853
59
1155
599
172
511
3918
1575
1373
4
235
7253
134
202
4005
1910
623
6278
2218
164
536
71
1495
4876
190
2596
523
81
3360
52
3070
7542
543
2051
1318
85
1267
1313
522
8291
1426
177
496
681
2937
332
3986
1517
760
6167
5273
3811
41
4597
692
127
148
850
2771
3099
1012
1087
412
9914
127
1042
12284
1697
1093
2711
1647
928
1734
79
1865
1055
3607
131
155
300
850
20
60
307
295
3365
1900
286
2392
4215
264
147
2307
2763
382
4029
901
2313
1888
642
6582
656
3569
585
253
10059
289
2405
164
1146
2573
2905
4991
274
1647
576
2630
533
462
530
8914
3263
2123
2341
4242
3974
2555
1785
2368
668
857
704
1650
199
1734
3381
2592
920
4116
643
1875
468
4893
37
1337
2130
3386
86
199
3139
41
118
1613
560
928
4180
11602
3231
810
1344
1518
563
13
676
3971
107
2706
2507
24
4235
388
375
509
1308
40
64
1235
2166
5971
283
2315
1490
7105
7885
97
3111
3184
187
1392
1795
91
971
301
154
6320
805
1750
1421
9146
519
482
84
3737
2855
1202
327
1053
930
6
5824
4540
2472
3879
2487
600
917
1476
1079
1360
537
115
5699
1219
459
2229
126
494
245
340
1279
3046
4239
184
431
1673
2980
1853
6585
11133
398
3861
2744
735
167
1873
2965
370
1815
1389
273
2178
112
2544
6
143
28
8972
7135
349
355
786
499
2606
71
2024
7064
441
1813
319
157
6471
1658
2460
2423
1143
4989
1493
273
1899
3061
168
1305
7
246
1
2135
7114
694
14
8409
243
299
580
3286
285
370
4401
2749
590
8279
3665
11407
664
139
2039
1322
1955
677
3556
5312
4047
47
40
5042
7048
167
109
6401
1284
156
3095
2767
2840
603
1441
218
7940
64
1265
6958
4077
1301
338
8423
161
3646
1269
502
266
451
1229
2122
4533
7872
447
2981
255
922
1201
1291
3999
769
3210
881
478
1596
36
5925
2702
1630
4157
13571
2770
854
3643
1948
3559
5059
2288
6603
854
5402
88
5727
1213
2825
812
436
1795
4792
7331
2403
506
647
7017
5803
1410
1063
532
207
8873
187
1247
1450
1061
185
517
450
2188
258
687
3219
7423
1309
1932
832
1732
581
26
2273
997
476
1943
209
194
1236
3429
93
1690
12375
878
2215
4605
363
7182
723
1173
9345
927
53
657
1099
378
4261
641
2060
306
1528
1433
1363
878
615
7179
5536
1726
2963
4291
2965
5701
2082
4085
7076
2353
2744
548
2016
3788
2741
2691
404
573
1441
677
2501
2336
4146
2673
4520
1829
3051
2998
1883
3771
5607
163
694
1815
3173
5026
927
210
3882
4987
1988
2242
2623
4267
2191
664
790
4101
1688
1041
7251
414
763
1044
4396
9877
4327
904
2602
4374
1759
10403
714
663
735
458
5462
8238
185
2326
493
4190
1465
866
46
141
3095
4057
229
724
22
316
3402
3680
783
66
1223
2295
4005
1872
368
1266
893
846
363
13914
3811
2070
557
2562
374
1222
9314
8173
479
3689
4779
780
810
2548
803
78
356
805
1588
267
350
4161
707
4988
2699
1412
7291
2449
1694
6620
125
865
8896
197
4438
3257
7505
573
2023
2921
499
4430
659
767
8302
3019
4226
56
250
12908
481
882
575
514
4588
508
2082
205
1288
212
140
2018
6978
1540
147
37
3255
1073
2468
823
3848
77
589
6021
1369
1000
194
89
169
569
5936
2160
3702
442
7669
421
1722
1453
722
3215
93
6194
2659
42
39
366
744
6919
140
5694
842
2915
8668
3344
622
7987
3406
5766
2842
3211
747
1344
2111
347
5113
1065
1637
863
5330
31
4714
61
279
917
211
45
1427
8284
105
2423
5492
3031
2
7178
4860
20
729
36
35
1672
446
339
1267
1064
3219
1139
109
2288
4308
641
153
1426
4347
2
6351
98
242
9696
236
6210
715
17
358
2818
5320
6539
764
2343
660
335
2518
895
801
60
1856
1348
1637
2709
33
1703
1769
6055
12
13
1241
5358
1896
653
6
1316
1660
1893
4853
2475
646
522
4297
869
1561
1040
1455
1181
1846
13
3082
1079
5826
13422
915
2063
814
12
263
5742
2212
2521
300
1085
436
8855
290
1691
7286
3088
945
2493
4155
67
898
3334
1640
2913
334
51
654
1761
522
1145
3014
47
2123
1227
5583
525
8138
510
7011
1940
947
1557
1959
163
2548
124
6
2203
2568
3179
2106
5112
0
417
206
2113
136
811
4278
6702
6116
3735
180
6967
161
294
2534
1031
9243
901
5611
1568
832
1478
2176
940
1283
1595
2265
4687
1449
5021
189
1021
765
5966
6801
1460
3370
2076
2558
1532
944
3226
1030
726
882
9477
1489
6784
1556
1630
2131
1320
618
4711
1508
1780
5539
949
606
505
8893
160
5153
340
3541
253
346
5230
16
1027
3577
782
77
41
1971
1337
609
35
236
6067
436
4440
2039
6897
5884
1655
250
112
1830
337
92
5667
7577
138
236
6300
212
1592
3762
2606
1132
299
266
4547
3190
677
3916
1322
182
4647
76
2512
925
2071
2679
1019
301
2021
316
103
10868
2427
944
545
4840
4445
8
9301
697
9633
9292
5566
854
15
245
315
21
2794
278
161
2137
9801
488
5392
8229
3961
1256
354
587
484
246
78
1751
241
1561
3661
869
7553
4672
1611
2493
3
4157
3138
1727
1563
1193
185
1020
2691
2195
10391
132
12082
5624
762
265
2246
1122
2840
1140
118
967
3058
2635
1363
831
8762
424
2036
479
3779
10354
856
6989
1713
4645
1684
6802
4788
6894
3945
4933
4438
4864
1998
2587
1612
340
1486
7504
1364
2590
1474
10
32
634
827
2499
1457
101
2210
675
2400
3865
2827
5074
307
720
5203
303
28
1371
9741
5555
395
639
2936
555
5187
342
581
1290
649
1301
162
1287
360
141
4516
6419
6366
119
1865
2181
203
431
529
6453
1466
2384
1257
8248
1690
0
293
154
2069
110
976
6308
2667
353
493
2565
1704
262
79
2858
1667
327
325
2723
124
143
2522
2115
929
73
530
2386
14162
1994
1607
3120
2819
1404
2645
136
2654
987
1997
16206
4611
383
350
5050
7488
5600
2524
512
2087
2359
1923
4283
14
2790
1208
718
3850
3208
57
2182
483
5398
1070
1412
60
762
601
4225
5759
85
377
1704
190
353
2337
17
807
1231
3050
5262
344
15
778
2221
1723
403
2573
88
886
1155
2274
270
9273
4141
1660
676
2442
3395
3880
1417
873
1276
329
1285
4706
215
10340
3736
262
2787
3613
2858
1330
1140
3161
3537
9263
240
943
1654
1968
2476
3664
562
2495
1432
3662
511
1741
681
170
1275
1345
7245
1102
12143
1616
959
1385
114
151
231
813
1366
514
930
710
2819
1071
1053
7
6005
1522
367
2272
768
1225
0
208
5686
5799
3643
1880
1571
4578
110
6948
1569
1191
73
217
306
91
177
7157
38
5484
227
6651
3667
5583
6532
184
193
5683
936
3358
813
492
6768
1095
2737
1944
6245
1348
409
4912
62
230
294
14
1180
184
1368
1275
552
4435
1259
5301
996
2245
918
644
3979
183
1746
437
6040
10
2958
5205
8535
6354
93
134
505
2267
664
1148
5541
795
2731
311
3428
1452
351
949
17240
4006
513
101
379
2421
112
130
2412
1310
5321
318
27
626
3
926
3499
5712
6161
3543
405
2
595
578
2540
9283
541
941
138
2748
1225
1392
3727
561
1
3926
6966
2005
641
487
5201
1498
1842
1815
319
3623
489
5253
205
4970
9739
114
1643
323
2444
424
86
130
124
316
535
1048
90
563
1635
828
2463
578
147
3561
343
316
1030
63
833
861
606
5329
1143
3216
1181
3628
6192
15
67
678
1582
801
1850
1006
966
1462
2556
279
937
5625
5551
3825
633
5333
4026
3
4080
656
625
417
558
7681
1100
1736
1717
7061
129
4192
1914
296
1377
10
129
242
3612
154
5987
6129
1949
5353
407
979
830
30
895
6202
3958
3359
5360
2699
34
224
4900
76
199
502
882
2539
3542
497
10096
3568
4284
2163
9062
2897
198
172
1340
305
36
669
275
823
3579
2920
7451
1525
3626
76
32
256
1247
89
256
1423
43
559
127
1139
1059
2037
1910
15224
870
3562
624
544
6037
2526
2513
669
93
131
372
1160
3863
313
1361
114
5460
2033
2512
4801
2349
28
5412
2117
1158
531
106
842
398
2745
698
5062
1490
3035
710
5552
2950
609
3371
408
4431
3306
3776
2014
3323
418
751
3384
5
1577
4003
7227
571
3129
42
6723
91
2890
1836
291
91
3238
3043
2524
945
975
63
2332
3241
2125
2994
2816
1354
4447
164
465
637
8312
7705
533
570
948
538
1091
48
1591
1215
27
1395
1465
1647
3083
4851
5505
100
144
4050
4998
2064
752
896
7272
494
4885
337
540
250
786
275
1782
797
1390
2750
169
285
297
177
5541
252
4109
1288
2795
939
2958
28
270
706
1230
155
5402
4617
1907
184
2800
1224
560
523
200
2462
2316
386
1442
2371
214
1302
324
2181
3722
534
52
6720
2447
6577
1652
5925
73
4992
7949
211
849
2809
462
104
5849
844
8887
2643
386
2525
331
1586
9389
948
7
230
1
708
5287
6171
1101
4686
341
90
4647
8988
1251
81
2504
320
1565
1291
183
5954
168
8671
3205
4
1563
71
69
363
1833
284
3372
1398
4017
2708
35
2836
2552
388
1463
2340
3004
58
1529
1737
4625
4537
2880
71
6194
3321
6400
2115
628
378
3219
1521
16
5050
118
605
131
1149
280
3245
7410
365
932
409
2311
2380
86
340
839
4593
1316
38
1176
1139
139
9930
3015
722
2943
760
1711
4785
9780
5405
316
1282
577
6923
1217
387
1289
2727
1442
1942
3148
147
1797
3124
1238
2954
1806
722
2808
1894
5338
1206
109
4085
3408
1121
571
2089
2872
4677
1643
38
251
455
4308
8953
259
512
171
2100
624
2372
810
6027
3144
5088
1691
711
1254
3487
35
331
3378
63
1361
868
6222
174
4446
4699
58
1171
59
10216
751
871
797
3946
4296
593
703
1345
1172
5580
53
2996
49
1
61
6969
308
2151
1239
350
1656
1345
6626
8388
807
7737
100
4421
8178
4147
594
1662
428
10715
1177
929
13936
3085
4283
2893
9093
2045
472
416
3786
10002
645
4262
807
6120
1610
1363
5464
6720
2418
930
732
1506
1318
916
1244
106
830
2418
1238
2252
1081
982
1569
4921
895
469
422
370
2812
4633
478
2725
701
1944
1178
796
3335
1000
12440
47
822
658
221
7595
630
270
242
6271
600
432
749
1178
682
1472
314
503
1720
3230
1869
2557
418
2302
14
1332
2804
2015
2214
91
286
497
4950
1246
291
498
472
2335
5
224
40
4668
3692
1051
132
5888
3299
193
3365
537
6887
7413
5287
3314
1675
1285
1187
378
2045
600
8306
1591
3776
359
1043
5975
745
1882
402
1192
701
775
1726
555
2264
1038
134
288
10767
44
936
5589
128
428
921
276
5332
610
246
314
2711
1538
499
2470
213
2383
2009
748
472
33
3190
2209
547
120
51
55
224
162
45
6979
5490
3807
2665
1949
4295
1158
3446
1521
776
3026
3345
3819
493
3419
2743
5
1179
1446
1132
1283
3484
28
6422
106
1468
2849
114
2621
1188
535
1177
2617
2822
1250
6111
8413
1023
123
142
120
1093
553
295
532
56
465
33
1038
4865
2953
58
402
5213
228
1424
287
445
1503
2005
232
314
401
8739
820
4012
1570
3068
4002
178
955
2021
828
175
1245
800
173
8357
1449
398
3596
3825
2724
180
794
254
2321
1909
363
4397
491
1408
563
382
882
289
2464
337
348
4748
1835
589
3447
106
2330
967
3565
6854
1877
3892
440
5418
608
1140
1399
719
4482
325
3207
498
3534
169
1560
1492
342
2632
9753
341
19
104
2275
1352
7396
716
2522
747
54
1916
15
3426
9789
5583
967
763
540
450
226
1911
541
2731
2149
1964
7469
1983
382
229
1114
1035
1387
2074
3956
256
8197
4624
2237
5810
782
397
80
1372
2631
408
3343
4089
2095
155
2246
4087
2355
304
7482
2030
89
8
3057
6810
931
2460
3801
4317
1450
1944
6213
4
1302
1799
1574
286
307
80
1121
3576
2337
4869
8724
77
122
1349
970
3016
5024
1529
2103
2051
1795
819
9363
8850
5981
1177
1190
2614
3639
1347
212
757
84
1387
1472
1185
1578
813
2487
348
15
3148
83
2030
200
2198
205
3232
403
218
1937
358
4516
4580
4587
1888
1819
2400
3134
10366
1317
24
956
383
845
1909
4988
2086
9081
1306
2576
531
4
104
842
593
843
821
1400
1127
4200
10
1004
252
7561
80
97
720
1145
5232
561
9842
1508
572
1300
2378
524
272
9118
1541
1456
270
7677
901
2074
1198
645
76
2397
452
6748
5444
111
133
2203
3977
2977
10807
3438
118
1971
1922
203
892
7
7503
181
2947
307
5542
6119
1086
1661
3468
538
4104
497
3062
7159
1709
1200
3615
839
8
1238
310
83
401
4597
177
625
427
5184
1950
160
293
2935
8
1975
1527
1144
41
5998
2788
967
39
2190
3794
3518
1146
1628
5849
2829
141
1504
66
1476
2650
1660
1388
925
296
3
1674
450
6000
1372
2854
2085
721
5372
7599
3146
3151
8583
3316
551
321
5629
4107
505
5186
255
4404
1779
126
1209
2477
115
191
816
97
3708
3198
1511
585
106
1384
1623
614
50
1996
902
2945
4508
233
421
2208
6852
2243
3463
1806
254
958
2652
7
171
1151
3049
38
1090
9872
15
2510
319
1152
24
6941
152
4308
2195
1319
1179
28
745
562
4657
956
834
289
2761
4526
3852
71
7448
333
4655
2150
425
209
558
1066
2119
3410
6908
72
3495
6409
2173
7689
104
2595
4256
943
1122
4572
2315
28
717
2987
4174
3994
22
11175
174
1981
1130
426
3515
1276
2786
128
6738
2211
102
744
6891
669
5162
286
1606
5008
1444
4489
2592
1285
2435
7546
933
1760
394
580
1666
3636
7033
9202
793
29
1773
1274
2880
2494
1144
944
266
6173
1555
1205
2277
629
285
291
3666
2575
1001
269
216
371
3979
1724
176
411
7254
1812
5529
900
734
962
1014
1164
5453
1171
45
182
3256
218
8812
351
397
19
1300
309
931
550
2284
2629
111
8891
14
367
2355
1102
1394
641
288
208
4468
5415
774
892
78
207
417
501
6019
3015
2029
247
4454
2040
2735
528
10351
1161
1734
1543
1323
8194
1992
5444
10189
3036
3152
2865
4929
277
531
35
23
630
1578
2778
2234
133
1566
7047
767
3729
5996
630
4135
2968
5129
7037
1223
608
9
7342
1376
1917
347
118
6377
512
716
213
274
3
361
4270
209
7830
36
22
365
4474
1652
930
1998
148
1275
398
192
5168
2764
565
3396
4359
18
293
401
2636
574
1459
1137
2473
1058
2
760
1003
335
3508
4321
1582
1048
182
1184
427
207
2135
286
403
1696
3314
2284
1576
2891
2543
1350
5577
2069
548
658
383
1911
3138
708
216
436
10475
4449
108
386
74
1673
673
1030
2236
508
580
5976
874
5528
19
1414
1768
2069
905
1819
4104
1402
1194
1486
2254
1563
703
2363
8
217
1132
1084
5058
114
348
147
1042
1549
1527
754
4
1588
799
3832
1865
4882
135
2731
1930
4491
572
3829
215
606
3987
485
147
305
227
151
674
1660
717
1458
622
234
6
220
43
1357
5965
806
2144
246
1307
1951
1181
634
2450
4147
1015
659
0
6814
796
1094
1509
0
370
41
3987
3900
9458
1729
3263
159
6029
607
585
1197
1703
6020
2309
78
70
2935
3695
289
3098
1473
2141
918
2273
1508
159
205
2873
11
362
355
576
6551
1673
374
5394
764
3985
1044
1405
159
64
18
652
75
2623
110
9238
745
857
164
2564
2793
1637
5
734
10050
24
13
5608
4538
1567
1800
9
7984
1771
1576
9204
262
678
217
5
6159
175
3830
288
1274
270
4972
7895
3727
2195
437
535
4
731
4307
662
2068
143
11071
447
5810
302
1976
207
4160
2302
1459
7753
1064
82
433
743
654
15
2628
1361
2280
1805
393
455
1131
1207
497
1412
8247
6733
2676
325
609
216
5978
18
3477
2244
5182
1737
4773
1493
1927
3372
740
361
1911
587
637
469
3639
5916
4694
1191
944
1247
9136
1098
16
6002
3537
143
4644
623
3935
3664
1123
1776
1242
180
654
494
585
1825
369
2271
5
2241
315
663
318
3301
2074
6850
3212
313
1948
427
1290
5245
9597
1071
594
77
1155
1253
998
2897
1474
9495
1259
4352
3095
705
3814
490
41
505
423
342
1155
1418
2979
344
2331
3079
2049
4547
1033
908
2834
1261
4931
5888
45
4916
33
3420
568
155
1510
726
6125
1950
781
134
1272
3057
6409
1159
5
2817
4158
1
926
4701
2386
618
815
4098
3605
3230
41
3857
289
114
1587
822
21
169
1505
5
2594
1637
4099
1720
7746
2653
54
5117
528
5
2765
4017
93
642
6101
4296
1418
3133
1332
2870
4580
1148
192
979
1817
3826
679
1186
6848
7603
3831
5572
95
1089
385
409
4417
1728
4204
4998
3663
399
13553
6204
2020
6997
836
1050
7817
389
77
1560
1072
2524
3792
1516
4081
2130
136
3218
2949
2194
3740
7396
1060
16
1499
1675
90
245
233
830
2490
762
259
208
478
100
2859
1904
1719
1442
2446
1358
4125
1561
634
9181
1514
7408
5428
458
1620
502
687
19
5880
1762
38
2361
2051
882
699
1217
2327
1915
2933
529
8711
831
1259
3953
2266
665
1225
138
5368
109
1062
162
1320
3892
4177
969
692
304
5263
113
1163
2822
1006
686
639
1236
587
243
725
8789
1930
268
4211
6321
8
1137
133
4802
1355
260
1569
3132
898
1012
2686
1884
420
61
149
1546
409
1871
508
3950
2648
1753
6706
945
434
859
1029
25
4613
7356
367
497
89
407
298
578
1862
1849
824
208
3143
672
882
6834
1603
4772
5500
1701
2659
1049
10346
1172
782
1560
4178
8
1062
28
3162
899
364
8001
1809
354
2538
332
4
32
337
3603
44
4
1574
108
1610
1554
54
544
3131
633
14
995
3347
1000
1565
1512
624
401
1824
586
1571
23
5244
2958
6187
1257
5257
3501
3493
3020
2531
3704
33
2745
2080
4346
568
9701
11
1172
3331
109
679
2431
3029
7666
255
3754
1446
423
162
613
289
6162
487
5
747
2466
336
10705
2150
1128
1661
401
1506
1051
6533
58
556
1275
1267
5293
16248
8165
2176
1193
875
813
201
288
266
4175
570
49
1304
479
2551
3
563
412
4702
476
1255
3278
475
60
165
3946
394
2466
4912
3803
1680
3218
3949
5324
490
612
1366
525
906
5376
2
2760
370
1035
994
53
2341
37
28
2221
2208
249
1858
1088
2231
244
305
2091
1106
522
1980
593
87
1131
2613
255
7207
2003
2767
104
119
39
1578
129
523
1940
1504
1500
1798
9413
4024
3108
1008
1594
172
944
4295
1081
2825
993
2203
1800
500
5061
60
110
195
2513
4215
167
93
646
268
5799
229
9002
2211
1066
1
983
87
5788
491
814
304
3324
8171
15
632
48
4337
282
47
389
217
192
0
1734
409
1029
3324
183
1189
4712
656
1401
3703
1166
74
306
1104
7
627
250
141
1173
118
3943
299
12514
2281
389
710
4263
7462
1152
6100
1064
834
20
20
51
2415
1861
1474
6145
100
2019
10566
1426
3646
5670
4650
337
3051
1237
1337
4909
6320
850
178
2289
146
3336
3571
2571
5680
3806
79
8264
32
963
3652
697
4360
718
10708
70
3777
1137
3035
21
1505
203
7420
4826
1625
1110
1537
613
2470
386
1936
1873
6247
255
4767
138
5576
965
4067
819
401
160
553
1950
357
5427
1316
47
3843
235
2002
520
2492
145
2491
6959
7960
4197
2487
1594
1174
1436
68
3418
921
259
650
1021
2473
776
42
150
36
1788
17
6362
5887
315
717
3945
7960
2940
3015
1615
182
560
790
2922
2464
2279
518
3806
433
531
464
135
195
1758
12168
30
1147
309
3415
5549
1975
334
1567
795
835
1085
1384
489
5966
435
330
2294
2366
969
2066
4890
1924
527
215
4461
3304
1589
347
418
1052
3679
1222
5831
718
5839
928
400
346
379
660
390
8259
609
68
1180
74
2896
6812
2
3331
1032
1033
1391
4229
1642
4822
423
7137
8130
1618
105
4116
5612
3115
1087
485
5565
2260
1079
2357
1338
49
6404
212
2113
8916
2492
1611
915
245
3504
1772
3605
330
296
2185
922
1245
1089
3132
148
4763
105
108
2156
596
391
1604
5772
5147
391
663
2766
130
5138
4358
679
1692
2674
2773
2824
3551
7553
3349
1843
548
2482
1806
6218
5795
392
181
2185
174
38
10322
2220
7347
3669
2158
1686
634
434
5301
136
3105
1281
1254
688
647
3
5
5948
1880
270
102
197
278
103
2757
630
5199
1120
265
2971
483
121
2994
121
908
230
4734
1200
1145
295
1388
1836
6622
40
48
5736
16
952
639
1292
422
2537
482
1906
2776
1381
4197
129
1027
1872
8
4353
3578
241
3572
9041
35
1347
508
31
3127
3823
221
537
2603
2067
1116
5276
1920
2203
5479
1805
2729
1865
715
4
2251
2729
538
355
39
4910
84
162
799
1253
116
1042
302
847
9553
580
952
448
1473
934
2486
231
2539
1397
399
270
879
3809
395
6531
11020
217
1212
1080
2671
150
303
5609
1697
1921
143
2730
135
2890
6445
3119
7162
156
547
1448
373
125
400
266
622
346
4255
1422
587
647
2923
10746
10057
3131
319
5203
1028
2782
1816
8530
96
685
459
1596
1404
399
1635
5906
2204
63
436
2395
719
965
3669
66
1950
5024
74
1537
616
404
3622
790
1329
133
1053
3687
48
196
3449
4289
1564
331
572
60
3381
1735
990
598
804
1436
1029
3495
8790
5550
159
103
612
4016
112
10
5548
326
1573
934
648
278
575
431
3794
354
2792
1516
393
591
115
1536
7100
395
2137
949
2117
1395
6
1275
458
440
980
2484
38
527
35
3112
6253
1062
89
453
3259
2362
1491
15434
1762
983
845
2031
1527
1062
442
6358
2175
2997
1923
1210
354
364
210
9339
718
9142
808
2532
465
47
3126
1770
908
382
3119
3070
37
188
326
4885
1589
2357
422
5586
2472
3530
5421
211
311
35
3188
482
2286
1361
3292
350
965
4833
2181
1764
20
60
511
2634
1621
682
843
34
9573
4682
6368
2388
1064
3371
17
5215
662
3597
3760
39
1142
728
293
138
126
185
6030
6005
1960
3566
210
1788
6091
803
4151
259
1597
8602
1740
3988
4080
9690
528
709
1178
3875
566
3707
5255
0
1473
157
2274
483
1148
3006
4265
1672
5988
944
2142
1624
3859
658
109
5700
824
977
9663
4463
620
300
1634
1261
137
4379
2142
1495
3404
5190
4272
3120
40
3838
4953
6165
6252
1330
2362
915
486
1308
374
215
1100
1347
4351
1283
559
1524
4470
637
4003
16
2467
1364
834
7955
4933
727
2154
4
4194
2672
3400
62
26
2104
239
3516
219
1632
4957
1815
633
12952
69
2556
1301
4166
954
442
2288
2265
443
3184
56
3040
660
2998
960
283
776
220
998
563
3207
3746
95
721
4975
495
3166
5278
7354
0
5919
12743
1694
4945
1166
2987
465
2035
3640
4058
3400
2861
97
1792
10
6046
886
772
651
1141
4993
2633
31
2190
463
948
2255
967
707
8292
6137
1865
3313
123
4463
2357
2213
243
511
598
349
2434
1257
474
1752
99
1679
5419
227
3533
190
0
466
1568
5511
271
1557
45
3333
100
786
146
153
2693
676
12536
4545
1221
835
812
292
611
1918
118
258
352
2289
9791
116
279
1663
1323
254
407
2005
426
1660
1343
520
442
101
610
77
8236
3705
2787
808
7074
24
1333
3912
2683
2635
162
394
482
408
1004
118
19
379
2699
1756
2564
7640
18
1964
841
3112
447
2110
2256
570
2926
1570
516
81
4844
327
3853
23
1811
1541
4891
6947
231
1353
364
73
796
4105
1500
2821
319
10
2576
1245
145
1172
3654
5
1428
1207
2471
486
2648
18
21
117
998
2051
12361
157
3612
4460
7344
6701
418
1383
3046
2778
1672
1448
2592
143
9339
90
395
7178
378
3693
1783
10
614
101
4678
572
5236
859
294
1398
3683
2476
2777
610
3901
854
154
1508
2088
125
2851
3193
2935
146
374
412
2558
1118
2089
1175
949
259
39
6347
7089
2983
3391
377
1948
3874
440
1247
1129
2439
3929
322
90
5265
2057
58
2414
1822
2914
134
6752
9
122
122
198
3568
175
380
464
444
912
432
4904
2469
536
4118
1336
9204
5
864
453
1573
1474
2588
7660
1479
1532
725
453
3176
1095
4856
139
2424
1428
7827
911
220
3808
1267
249
1
487
551
3046
7309
64
1664
43
115
767
690
213
2351
505
380
2243
954
3513
62
4547
116
901
62
7446
9350
230
599
764
6980
6799
663
1797
28
3011
4103
6475
569
1151
1845
6930
541
5685
888
6673
605
3958
2228
3485
322
789
5727
192
5
1084
491
1254
206
1447
373
6989
6668
876
614
4684
499
2010
184
517
1164
3261
2107
3936
549
1484
4147
2028
255
5328
10
1140
5298
1185
2097
1719
4766
425
467
7039
103
732
1223
475
2613
10604
1772
2963
1398
743
11702
4184
1099
5106
462
193
48
4490
48
4053
1483
1871
90
81
1727
8507
1036
153
1072
1800
1823
1486
609
4413
7317
4176
429
465
580
919
3032
310
687
172
1342
2940
216
386
3939
176
72
12528
15
2681
10046
32
2498
1992
9508
512
2455
73
26
36
464
4319
3977
212
333
599
292
52
2282
939
2718
423
1978
754
537
6760
1379
569
5490
749
6886
387
347
679
2
8063
2455
206
193
1676
509
1420
1358
536
2043
398
1375
255
867
3423
6768
4903
9030
492
252
2103
12
1618
26
1966
2407
5719
73
1434
299
1983
10559
4574
565
65
845
6281
432
3142
795
162
663
81
2687
156
6107
1586
337
1293
3836
1501
1334
32
567
3651
826
8440
4694
661
13266
511
40
1857
1285
1314
5398
4289
18
470
212
5100
1
109
3118
2446
1005
2438
83
1713
253
2031
545
6021
2171
566
48
4967
673
4701
174
190
8945
1006
583
1871
1774
511
962
1634
30
1544
7916
6
2863
1879
534
313
4169
3893
1065
996
4893
982
883
2325
7964
4181
4282
1608
575
2466
7065
578
952
2857
772
1181
66
846
1606
3353
1369
12253
2383
2677
57
35
1055
443
2375
6202
558
3741
755
840
1391
334
1342
1010
1159
2810
546
2005
5281
3354
196
1962
218
