1482
729
875
229
356
145
301
96
1373
139
758
759
799
496
544
159
290
65
204
47
1268
162
2749
60
952
283
205
369
2001
21
326
8
2135
733
264
576
76
299
290
1255
3
2061
293
409
10
412
143
362
910
1282
276
1015
186
117
87
208
195
148
53
655
78
2339
100
336
630
455
784
48
310
567
935
848
803
330
325
741
519
6
175
164
770
270
777
96
1004
1268
845
7
2
751
30
148
305
1
1190
22
281
414
200
316
338
116
2042
350
1455
472
1516
633
44
24
1051
55
11
204
1884
752
138
148
337
1760
157
2726
150
1274
1141
145
575
256
440
104
621
6
278
197
267
270
1582
215
45
1065
1689
444
587
147
58
78
127
1935
281
428
346
39
384
31
328
111
109
2208
273
209
546
916
189
459
941
51
228
1621
434
195
17
7
1977
73
531
27
149
156
694
49
840
3
209
1423
1039
1325
34
550
12
214
1044
117
962
2
76
64
0
4
94
433
993
667
1251
122
168
5
3233
1
491
471
470
1519
661
425
1344
101
483
317
0
550
1417
620
451
1351
57
16
404
1154
554
365
430
73
182
167
104
146
56
33
321
280
421
1696
918
183
31
327
189
33
17
0
927
977
2021
318
282
1299
1850
805
1459
637
543
1880
25
30
73
747
160
2009
47
1321
990
223
1514
643
364
1023
225
89
1019
95
417
22
166
505
894
15
522
54
954
868
1
1151
394
1269
9
502
179
1239
388
292
358
659
80
522
51
468
1276
1043
100
1119
203
48
170
200
11
508
215
663
527
514
117
240
736
2187
424
824
628
1085
433
126
437
841
597
547
1566
579
16
576
918
267
34
2048
457
195
1632
291
646
593
675
299
482
1307
115
693
1868
74
371
92
12
109
235
110
297
112
877
1260
96
345
266
1690
80
2547
802
76
268
421
2784
130
287
49
220
802
829
391
276
2
1296
1682
36
835
1400
87
750
216
87
181
3159
897
224
158
1232
1939
70
1203
206
803
61
161
196
28
86
461
810
540
1243
87
454
911
841
117
594
598
31
104
1021
178
273
1112
28
377
169
362
105
1450
209
23
338
1288
244
2
89
156
565
213
1123
50
188
1499
1515
272
188
147
472
705
3
297
33
421
651
430
677
389
594
451
42
359
1132
28
671
410
1288
375
875
350
38
255
234
660
39
1066
18
454
2349
159
258
25
2465
559
2
427
1133
188
275
644
662
88
20
1269
446
722
410
78
1133
65
145
671
601
66
133
65
220
155
60
183
604
715
1909
723
219
77
1625
616
2393
15
306
1455
2763
128
0
500
224
1148
6
94
0
1293
53
52
631
3
15
13
887
124
119
109
179
719
4
984
36
408
120
4
1558
739
808
200
86
360
62
25
228
120
438
133
394
303
0
469
24
281
41
388
1189
2
410
704
560
38
864
241
511
1689
2070
232
73
398
75
353
122
3215
168
466
187
3118
481
211
138
60
1495
881
1222
922
141
12
8
92
505
562
1372
20
675
136
1463
1752
272
1063
23
103
104
168
185
57
190
259
343
1725
176
1067
235
41
326
18
35
166
305
199
168
61
1073
836
1459
1669
3
464
63
672
504
2363
0
2517
1030
35
568
1394
396
416
298
799
352
316
121
952
596
5
143
814
88
1881
239
120
616
197
19
610
4
63
250
155
554
1593
1148
47
88
201
153
173
26
1790
44
5
222
28
297
455
1340
43
265
605
182
345
38
93
24
678
191
1258
148
657
9
1502
247
1
547
3
149
574
150
110
33
463
61
1552
81
18
227
399
1409
777
1114
183
2612
0
177
668
152
215
1265
1091
707
19
968
1073
534
274
6
306
46
439
401
112
112
251
84
1106
297
226
115
752
540
410
1241
221
14
826
3
276
167
188
2467
300
1039
238
109
641
851
1061
404
93
437
169
22
1565
3319
762
651
431
174
891
632
43
7
457
338
483
862
63
1249
318
1052
191
72
375
511
378
29
204
8
590
632
11
511
71
1528
367
1593
352
250
2237
1613
282
621
18
1839
562
417
0
1861
338
253
69
101
176
11
125
81
229
63
413
50
936
561
1161
22
81
54
129
64
38
260
318
134
1766
337
15
1635
437
696
235
484
419
323
1731
327
27
485
807
1283
423
814
184
619
1540
990
410
326
127
137
372
194
34
2929
379
1580
0
539
713
2
67
293
396
1256
606
511
767
427
98
1276
1277
25
88
582
394
37
236
1557
1047
398
63
31
798
28
656
902
224
677
1974
243
2
1706
213
343
37
1129
1
113
1227
30
327
259
1588
221
242
79
2014
1185
233
220
219
266
89
75
261
120
421
320
1280
56
2582
1034
931
1240
2035
753
79
415
308
1439
1216
893
722
865
461
994
7
2428
1025
16
133
894
269
1116
957
405
267
322
517
852
57
256
275
1390
339
125
19
843
1
538
304
204
32
353
246
370
3
393
107
390
542
576
948
873
889
431
974
53
1566
319
121
898
146
547
72
120
1612
470
509
318
449
41
34
285
34
715
14
74
218
2520
2640
1161
87
491
60
314
25
99
735
703
699
267
378
394
231
1162
68
681
990
109
1636
346
166
547
20
150
891
393
754
509
857
5
244
376
1883
109
902
10
158
70
1175
22
293
124
638
623
2436
75
701
3
531
219
1333
761
908
1381
613
1366
14
1024
271
35
2504
200
182
738
10
402
780
209
179
147
14
247
2206
283
277
3422
861
79
1078
441
445
48
1768
1830
18
518
77
658
234
1130
111
329
387
729
1576
79
20
213
577
217
165
210
2356
799
1145
124
21
2103
2413
323
958
154
306
146
118
217
39
408
257
1179
91
122
492
470
365
1053
983
599
267
1108
58
191
36
62
303
8
706
988
2374
713
45
0
3190
599
158
258
427
206
70
126
1666
629
1083
701
1
46
364
104
258
257
644
192
268
881
49
11
1197
63
190
65
947
2
874
1389
1999
179
141
905
18
900
135
179
96
420
369
691
641
1789
308
155
41
589
52
487
133
174
179
754
2
283
146
664
819
39
1154
38
165
633
366
911
1191
403
1082
13
2952
40
777
940
61
180
814
54
698
1353
144
1889
55
14
258
115
407
35
3284
338
278
175
20
154
18
393
126
377
1389
128
452
2012
138
581
966
191
216
1568
1262
741
256
536
1306
34
54
1838
206
40
128
323
197
808
3524
19
32
191
61
434
416
2
107
47
148
563
192
73
764
642
1550
450
691
210
25
338
83
787
177
206
604
199
2105
4
239
198
890
203
13
251
404
365
216
484
2395
3358
455
102
64
1123
6
1435
1090
39
382
686
2619
35
112
137
29
1662
2259
246
63
127
464
21
785
1237
57
520
313
98
672
934
147
65
70
0
1840
42
231
38
1594
62
479
1255
1372
289
893
41
1314
559
356
466
23
34
321
620
819
229
354
1083
1308
128
25
1408
207
386
1607
128
25
1174
517
3
870
350
73
1564
942
147
189
23
570
81
566
12
537
62
3550
874
910
123
902
156
938
78
581
839
642
116
1678
153
570
35
96
282
85
133
402
1431
148
344
516
366
290
141
1479
365
296
2
324
540
1698
349
505
7
15
166
1094
1038
33
96
101
858
346
69
36
1059
173
187
87
923
645
48
716
105
917
32
2
151
381
1570
447
1580
477
195
936
975
2664
371
512
666
387
1864
565
9
1022
80
512
1691
1713
2
672
394
12
1999
18
573
3206
173
3891
933
1668
212
131
95
319
320
31
694
313
928
227
69
104
560
70
869
9
680
368
1
64
123
59
555
94
1360
12
224
371
72
78
782
920
1227
1155
186
62
1389
1399
1565
842
394
411
28
2
319
1043
93
219
272
1518
247
516
209
554
51
735
675
2168
451
587
78
343
8
695
695
2116
47
108
441
1732
674
67
330
49
323
299
1235
1440
429
185
383
170
251
1
400
146
255
1615
422
707
38
334
110
654
869
1543
128
306
874
2278
218
361
117
267
149
9
2253
695
382
479
254
38
27
154
248
90
13
643
821
2513
572
77
252
142
5
381
651
906
375
155
49
102
243
743
285
138
1871
211
143
91
634
309
58
51
1986
123
4
34
81
1514
230
523
156
995
114
155
1618
97
54
458
989
2582
166
65
154
999
946
546
0
935
1197
1002
177
643
218
876
1719
5
40
69
57
1375
82
1659
152
676
80
126
19
348
443
1157
243
671
3
931
2135
20
403
229
30
496
63
494
239
136
694
297
641
442
153
290
646
69
886
202
24
93
367
852
718
216
6
4
631
153
371
403
1709
1505
1561
197
49
41
324
491
710
2618
822
928
112
971
362
439
152
366
1850
900
427
124
367
26
1504
1352
94
250
60
99
454
962
345
312
531
123
1892
2776
69
947
1086
2086
393
1585
310
217
141
956
18
1549
17
3011
354
24
1154
827
109
106
635
1626
800
12
138
640
1011
136
107
203
2335
1872
1
446
146
1403
94
668
25
1830
1313
1111
6
802
238
888
453
15
415
393
784
312
174
29
441
1051
45
139
121
1330
406
452
797
553
976
39
158
0
582
136
241
2
531
544
256
485
328
1318
394
402
266
241
424
77
156
354
215
98
153
116
210
375
5
50
57
375
188
62
915
1455
542
351
520
67
204
1641
281
843
372
699
611
13
636
135
666
967
325
105
151
40
2989
1003
745
3
466
780
970
411
75
92
500
630
746
1428
114
138
159
350
1367
1167
63
153
872
1087
88
985
969
85
389
308
2603
710
347
249
2636
581
344
236
273
76
639
6
2
12
396
70
1043
483
821
125
1972
35
142
12
121
117
883
50
271
667
704
623
240
543
90
179
392
67
306
2433
1310
186
1171
511
23
178
209
509
108
81
782
59
1763
414
1632
17
9
73
21
1233
349
219
1552
920
574
312
211
20
285
2626
21
17
324
1581
104
713
202
181
57
564
47
60
296
86
371
18
304
207
1295
424
375
74
1995
231
737
338
1417
914
2421
136
976
361
204
331
59
1258
864
63
1484
26
152
166
32
164
3160
306
1114
170
905
1495
973
36
841
1263
240
255
338
548
224
2
22
369
787
227
129
429
1456
658
546
236
324
594
70
917
112
594
889
27
609
2
101
30
322
105
101
483
96
1016
1258
125
10
69
25
462
579
276
386
18
856
589
980
2749
542
313
514
280
769
69
306
467
819
583
968
1858
1066
115
982
1850
2012
648
623
35
361
19
617
1011
718
2957
1542
1432
54
863
96
104
1172
332
1045
406
737
1215
1045
493
13
1566
287
214
55
229
3
25
405
170
194
160
267
110
1516
490
1247
1680
1188
43
132
61
197
27
288
1523
323
392
560
522
372
34
71
60
45
15
165
1183
267
1113
923
67
1364
1748
145
289
293
99
398
31
297
373
99
78
113
209
32
344
498
1561
251
1030
216
574
1001
1422
234
463
1078
149
140
385
577
1220
57
107
814
779
129
1096
23
171
209
1422
34
52
407
840
1170
222
93
69
1387
73
49
2351
326
115
176
987
381
449
288
2757
54
533
137
293
118
1730
112
66
247
377
788
97
63
58
875
45
1092
52
723
1401
417
374
452
1208
1144
2717
1355
93
985
503
223
233
1553
3081
100
865
828
58
1933
1
43
363
229
836
570
981
202
177
148
124
1021
265
148
1997
421
18
350
382
1837
728
1
2
4
595
373
40
61
283
401
695
12
124
974
146
756
206
1216
50
93
130
356
0
1660
1056
93
2420
59
1188
1323
490
228
466
6
149
903
422
108
1597
211
1295
553
776
98
569
61
18
398
636
881
363
76
1
42
410
2670
13
629
392
1226
199
231
224
208
409
228
554
824
1019
456
943
114
396
242
1589
173
2147
382
118
341
210
336
831
49
296
112
1154
383
113
124
746
60
377
0
807
1851
223
637
233
24
1438
69
1844
18
1952
1499
200
114
518
3
1105
16
2246
239
2722
136
562
2732
83
1267
233
191
663
67
470
55
742
2920
53
1169
705
1258
1069
13
964
214
59
45
1907
68
11
361
36
65
2
30
7
2180
367
617
1821
181
64
460
576
752
27
337
89
30
367
1121
954
642
661
1074
1214
1029
993
1248
1285
197
431
101
407
23
230
701
343
76
12
1
656
40
1014
127
2644
2373
673
50
356
355
523
2354
51
657
107
68
438
495
190
107
1359
586
81
285
86
23
38
954
100
438
30
68
16
542
497
1341
299
418
469
173
217
4
223
86
647
399
7
25
1563
1069
1873
33
1
131
164
23
347
936
70
371
43
23
132
639
45
253
346
304
116
398
911
246
1298
1510
391
1147
396
49
30
2008
1340
33
150
279
1052
1227
802
475
87
44
683
120
764
1657
339
2
34
361
209
1288
440
727
71
9
53
156
1730
18
108
28
1370
22
1131
345
1
0
113
270
470
165
194
1822
283
656
1077
89
813
1671
263
690
613
70
251
661
1139
155
2607
20
406
16
267
15
57
2
880
33
900
39
85
668
364
1121
115
36
619
144
119
61
351
573
386
129
799
541
773
609
144
113
915
88
148
495
196
47
407
82
130
10
634
1291
248
243
25
473
68
54
639
170
355
17
2422
980
1348
1207
268
811
1174
59
136
337
560
197
554
1
135
692
811
374
273
272
422
1149
389
322
637
502
36
145
278
628
140
86
126
375
13
1465
1467
627
2644
261
915
194
1903
130
198
1140
504
263
502
2076
1266
78
313
2016
87
228
233
19
396
2
132
86
585
118
278
278
131
511
98
14
1379
340
76
1020
1608
107
628
809
76
8
76
162
78
312
449
882
20
371
901
80
594
1527
668
25
701
298
459
110
253
943
6
1593
59
428
113
717
251
1858
211
381
307
835
582
441
8
367
71
27
206
19
131
1580
420
711
462
19
18
54
2
211
44
802
394
1256
548
57
634
96
372
208
1333
950
193
22
168
201
1033
43
226
705
310
160
710
2096
257
308
674
202
813
1422
230
26
13
314
818
70
554
639
225
732
190
27
16
1435
1003
30
602
1155
15
295
2939
1
453
48
109
272
433
1398
5
1290
119
2141
3
245
396
943
323
278
87
2204
118
36
205
589
11
2
898
135
307
1984
183
810
2295
542
2361
524
57
284
3173
1048
2365
44
1031
34
333
34
491
494
303
58
3407
1282
1497
84
55
788
538
551
178
676
150
490
527
233
441
281
419
344
80
57
57
2433
666
1486
323
371
280
46
568
503
92
181
35
707
301
1506
87
588
1919
35
484
605
60
478
340
155
395
23
5
1515
644
7
364
827
746
11
1325
205
734
33
638
518
58
68
1160
119
125
197
243
21
765
663
584
475
168
1131
1109
63
1
2913
70
267
51
16
0
696
67
2150
591
848
59
1614
786
220
578
14
2374
951
1383
234
194
234
882
467
188
720
1015
17
842
319
43
113
184
1547
87
288
356
84
251
55
246
72
215
312
103
721
104
56
157
573
1533
1211
24
3
1169
383
1197
416
120
30
201
916
860
307
112
1850
142
480
1188
71
27
639
916
52
122
47
283
443
1436
1077
283
14
3113
586
22
452
61
613
89
1120
387
184
443
330
2
3223
150
914
130
233
217
1292
360
44
41
437
1657
138
305
1958
185
13
297
73
99
304
153
689
878
1006
71
172
132
890
134
310
100
1600
606
202
630
203
78
154
387
535
359
1488
1577
579
1450
855
205
16
323
669
577
48
15
127
185
778
292
85
35
932
20
258
53
1564
17
747
1070
21
56
128
1788
87
76
174
1205
240
1043
176
484
42
16
680
1357
446
636
406
32
454
530
144
391
219
332
402
90
538
10
711
408
387
162
53
5
294
845
160
36
563
208
71
951
419
130
902
2
1371
1494
1189
232
855
869
2007
1367
702
275
91
436
635
398
524
537
765
29
369
72
111
1199
1382
1577
126
0
0
446
21
357
110
703
324
1280
946
874
492
784
1437
212
842
324
8
44
0
149
70
178
1403
1
32
140
168
50
203
56
381
825
96
33
1109
31
470
28
47
517
16
18
900
287
1847
589
2
38
134
903
572
1220
217
93
125
190
633
218
537
570
2504
212
701
533
821
429
978
111
760
32
570
229
839
289
971
106
80
855
1411
1899
206
466
507
153
324
163
166
2195
474
396
27
92
1292
695
448
6
481
191
747
45
128
1163
58
879
661
418
73
3
277
23
941
1467
70
979
47
98
866
1092
564
137
249
28
81
407
131
91
472
121
193
899
323
665
923
24
221
852
404
472
3
126
836
1624
245
554
723
1367
91
234
96
531
69
47
2132
486
27
711
152
132
985
648
575
1156
289
239
718
315
358
1288
161
14
611
1022
972
16
56
1322
1304
1749
74
1273
264
14
588
462
47
26
10
180
397
35
1351
532
409
36
37
1824
164
229
13
357
58
167
147
141
815
443
1161
1573
754
27
1061
1052
138
922
572
620
131
153
133
539
6
79
230
287
2055
29
0
34
744
209
2799
690
96
291
472
176
39
1056
319
995
1085
157
173
637
856
213
758
12
2134
186
816
152
379
1047
474
92
263
415
1393
745
2530
292
8
87
562
1663
530
34
177
187
92
759
2227
147
262
383
2622
198
725
570
302
34
606
0
146
1381
1012
888
906
40
239
379
108
821
884
414
2330
237
50
2031
390
178
453
90
100
1659
533
523
708
97
302
184
250
1802
100
867
10
130
734
33
2600
1330
880
1162
229
1793
1
836
332
411
869
1008
475
269
186
2453
567
254
35
5
484
82
470
456
27
53
361
614
58
138
76
530
317
1473
2358
777
36
312
121
18
984
1335
751
108
334
958
934
1472
130
44
270
1062
315
804
1005
2854
24
326
1196
423
135
447
19
128
818
251
69
307
59
99
716
1569
96
742
49
286
15
32
53
14
455
583
65
811
185
667
1683
740
17
1185
18
786
683
355
484
70
30
8
472
104
1193
585
399
641
874
101
1413
185
710
302
226
377
41
60
1380
0
467
357
18
384
160
234
1523
173
827
81
70
925
216
982
79
1049
241
468
374
113
113
408
764
378
112
222
293
54
1295
285
134
333
912
85
169
4
185
5
214
678
149
927
302
51
312
512
748
523
1220
311
779
673
84
188
1748
16
358
302
278
767
986
414
772
72
206
535
68
550
1559
1107
492
1081
798
429
11
718
23
355
943
94
109
78
31
189
122
1352
32
1807
23
62
209
212
722
1317
44
1148
440
171
38
899
763
1159
1616
880
319
228
517
2031
903
656
1458
1535
270
596
277
236
340
648
264
0
1732
427
287
1494
263
2319
233
171
2148
1634
676
92
183
63
256
121
2494
977
750
324
1116
535
125
139
446
2013
191
165
1334
531
910
310
1380
29
403
251
1058
185
354
317
156
194
96
331
126
362
1113
1942
619
403
139
1282
1041
1005
152
266
103
156
787
3605
346
109
117
124
20
196
100
1876
620
46
191
257
749
336
102
1223
744
705
2603
2634
382
927
175
101
211
335
6
391
484
1298
65
21
692
369
154
3316
131
505
143
1451
293
729
1566
537
1
14
112
336
649
644
130
413
870
2295
156
2539
67
46
2722
485
609
317
1842
691
412
27
1096
218
370
4
134
1026
23
1929
598
674
17
219
693
147
54
2755
132
1270
13
1735
718
804
1262
330
530
85
617
740
697
89
198
218
1388
180
2377
73
179
165
545
273
6
762
735
2328
217
868
262
336
125
118
660
46
115
1045
723
1309
460
40
1085
1889
114
2
450
509
426
149
2247
82
421
186
153
490
1245
1319
72
578
455
447
399
259
538
2018
384
82
1066
391
672
118
517
627
794
120
239
180
1104
75
202
658
1247
124
875
2186
655
228
322
22
789
188
70
1049
2220
225
182
2134
63
1280
1056
2165
145
583
40
94
270
73
657
146
5
862
721
279
1099
61
1472
71
5
428
906
1
2043
762
1060
2023
2023
506
31
2510
537
71
49
546
499
474
1353
133
1152
447
648
38
731
304
105
1139
62
51
764
53
86
139
526
599
1216
929
65
315
961
661
69
231
3429
25
639
436
508
468
1167
335
111
293
739
340
503
2571
529
91
517
15
614
215
1030
205
114
83
458
3458
420
129
100
84
832
914
76
753
132
1429
67
26
291
532
11
542
126
2484
1898
175
38
230
99
1195
59
174
3
125
912
123
75
12
567
45
18
265
1
995
74
1
669
1583
386
385
432
518
288
1563
180
16
98
559
195
178
414
785
145
39
484
10
235
52
37
1168
161
127
712
230
660
1105
131
275
817
653
47
404
99
71
144
51
8
2157
73
308
299
1015
0
66
48
108
376
10
24
343
150
58
937
1219
385
517
2348
1086
18
604
421
758
490
25
10
368
499
170
186
251
3
92
273
1603
185
583
1079
967
567
204
321
969
325
709
207
19
1333
98
623
628
94
506
417
513
371
129
987
625
4
420
1741
148
21
969
777
115
492
1548
504
117
474
9
990
97
212
1883
1426
184
1
844
24
961
582
215
37
1844
5
614
208
48
126
40
8
255
695
278
244
1398
401
1015
12
1328
604
140
961
68
291
2620
472
433
1269
1909
4
62
454
272
60
122
242
96
269
1964
247
35
399
22
25
296
77
565
42
627
22
233
89
932
43
141
1202
2792
475
797
123
677
1730
80
341
791
2112
427
112
238
643
370
341
460
87
1212
3201
238
2245
997
419
6
1995
1930
394
81
1263
1060
11
562
59
242
318
886
1054
200
12
247
1836
936
52
301
124
38
152
414
433
626
1361
224
1159
1357
377
70
349
362
1142
1957
1651
47
146
455
15
144
435
535
87
1851
687
1804
212
31
274
939
33
722
15
157
1345
321
485
79
260
33
188
9
1999
219
189
22
272
466
98
4
99
37
154
2076
341
128
450
468
94
262
446
617
2726
58
134
882
964
429
383
51
46
129
55
37
89
138
132
1640
51
67
610
772
4
1278
400
345
18
1721
139
790
862
5
589
1339
1242
38
1066
514
12
594
327
208
939
2369
247
1122
228
178
290
19
1307
1152
588
760
371
2679
221
808
1244
2312
1417
545
613
18
568
607
1550
226
148
18
10
325
250
1787
218
1543
230
502
832
328
367
102
566
468
603
423
6
223
975
128
352
137
204
1034
135
46
983
979
217
110
0
88
1060
5
295
1033
624
62
953
97
301
332
306
233
117
95
2650
1001
696
981
190
478
526
1860
254
1063
516
284
232
104
142
412
336
1063
158
860
2202
53
20
6
360
343
250
238
91
426
247
27
824
352
338
2
938
518
87
1237
942
3057
69
235
3826
494
673
198
196
1081
475
473
1119
644
160
1155
64
685
248
1383
1338
240
144
433
961
97
328
425
290
1760
94
220
22
1694
1252
181
2095
151
1657
435
12
1309
4
801
536
41
387
258
263
69
425
902
906
30
332
170
107
280
195
795
419
682
1174
528
12
1026
4
2228
29
338
302
417
47
578
363
1103
963
1858
357
7
657
170
671
255
564
3
763
1188
19
70
244
300
801
516
63
2352
776
1890
168
373
1819
419
1727
842
112
699
63
544
793
194
636
1218
5
945
20
94
206
6
647
61
340
32
74
187
131
3074
100
1597
1388
7
466
1104
361
893
103
199
70
857
136
33
1522
1035
1
27
49
240
475
57
772
25
501
190
107
415
1242
569
51
378
795
2844
1082
3395
334
60
94
583
524
6
661
507
741
12
181
91
1212
68
1295
400
168
78
19
212
151
290
1083
1943
1676
18
1291
462
20
783
298
614
285
1416
2286
1126
623
9
171
58
27
226
711
926
877
226
849
93
369
644
58
732
125
1515
521
247
1555
351
166
23
1413
714
24
54
2663
11
707
375
650
158
349
330
48
16
395
1112
2
433
225
772
187
3
1042
582
153
405
307
60
355
383
2
49
348
53
976
1173
1099
46
2057
70
1687
45
296
641
37
615
1288
103
941
2489
984
4207
30
665
1419
130
180
1019
663
397
120
511
57
1566
319
55
1362
257
274
1963
293
149
909
510
237
1179
197
595
264
364
100
2793
42
523
170
116
182
28
701
1721
52
236
117
1099
1845
734
553
186
702
119
504
185
72
730
1
997
156
907
22
785
960
406
2366
321
95
532
42
38
407
303
513
72
295
5
1415
663
224
211
560
49
171
1088
60
145
43
303
1143
1851
587
496
4
199
284
451
628
1555
1613
205
965
345
132
94
2127
2537
3003
72
403
483
207
189
651
912
2240
9
214
106
165
126
902
10
14
1441
621
464
254
1507
389
32
