2098
2750
352
1477
463
1846
350
425
39
51
905
2905
43
628
2490
30
71
89
177
7
3083
61
1815
179
361
2036
248
669
92
18
700
851
275
125
2621
431
3257
1899
358
1393
2080
1149
798
225
649
1402
886
65
1199
971
946
8
2352
766
228
16
4224
236
844
896
3002
2201
2448
664
835
964
225
2582
18
1022
25
631
545
339
99
3359
4271
3591
1195
574
537
105
84
279
1817
913
389
86
4047
1540
164
682
1586
2032
2564
203
885
34
167
2759
250
2587
812
163
1105
6
7
358
953
1995
198
117
2410
34
186
2934
1931
74
22
58
111
131
728
164
32
1063
1996
243
2387
3942
1744
1503
464
703
193
1940
12
395
846
55
1000
104
1147
545
32
2075
414
318
508
447
14
1413
866
92
3391
97
2375
1692
2908
1232
4333
4085
2704
1921
29
21
3114
1585
1355
785
756
4844
269
1133
2492
6383
2240
241
299
6337
57
1569
3169
102
4034
1339
51
10
1537
332
464
1425
3806
2326
1744
4374
1543
73
135
2796
917
353
1166
692
100
194
2055
4642
855
87
1761
211
3339
236
695
300
110
179
4869
2017
143
3369
66
555
3433
1571
548
2580
299
448
1768
566
2467
712
2872
8
28
140
3262
69
1825
1326
657
888
157
85
483
2326
507
80
4266
642
1184
195
497
3797
88
0
1444
823
2535
3601
398
1791
324
72
84
13
981
599
685
1812
1915
1049
2756
5421
98
2304
633
23
1206
1929
759
3381
412
686
1390
1725
643
2110
920
48
189
746
2065
540
1557
3078
1047
17
393
3522
3682
687
1105
193
836
602
661
273
63
91
216
33
428
775
1675
599
75
2981
64
514
258
1555
151
2634
2373
592
2578
208
203
995
213
1817
1595
5381
6574
3247
409
1981
661
1021
468
343
92
471
2393
51
185
3640
0
3986
940
11
599
1456
48
1820
9
4169
1708
42
267
2
1519
3134
169
88
3082
152
636
566
30
501
59
755
3449
120
3403
2490
749
285
765
516
3010
292
323
1434
39
1939
1007
38
164
49
5176
791
1256
292
3973
1622
126
1054
1845
927
625
493
3156
21
103
596
349
346
246
979
2987
1879
130
4647
476
227
69
4173
292
508
237
249
283
1246
547
235
78
4
286
35
397
961
1598
96
419
50
5041
285
1358
665
208
312
1113
692
641
2241
510
2856
246
197
788
1718
739
5379
2989
1438
2710
64
302
349
892
520
53
966
1696
1304
711
206
577
115
128
2097
1180
105
161
118
1720
1543
936
1518
27
2420
53
1331
1538
1502
1766
506
80
60
3758
821
2151
840
2785
496
110
1151
111
1147
246
30
716
5051
365
1583
1293
1004
1624
612
2822
4341
353
289
745
651
852
817
3933
483
307
8
25
331
4679
2090
606
923
2228
547
2358
776
234
54
284
330
2359
393
817
283
397
1500
509
120
2081
699
1059
787
1946
335
4884
2133
329
2457
602
1767
4915
260
2026
94
41
1079
708
48
281
4131
101
2398
1490
189
458
517
14
3069
779
22
723
565
411
316
167
8
118
1849
60
1748
709
28
74
1194
229
336
89
2356
614
2598
1497
2975
13
309
1022
133
1090
500
657
1778
1903
383
1104
1289
300
1309
843
1464
438
502
1368
75
200
378
395
2296
1093
162
298
219
403
28
1013
275
1531
186
1455
5288
1522
741
44
4113
128
45
58
1876
2405
64
425
599
1721
487
430
160
2121
3218
228
816
821
43
1846
29
6278
1061
306
360
224
2232
661
753
2632
4450
31
2327
2437
4934
161
1981
311
7
143
1153
723
1138
319
4175
431
1613
524
1457
2810
964
372
4241
2226
384
854
295
2928
192
2424
498
1092
187
1746
654
1568
310
275
1070
1600
1665
4
239
3
349
4448
2142
1529
3430
3151
4559
264
394
3037
2369
259
7370
606
49
1747
626
1964
370
736
662
2018
141
698
5935
511
523
905
67
2346
555
222
1794
1171
398
1529
3123
818
247
1073
741
385
547
159
276
600
28
236
4166
1375
9
1446
508
1769
257
667
998
3352
1089
1373
1814
453
774
28
459
294
1804
6664
1829
256
907
1828
1879
356
1379
74
202
1855
7366
789
61
2604
5509
1495
556
124
2707
240
1165
2099
3987
2482
215
942
1725
155
300
1953
440
582
3200
644
219
170
720
1261
63
496
720
536
939
510
1647
275
439
568
1890
10
227
487
739
1087
985
678
373
23
45
96
847
690
1104
2290
205
342
348
3
1634
827
933
312
31
1127
648
683
690
1451
11
706
3494
1007
1452
556
1716
1091
1539
358
1588
2552
76
13
137
268
63
345
99
7
3020
574
10
311
5461
331
102
0
673
1093
476
82
1567
265
4203
1530
2448
139
112
985
294
115
215
2526
4110
3911
661
1069
1075
1308
1271
771
131
23
381
154
954
543
1162
5718
159
169
10
53
256
175
48
171
715
433
415
229
232
1541
785
419
4833
5533
14
5884
4199
767
98
232
4543
1269
47
1188
2744
65
1237
1896
1230
1041
213
1217
2135
3294
452
595
4254
467
379
331
351
5
448
535
2796
2133
2786
1204
2405
481
78
1144
1492
979
3344
514
2
3558
326
439
75
488
1243
844
71
554
330
96
96
30
303
2249
4746
1401
47
451
311
467
3507
348
146
498
221
808
328
1160
5237
839
848
0
111
2410
120
69
2280
402
3048
1775
302
54
768
2170
895
416
137
6
1
834
965
619
417
2128
431
689
887
345
117
142
256
1073
225
390
2818
229
315
1015
6120
950
705
292
29
37
3411
971
9
68
751
369
361
775
1891
1042
2805
1794
1134
882
461
1760
648
4068
1170
622
2628
959
3185
309
2526
360
1047
1213
1041
3708
421
1099
941
1649
3072
1032
84
38
340
82
520
177
289
1940
433
3529
553
53
10
1883
197
3735
117
203
305
970
3239
1071
1042
978
760
708
2559
2330
946
221
1401
39
2197
279
23
1904
508
1336
638
1882
208
1977
524
3506
2589
124
659
119
1979
571
610
193
181
143
681
187
684
627
483
167
2390
2803
4601
1216
70
1118
1645
566
419
93
92
1576
169
4915
443
1437
491
1431
1128
191
2422
1932
1724
323
439
1148
72
3015
859
162
472
2210
2435
77
1497
3445
157
629
3103
102
135
1
663
1031
110
477
174
99
23
5
658
52
1276
627
1095
244
1488
289
1332
516
511
2087
166
617
1189
1371
1630
2013
194
978
556
1061
100
654
1591
992
64
288
4264
223
31
758
645
153
231
59
1812
2483
8
512
25
3425
19
933
945
275
16
119
29
97
890
469
1723
1054
16
251
11
4848
647
1764
455
232
3285
2142
672
238
374
334
486
1845
1183
247
790
416
489
631
261
1
57
839
839
628
0
24
1760
1671
137
1727
4240
674
30
31
421
1878
809
3365
1963
400
100
1382
290
6
1110
3593
3137
1611
601
1431
1388
1393
772
1317
52
546
1661
11
259
97
1431
347
1740
496
2271
257
1663
74
225
348
2330
824
146
2
6
133
1538
839
951
9
721
1099
858
2338
121
562
710
3744
919
745
2607
75
338
3
437
308
1591
1448
1311
928
464
2355
2186
190
218
190
153
4692
1180
63
1724
1234
380
1852
163
376
298
5702
1443
77
1702
4467
570
1119
3754
2097
549
1896
515
135
3147
108
914
3811
1579
1655
1309
703
1938
3326
2411
72
138
870
554
882
4
2081
1019
2678
367
2064
1201
413
4173
1368
242
1452
507
45
1620
1728
1463
820
1578
50
274
555
3295
1037
61
461
1405
976
293
5535
1078
2490
831
447
2523
3150
872
543
4936
47
359
212
268
1869
1030
5517
1492
440
243
860
68
2863
146
996
1434
184
3694
503
793
553
380
190
7978
1928
614
608
472
9
736
964
8
517
648
333
210
1277
264
449
1174
2166
105
1862
56
2011
35
5185
1361
1956
114
1480
207
2396
417
308
31
6581
2354
496
523
721
442
391
66
2616
2486
153
936
451
955
2224
626
477
1352
365
4159
139
1038
42
51
526
2023
4440
1983
4430
1547
6139
76
1287
2965
887
2750
1963
259
286
1928
1179
314
4257
1018
868
1226
359
242
1808
2510
1169
1020
1876
1833
892
1417
1763
1885
524
3454
1464
35
1114
36
1266
4090
1485
600
69
1796
1478
629
2869
40
693
1017
415
1989
1004
2538
44
5072
838
95
2596
4562
4461
1644
1549
1122
69
1706
1229
815
2804
441
1372
1473
1
1939
404
717
116
941
950
97
684
798
14
2615
53
2434
416
534
1526
1043
3506
1299
2052
43
552
687
257
706
1083
4015
4655
1269
80
130
2
3969
359
390
48
2781
1689
837
4199
217
289
395
105
1127
6364
3264
210
359
4
1
1290
1424
140
1228
137
179
2360
1502
55
242
638
188
3
283
444
59
3445
126
1146
131
3157
515
7
307
904
42
1257
194
184
2871
2705
166
495
838
261
2318
2284
1567
2021
259
279
733
1939
1015
176
168
984
1243
74
1409
278
233
217
244
1625
2264
140
1087
952
12
187
395
779
78
3139
3772
1118
1375
550
1607
1159
110
2491
313
3429
38
1931
71
199
623
583
2125
195
657
347
687
1083
113
1563
817
3135
695
4505
2
142
982
62
2021
478
727
443
1355
2221
610
4559
2362
112
19
584
146
883
2231
239
1681
218
3764
966
2638
814
1397
2018
1264
3061
63
2900
427
530
3750
24
1755
622
1317
446
1640
831
2578
2106
1630
132
850
2253
391
1624
1307
104
1268
2512
4936
928
563
465
90
2005
219
721
563
113
1789
504
0
796
480
674
154
409
25
1197
3121
572
1023
684
326
390
957
1820
642
154
1365
3746
1054
66
1340
1013
51
51
682
861
33
564
36
474
1741
997
376
4965
207
787
820
215
535
15
199
125
207
3075
423
3058
124
84
295
439
188
26
717
2231
4118
44
1769
426
593
271
936
875
3232
1533
3102
819
2091
803
491
1244
158
474
1758
794
111
3480
218
103
428
1990
979
236
1657
870
4413
1807
175
1938
2666
197
6497
2617
57
163
2586
1508
1049
2324
26
512
1878
2545
1113
372
588
1657
501
204
3710
622
182
1138
12
1908
110
6
1273
1759
1330
198
459
206
1085
789
924
5
1018
1427
4727
1373
99
5806
719
309
380
4971
6708
185
616
1495
1158
1345
2969
941
268
637
2265
2262
2503
296
184
2856
2207
2847
297
1627
273
412
629
167
439
2272
109
2241
456
465
1230
14
1269
204
1737
1016
4718
424
1125
825
109
38
2610
210
2222
205
1284
72
81
238
2439
395
698
1058
97
299
5511
1213
35
6244
815
4095
958
1515
540
50
457
1591
187
1352
335
1860
2618
558
17
84
1300
77
1716
23
686
1341
1780
20
1958
69
2812
183
1995
193
18
2129
114
78
42
96
2228
1130
3315
2478
190
2655
1021
22
184
3445
1596
1199
2877
63
78
3092
1398
51
1002
332
225
1629
375
4569
229
191
1673
815
3004
439
507
4802
1907
315
7289
242
1208
353
4613
68
71
389
2755
2353
260
2435
196
323
409
2391
14
5619
661
147
1368
1465
636
2923
349
1591
3
1659
179
1380
1359
1087
1320
1016
301
773
1906
88
692
1759
62
1594
818
1134
298
1275
757
773
293
11
537
253
454
630
84
398
1395
1826
23
1246
9
657
534
2038
175
86
2466
437
947
155
0
153
181
1031
1916
120
147
221
899
97
2554
1503
521
656
1969
431
1270
1897
385
479
596
111
1190
3566
5755
44
26
1053
3755
22
111
3471
1476
627
2573
76
36
588
173
1279
110
4939
619
436
420
61
981
0
308
498
246
864
1470
624
151
3250
18
252
592
1280
306
908
554
369
197
6657
1623
779
8
2902
655
471
248
2164
247
2148
22
681
30
3641
2513
2315
465
2296
159
943
6
87
273
276
745
14
196
8
3376
686
504
608
68
91
1183
1630
660
708
4311
3745
917
2226
299
753
23
88
2849
1440
889
1910
55
2120
258
175
5624
4041
681
7
4
475
358
520
2040
22
1484
897
405
4225
144
14
4031
1588
639
2788
144
275
44
767
4699
81
3736
487
296
378
1404
1251
223
1647
813
698
686
245
4878
1027
27
75
721
174
3450
817
844
957
395
1139
728
181
2960
1288
717
2034
399
45
842
610
1382
422
1714
1481
112
608
46
1240
1479
1407
81
53
1641
550
909
129
269
1324
1478
1534
592
3657
854
1679
4
93
79
13
293
8001
642
243
553
314
3942
3084
533
2155
1534
173
1839
467
2365
302
1883
216
2516
516
1443
425
654
660
672
1763
2219
141
109
993
930
2974
6939
1239
905
1536
153
362
90
85
265
466
1230
1875
16
1748
1637
492
214
78
733
67
448
3461
221
1513
522
2458
219
256
241
7406
663
514
1995
642
1904
93
809
391
593
1190
17
483
42
843
1533
1653
736
44
4390
2947
1331
548
803
40
441
2302
594
3642
77
425
234
1349
175
89
487
1219
574
928
20
1843
112
93
2748
122
6
132
91
254
520
1793
359
1388
947
384
102
1340
4696
48
287
818
519
1322
329
82
1901
20
601
2131
706
1700
182
3202
395
1672
669
13
267
917
521
6763
297
919
3420
39
821
1694
69
1017
1394
185
685
1341
2000
324
165
609
236
2669
2127
1247
274
2516
1784
2485
3268
71
97
2966
469
517
219
7
397
731
219
202
11
1967
679
37
4484
51
298
192
861
4998
169
1649
2087
453
28
2571
203
228
1378
15
302
2171
1384
30
1075
1014
1244
2926
1348
0
127
51
17
51
139
1985
792
106
1206
785
2538
182
186
289
173
963
1046
50
292
2242
16
4040
451
2038
16
1353
280
521
259
4531
1566
1133
1185
206
361
1030
1552
1410
892
7
4359
611
268
74
24
799
2226
1520
787
614
581
1172
4270
417
3114
2141
435
5477
554
1524
1529
1197
1185
88
883
1017
1128
3853
3978
722
2619
633
530
1316
22
1149
273
853
408
924
1006
244
915
321
30
71
4656
0
46
30
467
71
1427
38
2482
580
1776
400
86
1408
1816
10
1963
1522
39
2005
2625
1025
4633
105
30
30
1536
110
83
1813
4999
396
591
6107
366
1524
1103
102
1135
672
744
164
55
2709
1021
2030
309
379
2986
256
2833
1003
126
832
404
4550
66
399
2836
805
103
925
1515
580
641
160
933
1246
3973
16
836
5404
1025
400
862
2397
799
894
32
391
2778
2695
28
661
447
733
419
320
377
529
1218
423
182
3154
329
1977
608
1272
719
20
803
80
450
1079
2
20
257
63
2245
2237
431
2471
563
1200
2738
2747
1572
749
168
2668
2696
3893
151
7604
170
517
1660
3055
55
3041
112
3024
348
31
2925
154
3066
1809
2581
36
199
2914
124
250
1304
557
274
39
96
2716
2171
173
1929
1150
380
635
252
159
489
37
153
205
314
3102
557
800
4995
80
300
1507
1519
3854
1940
126
2287
1243
825
1038
1898
1266
263
15
269
1386
3364
1281
481
993
19
8
10
469
903
154
3318
1551
3048
1382
1899
6
431
186
4821
596
70
4171
1564
1106
259
1402
253
447
15
2599
983
10
1821
18
394
78
1955
1651
969
476
460
1130
919
1718
1170
764
852
356
19
1375
751
824
729
858
398
500
320
75
143
613
1339
395
142
461
434
313
1715
1141
75
2673
1101
1899
1934
460
849
3647
3351
5042
277
274
1266
580
105
843
682
541
2673
2380
123
153
249
118
2614
5675
1226
228
16
750
243
41
1322
1589
1084
365
153
1971
1027
801
913
102
236
64
262
371
368
257
43
1965
69
296
2121
2257
5135
50
3579
112
532
50
47
2153
24
0
11
1325
1427
161
421
728
2698
847
3723
892
1012
1717
2725
1655
1515
385
1227
852
451
2021
249
1447
18
236
1760
68
1485
3554
218
2837
1612
94
3012
1105
2828
1578
1958
1764
25
774
251
929
431
31
1031
2021
2178
188
941
48
1051
277
279
187
1704
783
1787
2304
1796
191
285
262
102
1517
1244
2439
265
916
23
881
17
773
3024
35
394
1613
153
1003
615
2764
1656
72
5708
3235
1717
2457
2606
219
1754
190
77
125
613
5471
74
5173
1218
320
117
3847
2295
2089
417
373
2244
489
2280
1985
37
503
219
2120
951
2321
3292
1429
5272
96
442
2247
5055
871
746
3286
5260
377
281
160
1886
9
2004
201
63
666
150
17
633
440
1804
147
2104
57
937
731
527
2497
224
162
487
67
636
1589
330
31
2062
1
1065
2031
2267
585
116
2203
913
794
126
50
3091
4097
4854
2785
2479
132
928
557
698
2035
1410
468
223
2619
36
926
931
383
403
1
562
1475
825
159
13
109
362
665
1048
973
1256
332
282
636
929
102
132
302
181
319
2479
143
771
404
752
3647
426
811
4340
24
2799
951
1548
1917
2710
1325
724
159
48
661
599
652
348
1766
863
1150
2634
686
213
380
120
2565
1740
1369
875
1109
3461
277
206
176
1434
526
4222
327
345
238
602
1692
933
2576
181
30
607
15
2876
556
310
4259
553
5339
542
447
1733
1166
5607
185
126
320
1255
91
123
341
688
378
559
1050
109
233
849
293
2479
244
190
81
1917
30
371
2292
288
470
1801
261
1267
33
2112
513
283
479
625
1892
1861
1274
592
52
1721
1211
470
335
205
1822
2586
55
441
1535
2919
4851
41
5637
96
18
44
629
289
3058
698
2088
545
60
558
751
2729
2746
2541
1265
210
818
225
48
172
3212
324
3757
1789
1169
2694
541
599
779
909
68
752
1486
3206
1168
2376
4650
19
1768
632
1049
237
213
51
299
86
76
3563
46
430
215
41
1239
9
2750
1278
420
968
174
3324
422
187
1272
79
5350
99
816
8
75
1281
46
1189
707
718
115
2969
1197
1093
186
220
2
129
134
686
70
363
27
1841
2355
240
223
2945
108
36
392
3798
95
622
2421
2886
293
2487
650
37
125
974
1566
349
441
1023
1033
441
2349
400
330
234
30
149
450
94
2967
1308
224
1597
2680
1684
1057
2234
257
1316
170
923
775
1351
2345
603
2661
526
13
877
872
985
2699
238
119
2975
2458
414
529
323
416
796
112
5341
4488
1855
284
349
347
1626
1908
846
219
583
44
174
129
104
374
99
711
728
2468
3230
2112
146
100
469
821
1251
177
212
5219
3572
1494
1821
235
170
455
249
486
30
565
1674
33
1238
977
105
3120
532
135
442
332
1255
361
1803
737
962
2516
47
1603
2877
145
327
1065
1084
116
320
135
62
1378
1093
2073
448
199
556
1244
63
208
513
721
3622
237
5720
186
165
3105
18
742
994
4327
2883
553
686
2909
577
245
5915
3296
423
793
97
3019
59
140
439
70
351
832
2562
2969
1930
371
52
534
123
73
684
822
573
1061
268
17
1563
3659
2908
1274
2513
5741
615
2099
1401
4242
389
316
141
231
43
130
2016
342
760
1313
1106
950
236
257
16
3034
211
2112
1235
11
2818
652
2792
58
2585
2174
1915
14
638
862
40
529
147
978
262
541
1592
159
104
663
145
1311
765
74
1112
987
1592
380
2576
553
2
85
2861
782
80
381
25
1296
2774
0
1880
2816
1120
204
7
6
604
2
243
2313
1091
2777
688
187
53
1049
2507
1603
232
55
273
1245
54
329
1860
284
495
210
7
4099
1568
494
3295
139
3176
340
176
1147
3434
349
2529
178
735
916
54
603
3741
651
2088
7
559
259
500
4
660
651
427
726
701
228
2806
300
111
513
2823
238
3980
207
847
188
25
1930
61
390
1807
2316
2399
261
4016
198
876
473
1307
3179
81
626
1591
761
934
96
171
677
3099
3478
1153
651
633
457
1202
68
479
1654
51
1190
310
66
5
1873
2614
26
1969
2556
301
110
1409
3833
859
3250
527
1
3101
144
56
32
197
2163
4305
81
542
3227
126
1049
28
2755
268
163
131
1615
1666
49
108
460
1214
713
10
1298
180
996
5090
0
4240
2073
1717
856
148
563
1940
178
962
331
149
353
1321
853
1191
313
269
67
190
110
910
921
1293
623
625
1310
2
1052
214
518
59
703
669
1081
427
504
201
1329
1814
305
23
1065
37
946
2628
3601
3280
791
2250
98
1892
219
110
2595
374
4083
553
125
260
354
2758
1283
74
3
758
1767
1957
747
14
53
36
703
1292
491
761
79
1465
3997
2947
829
1224
3817
741
61
685
938
1249
250
4774
256
4
676
125
2134
305
473
598
662
2515
1030
1815
404
972
1888
137
213
156
687
5397
247
967
1742
574
720
406
21
530
1019
1900
770
5
1075
555
5258
5
1913
132
4404
546
90
3067
43
880
32
374
42
2452
917
2419
797
2398
1
519
594
295
110
892
688
1371
55
13
7796
1605
151
590
398
5113
1964
272
192
46
314
1227
508
429
361
1678
17
313
28
1541
1315
528
50
3098
688
137
1923
83
2625
405
119
65
80
4092
8191
54
42
588
220
2363
83
957
1066
3411
2582
4319
4922
390
1477
2565
2087
398
256
333
298
89
71
1437
870
499
4011
600
660
758
276
3693
284
334
3414
588
625
325
59
1685
338
2925
362
98
61
395
443
892
1362
105
117
559
500
306
67
2432
291
1227
4175
6012
161
184
1335
187
3013
404
103
176
542
1003
1
58
2951
659
5
4538
3733
230
87
834
5
37
665
1233
599
2004
124
546
839
3813
1159
3231
1565
1277
3804
746
628
58
771
1489
145
1537
812
306
130
117
5366
1569
1248
3189
153
1990
403
1480
3402
304
44
58
3024
827
613
1890
1653
655
531
8
162
452
122
666
311
504
1102
41
813
388
36
676
129
1343
411
1044
827
1172
1584
421
2174
387
4538
365
170
541
872
514
510
1695
37
62
239
30
349
311
1223
917
4862
342
1880
920
19
1754
1081
157
2233
215
307
786
606
2164
990
750
1552
257
1976
707
57
286
231
2491
393
475
1252
1
2159
221
503
1274
2486
2497
302
63
858
128
172
1559
447
586
1260
2217
1090
57
1233
553
4052
341
9
442
4354
1020
255
21
412
6173
1282
258
1267
2657
2462
95
339
1358
992
6
737
120
1188
2940
168
320
182
3833
69
1126
457
242
1590
1195
143
207
2265
889
1300
439
79
2271
2819
1527
2238
2625
230
1021
380
958
1187
362
1045
1624
4183
4634
180
1531
418
174
321
388
793
20
491
376
261
141
543
411
1722
238
6360
637
326
63
25
337
747
327
600
118
4094
51
3859
374
309
681
379
182
945
738
28
859
2623
505
29
4578
559
207
878
2103
1558
184
1622
3132
174
164
1454
691
144
1078
1037
348
196
941
223
1273
2125
282
5021
1295
401
16
1356
154
1560
96
1733
4959
92
5470
1081
297
398
45
1012
2359
2490
559
258
1368
572
15
461
374
774
158
304
874
322
214
679
24
33
2071
2013
854
248
31
810
357
1721
233
435
1048
233
2670
122
1211
4986
972
551
2327
475
233
2565
125
741
5205
2601
130
1621
3357
517
69
2473
78
4110
262
2630
47
2017
295
20
195
1592
711
1423
1010
271
137
1578
345
240
876
9
85
831
3737
3348
3857
65
95
24
1293
309
4
1358
984
1204
4
1657
291
163
276
1145
223
160
2703
164
47
92
236
3024
1514
3636
2500
2632
194
13
671
31
1
118
629
186
725
1837
58
242
1685
142
300
1450
698
1229
1134
100
241
2344
1498
131
82
522
3462
167
613
1994
1703
1598
63
941
1959
2872
1767
50
399
1071
1108
877
51
2033
982
2990
1130
253
90
1338
2000
382
2788
587
7065
2048
194
571
75
1409
562
1044
646
603
3750
1282
661
615
677
355
43
454
1963
5734
25
136
2028
1055
158
1103
2223
6
18
1062
1561
1154
1036
146
5706
1058
30
848
458
1411
185
1424
632
75
454
1337
1753
939
837
1775
942
826
566
1243
269
48
856
284
1290
7500
112
925
1790
997
403
1211
1469
1286
105
343
1600
107
530
1744
49
3578
225
302
2527
252
1318
65
65
2141
7
78
1591
9
1630
1123
1394
37
2874
1161
68
750
693
0
568
384
1307
2588
951
531
205
150
6116
942
301
523
1255
1373
296
61
1792
82
14
342
428
318
338
461
2987
523
653
281
2119
655
9
201
1342
1710
2291
1535
396
24
3519
1483
2242
65
195
585
2809
3071
160
1945
559
224
606
1030
2734
5632
300
3196
127
988
17
695
108
180
2195
89
653
14
293
1577
518
72
1072
200
153
425
378
464
581
574
428
2668
1596
666
1368
71
195
435
419
712
547
870
273
90
409
11
2566
615
12
43
4963
505
193
116
2587
2078
62
63
863
331
467
976
1261
1717
151
86
441
1124
37
4185
5306
475
2036
0
110
499
19
682
3021
4315
232
265
4132
2
2311
823
31
2340
698
3274
273
2857
1232
141
276
26
2293
335
1211
601
623
37
1032
138
1296
461
1931
46
1309
2591
292
423
81
3111
61
136
7674
1919
1697
80
577
5243
1262
729
2524
1149
1382
135
536
4338
1692
1191
17
331
507
1421
327
128
224
158
275
1891
1340
1729
493
641
934
1631
2063
139
109
3866
2616
925
2021
57
3744
2261
279
87
4028
20
612
75
129
25
1370
1777
2647
2254
899
708
678
676
67
651
3818
545
285
367
1853
1492
99
1203
1234
2083
878
589
566
254
1494
5447
868
101
283
733
717
38
34
1163
4417
162
2
561
511
79
4115
202
57
864
4581
1980
699
26
29
1521
1234
180
1279
2074
12
550
812
949
682
1797
119
329
163
63
766
9
28
3513
30
75
627
401
1302
271
847
1458
120
200
852
2472
3176
5529
430
109
158
572
661
572
1384
523
2633
526
258
188
639
573
301
1837
550
550
503
1520
1052
370
2967
92
1689
1876
4658
693
92
2163
980
5655
23
755
778
36
1332
291
167
782
330
3144
535
250
3580
557
1290
1474
654
357
997
1345
709
756
58
3185
227
171
130
1677
63
114
450
712
3063
2008
799
1123
446
1044
18
551
932
542
56
344
845
3674
2018
632
577
1335
2195
710
1101
520
550
447
373
351
20
1121
180
495
474
185
147
4395
3853
74
820
1520
183
1002
161
825
1255
819
1123
748
51
2
22
2608
1844
2232
223
1827
2813
2878
173
1690
1984
1723
815
701
500
98
1674
902
4
361
855
1235
641
262
1259
278
1860
126
1066
308
4216
535
3549
4687
2455
55
161
48
4110
203
719
20
160
86
6836
1453
3094
358
750
515
777
61
2070
124
190
1250
1496
693
1374
829
1896
317
467
1977
1484
264
428
405
93
2405
1546
1192
234
1785
209
1103
3879
1286
1307
982
821
79
14
3594
950
1002
2722
2411
4451
582
19
1168
1402
5011
3071
624
1835
67
1120
1675
714
2850
12
26
1093
2071
368
556
1523
145
141
5
36
572
3518
50
1718
1061
200
322
59
704
1824
450
196
1142
2575
405
2455
72
275
127
1579
80
189
1966
13
651
6184
3101
3328
2155
1797
3223
3223
2391
1187
3668
604
184
2
512
21
848
156
259
1288
882
2106
181
557
626
83
3000
635
1491
191
48
106
1188
792
2597
705
1783
371
523
2371
1898
542
2090
1252
1919
307
147
27
564
2429
855
2092
2719
2548
3855
32
308
211
1927
4177
323
2608
4992
1732
3215
16
5959
507
400
439
3416
889
68
41
312
420
851
1392
483
270
469
325
284
384
2374
1896
1123
4393
232
108
3
550
827
254
447
91
1413
133
141
476
7104
1858
2443
27
278
99
865
1202
3400
34
5
2110
346
1611
988
2443
548
2364
77
3542
281
33
49
4601
272
3806
551
2250
553
537
1225
4568
1511
3355
299
1027
69
2745
802
2471
575
1186
832
4003
583
1129
1407
8
2524
282
978
83
659
2978
352
750
251
199
6353
1815
1363
1272
728
3828
3118
63
48
222
895
2166
236
1352
2112
35
3068
2420
2963
798
1196
3603
326
50
6602
92
817
1340
265
242
4788
35
475
669
1836
1332
322
1676
43
2035
86
1121
75
1315
350
931
4068
244
116
2019
630
3191
205
272
616
53
826
58
2973
2963
633
2225
0
69
36
235
517
133
414
911
1994
345
62
2920
343
165
203
396
612
551
1354
1391
23
1182
872
289
1381
17
1631
234
1039
536
3057
1073
367
233
639
5828
311
4265
1230
1369
41
5414
18
1
115
297
2417
208
3213
2253
5019
2414
1931
1148
498
2713
3220
1334
45
84
205
4811
1613
749
263
1096
399
208
22
1840
806
1449
1744
1256
3994
47
672
330
657
152
180
1288
18
594
385
174
3510
3189
222
119
122
2713
269
775
418
661
82
4140
415
276
47
128
1978
3371
1544
274
419
126
1657
549
242
781
92
1077
145
134
208
1271
814
1695
866
138
358
72
2088
168
783
854
1119
109
94
585
3611
133
613
689
1338
81
544
80
4041
3352
1862
204
115
601
1731
57
629
733
522
317
29
5756
215
1636
440
263
517
116
1148
275
2196
942
311
149
1587
3
2723
628
5868
1625
296
3
1395
447
2453
1627
1469
651
223
1711
72
381
533
3399
1165
129
2672
36
682
226
1028
5926
460
1126
2605
1568
220
371
450
595
544
620
1216
318
3028
5525
2746
3079
134
53
3
5578
133
170
71
773
4205
567
979
1320
206
210
55
982
900
127
81
945
999
537
556
1553
312
309
2569
1279
2547
16
436
75
968
108
926
676
3425
21
290
373
47
989
343
19
15
103
3372
1134
531
144
9
5954
268
1231
178
237
2028
47
1029
4
3924
1961
198
330
724
3200
154
3405
931
2327
1897
998
462
149
274
1591
92
269
643
326
1062
48
855
3268
1720
1477
472
813
17
686
263
46
5201
3425
1662
572
284
2218
555
3283
2630
43
1205
1064
2452
370
522
956
15
957
1176
348
504
209
53
1027
325
904
368
412
626
828
824
473
1158
513
2086
657
1542
1560
1991
259
5
240
223
654
573
883
2433
4373
155
1514
221
307
42
2069
183
0
1263
232
1301
165
1096
66
164
5242
3970
1558
57
2691
822
128
1318
698
1923
194
997
310
79
536
2664
77
175
2160
1380
3
323
671
1339
14
386
14
243
232
3327
2157
902
772
256
5734
184
846
693
248
138
693
4047
1354
1785
204
121
150
1580
3748
691
4322
60
806
631
1808
5142
1802
394
91
1658
3466
1805
16
67
2140
106
854
818
104
832
74
2203
332
1091
501
3518
107
673
134
386
504
1495
1789
191
2673
3896
2800
4291
42
4944
5872
264
621
1532
2
595
3692
154
645
1472
531
6
190
195
3928
1613
814
1708
178
2359
1016
715
1609
2911
437
2977
2210
102
158
1073
313
1178
103
111
572
398
5988
109
1817
9
678
40
4534
436
214
38
314
623
1261
131
323
24
36
648
2050
655
369
1931
2403
4507
566
3212
2862
553
663
81
31
2782
1116
2905
38
1202
1685
980
615
2048
7
714
22
104
1492
658
463
866
1261
1380
1831
379
516
1960
307
992
388
264
897
114
294
77
1382
249
3740
4142
391
254
476
598
1692
2186
18
3105
136
274
209
530
59
119
198
4295
797
3995
180
870
231
898
36
1013
1909
235
1023
401
1965
95
161
193
850
2032
2291
396
1459
723
177
1048
2755
700
1456
191
797
1038
431
130
79
46
298
401
1373
1293
143
410
1820
439
484
1431
2026
3100
1939
128
503
871
1081
1521
353
256
886
2474
547
1711
615
473
87
2029
1409
4135
136
1476
205
305
179
2820
404
3955
743
2810
2790
488
2153
671
142
1507
1393
1134
273
1796
3578
34
2835
2541
2460
1173
255
2585
155
2488
15
5596
138
319
108
931
846
744
1772
293
187
2318
60
681
2032
1906
841
73
515
34
410
198
1319
396
277
1012
3577
953
218
3007
444
1370
556
509
2494
932
764
903
1551
587
318
2966
3283
5269
1148
86
640
2384
2841
392
309
143
508
1115
1560
2154
701
1474
5161
218
1965
1623
259
4352
2170
696
89
682
82
1161
107
323
117
213
117
20
2018
1122
2145
3911
2569
886
63
2417
2203
2331
354
2354
367
460
2062
147
46
3441
45
3758
2006
1206
2035
1192
277
907
127
268
4113
62
3644
488
2672
935
1075
145
1903
105
10
2019
906
1256
5602
50
724
454
2168
442
196
248
904
311
645
6
1833
901
871
222
5093
293
14
581
170
1501
1904
4000
107
1529
5485
5288
321
1391
71
211
14
347
1682
204
125
393
42
814
403
2985
1329
1271
550
10
147
526
747
185
5027
1328
18
212
1157
1509
502
2065
2519
203
1929
2777
1449
30
1984
840
1221
895
1827
962
1995
1264
24
167
1228
457
1425
2
474
235
441
2990
1010
3655
3421
2065
2001
2033
532
1107
142
45
3154
130
207
1551
1116
2
1228
189
655
1129
1107
1977
88
2551
191
2314
543
1889
966
716
224
6382
5907
261
372
1107
591
3722
4111
3409
2993
5
319
1773
1520
3697
174
3021
1809
732
1883
224
306
533
3008
2012
290
1661
1013
358
2746
99
3930
518
550
793
56
175
205
64
2069
1601
128
2266
1705
2034
1459
2288
1906
4626
629
694
373
785
170
1069
7192
2283
671
2150
251
663
90
40
117
499
1651
1682
1242
976
766
129
136
1186
1577
279
1665
357
1425
150
420
789
182
244
1804
446
2
92
1845
218
3406
267
1786
384
333
3729
1584
4262
661
3416
150
128
3916
17
1449
311
250
73
2313
3405
54
1910
4353
2754
3248
115
2475
170
658
15
370
3286
1250
862
82
544
2256
2267
1385
1468
747
40
572
2086
2189
4443
2170
2643
686
656
684
1141
235
214
258
336
89
49
1850
893
765
211
69
3328
132
317
2323
2563
842
931
69
711
966
536
579
226
2303
100
48
1543
1097
809
52
5118
98
24
4163
154
1390
99
239
2625
328
4018
484
451
1271
1606
570
400
1031
2956
224
819
2798
331
3060
2858
2972
450
76
240
69
374
566
2842
1510
4335
4695
457
277
1075
234
2083
762
336
416
2438
2647
4657
312
3308
1053
293
857
125
15
1353
368
1076
1525
594
1377
117
1449
671
2289
900
3448
1328
95
614
442
58
1336
2416
5925
2762
686
407
254
161
105
2373
1466
34
1596
363
129
2170
97
11
28
1238
188
181
415
309
1428
1073
1929
2172
1956
62
495
235
34
1136
2935
143
6087
1561
2218
914
42
398
299
198
2897
1262
932
829
298
262
1645
2372
1128
236
761
327
135
373
433
1363
1092
868
1427
462
15
1035
475
3147
999
585
37
770
29
1117
1684
203
123
1157
261
2015
150
5918
1857
240
809
484
1744
538
479
756
8
2093
648
271
3426
2310
181
1269
89
1703
1140
1293
2859
139
301
3681
2312
78
413
225
65
2199
6713
10
251
2299
305
9
907
184
665
700
200
575
1849
826
182
1004
0
108
243
190
845
56
558
3977
343
652
1729
112
396
2179
335
161
1810
271
145
217
590
110
359
266
144
3623
673
1771
279
175
114
1192
73
317
1330
3149
817
45
804
3259
2530
59
913
68
226
29
807
105
27
860
30
1825
1526
1892
512
131
377
41
159
1865
1145
76
4033
973
73
4829
432
10
305
2216
328
43
267
5108
3175
1852
862
119
113
113
3286
8
202
687
1295
103
290
5246
285
666
16
428
1905
13
2722
354
56
377
713
35
1735
100
891
1274
1921
5
212
549
632
1168
266
726
1641
407
26
173
176
1282
3648
39
1188
29
5590
129
121
335
52
6798
1564
1684
3055
673
586
2523
159
1290
1631
1140
2552
118
9
2299
106
4935
371
110
1551
20
141
1192
428
503
1017
2086
2994
550
645
714
2535
78
51
217
26
1426
4637
3599
38
1662
115
216
157
1097
1160
528
3130
4254
1541
1
907
462
86
4271
2670
280
1444
182
3614
181
242
329
4
650
860
359
526
2813
133
106
241
1864
1518
31
2627
56
152
583
42
3565
72
1748
29
514
3435
14
198
417
1084
260
881
165
402
209
526
147
1268
28
7
3559
3307
1494
265
61
1148
539
508
88
3926
64
11
756
1766
743
1537
282
5517
2383
5
1518
2018
798
104
7995
22
1426
58
1113
348
220
595
24
507
459
1926
1159
1930
2102
642
409
5590
4687
197
47
4
304
817
316
695
806
403
155
791
4532
188
483
789
828
1687
2978
993
1967
350
13
1541
263
32
3358
555
1171
114
548
1579
3519
806
2492
1062
69
1083
499
271
1076
1315
399
2507
1139
3022
453
942
878
504
747
434
131
1462
196
471
1442
2568
37
132
268
384
1581
1686
47
810
41
904
457
341
1488
88
694
833
2037
33
2553
1734
198
2264
1299
2669
1
1213
2
5936
179
324
214
203
403
433
1558
832
2529
262
1585
196
2146
1056
34
5000
538
800
2910
454
1140
13
934
3436
1480
4
513
1389
838
135
377
373
657
227
144
1352
936
1148
406
1000
880
1592
250
49
1562
3661
1083
1334
1074
2680
1030
3533
298
288
307
155
351
144
1712
89
401
457
62
1766
1396
297
191
620
59
444
2433
714
55
128
279
15
4872
830
4
1034
2863
1371
309
570
995
4638
30
2182
1081
920
452
64
2569
1536
27
1530
280
431
56
194
1371
634
455
529
44
2310
1267
26
48
161
699
322
447
191
2990
5678
64
1867
3372
425
2034
199
2057
1204
251
314
1697
2008
736
628
340
662
3312
3649
299
26
394
12
2062
74
315
3742
4127
1517
542
4693
1264
408
323
2681
522
808
884
1641
557
3430
559
159
302
1286
314
444
524
613
2472
612
48
960
1661
122
1953
2822
728
1195
4019
93
867
2485
168
553
38
204
2413
4143
193
118
154
724
712
67
568
626
52
194
10
751
164
233
534
2050
176
119
907
2673
268
3556
1614
34
74
246
48
1351
71
756
962
152
230
439
506
10
106
154
8
183
5376
2314
1952
4337
1150
1015
154
3524
375
1187
491
966
101
1873
335
4162
230
339
467
80
2140
307
1401
290
1498
533
919
1806
1260
899
5368
1382
40
705
291
521
2407
121
461
2863
623
3497
13
313
17
2729
771
938
155
4865
501
1868
628
1910
891
271
40
127
1668
725
1992
1078
6865
242
2285
12
783
5209
597
1138
7
802
455
384
2711
601
1561
315
3084
1010
135
6615
565
1142
645
3755
150
4789
1134
8
1206
130
1493
2622
2940
385
155
32
1647
1922
682
293
6639
5582
1427
305
415
111
3700
53
572
1805
1273
112
1108
583
1612
3823
457
2908
768
321
163
1864
60
6039
804
28
1779
3138
1638
1978
302
5
694
4
1479
1278
1370
57
195
26
144
811
561
367
3619
160
33
1676
56
526
1356
478
915
10
1373
1549
166
4194
88
4
158
206
26
425
1260
18
548
1936
396
498
4795
402
339
107
29
382
222
288
3
77
132
50
486
3704
462
1546
889
1294
1736
1409
174
418
218
471
575
3660
5
79
4146
707
2941
293
71
2144
398
87
81
265
3375
180
954
186
560
1252
514
2768
1130
2410
2513
721
123
1015
1332
202
1038
731
1416
1124
566
1508
646
296
3094
4954
63
1783
1073
734
1411
100
419
209
1601
1199
174
3053
820
1988
988
1246
693
2352
275
0
125
1472
291
201
46
648
49
902
950
236
5235
68
414
139
1250
186
4274
707
88
687
5154
906
919
11
48
279
432
1131
508
978
264
136
677
195
665
111
2999
1275
395
1523
404
847
2782
485
1575
922
273
424
3
723
136
1048
659
79
543
673
1335
3571
101
1
536
549
2423
888
616
122
1713
3551
47
647
444
403
1441
14
1336
74
1538
232
308
239
1444
1186
30
627
489
127
1819
2803
176
145
809
1945
353
553
1703
1080
1264
1956
17
782
352
1293
27
1846
1667
127
855
1110
835
660
170
186
83
2851
1710
364
171
412
140
90
1581
1535
156
58
899
303
3003
323
3590
5322
76
5182
1379
1510
860
480
632
1601
65
3803
358
2993
1640
92
1318
954
1057
133
2511
801
221
3563
859
1941
225
76
168
2469
357
235
100
2616
43
1482
1204
239
495
1797
907
484
409
162
984
164
694
2095
1290
2142
87
49
731
1155
25
3636
58
139
96
2911
563
293
485
756
3201
429
2102
94
1115
153
90
2495
3466
99
1375
1039
3025
2536
785
884
59
256
94
149
3385
301
226
512
1953
65
491
1722
1010
1625
972
426
1552
157
317
2158
477
839
600
117
84
643
761
593
2014
490
109
1530
4641
50
360
186
3238
448
1444
2253
92
288
600
686
1397
801
243
647
19
1290
131
397
307
2744
494
1348
232
39
5695
777
724
1968
1003
64
204
391
173
1367
976
22
4055
806
4
881
773
469
214
486
675
2720
2918
28
319
20
1162
280
2
57
1266
3765
837
131
340
37
319
821
550
252
3481
810
553
1563
67
19
646
445
3325
3404
2750
1132
447
1367
422
1852
56
332
1396
77
30
658
327
1303
2084
1783
960
1357
13
19
169
760
316
1102
4461
2694
356
1235
2324
651
114
1821
1245
378
1920
308
265
3
2303
540
1397
757
3044
158
64
44
1282
1422
1934
1371
6661
2377
442
859
1032
1071
102
2814
846
1807
569
1088
410
466
2587
266
42
1654
918
763
3784
757
943
339
2963
562
633
1814
659
1780
3555
1850
1561
1781
593
1528
248
1036
35
121
180
3981
665
3098
303
1750
344
972
35
788
298
1464
388
1889
3257
951
1935
1872
3029
369
23
1257
33
2986
123
1700
580
24
221
297
91
605
1664
21
2156
3171
578
411
5372
2114
296
718
12
1116
3154
140
856
385
3
73
331
3236
782
2200
8745
1303
0
3599
1023
275
702
163
1751
4
128
440
1280
2796
863
252
459
1727
219
65
994
1681
308
4892
2804
428
1879
3431
38
839
14
538
810
1216
319
229
17
1194
1688
2071
1476
41
116
298
542
1063
315
880
106
1686
257
422
35
2264
466
787
351
2351
716
27
451
68
23
291
2575
1308
4
156
4299
33
2034
6226
262
267
1536
160
1569
5064
533
529
899
684
456
3424
720
1213
365
802
646
1899
1193
1325
906
401
3154
1165
869
408
3891
2934
946
1479
372
469
202
2046
3053
192
1161
752
73
1793
33
4022
1866
58
361
1613
24
6
475
392
3100
885
1245
162
584
93
417
9
1493
3583
25
663
128
234
1058
1523
1184
1902
310
329
1021
1910
3221
3116
1376
726
65
4569
2307
137
1546
1718
18
81
2311
94
2480
772
258
150
5
619
91
3900
1075
135
231
183
379
621
11
2102
989
1674
344
929
562
5
70
3317
4156
489
1221
717
1145
335
953
1749
437
1717
120
1429
296
2731
348
643
180
461
3187
1151
17
42
6891
122
1266
1221
573
327
29
578
874
2103
817
487
98
219
1136
2241
195
63
2096
1226
16
923
377
1278
125
498
294
322
38
2482
254
2424
832
20
249
630
31
1143
502
271
149
267
426
203
4414
549
2653
941
349
1024
465
244
282
334
120
1514
486
95
2323
4342
908
2474
188
2298
534
712
159
58
257
2
329
20
1407
1646
3
352
554
240
16
217
502
346
9
1360
2
3102
218
1381
6060
1784
1504
186
795
17
1129
220
47
1391
1908
78
2572
72
1422
680
1626
1004
3206
259
3644
234
56
2804
1526
2
1096
306
57
60
187
2099
148
812
2986
695
4470
592
862
347
492
824
389
221
290
3207
66
272
295
296
1876
254
4911
64
1455
240
119
729
5420
1155
1303
1146
300
1015
1966
606
60
1180
203
1370
223
59
1834
976
268
1134
1835
246
4272
2284
1152
3154
282
1150
57
2438
2478
363
88
166
81
436
459
217
1864
2763
1051
759
1177
981
3571
970
2747
286
536
148
955
66
221
228
494
5107
2427
526
534
236
1159
192
1020
289
140
2696
187
4104
203
199
151
260
1466
437
232
55
44
253
976
3914
618
212
2882
2567
581
2010
51
691
58
11
103
301
1088
451
174
197
612
232
52
1209
203
2608
7
597
815
1169
329
946
1434
1214
25
1073
784
423
3314
1688
140
439
228
1169
9
678
13
50
51
1135
19
1524
769
207
2729
1623
140
1900
225
47
4508
3778
1495
761
130
143
1284
114
1788
15
4200
680
286
335
137
3250
5801
1653
325
285
1149
773
1347
179
268
10
4812
2851
523
1793
96
920
116
289
198
1675
36
1475
3850
40
33
2036
478
232
60
25
343
120
1442
71
23
60
961
178
989
383
608
11
11
283
261
59
163
647
1797
2201
544
2601
1266
950
3944
298
1362
984
2
1033
171
3476
187
1065
305
1055
832
2144
1216
1538
5281
125
214
571
2878
1804
99
4523
53
509
2472
510
3183
235
8
712
135
1117
146
1614
1079
2512
307
214
856
536
1352
60
2042
2042
311
1144
815
42
4817
407
1718
3076
1282
1381
2099
1433
1110
107
1375
1202
3018
20
992
7022
843
2918
1674
42
2816
276
148
843
3263
742
1087
605
230
516
2862
1689
1603
44
1546
148
1640
1570
178
182
1870
177
9
258
24
467
2093
132
2
265
2409
236
3499
127
162
3963
981
1375
656
1712
1939
636
2195
2567
975
2366
514
3267
882
1529
882
944
194
114
123
847
2992
698
2633
788
120
4940
2226
1945
1249
176
2370
394
1453
392
2333
283
435
838
957
1
2095
203
509
1875
677
24
755
783
3926
252
370
854
3407
3063
282
633
867
70
1039
1983
818
1467
111
1201
649
4491
462
27
1767
178
2526
878
3141
697
2698
3360
1049
747
204
1070
921
51
484
284
480
152
436
266
4402
1288
556
151
23
1182
284
46
107
839
93
716
219
221
876
89
64
537
853
3131
4598
43
24
805
234
3050
26
2466
102
111
1371
1154
426
894
797
355
1367
116
802
801
364
218
34
18
125
1268
263
347
1100
3890
881
1
105
906
2212
1724
178
322
582
22
79
140
554
429
3219
1480
1382
1089
880
2871
338
507
2229
114
1069
3069
124
33
3272
302
97
23
227
1303
2888
2457
45
24
1037
1357
1485
1233
37
3665
425
2962
591
889
2143
298
4228
353
182
5815
964
142
1583
309
273
962
248
307
5813
56
158
618
156
165
446
1519
1274
2708
13
181
848
749
961
316
16
1447
572
181
123
1338
2564
286
815
1412
4786
2189
198
2048
1529
6134
312
2505
1156
171
293
11
458
1012
1340
22
1449
117
840
300
17
1956
2607
4130
2173
154
432
996
28
731
66
381
4318
1389
780
136
1889
2
2366
37
321
1406
943
121
312
122
702
45
1811
925
4268
1152
103
1273
3750
1684
393
34
155
1097
4743
2869
383
16
1368
667
1238
3076
352
0
10
195
230
2829
1545
860
1796
5297
10
62
2481
5884
338
2907
515
3560
938
1825
1493
2200
18
349
720
586
408
665
2748
1854
1319
563
855
3797
592
1616
1679
478
2262
733
1412
622
1280
618
1351
533
577
203
1629
34
545
249
4559
1054
2509
368
396
2081
125
303
522
286
64
433
902
164
1793
346
429
1443
1672
3639
1558
259
1552
167
1650
335
876
2383
1445
5
20
2
1709
3911
1516
128
3345
698
152
120
2314
54
460
1872
777
1417
0
620
5333
225
212
1683
5379
39
54
150
253
7
83
3
696
1018
1874
584
1188
329
3648
2324
943
670
2803
186
167
4938
2034
1990
188
1954
874
15
197
3773
367
798
797
795
248
420
326
157
1260
1313
541
82
1280
231
1599
2212
1027
6140
1341
207
3402
1144
1579
300
464
1282
3728
365
2549
54
2455
107
575
1482
359
345
507
351
48
981
1260
462
156
832
62
659
740
1025
1394
1991
1337
5
53
233
487
2832
1350
594
321
470
748
998
67
41
2412
1384
1054
711
324
139
499
295
158
1776
598
98
313
1337
740
569
1393
1394
27
1082
109
4944
843
301
2221
1525
6022
136
363
5706
34
782
1453
80
30
3651
401
843
1750
1763
1563
989
155
3850
352
251
34
5695
2497
784
765
250
324
774
837
253
2122
373
164
1770
1391
522
483
854
2393
243
450
3176
903
827
1344
60
77
187
0
1802
1964
1557
327
2320
3307
4827
29
41
17
178
1324
537
891
265
501
758
883
191
790
4340
325
3204
276
476
1883
427
1118
1056
3521
397
1535
3583
1380
246
1123
137
3858
696
368
486
67
980
347
1351
1466
22
1402
2487
5578
2788
30
7
36
685
55
1366
2258
744
159
1008
4
2347
688
967
759
366
1150
300
1070
1649
437
24
1451
150
222
543
2432
2601
595
1241
3476
1507
459
608
383
630
307
287
3054
1286
172
2677
264
178
513
33
47
132
179
3255
631
2004
460
2253
1797
1752
0
2048
2128
2964
755
78
549
73
121
58
3979
1509
1062
237
62
364
813
138
2419
4399
4008
229
574
542
2975
2029
1290
422
221
1611
2317
784
99
1407
149
993
409
526
3253
3720
2035
130
29
330
716
1600
304
696
462
3910
1603
4272
348
970
639
93
1796
226
304
73
56
685
2291
912
237
4092
612
852
2124
463
1556
156
43
60
274
709
1448
1239
418
1000
4932
3520
403
1374
190
1342
663
1022
696
553
41
170
276
632
1386
542
1072
3219
6
803
217
1924
36
3077
584
599
10
3835
1977
497
542
32
1556
1860
289
142
437
952
434
0
202
608
2804
2120
384
1669
782
134
286
3665
43
26
149
36
1495
1286
26
268
930
213
3030
1093
2120
3718
670
450
1661
95
1994
3974
1287
355
1806
117
1178
138
976
4061
3315
1473
194
934
1491
1351
782
56
2209
238
151
490
414
19
1140
454
1345
52
186
1137
502
3
1329
914
780
2818
514
1412
5943
2149
787
2523
1170
58
598
597
257
124
427
367
2539
270
99
777
176
26
1149
1082
695
1632
462
4365
765
61
1862
468
761
356
773
1845
228
399
5545
2910
427
1207
445
229
899
3370
305
199
709
13
377
1639
1777
1371
823
1236
39
627
1969
176
511
69
27
307
3975
1040
120
252
582
547
1359
554
24
2530
49
499
1005
2755
80
3537
200
286
2706
3079
2866
1190
39
315
5571
452
1
220
614
2
94
1881
269
55
313
614
877
22
272
63
391
1208
194
378
845
1490
1312
275
178
83
28
235
848
257
1238
1174
3526
359
1598
1601
2182
4298
112
2424
8
2541
3572
1055
1280
50
929
243
467
559
25
1369
866
339
307
2169
2668
3364
472
116
3973
207
118
273
87
1333
905
916
4884
388
457
1200
26
569
1558
2777
296
904
45
103
4438
136
242
52
13
39
1357
64
546
2177
2847
97
152
728
382
528
197
432
2544
1770
844
3001
286
63
1
1664
1371
549
66
624
59
519
1829
363
494
1654
563
202
2375
370
5723
8
313
167
173
141
2251
319
4578
1519
524
3109
2771
268
3838
645
55
349
276
148
6686
890
545
185
1064
129
355
876
1415
1138
813
1272
3538
323
744
1053
283
14
232
2949
2995
2006
17
486
526
46
163
889
933
169
2670
1820
1333
934
454
133
556
13
785
1
157
475
1025
3402
1982
705
2891
4761
66
2407
416
3283
410
456
120
1199
2613
552
3386
257
174
3354
2365
5452
398
72
14
40
594
180
5
309
101
245
1770
7
488
1183
0
229
937
1481
627
459
108
576
859
983
163
133
1147
2203
203
88
302
687
4
6
183
2234
268
754
97
625
988
765
7
1302
2788
2278
32
2105
301
98
1077
613
254
139
303
311
1362
1381
732
1276
93
1674
535
31
288
1205
1044
642
326
3857
717
1263
419
2214
328
407
1435
780
485
101
63
373
3295
102
5
157
17
276
411
3213
1358
862
164
507
1555
172
4899
1111
5430
924
23
929
4187
110
374
60
645
22
606
1163
502
140
1048
5083
2511
4445
6208
4
741
430
354
365
1728
8
873
579
901
425
121
3573
2430
547
1251
222
289
646
384
396
159
228
108
127
257
1105
725
2692
161
1505
911
1047
1
81
518
3750
2366
1521
737
2727
946
175
22
27
91
1801
176
2248
1208
931
247
1815
1720
927
201
125
1285
5032
1459
1151
10
29
26
11
1322
441
1677
722
1181
2604
716
311
60
3602
937
1518
755
1314
1539
8003
60
79
2631
534
77
2244
498
44
1888
959
278
68
121
197
72
1055
367
2286
2128
1817
1596
95
1861
29
136
2432
208
3957
50
2757
62
5987
64
2077
965
455
554
2184
2164
142
8
4436
6769
3638
112
154
601
2409
42
647
170
726
1717
4189
885
46
888
69
1194
1442
2915
2954
4582
3474
288
1153
3033
1138
3397
71
556
3817
2346
2287
3498
122
433
619
1044
211
674
41
982
892
2327
3992
658
189
80
190
457
1943
