3549
1816
639
434
357
1806
236
174
97
129
2471
10
1910
18
85
689
1136
602
1585
2043
26
637
1645
2377
1548
2436
1421
548
151
282
5441
532
1262
363
803
1077
129
1139
1662
4272
2084
2596
2351
294
1523
3381
341
6087
2871
1716
0
1196
1367
9
562
294
886
1
544
146
21
1064
1996
1844
100
7163
2645
252
4352
44
52
1194
692
1768
812
1286
2394
3319
2036
98
1179
324
1690
4115
318
1045
756
12
1311
34
142
785
72
725
313
3042
869
3132
580
1461
3452
2584
1222
348
2800
869
274
1475
177
2400
3895
89
199
311
673
186
1234
1
544
622
8
351
56
641
163
1947
1141
1491
341
1162
22
118
2615
2656
77
13
242
933
1201
187
139
531
121
698
1927
1309
1816
3418
647
647
1408
505
675
149
255
28
1077
15
49
630
1665
1221
1795
915
3357
1609
607
2894
1639
2232
1415
78
52
863
230
232
2211
347
85
1505
533
239
1131
14
146
950
716
443
917
1232
62
345
226
2697
557
20
501
35
321
1809
454
184
3415
231
532
1056
3
38
850
575
1135
128
922
704
203
464
959
4021
698
3410
1486
1025
412
507
1164
1550
1169
890
542
161
504
1209
966
746
70
38
2240
289
2182
1791
1896
192
450
2
2909
368
5705
593
518
89
429
835
1961
1545
956
1402
161
1256
274
359
660
514
585
112
732
1638
888
3241
77
248
206
1214
60
141
1114
297
437
1554
4045
678
297
949
1307
325
3283
221
688
875
656
103
2597
49
1240
655
4804
82
2629
9
1597
5799
5329
1548
87
1967
214
1532
892
3014
519
1863
2351
247
45
356
1805
203
24
2161
350
151
3
18
0
878
1918
1117
6
10
1153
409
1335
1036
15
1052
1100
2782
1964
0
3335
46
100
4850
1039
2384
413
474
1261
1294
445
1229
19
406
779
141
1130
541
1661
2307
55
121
280
5455
1171
739
365
2406
369
1757
1291
922
5367
1027
1772
3142
2562
2463
1785
522
420
1518
334
1284
911
464
34
1715
838
483
960
2410
31
3476
989
2298
153
258
17
1714
1896
831
166
264
4
365
511
2965
435
169
613
1648
3019
1426
27
216
1216
2061
3148
154
2214
734
688
109
4503
1161
4879
67
1612
3770
1984
252
3280
972
769
3010
672
307
1024
430
1574
633
365
949
313
471
1071
2200
232
296
1575
1796
2742
2436
694
571
924
526
4326
1064
600
666
671
142
396
2694
1460
395
352
7420
511
303
1020
1
82
1476
124
4153
439
1297
886
393
201
7
3240
728
1117
1405
371
639
99
14
1302
538
1177
239
446
2755
4
540
724
118
235
1211
29
457
596
2715
252
1643
45
1200
275
2153
433
366
1131
472
6910
3
275
846
668
66
4192
132
52
1478
552
555
975
187
678
13
3103
7866
1543
2246
4670
33
2535
157
3023
883
739
394
427
4441
60
2489
2730
1180
182
1880
250
1280
1220
2783
41
8156
101
28
1055
573
677
1907
740
1187
25
164
25
1233
370
52
38
205
359
103
741
431
1243
206
488
155
656
782
291
144
676
2731
146
1739
2824
142
601
1153
3714
22
1102
2466
279
2451
546
1312
3431
938
239
778
429
266
557
2153
927
3813
809
363
1462
799
631
1474
1937
1480
661
123
671
11
362
1513
1953
11
679
689
250
1322
1359
98
1937
224
232
2113
58
747
2094
6775
1033
1597
1287
129
1558
277
619
274
93
1336
178
129
2298
25
521
246
477
122
52
501
27
3529
61
176
466
813
135
2757
645
345
783
2103
52
917
1893
1118
851
161
1200
741
381
334
39
1328
564
41
193
292
389
121
1771
314
526
2855
41
58
199
78
1563
18
451
835
410
460
1607
3182
200
433
2703
691
532
922
313
3009
70
3860
85
171
446
765
649
488
500
825
181
996
5241
1902
4177
1060
2275
219
1267
480
1987
1467
1254
145
765
499
616
273
502
4450
3687
980
104
1017
566
4108
539
361
2285
133
674
1644
688
4909
462
99
916
1269
1772
1180
1626
1
31
640
405
272
320
259
41
2878
730
1759
3165
3934
529
403
2987
968
191
163
27
164
2666
2687
422
2489
636
3061
153
3570
113
1342
1195
2715
1
736
1099
2454
197
2419
724
1373
2625
788
1294
143
1556
2773
234
226
1095
4
165
116
77
275
2024
1192
677
1696
17
2233
665
274
952
1542
1023
149
662
90
214
158
41
156
9
99
406
224
2185
7806
239
830
332
442
1084
480
389
2999
303
2781
172
854
122
539
1285
2768
2485
524
22
2842
619
895
437
248
131
74
1277
679
5250
2781
49
1515
38
1525
654
1076
97
50
1982
79
942
131
369
731
52
348
3324
4782
222
2800
345
206
3197
861
2974
164
5982
6
363
351
124
3976
44
232
1551
35
199
266
3204
3940
56
3111
3661
746
24
4239
2025
3308
216
1891
142
9
45
676
92
2350
111
1068
417
673
1159
50
56
420
357
682
210
892
226
178
2944
177
109
574
1848
4367
3442
302
3647
430
486
944
72
1258
11
44
120
1716
69
263
2427
87
266
115
1050
1494
2320
521
54
245
415
4571
2252
939
528
138
67
2271
129
615
485
823
739
461
2123
1686
365
1223
753
5353
2051
369
326
693
2477
86
5072
32
2387
263
5703
135
5268
500
934
1438
424
1063
1985
16
751
310
1649
675
5784
2400
1555
654
886
266
802
1067
531
379
128
1205
4091
1344
63
705
2270
1016
3534
3458
625
1143
1448
1508
148
315
1527
1061
1050
451
654
700
4052
306
611
4
248
2320
5900
1646
116
1536
1372
5288
676
1243
180
50
269
740
490
3
138
298
438
1923
1267
153
1064
1283
170
282
208
35
37
259
161
1400
642
563
245
819
1063
1474
328
732
1058
95
854
123
395
144
194
1049
541
1670
874
2473
4501
7
425
684
368
422
443
564
647
1124
322
4832
721
239
1058
402
269
162
131
658
562
478
3147
1901
622
34
1101
3325
736
200
543
872
777
6317
2355
896
73
614
847
939
1123
253
749
1163
1979
66
329
3254
656
796
1227
1134
615
13
1762
1875
85
2833
201
49
470
445
583
998
176
2733
3954
496
1294
523
1844
399
440
90
62
2756
16
4544
818
1864
1311
8
7884
487
50
1445
110
1816
16
1136
2073
506
330
1864
224
2156
2303
1023
749
458
106
1935
2420
2214
438
65
694
487
3283
1771
742
2448
287
1543
0
1146
1860
738
216
678
378
6238
3020
265
178
448
799
906
1296
1540
519
636
691
1555
1027
290
3334
268
10
190
3501
230
107
132
241
1831
143
551
253
1749
356
593
831
3208
1202
218
1732
343
1788
630
1172
1260
727
143
486
191
71
1784
128
312
240
526
2634
25
1032
3326
96
61
604
874
54
32
25
450
623
6356
1095
425
450
209
1983
105
290
105
6829
344
3182
95
1705
148
1014
1447
1562
62
19
46
514
434
2223
1754
137
3517
1794
2833
1163
87
213
523
6833
2470
1806
46
329
948
2540
135
5528
598
828
1065
34
149
2132
1044
1758
98
58
82
54
3390
546
91
654
307
257
195
197
99
205
246
237
3543
3
2519
1152
1070
382
318
2320
64
661
58
2083
1082
2475
223
3257
2293
10
1519
303
183
1952
1294
510
2516
978
1319
1698
36
302
904
706
1
64
3835
2582
794
1013
279
682
3862
763
131
170
480
3686
126
84
1497
1223
4
47
907
73
208
117
735
849
247
461
315
2131
2209
542
2251
885
83
25
49
65
544
447
433
985
1466
280
494
874
103
1134
748
3673
0
1059
10
822
3901
8
606
3142
715
1392
1332
1770
296
2333
1061
96
3463
5528
21
79
1600
824
1375
9
991
2901
81
1285
39
35
2048
1594
999
443
1811
1253
82
4112
211
1031
1042
359
495
895
104
980
1149
193
1498
1113
2450
3500
235
441
1439
297
1739
546
4814
42
793
22
801
178
647
677
105
2186
4082
101
1
720
2474
18
4388
4706
84
6910
20
2941
846
116
5499
273
151
2862
82
127
220
909
2143
120
111
2293
594
913
1034
381
2250
762
1721
345
389
15
124
1423
138
557
1379
238
2142
500
33
611
288
890
1061
1195
657
2902
219
2543
22
7203
530
4193
331
360
1025
3255
1564
181
1832
676
3033
100
839
425
551
207
207
3218
2513
73
1312
1075
1286
82
1351
2342
406
540
302
4062
702
449
93
770
1282
1152
2058
4592
112
64
201
35
712
51
33
4890
577
28
291
2932
385
80
226
101
2115
502
129
1032
1522
344
493
716
2820
677
770
977
315
294
3795
385
623
120
1076
216
58
70
1140
2
4079
1827
571
1106
113
686
1003
132
220
840
2653
690
1360
68
1163
461
33
3
544
860
3357
1
3214
35
59
1950
2442
1259
1501
257
872
2094
204
427
360
2047
3592
1565
92
867
1357
961
4855
1009
172
291
2153
97
637
943
1483
672
97
1
1625
1646
805
1528
888
547
108
67
63
1656
829
1151
139
475
1947
548
48
140
290
7091
611
13
1283
733
101
68
113
2549
349
223
2065
43
990
147
87
40
217
1995
552
671
396
61
1518
814
280
1492
928
582
1057
3997
66
11
361
1348
1597
569
1969
298
92
961
398
272
1620
3323
457
652
29
1339
1064
401
1760
645
1560
301
1430
2221
2169
1023
697
438
2698
983
698
1143
1854
1152
496
3720
2586
2822
1074
377
4185
22
956
504
966
1070
4960
995
6
2406
145
1132
94
364
1080
203
326
19
1729
441
3693
2488
900
749
853
3277
1460
273
4593
1382
15
3011
824
120
469
250
744
1667
1133
525
82
383
426
369
32
108
113
410
1705
593
1467
643
1036
1982
1248
1509
1674
869
362
331
252
382
311
184
875
582
327
2200
1794
130
3072
1892
3819
196
1474
63
217
1006
2692
3290
2936
2236
2877
137
647
2132
164
151
166
842
341
866
2195
223
307
86
874
1727
437
300
1890
1030
449
4369
932
1347
29
646
1028
47
27
1018
447
326
1906
139
3250
1332
674
1
2031
654
1919
39
3512
1687
33
1214
437
1431
763
75
1372
1226
616
15
73
194
5448
731
259
1279
59
486
723
2541
490
831
59
913
696
739
783
317
96
3545
1851
5442
1205
524
0
157
2269
628
517
344
1685
1486
2470
598
453
1
130
3001
420
291
170
3086
34
1468
757
121
206
62
358
820
718
645
3512
1964
462
568
172
1440
608
1459
1099
1043
1371
498
52
4302
199
41
4911
7755
2138
370
162
62
32
1775
603
656
338
2651
726
931
3230
983
17
63
128
961
563
246
162
709
1406
410
1518
233
1126
782
209
1437
1612
626
706
1587
2774
891
140
2657
1975
213
60
1190
223
4265
244
345
1699
43
1519
28
525
3209
1471
400
738
2650
5093
1100
460
686
651
374
718
13
453
804
59
788
391
682
313
755
38
720
1693
2115
1969
1497
665
241
383
1038
31
3367
2097
1565
527
650
1146
894
53
521
814
231
439
2337
736
2566
2860
5383
48
878
765
1265
1468
208
2182
92
1977
18
1274
526
4332
385
595
3113
247
3
1205
42
1595
4
662
4932
102
1659
174
620
1648
612
1456
76
4301
494
414
691
485
207
278
594
720
1429
433
496
2144
234
132
837
1553
626
4037
1999
35
15
13
53
553
610
800
584
570
966
2758
12
925
1156
225
66
10
5589
322
86
2968
1918
855
1039
82
2878
4852
216
38
2631
490
1868
2793
181
449
980
4719
5667
3600
26
599
1927
459
168
895
5171
994
1956
1624
1262
206
1064
556
184
1141
1000
1608
63
382
1515
104
1540
326
533
78
698
878
207
939
2324
2202
3888
872
1425
298
120
112
2252
2641
717
1
672
2844
4070
809
981
170
239
1733
484
2098
524
1770
469
644
2395
867
69
1383
432
40
391
20
4087
1733
335
2286
298
2779
758
266
778
837
727
314
39
153
7
807
2534
106
1252
186
181
489
783
20
524
375
837
2834
20
780
5264
1058
1240
1118
1221
844
454
1120
154
644
15
333
1153
406
1
1250
566
408
91
2943
1560
2700
502
697
733
497
2060
2124
1
2117
2006
1309
205
758
172
329
1990
33
129
1222
304
1599
2922
1938
1757
1098
347
200
599
985
206
2078
300
561
1916
750
2793
1147
482
277
624
634
418
1442
517
319
5227
268
1183
3713
45
3214
2743
1763
1180
169
28
3541
721
919
1680
6449
456
378
53
2988
439
3879
10
59
320
1945
456
1001
487
203
2421
242
352
432
564
1206
119
97
2112
506
438
420
66
1831
1151
610
5127
1125
5
252
929
701
2195
1559
2036
281
878
321
244
2023
408
3714
2892
148
1426
81
182
595
3765
609
2309
556
1031
135
338
21
3886
1759
1113
9
4118
1044
2720
390
1601
1527
2785
666
5791
575
876
239
5
380
200
2497
253
1366
64
445
2410
580
595
435
1705
249
72
142
918
560
32
0
109
707
2934
630
361
2
983
468
1002
506
1427
2521
1603
1125
738
2060
191
570
450
31
873
616
4138
197
703
401
389
445
939
1161
5450
3689
1136
7116
1357
495
2351
142
2333
930
1161
52
243
213
376
1797
876
1924
1436
505
1122
3889
772
1212
366
6584
114
1355
241
601
1261
348
1459
74
2522
1418
450
1274
70
4993
242
391
235
521
1053
709
72
117
2427
1672
3498
1755
2
627
33
8
829
42
4429
2058
1840
2
233
2160
1942
102
293
190
405
755
121
167
1752
1
276
1480
680
784
1831
5673
1959
176
35
1808
996
151
232
898
1117
1225
6239
648
2500
2150
852
742
3015
506
1393
2006
966
537
911
68
285
60
3175
98
56
735
430
2013
178
1257
102
235
2282
204
71
960
1988
81
26
945
783
274
1126
1526
367
155
1980
4543
1268
868
24
999
134
3697
997
389
15
860
69
2202
2584
13
1550
956
2166
2420
1527
2925
73
157
333
23
2870
27
4396
11
1739
307
1338
5343
13
4169
43
146
569
826
112
38
3051
124
389
2142
38
813
674
920
1111
682
1000
1401
56
5
410
42
1401
31
233
752
1143
1183
2823
471
340
2372
308
685
1756
286
2
484
559
391
6341
4119
860
563
1418
574
808
520
173
366
947
1773
4143
347
3977
624
828
62
72
1
15
164
769
60
530
193
3623
3987
2
16
1636
227
756
5533
201
4261
123
246
858
910
4
380
118
982
223
506
51
1540
910
414
726
351
2164
3552
247
193
763
174
321
293
1393
433
345
482
325
3985
4807
1160
727
14
1905
4961
852
1084
695
9
2438
240
665
1575
1402
63
937
5304
1596
23
6575
6
87
1021
1961
2688
2922
14
34
151
274
650
359
33
2924
246
1811
56
557
854
241
1194
379
1329
98
1527
1419
127
1731
549
1524
2934
859
2364
2332
276
1132
2959
4049
3673
735
201
775
0
411
4322
29
3526
1555
760
310
219
748
82
631
530
249
496
44
119
741
1561
1836
240
670
3768
1013
3806
1969
7
915
294
455
880
575
187
1082
22
2586
105
445
1177
380
2312
764
69
391
5388
223
540
27
567
492
2277
858
4017
258
34
1493
100
953
5
293
1889
2047
317
15
373
1725
1997
18
2432
66
812
263
2161
2098
531
203
77
40
1268
1066
298
198
1326
535
729
301
106
9
514
958
754
2165
160
1896
773
193
315
291
3
2565
65
90
3827
342
199
315
230
16
54
422
298
4627
326
248
1517
370
144
887
72
98
1182
18
94
5836
94
145
312
451
1717
135
46
415
787
115
178
335
128
1395
630
286
482
343
544
20
1161
227
64
145
859
3987
4197
1500
5710
6
1675
63
1163
3576
391
1164
740
60
6
321
225
516
766
2713
2385
259
3119
79
2913
1180
360
195
2295
1801
1329
836
349
1448
3177
13
126
97
3911
31
196
383
3342
2723
657
5841
433
716
10
4
0
86
2979
3041
9
959
161
622
429
114
3874
315
2591
1144
154
2302
1201
1682
1222
55
72
1456
1510
93
4
2151
696
4540
2438
2889
361
764
28
1749
421
946
2555
31
25
312
763
185
3306
1148
613
1938
950
509
351
328
337
1535
810
238
320
1314
1702
484
293
1209
2467
20
118
1306
1751
575
3375
1078
77
439
1
340
469
613
50
3585
338
32
1386
9
6250
760
244
38
1297
74
58
3706
42
1358
446
623
624
757
587
443
860
621
349
3301
1115
2443
3
1025
499
2532
147
37
413
1272
1
1058
1204
23
4091
414
490
1133
41
116
805
1
241
65
487
6
738
1051
1440
150
68
289
1143
979
21
6112
2081
4768
727
328
39
175
1640
320
962
466
2531
2746
1083
954
104
2928
726
137
168
1
218
91
21
2719
2154
3689
747
13
707
33
431
237
2208
27
1211
395
5442
444
266
4170
990
1480
52
3965
4451
3324
441
592
4807
1937
566
364
122
184
335
139
263
2575
1611
323
3125
368
1241
994
49
601
4844
1058
822
2023
3829
263
880
1368
358
287
83
470
9
250
1468
381
114
777
4132
979
3583
100
282
234
13
3947
1830
3643
78
5
126
38
585
183
814
1478
2867
1901
510
767
318
477
831
290
791
746
226
859
511
258
205
27
353
911
88
635
2109
1
3682
706
7
1016
1161
50
506
2026
1097
538
1297
455
29
474
697
700
486
789
3130
70
1566
1496
3146
3158
2086
1834
2265
2557
1720
556
154
1758
48
2832
149
128
167
122
3017
57
253
243
886
15
1742
486
212
1140
962
98
1465
1299
2503
530
543
874
326
894
713
91
411
2790
491
561
1208
266
2382
4532
44
101
259
510
2246
319
240
170
699
11
2096
2363
367
701
1000
5759
362
420
102
4085
126
1432
9
1208
858
1902
1170
337
48
359
561
3002
1145
1252
2386
1346
922
648
1228
174
25
76
418
394
978
513
193
1478
85
1861
12
5713
87
481
2496
1529
516
1150
2462
1773
2461
64
13
1832
436
84
896
577
1050
73
891
6633
752
24
683
4
654
1988
228
0
1646
10
582
76
596
1877
891
940
779
4145
1798
157
4711
47
216
731
329
2301
877
2406
10
589
233
124
112
5192
186
946
425
3139
1332
19
1021
4299
703
2045
116
209
4838
1080
974
54
3028
262
539
1824
948
410
99
401
528
182
490
3604
111
709
2062
818
1313
1580
2614
643
26
270
1
22
1807
1761
32
1444
18
2653
375
447
1606
1273
1753
1020
1879
586
45
783
1096
1583
2246
190
427
712
283
1375
508
1306
829
2648
96
1560
125
89
1557
1111
51
2577
2663
715
1528
97
783
83
49
1577
316
5337
316
1850
343
1326
1475
485
238
2279
1736
592
569
16
965
376
38
1084
889
262
1326
369
2540
35
3061
246
355
694
177
352
206
5660
151
338
80
735
71
2465
1584
1216
318
950
127
21
3964
2957
543
671
325
578
699
44
502
31
143
57
257
276
530
208
1933
1339
5
1208
1058
424
1022
3401
1200
1150
310
16
6775
282
1112
456
1319
1512
1926
2134
1491
290
934
266
725
1814
370
46
324
5199
2204
2887
349
2608
127
505
1915
341
2643
1230
1207
881
105
1214
76
3557
498
676
805
1574
22
990
880
307
636
30
2679
2415
1257
3478
237
680
851
3146
2140
105
1037
1394
105
1980
344
99
45
409
110
591
397
3284
456
89
571
2605
3629
160
839
4
1433
1111
1172
4348
185
3534
564
126
1116
1994
625
9
124
1434
592
1974
6122
2004
447
375
362
3393
25
151
829
1285
990
640
37
2637
249
206
713
1844
121
426
1034
2330
2727
2454
701
0
1850
954
697
2390
524
362
492
6020
6347
93
2142
55
622
3952
249
194
1728
619
393
477
97
65
1573
1829
1844
157
255
5490
810
262
1811
5398
93
474
885
303
1769
23
167
400
284
153
2527
859
864
1148
6
15
1733
2157
14
1206
54
2651
949
56
1669
1752
4540
229
760
2389
1951
1615
32
876
3321
1018
462
572
203
3669
295
871
247
274
4095
37
301
23
1191
1403
33
187
227
680
21
321
241
433
124
77
18
103
857
2239
3773
24
1211
5355
4066
353
717
551
3292
2964
148
1793
265
2060
513
290
834
1232
336
1638
790
4754
296
46
1535
753
73
165
1984
558
6
2609
1668
927
4870
492
187
128
1929
1588
6
17
824
520
70
1151
933
1088
110
16
279
57
2067
501
225
1062
20
1236
681
1427
1814
4476
546
59
272
186
180
127
140
3863
2284
2858
639
754
173
699
14
113
682
689
473
128
129
305
1287
34
2280
1039
803
109
295
1209
438
1731
103
468
2096
33
680
1278
968
467
603
3
711
1696
2180
1632
629
94
943
39
138
332
2
423
660
2138
100
98
1667
77
639
186
796
778
791
882
22
40
463
1005
1629
1609
1697
2125
972
333
236
996
226
1035
120
5979
53
1548
1023
4158
141
3359
2297
1815
17
443
2814
3240
287
1114
533
14
2742
1563
417
657
1453
611
1735
43
2052
559
2897
51
161
1989
122
4
267
233
457
3
2039
800
123
28
119
688
2
3387
1101
93
1043
459
2516
1681
3817
125
7
4729
767
135
257
1006
3091
1546
8
2812
2078
630
113
121
789
3446
4569
1155
3663
6
4024
490
280
938
345
3475
253
174
1976
291
10
439
2325
1190
13
678
138
105
979
270
2167
172
5272
2936
661
2945
7
958
433
739
1613
219
1194
708
931
266
845
3960
1207
356
2082
1390
1371
171
513
2118
539
1371
4350
53
3230
5534
1439
2178
1224
7
14
34
189
2760
263
36
147
40
427
33
992
278
3403
2418
159
11
1609
1430
150
2617
2870
4119
601
917
66
742
6
523
3353
121
668
5065
696
3774
224
5213
1241
293
4481
1626
224
516
77
295
4216
180
401
338
1049
1515
3034
3171
3161
773
889
3400
518
1875
2813
1192
786
54
744
1453
59
470
21
1444
401
1206
209
4688
269
3505
961
512
54
480
709
144
8
56
1786
772
487
1789
1037
616
1024
548
499
1326
2131
728
2020
802
346
1036
26
1149
434
56
299
1297
89
52
438
116
80
2264
2548
72
514
92
967
286
887
1036
49
711
464
1264
198
1493
192
2231
1149
1682
217
552
3241
1139
2061
159
68
1473
1683
383
520
105
807
200
378
904
596
2696
422
289
10
447
2473
61
100
2187
1962
78
631
2235
102
2206
220
2502
85
114
335
152
503
725
148
851
2131
592
120
1299
639
216
224
818
1993
1630
4681
414
1105
5
208
883
63
606
35
144
275
61
346
847
152
673
2143
67
3726
1907
300
159
1934
1642
1067
1159
1405
134
1840
1141
32
1463
673
3180
4861
599
16
5171
1415
646
970
100
816
2163
1118
170
821
5308
468
670
4
1230
3572
697
310
199
728
131
3
169
622
1361
96
276
1306
114
1150
687
0
1302
1
889
2383
600
1033
802
80
2195
262
15
64
187
390
1247
538
1941
35
4563
785
857
594
4938
9
1076
3255
126
457
858
2934
306
367
256
2290
1578
550
801
5
112
3674
1220
30
2109
1451
172
1172
1939
1814
213
1582
1304
72
2779
157
16
411
1338
1613
813
1642
831
1989
41
1329
842
144
552
7702
2473
469
1921
387
13
1653
2734
194
893
694
208
347
1018
420
4055
139
2814
249
2559
58
70
690
48
1016
2
174
2001
4085
816
601
419
1796
3182
1242
1357
30
286
626
1137
691
311
1119
1498
339
103
1001
2221
1535
1
34
1992
274
830
214
2189
3675
867
275
1663
1567
1973
191
1182
420
268
956
541
1867
507
228
3336
1089
4774
364
29
1228
462
851
1815
4
293
6
175
405
287
774
2987
586
1508
220
1558
783
1281
1221
37
1483
150
111
170
308
238
2579
2057
590
896
46
556
123
135
6127
4550
3027
1969
582
4360
432
1613
24
1831
1851
1348
2623
1209
341
1645
1004
2823
1514
1226
535
848
295
6203
520
1534
2444
673
527
37
821
885
475
1321
0
1016
2207
218
1085
308
5284
33
2593
1154
95
17
1049
1228
1528
1245
812
211
248
118
821
1261
287
853
500
3256
244
446
32
6892
1478
2163
2225
58
514
2540
25
671
86
1421
6663
2
1169
1196
179
3408
588
1613
6
318
845
431
121
413
179
47
1109
1106
1765
2629
552
111
528
184
1283
832
85
25
1432
751
3192
717
2993
349
310
136
2634
3085
1093
635
2494
1560
277
891
1004
1171
289
489
70
30
2939
1820
1842
14
97
11
1553
712
1
666
1192
40
904
109
3424
369
538
215
825
212
22
1994
995
8
42
1960
27
695
385
968
1236
301
1456
67
19
2602
740
7962
171
711
5547
389
3001
3713
6068
926
283
2027
116
268
345
3057
911
804
265
102
801
5156
368
2135
1208
4287
499
281
1125
137
3197
7
931
2867
675
1827
574
2203
1589
1962
2242
2437
1296
3035
771
57
916
163
149
119
706
522
123
1509
1785
61
46
1259
803
761
85
60
850
58
85
531
180
1127
429
1
3334
714
888
4376
1969
1233
106
426
16
790
268
554
325
830
251
1987
852
749
1628
2737
0
235
446
544
306
252
1858
1729
468
303
333
1402
69
1158
3914
50
67
758
2333
5548
2624
1590
54
1895
121
2611
2579
178
329
2276
234
338
28
296
286
1307
226
457
6442
1327
1138
1713
457
4950
73
431
812
498
557
65
52
111
1693
2494
4409
38
179
527
2618
1344
178
1387
936
145
81
2568
2327
256
907
108
525
109
246
2023
2908
2837
253
3424
1723
734
731
485
3273
14
335
4597
487
1113
745
5682
72
148
60
2265
337
367
1660
259
60
3446
1202
555
595
2207
1571
628
1667
2133
38
274
391
4929
19
2417
441
173
196
1644
211
161
4
583
508
897
232
222
3646
94
269
251
243
2631
1464
2861
749
934
651
1574
56
2081
158
277
592
1
256
836
188
1655
1850
313
2199
32
368
376
1568
390
1014
1255
728
371
2644
110
2437
958
49
1922
3949
258
783
213
1043
361
1201
2514
2403
1136
1577
18
943
6072
71
1815
129
2514
162
1856
3005
564
684
931
30
169
67
241
3856
5268
1130
3084
242
213
3038
335
10
2196
134
174
1310
1823
501
953
743
933
9
693
1468
304
3345
723
635
458
2608
3389
2162
703
4019
21
1700
388
2513
1355
649
3071
2
1150
24
78
777
347
2700
1891
294
566
694
2000
573
510
2237
934
568
610
2483
137
90
326
880
155
2635
138
732
1323
121
4707
37
272
408
326
299
783
61
499
1420
4627
1009
453
1201
119
2235
534
1448
52
2980
376
553
1042
19
1185
1495
211
211
993
223
490
1010
63
1523
761
647
61
434
965
2068
2210
467
329
5047
1728
132
863
1331
1699
363
1745
2130
97
847
1585
7127
948
27
5727
868
96
450
1987
21
842
254
671
551
478
24
252
3832
814
1485
2048
2866
197
107
275
117
3417
342
1562
109
503
276
126
975
313
2404
9
677
854
2615
306
1738
1139
1738
155
259
644
17
4860
274
2249
56
1145
185
465
555
3416
46
872
237
38
290
3810
1061
3234
152
113
1595
2
13
313
330
990
349
488
127
685
170
113
1062
139
554
889
927
273
481
1163
3842
281
255
1097
356
359
158
939
3691
173
240
2463
321
175
324
1254
28
480
48
375
3154
6840
237
545
239
1582
259
80
305
978
494
1662
460
4083
168
3208
820
5
126
693
303
3384
1849
871
139
645
1826
57
130
216
344
804
44
341
2052
1544
45
648
2707
1181
6045
4090
94
60
647
1105
346
301
851
2261
187
180
1432
511
83
4268
112
727
881
1724
1663
1037
2427
1469
34
256
3016
80
7
468
437
428
2338
1339
21
225
381
940
2164
3562
81
303
1667
1065
223
1582
916
2688
3072
1309
864
383
41
2201
430
102
177
781
4933
569
539
352
1224
487
98
225
31
333
129
184
3124
151
291
296
58
1755
616
2039
239
3198
162
183
754
4643
840
96
1375
3220
5
1297
2577
772
258
2766
856
1774
619
3871
293
2
1508
1501
58
702
65
113
74
198
1176
456
2376
1615
2117
71
510
380
1355
842
200
251
2319
620
1116
1469
1430
3378
54
158
41
4038
1953
705
693
863
9
69
3825
668
3853
2973
645
240
3172
66
73
855
4290
4264
106
2683
71
2100
218
577
175
1139
3439
392
4124
2186
667
16
3636
1672
337
2101
1925
790
42
101
481
785
393
922
2799
123
128
2244
3780
701
1146
991
1765
890
286
92
1055
6
3351
1336
630
2704
3446
2074
1398
972
1774
37
1173
742
2051
2
789
35
106
2522
3412
3075
310
558
278
124
2605
3339
73
3131
569
876
284
1261
4373
1068
1727
117
3213
924
88
598
419
7
234
1393
645
918
217
2686
162
4175
6060
416
45
1690
55
400
6
280
264
164
5068
473
12
1401
118
278
194
2341
409
264
65
6
71
1634
30
2294
146
105
5242
185
151
3226
70
1277
575
229
169
429
989
256
2425
464
1398
2019
1564
295
385
126
192
1333
178
205
310
185
3446
3233
415
2498
1293
1480
5056
1274
389
763
956
39
165
1266
224
1905
191
30
1085
325
1482
2314
1126
322
179
1973
347
539
1741
162
73
151
59
1913
2105
1747
535
30
1673
2541
4
484
1305
614
65
325
1353
492
223
939
1477
285
67
585
1142
143
636
1045
35
1586
690
614
373
1990
477
468
1337
2123
111
4209
640
551
84
1
338
677
432
2178
3062
70
1432
113
38
726
1419
508
1541
152
420
2820
2534
3769
1340
196
674
948
1388
1343
60
892
1532
2327
269
497
503
223
508
261
3082
110
179
130
3
2488
204
2503
3333
592
223
1303
45
1708
1040
2382
1953
138
514
633
8414
421
128
2717
432
1660
1050
3070
47
156
545
1405
990
1552
5418
453
479
1695
1015
2369
1253
1425
276
499
467
4007
31
372
450
295
1286
645
212
2554
584
23
909
152
251
720
223
549
979
1865
1002
2537
1184
348
1767
1945
2149
1932
152
661
857
62
1860
332
864
5310
598
692
30
398
528
23
3350
489
329
573
74
585
1713
2146
619
101
975
26
2286
930
1
306
653
142
3654
887
2132
1064
281
929
208
24
2990
994
1587
526
1415
2833
2722
533
36
301
302
691
1575
1065
3339
555
444
60
3017
245
373
364
16
192
137
3189
1198
311
2897
333
1054
5660
2444
391
210
486
658
180
1094
1374
1868
4438
2089
1486
1404
1497
1
1828
271
1604
131
189
587
1455
515
320
2515
395
266
1481
28
2882
3002
1774
718
1523
514
1446
481
4371
885
55
2
1004
2100
3230
1847
807
221
450
1179
1210
1324
208
458
165
4183
3340
1894
73
668
215
168
1284
271
0
1479
673
564
365
2138
2862
1429
435
2970
227
547
838
1805
283
402
2694
561
4953
468
1342
579
76
477
77
1788
1341
244
3023
376
1181
34
1798
322
1394
3154
156
3238
3143
2328
785
781
18
1550
147
139
1121
717
478
1463
447
520
1401
498
252
3925
236
885
1579
801
147
487
512
150
269
1105
561
412
436
2371
764
1661
1733
2998
2576
1423
2337
1129
2747
1890
59
223
824
486
1583
766
2596
1316
1164
393
340
1262
401
6667
332
162
683
1573
3643
5350
214
476
154
750
2071
33
1137
157
1389
269
1113
758
2169
7
845
106
710
1714
72
569
511
671
133
794
415
1154
501
35
4791
231
1369
508
1046
1082
42
1437
6081
494
2749
226
16
250
11
2130
634
2153
1272
2374
913
1255
311
741
380
1494
16
939
982
1437
34
905
129
2509
16
2929
3317
826
939
142
1097
356
150
466
127
225
173
1233
1457
1186
252
5690
4288
621
607
755
1004
3739
1410
848
1305
3005
5
571
1184
664
3530
184
37
141
3020
61
22
2897
118
25
2126
1530
457
1499
8087
772
2107
14
224
1047
127
325
2055
3269
2625
1593
544
295
1633
2071
26
943
434
633
95
1535
2472
1292
138
2285
1008
1687
201
131
168
605
30
304
9
1342
1785
47
915
2098
2868
230
104
2
85
498
905
201
6814
906
1622
1463
1098
7557
23
2406
4525
1890
718
1659
2097
497
3838
4536
833
942
319
601
69
2148
2372
143
1233
253
369
3242
2599
3226
2931
48
306
519
387
1060
523
3195
752
252
5249
474
254
3346
3006
108
44
571
3038
599
1939
394
41
64
170
70
67
2475
250
1609
1976
596
179
1099
1382
18
630
574
2779
1842
284
64
1900
484
4717
8
226
652
100
2462
1792
89
328
284
241
84
1045
30
435
313
286
240
2177
723
2185
502
256
2551
8
829
890
1680
263
1
23
2208
2944
725
317
380
240
2110
25
2231
126
70
27
750
5158
651
1223
1913
1079
739
130
713
1928
932
739
1237
213
939
2583
1282
1556
1731
100
2650
1926
1166
537
913
27
203
196
1495
423
116
262
1790
66
381
342
1287
395
133
1365
614
522
769
2163
1016
149
51
2998
798
120
1066
3423
1130
914
1333
2172
1124
182
55
2961
509
575
1552
550
688
7
1672
1012
337
649
385
897
699
1663
465
3640
1771
379
244
181
697
435
353
76
34
3446
912
51
400
367
218
5353
878
1225
1764
316
3604
113
254
498
170
3040
2092
180
38
273
1406
66
1150
246
2271
28
198
1066
344
2411
684
1136
758
111
393
4939
1323
547
379
628
34
55
875
3002
1558
1395
933
440
875
36
4835
66
369
346
97
27
680
863
652
8
684
617
10
212
121
892
113
328
709
82
382
773
640
1354
828
1021
1136
551
11
2934
585
1215
4823
1176
1028
792
4656
648
287
1054
150
174
745
130
1316
271
849
179
1281
186
27
1026
1062
70
1184
758
1822
2532
112
17
405
58
872
2274
51
1872
2236
1
57
285
2704
288
715
1418
65
1368
30
69
2106
98
4177
725
366
919
1397
92
106
1677
845
176
402
1348
1023
201
1548
3595
6124
17
155
497
47
1217
851
107
134
0
4032
57
1932
78
1192
416
136
3582
651
77
3460
1352
3660
636
456
214
189
37
1102
1543
1889
232
679
2221
37
49
795
1162
307
245
5724
133
1363
2938
5068
2652
442
3832
938
1195
2162
1951
335
69
974
74
3
1606
1624
583
264
58
44
480
2
229
2151
1232
748
187
502
563
824
1340
1434
3024
894
172
128
568
330
1111
1248
1310
16
3184
316
45
73
253
333
920
34
834
289
549
514
3299
123
140
3094
1008
971
1045
443
852
740
1310
141
1330
38
104
693
826
103
3545
3525
2328
397
191
317
3861
7
417
1714
1229
844
227
2
714
372
703
1145
5166
2815
713
236
1835
409
1270
356
198
1822
179
1238
399
2017
310
226
200
150
1741
330
1223
1706
1822
4526
1322
799
1062
901
93
2085
1071
208
288
355
2179
84
116
2800
694
295
1747
1027
775
258
29
175
127
989
651
3
109
899
247
155
1576
95
763
2155
1767
1959
541
194
543
3706
5260
1132
6250
415
11
2184
1045
1256
639
5941
120
625
687
1159
745
936
891
77
4270
596
1997
1410
19
995
795
3684
698
353
22
2601
2006
298
2018
839
313
347
14
2247
1813
506
55
1224
744
367
546
776
133
1186
42
176
470
659
2140
1927
18
1064
169
967
23
752
16
7
685
657
501
200
874
63
1870
1261
19
73
255
4615
79
1608
155
1550
83
1898
886
1724
209
80
145
1969
721
1171
183
239
2902
109
519
99
1162
338
946
1774
322
248
5625
2348
1110
1221
277
423
230
42
647
798
954
2451
135
948
437
851
1038
827
41
489
2004
2111
2429
4450
888
2829
1285
427
3431
55
611
513
847
698
180
146
576
3997
273
616
202
1393
2547
1059
2743
21
468
2
2150
182
80
323
3064
526
386
3814
1084
1465
2000
280
91
1541
1266
144
499
413
5094
2561
711
22
2462
178
90
41
4172
2069
711
92
352
1224
337
1152
791
661
1446
285
340
59
132
2462
166
624
586
516
1126
138
1023
2171
37
316
2
2
345
45
395
449
567
1992
1825
122
168
727
634
2527
789
2374
2739
49
2691
3507
359
3618
487
0
3057
114
365
169
253
553
923
103
489
4545
2111
589
1905
26
29
2328
2147
18
82
1238
1664
2268
23
3766
448
377
2947
1541
2133
963
1869
103
470
766
716
284
1176
574
3204
3024
54
1952
705
3941
2340
1364
126
3617
852
4572
276
729
711
267
6444
854
3262
823
1094
726
793
52
708
59
226
1015
1805
58
1960
426
900
3448
2633
267
323
288
612
3270
1681
191
88
54
102
660
202
594
308
458
16
294
108
1225
2364
1277
301
7
12
303
346
949
1640
648
1090
3230
303
3157
19
466
1397
10
274
1444
1370
1714
2525
1597
820
358
125
488
868
1859
245
6067
226
88
744
3
3885
36
430
33
967
995
993
2167
160
61
203
1780
1131
1117
1215
1102
737
513
189
114
156
2291
1180
1585
1538
158
682
1244
632
1440
787
755
11
441
87
4
2440
877
707
904
153
1570
173
402
2966
1080
1756
25
66
586
249
427
6008
307
1356
357
124
210
963
388
369
37
480
268
900
39
848
240
38
402
26
3005
900
173
26
661
684
960
134
4017
786
0
1361
1271
1248
174
1694
307
2653
392
607
2031
1667
585
758
1148
4561
21
424
190
390
99
2413
200
479
778
896
1258
91
204
622
1460
1151
837
347
481
3093
696
1
254
747
2875
20
350
1045
216
216
504
360
620
3826
1066
546
77
3
2755
1037
2732
829
415
550
991
75
254
148
2167
4163
1521
54
92
649
58
923
1057
4370
206
5
1361
306
2860
581
510
1446
1904
654
953
1416
846
3874
5134
370
7
198
200
3364
2841
1230
561
1183
4816
320
167
404
269
266
251
836
1149
76
3
1522
2116
629
340
294
192
1490
7
193
809
666
1388
728
1715
717
814
389
1170
549
10
42
459
4903
899
5377
113
1922
197
453
1335
548
1655
1196
246
156
1294
2
161
6320
692
261
282
518
524
103
54
730
883
246
303
1663
39
114
384
112
41
96
163
532
6890
207
288
7051
66
2987
293
2634
2087
1034
585
207
1497
735
166
1976
1660
698
1279
700
1031
391
1774
278
350
298
527
7758
3813
608
492
3131
101
490
1250
2673
2939
403
4390
1534
918
3417
39
254
2318
430
2627
238
28
373
954
761
12
450
1292
300
250
5118
58
769
34
4607
2213
189
178
1500
624
118
532
3372
562
4721
466
1528
617
1524
1371
80
308
413
108
666
120
275
159
204
2703
84
972
3
214
2402
200
198
4637
316
593
474
282
1091
206
1547
89
364
426
14
939
2496
108
827
588
18
1380
717
138
3002
2524
2224
1231
989
981
863
721
462
283
546
2815
479
2809
356
1197
136
165
888
364
1921
754
2286
581
1027
342
162
22
101
4948
3201
382
723
626
536
6
815
2702
47
4
121
1
1174
107
1394
942
3214
345
3966
527
1810
255
1228
343
784
629
451
2370
763
2255
286
63
1379
28
4644
641
3457
1170
3892
80
118
228
51
4740
7010
1135
2270
1084
254
1345
1294
107
1927
387
1169
826
587
23
39
171
1240
1974
107
550
524
840
127
2566
538
145
190
183
1074
1152
196
61
466
523
2348
1106
229
16
100
247
1221
668
3812
204
715
506
469
2004
1338
2965
1463
563
3633
2103
12
17
2288
1062
1208
611
7076
300
0
240
275
597
2294
973
308
602
3
3294
1932
120
579
3222
2497
1749
781
3093
490
2425
1372
174
288
10
229
42
1086
90
404
1109
389
1196
4101
420
1280
367
2829
443
131
185
2237
4393
540
633
1647
358
327
339
2282
3758
146
232
2029
24
827
334
690
330
1270
377
4487
2780
67
2473
1080
372
827
5905
1095
489
201
383
298
21
2264
382
560
531
760
62
390
12
639
310
7790
3027
264
66
1524
688
173
2315
1123
541
3453
2840
1430
237
130
561
1557
882
91
19
213
340
109
1773
1642
331
185
2387
2474
958
230
1684
1361
220
1896
1688
2249
3865
1059
827
3
220
1671
1205
2771
472
705
1166
295
188
203
80
40
1043
168
349
377
2161
701
2575
1524
2313
144
5904
1056
495
376
1833
892
5
179
2913
5545
1090
135
1034
186
671
119
4546
382
300
375
4181
3554
315
377
1783
1740
26
1251
397
360
1357
290
2628
48
3315
6
113
1663
234
1533
1958
1064
785
734
1719
202
202
68
1654
681
35
866
1935
1072
2247
991
2513
47
1879
194
1676
614
1562
205
488
1412
1543
3083
688
92
935
216
160
6
2581
777
1749
2492
1038
4745
779
1529
847
274
496
14
684
457
116
130
2416
43
4818
685
820
101
17
1650
2518
37
263
1372
397
571
1160
3159
561
465
1948
826
1261
596
757
1140
1
117
586
2259
875
1568
2985
840
65
2711
827
1726
31
660
1256
1699
564
177
430
616
4261
476
2110
361
1116
1294
1362
93
2372
242
756
2273
97
3907
1226
50
1072
13
3583
648
135
448
34
183
702
1721
201
1995
1473
5265
896
428
2522
6
128
401
552
79
22
1882
1053
37
519
151
234
2204
892
1008
89
412
627
104
105
202
27
3608
823
27
2681
1639
4151
5
517
2352
1336
1062
45
844
56
24
7087
148
2554
1288
144
507
306
164
694
1334
1738
1443
1591
478
272
704
335
492
8
2
467
468
2078
279
1306
1361
51
535
802
1378
321
582
3288
3074
24
963
327
735
1229
1263
862
232
191
1509
9
8
1692
3
449
568
1658
268
333
2249
1332
4
37
60
2432
14
292
417
28
1
3538
2452
301
285
316
917
1702
2002
2982
307
289
832
2576
961
190
478
905
999
393
661
1257
187
993
1143
7
16
1256
187
121
1352
377
875
924
3154
6269
87
2229
110
726
1937
2272
3128
93
226
16
6
640
2189
1424
3016
31
356
1
2666
3208
3441
921
433
99
86
2
76
3618
3851
223
1820
119
382
515
2496
529
279
777
145
3246
2390
621
210
507
3011
309
434
167
74
1521
873
426
1348
68
2755
227
1533
287
1949
31
551
735
297
2708
946
436
892
290
349
853
14
2649
143
6
1396
190
433
216
2405
219
1108
729
188
551
894
2781
4164
1437
2080
522
618
4329
2349
1199
764
581
1734
1256
1203
2118
1275
254
4
1770
2727
2838
1688
2084
354
147
5934
256
538
874
10
1991
785
347
183
197
585
59
620
257
2346
85
1336
3276
183
745
325
2241
4
1
430
863
1652
814
2549
281
191
1417
4409
2917
263
5266
555
436
695
832
2304
615
3062
1165
192
2306
1660
315
217
4127
139
308
2527
4588
1663
217
2634
48
2001
1552
3338
3074
1829
1418
1458
11
1379
3403
789
489
2020
105
101
810
237
5
1867
1856
2837
806
3824
591
1269
1865
1025
2180
1309
540
674
1333
723
196
1704
3907
1058
520
358
366
1497
1007
371
441
852
1933
5334
48
2
20
239
76
1344
1231
28
2825
1627
2281
5121
3329
5633
1384
347
149
116
1537
401
577
1334
300
4664
329
1466
825
1464
472
784
724
572
3881
842
860
783
646
1140
1633
3708
1186
2
340
3941
783
160
39
92
2011
1051
2813
793
90
2790
4804
2977
841
944
361
5131
1251
235
3560
1091
3
427
41
1316
107
1458
1222
332
140
1752
68
675
748
542
498
11
1620
4
1449
165
1269
1325
624
407
182
295
6026
4504
314
132
1253
267
932
525
1785
963
2850
556
978
1446
6
2324
602
1347
826
84
268
157
158
761
56
604
3116
287
200
151
48
1571
1844
34
187
95
361
2358
440
3
144
95
223
1222
3251
1064
80
338
164
1295
494
131
1708
453
106
2035
5
95
4205
416
465
2301
93
1262
1639
4
2617
2903
302
1717
537
1129
584
1691
226
2654
993
371
3424
135
291
2080
27
1823
2452
3508
131
206
891
1250
1246
433
1404
320
163
721
40
470
1506
251
1094
210
236
604
1728
54
767
1335
348
3183
3067
990
1917
1600
192
313
246
3694
370
734
474
514
109
680
501
826
939
5602
3233
1161
688
273
156
1492
1545
3955
161
970
932
254
334
2179
2498
1676
344
1138
3
730
865
1277
666
785
5282
882
99
815
637
1250
3185
1256
2657
377
119
38
269
538
748
291
738
42
642
11
793
109
613
256
5828
85
1430
859
55
157
1131
4858
175
1456
13
430
275
2767
2281
709
27
686
386
217
2142
475
1410
2864
84
1915
1322
514
1906
2029
3881
625
1149
1684
31
2880
111
1283
873
817
812
40
57
127
1391
2037
132
2976
333
696
1680
724
1083
40
321
1444
1108
539
902
1360
55
149
87
504
1650
578
1271
3051
1492
3878
257
218
834
776
1218
2557
523
4383
78
1134
517
888
2315
1008
279
1173
2302
180
2128
272
392
90
108
2352
1647
1571
349
6262
1031
2659
11
1462
2968
2006
945
395
611
1
2936
9
71
86
335
3777
784
1369
3548
644
16
385
2204
426
168
1215
5
4753
61
553
143
3752
185
2766
1378
1226
45
21
2509
1882
124
777
614
5533
146
105
451
1178
2067
133
370
79
322
269
1692
2343
61
1108
284
1103
362
2013
30
248
1771
2026
1410
2598
448
111
1483
1109
229
3141
1861
403
140
964
1000
14
316
895
11
3120
279
2232
575
4847
834
748
919
573
392
427
1188
1
622
243
437
470
825
112
1935
1544
1121
629
467
109
1263
1651
1734
1674
520
17
1918
1925
471
20
1839
555
266
708
1491
403
1253
133
1031
62
399
383
692
345
4481
171
1385
55
122
410
1748
576
1942
180
339
46
177
273
270
760
100
2085
2519
19
244
197
43
1368
251
1053
1519
529
190
1316
701
805
305
797
2914
223
208
2894
3035
4542
38
553
2085
74
68
1805
859
2769
306
4569
1706
1033
554
422
135
341
537
1101
287
212
1380
209
575
322
413
1561
371
227
24
1105
109
396
266
447
1518
815
177
6403
1486
231
1717
496
1716
3252
437
260
128
341
58
803
650
5644
287
971
4220
4225
2877
156
176
59
173
207
431
2011
596
641
37
139
430
473
442
2361
2385
161
14
776
587
1745
917
694
440
592
86
1010
1209
180
691
354
1325
1753
1122
755
1397
2283
1291
7006
128
13
13
511
560
674
1125
931
517
1606
757
117
50
392
5979
3515
204
7
87
163
246
103
134
1995
480
810
1296
1883
2382
3285
1922
637
1265
396
3768
1193
192
120
1243
1128
1799
1678
566
2456
1270
1082
1393
3615
3027
899
313
1403
976
183
326
2371
735
104
378
2547
1002
1371
1451
125
1315
15
2365
2349
554
1176
1266
1242
436
4117
1226
3165
637
46
1306
519
251
3545
1522
204
1365
361
1132
2
1148
152
1689
1252
2615
793
161
5139
2482
3655
840
170
451
740
1592
1751
596
384
986
2446
1369
258
1110
85
978
82
1869
700
48
88
290
500
1622
936
737
1292
264
1302
305
163
1724
41
342
37
359
202
1520
1179
704
1278
102
675
17
1280
4513
260
92
597
385
951
1049
2465
1256
2075
2101
294
900
2027
1087
2529
50
2807
101
1936
3882
1934
323
1306
1009
253
39
986
390
1191
527
71
794
2754
211
1604
2471
290
3220
1450
2750
3831
2823
410
183
398
174
2435
1115
1173
3829
3107
302
30
4948
1582
597
467
561
324
319
239
195
556
68
855
3760
945
207
1
1116
1851
830
2160
2354
397
92
633
613
827
1501
17
76
982
661
340
196
5580
90
972
746
47
215
296
2721
333
2872
2877
279
20
215
163
88
6803
883
167
1337
31
339
252
2350
1667
109
681
1409
987
45
510
731
71
45
653
2204
1656
775
730
0
829
3223
284
1100
1251
1396
5
2587
1600
1178
274
638
27
1307
1110
553
118
412
2791
406
1184
3
145
694
38
697
263
1178
886
207
779
117
178
2
4231
790
327
544
364
1
1249
798
2
812
424
120
151
339
317
1200
917
362
3378
754
158
238
875
1146
2493
335
3
747
4893
1514
1259
2331
2703
2
563
3794
341
143
119
612
104
628
3
140
28
53
1218
41
455
5282
650
15
348
1470
424
404
23
638
170
181
357
106
999
148
2314
808
33
261
410
14
450
383
301
131
716
121
417
275
637
2935
1413
2295
186
614
1662
220
586
2183
2721
703
901
578
101
174
178
3034
4236
154
68
916
163
1279
520
352
770
2295
910
601
653
1840
515
1378
67
5
382
62
1099
104
492
3101
16
1662
587
4308
15
2345
1914
141
2698
87
201
888
250
987
3066
1597
717
1170
4065
315
685
384
191
3444
957
106
418
589
48
296
345
3726
3345
720
1144
5695
1781
6451
2413
68
898
57
180
442
3149
2088
1919
84
60
1308
119
590
315
1774
1133
1631
1389
1246
705
322
82
3143
238
621
2878
846
241
1152
161
159
7
2597
2206
1887
2319
1069
373
1016
1311
1206
379
232
6230
459
771
950
534
708
5941
1807
2816
55
1983
781
297
5169
2804
1116
168
28
2490
286
532
134
435
44
310
749
193
350
2193
1737
389
76
1301
844
6
5346
3383
1463
1219
2052
1548
119
13
936
397
2193
406
122
1064
337
235
29
580
727
305
2824
271
2838
4381
226
157
13
62
705
2012
1249
7149
125
834
146
2607
391
1023
1782
347
666
8
1191
2721
1720
128
556
425
781
349
666
3137
659
5576
579
189
770
953
313
311
976
277
2167
400
793
368
129
985
1223
590
2617
571
1585
92
1923
476
310
336
3130
4934
216
67
848
50
94
1200
1400
637
1748
88
54
1254
2089
1370
2601
290
1691
123
852
72
1267
1016
3301
991
1785
932
161
585
854
121
1748
2571
56
54
481
1354
175
967
450
354
1450
3167
12
24
1885
565
871
1054
7
1046
15
1701
547
717
1185
323
4562
136
123
1841
2111
1430
3390
4195
35
209
614
119
3408
298
595
46
587
24
280
407
6522
1458
47
469
860
560
88
16
462
3033
1950
325
2651
858
245
3924
745
1539
488
866
553
340
538
1339
1049
517
1513
371
3372
1874
94
343
510
26
340
13
29
250
789
2253
474
219
8
26
459
614
3008
64
4568
712
44
3087
853
2932
1358
374
1187
1052
3116
1103
3
2352
314
1016
63
311
557
2727
3653
1853
171
2406
355
4716
166
616
194
2226
1423
1260
1262
2386
274
677
995
1364
415
48
566
34
40
4850
86
325
782
187
242
1143
489
95
3016
1099
204
256
1539
437
249
250
3
223
422
463
1624
922
18
1036
31
1539
4727
230
140
1270
773
1386
1235
180
1598
1338
2505
1714
4397
5186
446
2414
788
478
4650
1255
1751
225
402
191
595
456
4422
650
428
80
1577
234
6980
191
152
2346
1631
489
719
113
68
185
33
429
217
42
624
362
93
522
2517
45
1293
1286
340
543
1016
2692
180
483
173
1696
44
404
113
23
1660
563
678
1022
1571
242
3050
600
136
1618
1104
1793
2611
1167
1307
3255
556
0
2967
86
138
1355
1469
869
2865
908
370
18
414
297
940
616
3787
249
540
127
5
1863
574
841
535
822
32
1657
1450
857
167
871
1017
1496
1783
2250
793
4284
117
2
241
532
61
1361
745
1203
404
362
161
1043
232
28
619
665
2291
1113
1483
445
598
425
3580
2650
107
391
1049
6509
4454
517
382
1005
1442
232
372
124
585
322
306
200
56
2402
725
2871
518
1228
1707
65
1037
3395
79
21
2967
154
2335
545
328
2870
824
156
446
39
1151
615
1376
181
1865
1668
2732
2981
58
392
1988
1140
1044
774
228
665
415
1546
423
2268
911
496
1319
1986
312
3336
378
1073
886
629
453
90
583
892
1612
595
91
57
37
3867
407
1031
952
809
3030
326
75
49
2586
49
1856
154
510
2506
1047
2593
1903
90
2218
5
165
794
305
2411
1934
393
21
152
133
353
1685
329
579
600
2580
387
1132
1083
1959
38
2561
1093
204
1527
160
372
3080
265
97
103
1615
21
391
97
1
89
141
75
1492
11
815
2357
3939
204
186
2673
68
2286
3183
4019
3165
945
2345
1235
948
2157
49
882
413
4338
633
177
174
2652
655
1117
996
1634
1474
126
174
177
165
137
950
18
337
1246
197
71
12
1254
3314
1223
906
164
1369
1182
81
2718
99
2645
14
129
2405
10
2456
828
258
227
162
58
749
539
1262
1179
9
1500
349
339
3345
1000
673
5118
141
1474
2839
1928
1221
533
907
12
2839
435
259
34
203
499
546
72
1316
165
1417
143
404
96
686
64
1815
802
471
187
1061
1797
1394
1252
24
138
5735
107
52
1306
367
