785
1256
3947
7276
2027
154
1583
37
1754
3787
3778
2049
3900
2250
610
1615
1823
2376
109
597
291
1006
3305
2411
481
350
583
1125
6061
2981
12
188
481
1552
2489
8588
43
1277
52
511
4659
6207
411
399
1193
1760
1006
10954
478
119
591
26
270
610
2520
706
2697
1552
764
1446
892
842
1200
892
1082
692
702
3680
69
9
3913
1994
4882
1857
385
2265
9319
4113
2163
1179
1722
651
777
10064
831
530
6946
10579
2678
925
26
512
205
517
2249
8740
747
1813
628
1895
1962
386
2036
319
105
1126
1210
2966
992
6158
696
348
3749
152
255
463
2300
23
1808
2180
904
19
1866
11556
89
393
1082
1417
11531
3263
855
4284
790
449
7112
2357
2325
2550
2454
824
2206
171
1543
2057
325
2010
7346
1744
11
38
465
93
3049
500
4718
1874
291
6004
3145
744
3173
299
59
5517
2724
2682
372
4201
4515
3030
1314
402
1323
392
1373
2057
1915
1026
1070
2207
3373
79
744
290
13
4123
161
34
7286
5255
478
828
941
4377
4851
45
110
846
11500
779
2837
513
1034
472
863
3360
443
1668
4000
2193
128
117
175
4806
1931
1482
2032
1328
6085
2893
2213
1015
288
570
733
5600
21
723
3418
1709
1819
1636
743
8603
1332
1776
62
312
7382
1739
6033
3188
1843
2803
2498
470
191
3125
186
1837
58
42
1316
36
1190
1503
3446
1112
4329
152
6
592
4
59
2
17
427
7337
2
2548
619
162
327
5742
1117
900
6297
4198
1308
4224
123
1128
461
1958
448
9463
601
1095
1148
1201
239
19
1383
287
692
434
67
992
1639
36
3731
3742
665
1128
3857
2342
1190
18
11286
1644
1434
897
3261
9376
2848
163
2322
602
420
5501
5922
5857
26
8860
902
1554
1327
1923
3484
1901
142
468
723
550
170
569
3729
146
1611
133
4063
3
20
547
785
1331
4892
158
676
1668
9364
528
439
2325
3985
267
368
1639
2526
52
2160
283
674
4871
2213
1605
1703
4875
9
1317
296
6499
3953
1383
2611
406
3640
3309
5251
317
425
1525
5116
263
5063
4913
333
1199
2905
5201
438
3442
400
9379
671
52
882
448
936
69
453
1567
3543
5345
193
186
1743
148
7661
3709
321
1630
4862
306
125
309
203
796
3210
899
1338
236
3270
241
851
4779
4482
7147
38
10637
284
2114
3510
3586
2702
429
558
388
53
1527
3692
1224
1575
1561
1776
1461
2561
360
209
1048
437
3634
1313
1617
4221
609
1111
2884
7156
3996
11321
130
95
692
395
2384
3722
422
242
1774
333
289
530
1239
343
1304
1722
4484
2111
1049
278
379
647
7965
5369
5546
894
164
1179
3167
895
141
51
1539
77
649
823
44
1264
369
175
1747
4833
41
614
593
358
3658
7310
7313
2882
10550
2479
235
936
2
1313
3424
1327
1135
1011
1575
859
1375
546
59
391
960
86
332
816
2774
170
2113
3235
2335
1523
304
876
1569
2163
977
2096
682
1949
810
224
2170
123
93
1127
2860
2192
975
715
170
1561
93
2070
145
1636
278
54
2608
1067
2652
1198
2218
936
45
7893
119
1638
127
283
1611
5438
286
9473
874
1382
1858
6
874
263
6512
2218
507
2469
847
3935
438
52
497
592
2594
830
1249
719
603
27
673
10489
2050
1055
1104
43
369
1219
4336
770
53
1632
1512
6396
1775
6473
2030
1931
443
795
19
4932
2412
1020
1737
1703
6567
304
430
429
2918
711
3826
1539
2166
2608
1637
1581
202
529
5765
5250
2363
824
3975
768
3883
1220
2933
831
1326
2786
39
1070
2565
4696
264
3781
2864
3044
5
5230
1566
1649
1936
2271
2782
117
2127
3488
1107
3478
222
632
1032
368
326
1594
4490
4868
4
176
1353
950
3001
8
1282
1261
443
142
1932
455
1602
911
1172
1510
1980
3794
1205
220
4770
1159
4053
494
1188
2148
35
587
237
1073
680
956
6142
4310
866
2444
1234
7884
4510
517
777
5167
5662
1905
1685
326
4096
7334
8669
5754
302
982
4354
78
49
387
1629
282
3820
484
574
8892
168
3485
1730
3741
1429
510
6
318
148
505
76
2690
109
1869
9867
9676
1834
33
75
2148
6213
1245
3347
9624
3723
2880
1162
13
3204
1011
896
271
2488
1218
4147
2921
3152
167
1131
2624
2750
1212
4471
4134
1369
603
316
3030
1736
926
1676
270
3223
411
445
1433
393
508
434
3187
4735
2335
2920
204
1851
2579
3220
41
2002
898
2307
950
494
622
751
1850
510
442
370
2639
6302
287
37
5071
608
4210
7758
3624
787
8071
2253
972
7372
1113
552
342
438
4707
157
1652
5143
2281
74
2406
835
247
852
1323
106
2008
1156
2504
282
220
816
5142
1107
3459
1156
1238
9703
1279
1293
1973
1950
6097
1794
1370
1014
3074
3144
938
295
2044
624
1073
6048
9091
2400
2597
1029
531
10028
61
3520
7050
333
802
1026
2128
506
1034
7295
846
1030
468
201
171
2670
3958
1868
2325
3957
2896
307
2674
736
400
2636
1241
2739
350
4683
2713
516
919
4828
855
2987
1491
359
5091
2578
9
6445
27
3431
456
1068
4426
2481
93
222
185
11504
3565
4117
5397
1043
4
1389
2409
10706
608
3832
1302
5633
850
21
2217
790
627
252
21
784
981
1817
375
2798
1822
8
1687
10015
5421
4422
39
5036
4702
517
2160
801
499
4230
591
34
642
2202
3274
444
1064
49
1945
270
10949
2509
702
3033
855
384
482
4979
4661
5680
107
15
289
1220
2820
5097
608
1864
65
5887
315
1823
777
4537
1935
61
2049
969
3
63
1932
907
2473
1299
2702
345
150
3157
8543
2257
2838
3852
7376
1422
207
11432
3717
1525
87
3191
5360
74
709
4361
2634
96
2740
249
1393
286
194
1066
538
1211
3107
901
92
314
1842
12
197
260
64
1343
1478
903
1557
727
2975
551
2259
3060
3171
5
611
1848
60
1577
1432
4025
16
4663
2470
18
1727
226
354
393
546
7622
7997
248
1432
181
632
1552
2947
9794
4639
379
2211
2727
193
5171
86
1256
360
4520
2985
4569
12
704
1985
1307
218
4801
505
775
37
170
489
12
1708
99
535
52
1378
1610
3007
317
241
2770
121
4262
1705
109
45
187
788
8035
171
3899
5158
1709
4205
4635
305
18
493
3955
4456
271
108
1131
1013
1299
6446
63
110
293
1150
5789
1936
3279
3441
1797
153
28
409
1508
7064
3089
774
10104
1348
47
556
292
2376
5099
2085
1209
80
1566
2569
318
18
344
7350
655
1846
1725
118
3686
1381
865
516
10912
3918
1965
1630
3409
2086
2117
308
2382
3064
1947
1303
6456
8691
1277
812
3043
4975
937
7646
3663
84
513
6029
150
784
974
297
1824
1633
2836
78
2695
4781
1102
4723
1279
54
7217
1277
776
2777
758
1146
1800
4767
2416
1280
3623
235
690
9987
1370
5716
0
431
1732
1766
4065
87
2510
396
1139
929
6569
432
79
274
3060
944
1584
126
198
53
3398
976
1288
3421
2455
4858
760
7172
1104
3526
1676
24
31
3652
308
9051
110
11
2275
2903
3373
2538
2203
2380
244
3659
135
2435
1639
910
972
6507
206
2507
4238
75
154
624
706
1704
5973
1441
627
3670
1639
51
6906
6
4164
241
1223
3708
1341
649
2085
9519
137
3807
3381
1056
4704
1570
273
4180
2474
2444
1334
2469
2150
44
85
218
374
3885
144
3335
2505
841
979
1658
274
196
329
1813
77
1310
13501
1972
7225
1936
6354
168
2702
2291
7510
1843
502
844
2057
400
2896
3986
8980
1642
2616
1481
1429
1165
1357
1735
428
1377
3162
396
45
1955
1829
1469
3978
4053
2058
2046
152
65
49
910
3585
337
1805
155
28
4
4621
312
719
1202
441
3976
3790
241
774
5700
3765
2734
1227
924
81
777
4838
3473
3107
34
4742
253
9670
10750
818
917
2648
230
3052
458
3085
1300
2182
416
1092
2806
1354
3480
664
56
15
3101
636
434
2318
1131
298
2
60
947
3071
2155
3760
118
1397
4188
7498
88
2977
47
1782
1588
6087
1044
8436
64
4084
2774
5033
1239
149
263
455
1217
3941
1822
1485
3296
4493
889
5207
5237
183
166
539
227
55
246
145
4387
1415
2158
8379
1060
2659
899
3623
7178
1179
759
135
7573
546
1180
7560
707
2021
451
1633
80
683
632
2603
1584
27
4613
6366
5124
78
118
6092
1559
1829
9009
1871
113
1420
5041
1831
1722
4331
409
5887
2829
836
1899
6257
8127
1833
5161
313
8117
5543
15
2393
3168
31
1839
4696
842
12
60
253
2410
2781
2929
1523
3251
1562
329
9064
2092
496
774
1966
7
1700
10325
1429
1358
258
724
1449
1308
37
44
6591
5064
9
108
678
2051
1911
2576
343
101
327
1168
1017
1047
217
4091
200
2270
1422
994
14008
618
10153
3811
2166
102
818
869
236
606
1093
183
5318
73
1758
604
8040
4913
360
370
1918
3621
380
718
195
376
472
251
992
3725
4146
879
631
434
133
13
1114
332
6669
724
3862
2826
10778
5991
45
39
679
1049
2183
1082
5292
3714
192
1973
3825
1779
599
2258
2645
684
205
132
6149
83
5305
5561
3046
2776
111
93
3992
1313
386
249
6813
489
606
1307
396
266
220
67
1549
257
495
179
672
2355
219
1316
140
2437
1171
1893
1251
3815
4191
6800
4791
4213
5700
698
887
1284
6427
7684
31
94
216
2449
2689
694
720
4360
1219
323
4102
25
7385
79
7207
4940
477
1021
158
5973
1646
1357
62
3820
2783
5072
40
663
5200
1924
45
19
42
1569
2105
1108
7529
544
708
3988
7457
791
39
308
2909
8812
3490
107
1985
4829
1030
4087
1012
641
7438
1257
2413
6341
3500
188
8356
6395
929
7
109
347
1173
171
195
867
2411
1324
6108
356
2016
2729
11293
5291
916
5768
2528
21
2905
368
284
7552
99
6778
2271
1873
370
6492
4490
2113
3620
369
163
1996
7864
230
1627
417
10382
1460
3970
208
4320
167
2306
1900
333
3442
1825
5580
825
146
10115
928
201
1941
2884
1516
1765
756
2706
185
1990
139
2467
5580
1508
659
2648
5379
925
84
840
818
389
6448
792
2999
37
770
1908
4156
2927
1540
3278
843
514
2986
448
1776
4085
809
277
2029
1111
4014
3683
3493
1407
566
7764
121
6164
665
49
783
6246
1506
1302
154
2991
3869
37
1115
47
6140
146
6842
10
678
2280
3018
253
6704
1012
124
1284
218
249
6014
1052
2777
16353
80
826
4777
1896
3571
56
3129
2022
368
4066
26
341
1338
39
346
5162
1970
757
282
7000
4698
438
405
4105
1976
5311
1922
197
1603
2005
1482
5700
4699
2242
132
2122
809
734
5314
411
1762
4191
1050
746
2697
287
281
3389
5432
520
3793
77
2655
371
5
2001
76
4141
984
122
1166
1115
456
2580
403
1633
583
684
1635
37
267
1739
394
147
180
1534
4927
1314
746
651
3492
848
5038
1660
35
2918
3963
598
17
4725
169
793
2834
5485
634
922
1923
1986
224
295
6912
265
2085
2232
1644
2136
1843
1666
297
2203
114
2026
923
1944
884
328
7400
1412
5150
1155
2461
10930
610
65
988
1628
2067
38
136
1205
756
4008
918
162
1237
1510
1101
496
1074
2951
371
571
627
7388
1288
2468
1763
3706
1167
290
4322
313
1073
715
473
485
2067
1343
453
2702
608
2328
3009
1871
113
132
2066
2412
4567
41
739
147
1148
282
896
7161
2090
761
981
124
221
75
755
1073
3523
2488
4135
1076
960
141
4127
313
2451
6019
8636
559
199
1496
474
390
4630
275
2524
2288
822
523
625
373
3839
1471
2150
3370
228
1880
25
4401
5587
2396
203
961
642
541
1165
957
834
160
444
73
3446
4103
4576
419
4732
775
58
1459
1020
210
1813
52
3293
2120
2152
0
161
799
4004
1501
458
2914
2101
299
4001
2565
1060
661
159
251
3831
1119
2511
69
1708
46
9409
382
4560
1972
277
1807
1353
2141
2571
617
2730
52
1356
3590
4467
1687
16
684
4321
1763
86
115
2462
164
939
700
2433
608
72
0
406
695
1662
4051
9655
231
0
949
879
1400
1124
520
9050
971
1043
2919
13622
4484
470
4055
1295
1308
5116
821
3952
1015
1447
2751
1141
248
1940
163
2109
165
12403
1405
5664
513
4074
6829
1322
72
235
897
4345
70
7074
1588
171
7204
2883
1967
3223
10005
1964
320
2932
2734
858
1503
2450
746
3562
1110
379
4201
276
269
8
1131
290
279
2628
1612
50
363
133
7469
457
1188
720
762
1896
2116
122
238
67
206
300
101
3810
267
1609
5339
2131
3158
4036
1005
2126
888
208
6925
610
1472
19
95
5177
595
34
382
7876
652
948
1589
393
544
12600
2669
2691
551
968
181
1125
0
1641
269
2464
6576
823
4454
554
1109
568
20
2227
1835
569
3810
736
315
2323
301
48
2010
1991
2298
5815
886
1189
2088
1113
246
4325
743
15
4208
2259
981
1823
3051
5848
4296
1487
8601
5296
2883
585
233
4185
4701
505
900
448
91
6693
9026
654
5944
2037
13042
2536
738
735
3509
2215
3954
2
696
69
1275
397
4386
6
998
2608
4386
917
4871
822
3303
95
230
1875
2246
1659
443
4661
589
1928
468
298
1373
748
3545
2594
8284
914
904
394
1544
2087
0
867
3815
8087
116
723
787
6310
492
2287
33
9310
479
158
4152
1660
8074
127
1376
1943
1252
922
2782
1840
2339
690
1507
1166
2749
2816
165
1934
2833
1382
781
321
3981
3742
759
3943
1426
553
415
723
395
56
1304
678
1299
365
7914
2091
113
548
1101
457
565
6208
734
7466
1427
138
2401
3531
538
606
1620
2773
4488
3138
57
4900
1547
5262
130
916
754
4219
1667
426
190
1331
2872
1710
7451
350
495
9403
2729
265
2280
161
762
729
27
5029
684
2013
2670
4436
3950
898
7860
4051
945
4906
904
3595
819
5085
743
362
1400
2698
4070
2247
7174
665
2423
1196
1038
2958
1561
13
11
1113
421
235
2549
4944
5
2526
1193
464
1490
1352
1390
2150
2107
3975
11691
1370
476
5298
12
8539
111
1357
7667
3003
23
1315
7043
85
98
5844
1363
1520
644
4334
2610
5518
850
641
476
1982
4957
235
1539
1156
5015
5901
294
1078
968
554
970
2416
1986
3075
341
1777
16
4340
2105
23
350
20
6611
1980
1002
2220
4593
323
1079
3368
800
1729
3632
1149
2611
262
2069
4299
9307
702
5487
141
38
600
433
11332
345
66
447
1075
9262
3145
3366
688
5949
3825
860
12604
2990
19
5347
19
8464
7213
312
2549
6569
529
714
165
148
3063
1357
1947
93
873
33
8179
398
1367
2830
4825
2366
43
2823
128
41
706
2146
2391
369
193
853
3417
295
2286
2705
168
306
167
59
5702
513
322
51
1614
4352
684
2074
1524
774
2664
1464
1356
1104
52
566
8815
2969
581
473
64
7796
2247
1102
1301
946
861
819
7146
2125
6
532
756
290
19
1831
1397
4386
2678
89
121
528
5748
1
17
217
7288
3996
62
8223
1714
1079
1543
4491
1071
5000
2108
1722
687
130
1518
6784
289
1291
1709
298
965
845
809
1838
173
730
718
1056
1279
4011
4686
819
143
834
1857
5739
114
127
5712
1568
2380
1947
6151
741
874
7143
9753
3010
2710
889
285
1827
265
6729
2506
3394
177
12818
3281
578
2751
389
3355
100
578
4211
134
456
4318
2944
4044
584
192
227
152
144
2878
7106
144
3634
90
1830
2644
3925
173
1768
6585
93
7517
5529
2792
3302
873
1241
605
3742
2242
260
1418
3524
1469
1108
1741
52
183
6434
156
1907
311
75
295
1023
1383
1376
4062
2201
8657
1607
218
1768
1521
383
1594
1992
2261
3770
1214
830
4568
1549
3362
488
3581
634
414
9584
307
2098
715
1675
2371
381
4698
4211
1281
9087
6072
1876
756
1715
720
142
344
1028
136
4682
1547
655
105
180
851
5857
439
521
748
5803
2057
22
849
3693
2723
321
98
2544
6526
698
4739
9
3365
2011
1610
3144
1920
138
3962
1063
2781
3540
3639
2191
2567
1689
926
6696
2968
6290
852
4912
1875
1203
9398
7799
1194
1583
1250
1949
2329
1356
6624
1114
302
4293
54
1208
947
5006
388
2525
1056
1375
211
700
1885
991
330
3599
2566
1988
5106
6662
5473
320
309
6219
407
993
4271
471
123
228
1319
154
406
260
1249
490
7903
9707
2854
3454
3821
263
9469
2514
1274
362
1539
2726
1017
807
2806
696
277
651
5663
1218
81
718
1527
4242
3208
733
656
3041
657
1133
6303
152
60
2104
723
457
314
1099
3925
279
143
110
3691
108
2189
2382
3612
1203
68
4285
1408
955
1086
1544
2533
5241
1953
2867
721
1503
844
2198
4153
2064
1202
4672
2423
940
259
224
1943
1152
1451
410
6188
10565
2535
478
206
870
1708
756
5033
4132
10
1969
294
311
120
7756
1547
2199
665
8366
4231
63
354
606
439
1365
224
210
2049
1441
1396
1462
2042
966
1457
2425
2309
512
6876
6271
2640
204
643
2339
6629
457
247
1163
1302
482
289
2931
7406
151
234
1322
4052
230
1607
1642
2894
68
411
1121
3426
5578
1131
2066
2426
1102
5748
388
2002
917
5017
130
7669
6409
737
6573
2711
1194
4123
1252
7776
181
5538
2542
197
863
4668
539
11866
1040
2414
650
6133
1244
7560
2438
2134
4067
2827
32
6900
3076
1697
690
299
9508
10311
2516
2168
2093
7236
544
1019
198
558
8151
1264
483
220
928
313
3137
1967
1912
1132
6286
1751
1124
1870
198
3696
188
1718
7385
4197
1483
968
1125
1057
3473
4171
1660
3339
1231
133
3053
1155
1240
550
1421
5542
289
2212
7243
1663
2895
625
279
2799
1600
7793
2186
4438
753
1926
365
15
1436
4728
1792
4089
4065
704
2237
2
1477
2497
1590
172
285
7354
6673
2097
4214
688
6475
7811
8046
7266
5623
651
2965
5199
376
153
12
139
76
379
1791
884
3749
325
4498
1558
190
116
55
60
1155
89
286
5119
4432
1746
4466
5802
1520
3304
1020
591
14180
3945
816
1754
675
4834
85
197
7112
7255
973
3950
3432
1961
288
371
2062
79
2882
1544
1713
402
5
159
5017
9425
6150
306
446
543
82
3308
4236
119
1903
1177
2843
3011
3073
3017
1019
6522
213
231
170
219
1856
870
5345
1098
2184
1128
1961
965
1507
4617
382
355
760
3687
7521
468
200
428
114
169
785
2013
21
34
1395
815
5157
117
893
3026
132
2330
575
2378
6997
3363
40
5873
2617
2430
1175
1088
388
2164
953
5904
4629
572
4205
305
1421
1493
1311
4
957
319
1344
77
27
504
520
1957
205
292
38
863
586
612
988
1996
706
403
7155
1329
1981
2457
235
2896
14267
2230
157
1128
2895
842
4232
448
1686
792
2672
550
589
420
4966
128
5648
3725
4736
2320
57
6
795
5583
2166
936
26
899
2590
1110
526
8870
3178
1024
361
880
1428
2934
920
401
2108
587
955
1193
474
2385
1257
3847
838
2
1781
676
662
1493
190
2
521
86
4331
2772
818
1020
267
1575
468
3320
719
2601
1309
135
2984
1687
1727
336
2072
643
4534
637
371
2018
2341
1262
3190
2004
544
384
597
6073
6672
1545
830
86
561
33
2674
242
8410
2597
5654
7495
4801
2186
9718
1680
1483
1594
4562
302
863
671
150
82
526
736
294
94
4361
4436
6393
364
2244
1028
1310
885
25
692
2704
432
2116
10094
4039
689
137
583
293
627
32
1440
5231
3268
3825
449
1656
613
2926
1194
6214
485
2480
1191
1433
2188
311
165
8312
535
2406
172
742
119
1924
1359
428
3051
107
113
5626
536
7174
125
341
237
170
172
4507
146
2836
2588
4861
3763
1263
429
802
554
29
2530
2465
3864
3287
276
9256
1
779
2570
2876
1634
3015
67
583
739
50
2378
718
3717
1487
1049
2672
1797
1057
4156
2671
3264
5279
6401
11906
1110
1990
13
2340
3714
238
3180
5383
362
149
44
264
783
1068
1963
527
238
117
4680
2267
6566
644
3011
352
4451
561
2374
2252
2111
3258
1264
4171
10723
493
624
1436
507
1115
1179
9141
217
6136
1730
351
234
2196
33
2030
1279
173
1494
82
204
193
498
657
1705
580
597
958
4620
1644
1921
2992
46
1202
2234
1979
206
5720
1965
4
1005
121
3591
6472
6000
5224
2148
5532
4856
6754
3382
3901
858
3722
3003
1146
3821
4460
21
407
2689
6127
131
204
945
1603
132
5089
170
4522
4690
5234
1309
3770
26
109
6333
613
717
2619
267
306
3938
2727
5138
611
1588
1801
103
5640
1159
225
1732
630
278
7695
1458
5831
3473
500
3112
2638
28
7199
352
5
1827
1762
4007
2082
1854
1731
936
1106
1247
2150
2306
1196
97
716
1162
13459
240
6170
6163
6253
1111
360
5
189
8120
4914
967
169
6716
5534
2132
107
2961
81
2532
4660
196
9882
8068
105
1
1130
494
1479
133
4520
2996
702
888
1310
903
3294
4856
6415
591
6473
4579
205
1089
162
4543
0
246
712
224
416
5833
114
316
2214
661
511
973
4528
412
4210
3804
923
208
4885
680
7537
9288
2638
935
2788
299
834
155
1684
240
219
2818
9408
481
1136
5528
1085
3088
7342
6089
2114
1606
219
35
1409
323
37
2631
6882
7207
1136
216
731
218
415
5549
1139
386
1110
2888
607
3735
1934
3794
1623
366
3729
2816
301
8336
838
831
126
254
1832
988
631
4255
12125
1851
211
6750
9220
2578
4265
2318
3968
31
1603
46
415
5290
506
505
1605
1446
3370
2946
400
3051
156
433
506
8420
5919
6074
2287
5169
3669
5354
314
3319
1113
1489
850
597
947
1295
709
337
2598
27
4654
130
50
331
862
321
304
105
27
437
1663
3066
736
9540
195
2617
2773
3165
1011
86
852
6148
10881
344
869
16218
4112
606
87
684
694
142
2297
7367
3462
311
4327
54
2418
440
1115
585
327
5756
1559
520
154
1462
381
5893
110
79
1216
536
741
883
656
807
477
10032
4036
30
10500
244
1595
1604
3204
674
357
17
2468
6294
3566
31
1379
865
305
914
1224
6767
1054
1435
1158
535
767
1471
441
1385
1485
410
1432
2892
371
5507
9798
665
2977
3467
7468
1576
2583
8182
208
456
814
7783
7194
2317
757
7198
2111
207
582
400
6485
229
100
5573
371
62
851
439
2122
6011
1977
5023
4019
398
487
470
5880
488
2048
3124
321
1213
2
3603
1490
312
11
6
76
471
854
2946
129
368
33
381
9950
15
289
7702
2225
4363
703
2869
2717
343
1177
592
3024
14080
2636
4187
1728
175
642
2612
1973
380
5204
1307
223
5291
630
3608
81
281
174
1274
1005
1327
86
83
957
4009
395
4459
913
425
4497
4753
1117
620
1059
608
6420
1754
352
531
1349
13
741
1735
2492
430
2464
4940
4522
7698
1218
687
3608
3689
1869
1228
503
818
7410
678
82
4776
2769
437
729
3681
1118
4971
3597
1516
204
1480
238
1450
711
5828
739
481
752
2020
4412
419
2762
55
3292
6992
5511
619
3693
1112
2701
5583
185
1863
1768
3090
89
6364
1728
3024
2049
1796
5518
2587
1192
58
419
702
2863
233
2685
1649
2104
6
3937
60
2496
1966
7677
8927
619
553
332
586
3266
175
7049
3030
2709
3189
2
4619
229
1550
1459
1696
4751
1626
1489
576
6292
2166
3301
897
790
2286
4007
1016
1226
288
6
1024
76
927
444
85
10143
291
6593
3296
196
7722
484
89
561
1606
211
414
5793
158
104
6313
774
3029
178
1014
2971
1244
9236
2462
315
941
3011
11105
3292
235
661
1892
1586
2959
130
2824
1406
2769
4795
577
6389
5540
133
2121
3156
5
11
3502
427
1522
2738
90
924
4368
4322
3879
7662
1297
300
1306
945
4876
2543
786
8039
138
2822
899
373
194
354
642
318
2248
1649
10434
765
29
14
1152
7147
1066
58
4472
3138
95
3348
437
734
149
766
1373
5056
367
1459
1450
5279
128
1148
1312
4834
1016
2537
1268
4522
87
1918
896
1539
606
811
3748
2113
472
284
3289
390
1554
1135
10388
44
3690
581
2117
1693
1118
7394
183
1157
2584
1447
925
1031
34
875
1998
3579
3116
1578
2718
705
114
3641
4245
147
2668
1099
1976
2613
214
1017
1402
1462
109
1106
4007
2954
2235
846
1198
345
1708
1640
214
2672
1510
77
6130
1430
371
3319
226
3
5982
2954
894
344
2027
1631
1150
2600
104
292
4419
226
108
2868
1563
983
334
1005
666
480
278
949
5750
1354
748
86
2318
6361
34
2711
123
1826
8
2078
1293
6593
990
3737
93
349
717
7
964
1441
3263
2091
1104
2271
1564
235
3119
1234
3605
2052
861
1560
49
909
394
5973
2468
1446
2044
98
1876
1452
4578
110
2551
508
1471
72
316
2336
139
2762
3332
634
726
49
358
1280
5372
8502
13037
1346
1796
498
481
1310
3765
1393
3598
737
639
88
3303
2106
3
85
1181
299
3319
426
3426
814
621
2591
3725
5482
226
1211
2722
3043
47
8657
907
5486
10954
687
581
625
472
6793
3381
3280
3298
474
2785
22
6770
1673
2210
2313
2141
7933
1045
562
193
616
526
2142
3835
1338
102
64
216
4641
1693
216
1004
431
3439
8523
1930
1617
582
23
2618
750
726
2956
3151
840
2172
702
1851
3387
2671
4946
2292
248
264
301
11928
232
218
1241
5577
1204
1639
60
4000
23
1358
625
2131
3180
7076
54
402
45
2562
5656
11363
2649
4287
2394
4252
1180
283
349
401
972
1032
5231
1256
12154
159
1914
1823
245
1412
236
468
1314
75
2626
3467
5111
2957
850
3174
2268
1960
1990
1529
3698
6222
6596
9505
3600
36
41
1145
856
1869
432
168
8144
376
10534
50
2923
4706
1413
1304
3370
3180
97
396
86
2974
218
776
18
79
81
8011
1782
4394
8817
3465
3120
424
461
5
3043
1244
475
1375
9998
827
186
180
40
46
774
854
881
585
834
1373
2450
3259
1334
1917
167
681
1925
230
71
9812
5639
6250
3144
2175
958
1915
1163
2068
2369
54
425
553
1368
1158
653
3389
28
13597
3806
2931
1689
3056
5064
4494
894
44
1454
2070
659
369
4060
5039
3219
934
138
487
14
3234
625
416
4605
1157
280
152
916
658
1964
1163
6465
1582
446
6091
1395
142
526
308
2433
362
3351
1322
2846
3633
2191
87
4855
1832
1155
39
316
699
1717
164
5013
101
1187
6030
137
1939
4214
17
11356
7681
1504
3535
837
96
2641
692
1508
3165
4508
667
2878
1533
3292
2609
902
1130
1016
186
2390
34
676
1519
1139
375
218
5260
2025
1384
962
86
6887
122
3791
429
11
1780
339
1568
2440
512
3317
1189
348
4170
2272
1688
3537
2
9110
6259
496
2578
1844
2485
5908
1732
5175
4365
93
435
2544
1518
1346
3257
3408
141
770
815
3773
614
3775
3756
3244
662
233
183
1141
71
63
206
830
1096
1287
124
7521
1457
2153
1091
822
716
2155
3023
3271
4199
764
1085
96
3679
286
6699
3843
1349
27
350
6407
691
937
43
24
1317
8854
562
266
2523
755
442
3914
802
3530
1032
2613
10228
765
271
2512
671
4105
1025
622
1027
4593
1573
1980
17
6
2348
2444
433
1302
1635
40
532
800
1185
923
1122
144
4000
11235
33
278
839
9367
1678
424
61
1390
632
3611
482
731
62
1529
96
626
1727
271
4892
3494
1386
292
2528
2781
6900
46
15
872
31
2747
98
3978
815
3181
489
3314
5495
7074
1858
1085
258
640
84
2785
657
4427
71
103
2196
1391
79
3511
43
2250
1225
4655
131
2769
136
2687
4257
1714
309
7071
6796
1157
1059
6795
123
2042
320
5642
263
229
7736
719
4154
74
250
223
709
3626
5027
638
243
1590
4462
1938
1044
2752
4949
2254
1741
4080
3
150
3521
977
3820
632
587
1713
403
554
1483
6086
2854
6099
971
33
5127
4178
1848
2799
3954
750
5085
237
704
1170
2577
2359
1603
1443
1569
1975
189
208
448
6348
4048
5460
3360
1744
3205
3193
828
2001
382
8837
8354
3657
1783
1414
1963
2611
7554
84
2234
1099
6403
634
5877
805
1050
909
3270
1051
3455
7865
2671
100
7822
1314
6540
2129
437
1282
142
1200
2121
33
2593
6607
1969
11044
834
927
282
528
2207
151
80
7051
1534
3722
2972
5581
24
1634
467
6260
2384
545
3348
3009
518
195
2982
338
823
1860
17
1949
33
204
750
2146
663
1157
231
2220
1721
2735
5225
8216
109
991
1029
34
1233
3456
5791
1170
2807
7037
157
5408
675
1026
4084
4244
3781
681
1137
7759
415
2949
483
25
6892
615
631
1589
1918
268
139
1674
5223
1270
4560
505
5707
7298
3348
2698
10328
1149
1790
4510
592
1285
2552
851
124
774
34
2113
6100
6874
6056
2344
307
1833
2340
1171
66
3846
366
4229
11863
111
1939
558
2768
173
1453
2386
2378
831
594
4734
4047
501
442
2877
6044
1349
2044
12372
1277
63
1325
554
208
294
44
2392
79
3979
482
1940
10392
118
2057
5
8788
3000
1386
3518
5412
1144
623
1664
1185
398
248
2656
1620
4153
1140
179
3532
316
717
2490
142
1133
3674
329
536
4566
2
14800
3768
160
101
5576
337
516
1174
614
3404
3611
168
950
2786
2442
4138
479
3531
11462
3225
1650
1277
2023
2680
1120
462
148
127
1058
818
1444
744
838
2524
2290
786
1408
2622
548
1776
1731
232
1762
3294
2141
6549
363
313
145
306
1122
1828
1854
1524
95
4059
244
4393
4657
1221
1333
2308
4543
35
2113
1455
797
797
925
4024
722
3327
401
6511
8757
1563
851
312
1
1703
545
377
2502
1174
8296
43
3529
4636
1468
1623
1621
408
488
572
5249
158
1750
296
1777
229
425
2233
117
4894
3196
817
99
822
2822
95
115
456
764
4444
11792
658
1863
348
912
5355
1003
622
7
304
170
1158
5006
382
2048
203
1410
4527
3307
3277
755
4814
2664
6629
193
1754
1222
747
555
32
1354
50
39
5076
564
1517
1893
3581
79
425
4736
841
2242
13492
2025
176
6245
1668
1307
4611
2837
1862
1619
1230
2261
2701
438
6
926
1556
2488
196
734
417
481
2205
8171
1314
25
2315
108
646
969
124
60
1161
115
33
1631
389
1031
1525
14842
9140
1405
549
94
1428
193
13205
5627
3846
661
1321
46
10618
7257
5318
1990
61
1372
4974
6433
597
221
3116
901
3940
182
3977
1454
6808
530
461
3120
3457
1099
6319
32
2387
27
2155
2686
4680
300
4892
7
719
4854
4365
5318
1551
777
3813
3509
7447
1998
148
1400
451
285
13843
7021
8472
1325
2192
3359
275
81
7532
3566
1284
1652
1889
311
2726
1643
1594
1148
527
1492
316
6920
194
5953
325
4257
153
1319
1667
17
6857
3505
9090
3611
280
1865
56
4507
1887
617
1704
2974
261
3641
2641
192
1008
137
3211
1054
4748
1161
987
3364
159
235
7708
1258
5258
395
7396
2778
281
1510
2180
1296
79
3298
2225
2391
1851
1273
867
506
979
869
1650
7667
1028
1560
1800
915
509
9321
130
2550
4065
3797
3910
1570
1379
403
2301
1267
485
35
516
2557
1646
533
2410
133
901
7952
157
5877
5777
412
2059
1037
511
994
5565
755
89
404
277
219
561
7239
8221
3295
671
2043
8301
6921
3250
67
182
110
1842
531
74
2215
3958
4418
2818
2322
1838
604
3154
13204
775
3694
362
191
1179
2313
1985
5045
841
741
2797
2998
875
1896
1717
1564
5665
4585
6902
6630
1128
379
3734
2326
403
82
420
10
2594
774
2798
131
1507
3969
3394
3380
3744
4136
488
127
825
1467
2966
1477
217
537
116
296
5639
7716
1394
112
5595
195
266
526
892
2556
1015
851
39
4666
1965
404
1271
2557
137
450
1199
1151
1671
5965
1594
8111
6358
2527
732
1823
4410
138
279
41
372
623
364
17
193
3734
9870
634
225
92
177
3303
7280
81
10067
2484
1965
263
903
633
1034
472
6936
77
4729
1026
3540
2679
482
2620
2125
3599
161
2701
2072
2690
5331
916
391
190
306
7396
2232
1124
6
556
3446
2099
414
2323
2137
8029
648
1491
1669
6944
2830
2040
1069
5787
5397
102
6545
961
615
383
359
763
2764
2532
1668
210
286
1764
1684
401
2408
205
7717
1973
577
4541
2908
2614
3143
6910
666
294
5946
7964
1035
965
70
300
2036
3533
126
148
4912
998
679
8012
60
1020
791
2534
858
938
2629
36
2729
795
13826
995
5098
492
8
3606
61
6590
1178
1183
1296
4381
970
441
2526
94
346
3664
4190
631
6282
4922
2178
2068
6179
3525
1420
3083
5721
3192
830
2175
3196
277
3554
101
204
809
385
803
1190
360
214
959
891
2233
5036
37
139
1736
11320
2871
4010
5091
1982
1811
2737
17
2789
1648
197
1691
1806
180
10163
696
1574
1131
2171
977
300
337
1296
34
1881
1044
775
4279
2264
286
2049
118
577
321
3411
5915
767
3369
682
256
2235
4229
1264
2361
360
412
4212
7887
3115
3
2189
9955
631
14
399
702
212
325
969
1477
1267
5902
1251
905
1689
4746
43
1545
1534
1453
370
866
104
2135
180
46
2484
5039
2083
5206
4350
1171
3321
143
53
592
3412
7777
238
6295
2927
406
3158
3827
2194
586
4437
906
1720
3330
1680
2926
186
2525
259
4024
1539
5463
548
659
1369
12
578
3596
744
4963
16
820
218
609
1556
3076
3233
446
43
2527
26
1983
4623
60
1326
1865
14
1528
287
2848
159
1744
3221
694
17
1736
3691
2051
107
1420
2325
472
833
307
595
5054
1007
487
1439
3065
1582
1066
1836
9658
9404
3151
985
1114
152
12
324
93
223
2973
1198
390
81
2421
1284
2337
5327
988
958
130
1
357
931
6214
871
3620
9818
93
1528
1706
904
4287
713
840
756
5284
129
82
6112
1580
1060
882
1697
2424
754
1840
7419
923
3755
2109
2928
1932
1648
5725
1135
3183
1691
335
9400
13662
1687
1499
3231
644
1938
877
840
1630
1940
2024
8936
2896
99
4017
1823
2213
10942
5929
4005
3778
783
2274
1824
40
2878
3016
1412
1544
969
138
1233
1560
8215
3157
358
1479
1623
2627
51
706
462
4855
6493
2158
2782
1385
274
4055
2836
5446
315
574
5374
7882
6
3543
1
118
4457
1618
4799
2330
2139
195
85
4203
6121
2293
5159
1020
182
1304
1600
10099
83
5426
1592
5586
1310
5523
772
956
4415
83
3917
2257
4913
274
1547
5720
48
7854
1793
894
4024
157
1647
863
401
153
5440
110
272
2144
6104
4407
836
3512
27
280
351
729
2796
3477
600
7602
3711
1812
5551
1360
7432
7694
1889
1098
511
559
1146
3567
326
689
3380
9809
1707
6201
343
3538
854
1650
9
2084
434
3435
2792
6045
130
543
1384
5132
2949
1660
478
1200
700
446
2035
1787
3275
798
4795
1055
46
567
7359
1823
393
3455
4371
2089
5691
279
5427
140
2644
6333
730
1177
1184
2054
1049
4178
2135
1926
955
3950
1097
1002
739
1051
2455
213
548
1694
3831
1305
966
5370
837
872
2725
1901
740
11252
1584
1761
1837
240
72
386
1762
153
5935
1813
3866
1655
604
854
89
14
646
1070
1025
10294
2720
303
1
3143
735
1712
6958
2398
8042
3638
1283
2508
1
930
0
756
2648
881
3
1004
1215
1416
1781
279
892
1009
1531
5775
2398
2810
1177
42
12
344
249
35
2913
4141
7193
3975
1088
581
62
802
868
47
3315
2789
2509
3363
403
666
3961
2340
2074
1236
1124
256
1065
6018
370
31
16
4408
1400
987
2326
582
11048
1065
2382
2792
83
235
181
3532
721
1091
171
100
2846
318
3984
582
186
6205
112
8484
640
118
240
545
1539
2896
1440
6634
2141
838
609
3163
10698
1017
3879
3461
2976
2344
118
436
953
3821
2514
176
2836
1418
1995
3536
307
2607
2158
2671
27
21
219
7718
3104
119
302
3634
452
372
465
37
3613
2260
1855
4172
859
7677
2421
1
5
9157
829
316
431
1320
3532
1169
28
1631
161
248
1183
1930
71
7906
123
277
3798
88
123
1097
442
316
3599
1617
516
399
2724
4563
7274
1383
635
13238
1488
3803
701
260
1537
972
1782
2475
2945
2896
775
2161
10118
724
585
123
1138
69
3557
3870
6655
291
1575
1701
2474
776
1732
489
7310
13
828
152
7594
5061
6727
925
97
456
31
8624
6844
335
2228
9734
3880
8021
2874
4018
1468
1066
429
428
1898
2415
1233
3281
2634
51
1251
1503
1865
53
18
1699
5330
6819
742
497
476
920
2147
2855
1113
592
25
2641
2516
415
77
1335
2317
2427
484
552
1309
1869
4780
155
3213
3521
383
122
385
250
1178
12
2335
5628
1502
4464
784
819
749
1040
321
1294
8945
4643
2
13
1931
1697
20
163
1456
1698
2031
35
4625
1225
2938
4470
4
3715
2486
4684
317
117
584
5311
68
969
1819
5254
5287
992
1665
1829
2142
235
105
709
1146
221
7644
2651
215
1330
1679
2339
264
288
1894
1592
883
1364
2801
348
4656
1461
4947
1537
2573
120
539
1001
5248
8489
34
169
790
81
415
1178
42
219
2088
1073
4477
5369
33
1352
2782
5127
1129
6874
287
680
154
5250
230
65
319
4
1237
867
196
4568
33
1518
1091
1484
95
146
808
2869
2486
976
534
6136
393
397
7250
2455
967
1067
73
499
3532
1497
954
8982
65
1704
1293
776
1942
137
2146
503
5667
1008
274
2485
2864
1640
1736
598
46
2157
248
800
2920
12655
3287
5988
3386
10027
3992
413
480
6219
3942
1751
147
80
511
1348
4736
417
316
2744
2192
5717
3217
1367
9338
7186
7084
1529
12376
1728
5408
476
450
4622
105
4121
99
2586
1759
2388
4260
5571
3937
518
7229
1128
25
2846
50
1068
624
609
1660
2708
2574
965
4239
5149
22
3079
1412
1883
328
1524
376
380
540
1077
87
168
934
4309
66
2212
987
283
3169
1276
2632
137
4476
954
709
1187
4737
312
1381
2504
1414
2928
9428
3443
782
4218
614
3920
3546
1081
1016
3153
2185
1525
143
728
71
497
8575
3450
3143
291
5310
137
4313
100
546
8630
7878
5121
5564
2165
718
399
1040
2232
4948
357
2683
5723
1866
2937
137
7589
1427
473
873
905
1143
2923
312
4974
506
11427
5980
1797
955
3392
240
1080
1082
611
638
208
1177
4004
1
1822
6253
1097
12
1159
134
290
3355
76
5988
1548
497
542
212
178
631
3246
764
105
2055
910
2201
2533
143
3864
2232
3989
500
124
663
934
7530
6428
4105
83
4672
406
2669
1409
1309
5355
227
0
1544
6223
7055
1757
62
863
3182
202
389
981
468
3055
96
209
3316
2820
2867
263
5
1170
6013
1588
1811
6361
218
61
2452
5496
2956
798
142
428
5068
346
444
2181
1669
4697
5568
168
738
249
760
5224
530
4537
5036
452
5
1540
1133
776
353
10371
1407
2575
2122
184
25
2671
720
1970
2391
1533
6248
2359
1725
3134
7241
799
4250
5336
1539
5016
615
205
344
10219
279
4674
3277
760
1866
283
82
11740
698
2891
1020
305
695
1994
3170
1916
3297
1201
1609
730
1779
2503
4607
555
6686
2317
18
2372
1188
1967
71
520
2027
2342
1031
1398
864
872
1087
7
417
260
0
57
1797
779
6186
875
2276
1091
127
341
1755
2066
3730
1023
2811
2714
2684
9330
8099
547
66
1696
10113
2102
2821
38
8683
1695
237
1206
5599
437
2064
1303
511
2656
524
3347
381
1222
6547
8356
6553
2
716
1203
1617
670
986
4189
1897
540
1813
33
1953
1552
1682
50
953
555
5498
1803
601
916
188
666
710
52
17408
1208
3205
1645
94
880
867
1941
242
2194
1237
921
739
3621
830
4104
4874
2647
632
599
2558
922
3005
560
4948
1170
8576
3744
99
4321
2082
269
13
4543
1842
738
2578
69
1351
4934
149
5868
1194
3175
8102
5135
109
6170
980
442
17
1292
120
7670
374
1490
8923
848
1882
2609
1201
3251
4794
2471
437
2090
1552
97
2011
3246
1753
267
2415
1241
193
59
3074
4466
226
3013
4567
1462
9859
2531
269
1456
42
2626
91
544
2578
668
1402
5232
236
181
4183
2255
335
97
5503
656
8236
5915
2106
512
3836
957
1233
134
5040
3367
450
3649
4480
40
251
10699
3150
3509
6565
1746
425
1736
313
1102
2326
86
2677
2114
4675
738
1313
611
1591
2371
305
3520
5527
160
454
730
5511
491
222
2990
2158
2447
2104
3628
3735
1944
1321
285
2105
970
1493
1217
498
74
487
7862
15
158
4942
296
2223
941
1259
2383
3330
1132
43
935
2287
695
1732
4378
5979
438
480
779
4411
531
603
6813
346
325
2625
4234
1249
4219
1373
403
165
1372
2840
802
5302
874
1195
2576
14552
3653
9701
671
21
513
2371
1188
1094
5038
1417
676
7501
1970
423
8
104
6050
14
24
4115
608
9513
116
4
4966
27
139
423
1686
9604
758
2901
2
762
480
6198
8
20
4253
7699
840
2057
746
4101
14
1143
2135
2112
10912
3424
3485
5371
3711
1026
4649
132
1871
493
2103
8648
169
352
1654
1808
6916
1529
171
3614
6393
357
5628
2629
1466
2497
1296
800
1
1131
14253
17
1314
9576
5319
235
322
6463
3530
2057
292
116
8574
72
13503
731
4931
615
0
5590
3886
1079
361
76
2832
3842
6636
1358
948
743
28
5661
101
43
1200
2695
2189
3614
853
541
8930
2187
1121
10652
61
9507
730
4838
1335
668
746
7422
30
62
819
5257
371
27
1632
8468
528
1374
7557
2385
475
2794
2523
1254
2406
379
218
836
12583
101
918
3182
647
13
825
633
2376
2151
650
771
3977
1154
2181
2595
2408
1213
1018
740
483
3779
3375
1634
1298
270
311
1147
1575
1522
427
68
584
381
6934
101
26
1374
4351
39
859
262
143
873
6390
411
4616
5
5035
6417
3843
995
256
4654
1451
5102
1693
351
980
2788
3584
1896
910
1300
133
871
214
154
2772
40
1263
50
441
100
137
363
3610
270
887
1051
400
2757
3
73
2760
418
137
4393
147
176
723
772
182
302
1533
3410
3408
5322
34
3725
2867
293
791
211
1809
1116
458
2852
6054
3244
413
415
589
1009
577
1576
2202
542
61
241
94
2
2290
3678
6874
2662
104
725
1338
7615
1457
795
1122
292
630
82
4761
4013
30
115
2523
2670
1230
7048
587
2592
3260
1016
771
530
45
1282
6405
2200
2398
3616
213
714
827
4054
657
911
1925
1177
150
121
295
98
521
3664
3677
764
372
3762
1067
910
893
1308
3294
2898
5767
1103
320
1563
5264
6153
5560
233
57
4765
229
164
33
234
3248
348
832
3593
822
256
336
1304
8548
329
237
259
1269
348
1263
172
2554
1422
4034
2845
7067
693
4397
78
264
106
8920
442
1604
7714
3644
2466
1335
1505
3742
59
2554
174
714
695
1015
157
2897
626
1012
293
2831
1419
3972
6556
110
2599
158
1082
2190
1626
5263
920
1231
261
638
1679
559
4940
44
827
9724
156
4963
2829
7711
981
538
5270
99
1690
2888
244
973
215
766
1999
271
58
10419
914
4367
226
299
1323
5929
513
4604
36
215
2869
418
777
349
1657
448
677
0
805
1173
8588
2719
283
70
1370
1417
6211
4943
370
425
95
2
2038
2254
833
911
5690
793
101
2896
3112
2640
858
1438
137
709
5191
112
4510
2412
1936
4558
777
6858
2949
2132
2698
1118
36
18
70
950
1417
2709
16
2336
6545
550
7153
2167
2579
3717
1852
438
4955
9489
2378
7830
392
4287
4724
4327
9337
710
228
717
6561
6176
34
1307
214
1006
162
242
41
57
495
33
3087
875
4412
9616
1314
314
4
586
1511
1692
1901
6361
336
12136
426
5
2034
948
7278
6588
2847
193
120
1502
2886
1157
2343
664
1571
2610
211
2301
1639
8358
531
829
209
1651
114
1353
1947
558
2044
8863
2971
1384
5243
371
462
3270
1119
5901
6985
4764
44
657
6381
106
83
2217
3344
8725
2725
471
1993
2711
97
2247
3696
10787
1635
246
9855
229
2949
10492
396
7478
7497
3468
3605
2152
136
1457
14
827
3908
2869
346
224
4476
3839
276
2940
3709
6411
86
3139
5978
51
527
2033
1893
1532
5054
844
612
867
3325
289
4821
2369
223
649
3880
3586
19
468
78
1006
575
1039
9526
1858
93
89
1284
5858
5004
417
1258
4890
7178
183
2104
48
1444
390
1
511
4428
1411
478
5779
3840
3405
1614
2960
3853
658
20
1448
134
2202
4997
1579
200
5099
5412
171
322
3450
4693
493
2830
388
27
11
1627
76
541
1308
346
1385
2060
5549
919
4693
1269
621
3829
622
581
4955
1647
141
791
8570
1245
1268
2110
1579
1411
5838
1221
886
2479
664
5470
305
21
361
605
769
6532
2008
1074
2340
4169
2471
595
4429
111
3173
1585
13
472
5713
3731
925
2797
2351
1206
2889
49
622
330
913
9032
3576
4098
470
6131
839
218
531
1793
2568
508
1791
1791
345
1027
897
9446
212
1605
4
69
1396
471
2321
650
362
120
2651
2730
1278
7064
2491
663
3286
2031
4061
72
101
1263
635
169
245
11725
1166
5808
582
956
2070
90
174
1167
200
5975
9980
711
2346
1866
750
2426
1612
1958
1181
4218
344
12196
534
200
81
2089
972
524
18
193
4169
722
1891
432
795
359
3534
98
7570
14
2690
23
1295
1078
1093
2380
2388
3095
5637
458
87
87
76
1669
30
2030
239
8000
2952
2413
339
5854
4177
1074
207
10433
1370
234
801
134
1051
2176
130
554
654
2411
1504
61
65
480
2752
5512
210
279
2558
1142
1615
5722
889
2672
1284
1520
52
297
3564
1539
3754
416
3430
54
4599
224
4376
1261
3156
206
1336
7407
937
7360
1795
8039
10
1949
1368
178
3445
2543
6592
2673
2576
11525
2547
1817
627
267
169
217
350
128
902
900
41
2695
1577
3491
1052
834
2900
784
7336
7125
7763
5296
1925
3271
2239
0
1218
5285
527
34
3594
183
1335
132
440
1148
1290
565
514
2282
437
1177
4491
934
1969
1887
234
3655
3115
3431
157
10071
607
1148
1244
6102
632
356
93
394
1875
6954
3883
18
5962
9129
2254
1014
7600
264
1803
1621
2746
1613
459
1330
447
335
184
4116
3747
1060
10414
1944
4502
2662
22
6523
5154
2360
2747
2993
741
2302
1267
8134
919
2303
591
1371
659
4044
470
848
118
1480
140
1342
3500
152
59
2389
3614
538
330
8248
9803
8749
3034
475
7335
1981
1945
12277
361
108
11
2337
701
312
35
109
843
3972
3165
290
540
198
5567
3937
29
5285
3535
1346
497
1123
272
688
73
953
4102
3997
75
4690
28
2981
81
1064
79
149
9496
409
3474
5590
104
239
4233
4045
417
2453
2243
1614
1386
2673
1169
539
784
2401
4796
3811
1488
1164
481
4857
4421
4549
4053
808
1362
1237
878
3399
1489
3385
688
543
7390
794
1366
371
237
2174
726
2311
479
1016
1349
4446
901
1233
4897
221
2391
4501
1895
5736
47
2434
2732
3519
123
1018
6679
9209
982
2347
672
980
344
3954
727
100
11035
158
2552
7293
582
1840
183
3148
868
4953
869
5011
3332
471
1216
6442
2102
6723
433
924
4314
210
332
1761
110
2623
303
1012
4329
766
556
2140
4187
12
1068
935
1210
1030
3352
1182
554
3457
1503
2004
2194
62
2315
1548
201
5589
975
1068
239
4204
1182
197
6828
2747
1456
1719
299
529
10612
1097
1175
701
4551
176
1323
512
2026
32
126
50
929
1198
494
2260
35
13
6851
3469
898
1645
7196
146
3070
2517
226
157
4573
4445
1973
881
427
242
2706
1176
657
6339
1365
311
1976
3734
1477
2899
414
2139
897
457
1494
9935
3628
4218
64
1936
1740
3693
819
67
6904
3555
4861
5484
5362
864
785
3646
1405
866
3605
449
6752
992
875
185
4311
272
660
447
5872
448
1144
6399
510
1860
771
1251
4822
105
3667
490
83
5017
342
1130
1708
318
392
3475
6948
621
4425
2129
1374
181
98
1469
2280
443
855
60
78
6981
5871
4593
854
6799
10353
3504
305
3421
1670
3029
2351
2010
2743
3180
1710
539
2288
3563
68
5121
522
5275
3020
1829
5153
1159
2274
275
4358
328
78
2151
625
2588
3397
54
4287
259
1649
407
1534
800
4478
9754
5734
3007
261
2171
1396
134
1113
355
554
4284
1882
1533
52
7181
549
27
1808
416
547
1690
4334
491
100
503
2042
1247
153
8926
295
3469
1598
6456
12
645
1118
1029
439
995
2429
2330
799
4922
86
5874
2661
2020
108
5629
309
2299
122
342
2
21
508
780
21
1247
6185
2629
804
95
101
2433
7182
342
870
1178
4212
7063
5761
133
6771
31
669
1068
17
3183
3663
62
135
4447
923
1031
4639
3628
146
655
295
1045
1908
1491
1461
265
7945
632
715
1908
760
3898
1080
594
3252
212
3687
434
2792
4705
3174
1719
1810
2379
1796
32
332
685
988
147
346
4626
3850
953
6678
245
1673
639
1900
35
115
831
3867
7718
1713
510
242
810
200
6017
872
298
562
642
1097
319
1661
265
11463
1549
103
5765
2451
1559
4211
2168
3220
384
5974
2338
1567
60
34
2118
4700
1176
1325
3831
1090
4104
4740
6202
434
8396
1420
654
1309
10
558
24
1872
762
1158
4339
1613
3932
46
6844
5526
3987
2663
1025
127
22
6428
146
352
1713
109
1920
234
1864
2138
10436
609
1171
562
9373
953
723
4903
2037
3976
915
2346
4257
132
886
5297
373
4188
99
1904
197
2867
1912
518
1287
197
79
2832
4693
328
8812
2722
457
4485
3488
101
5214
1515
391
162
3297
438
107
243
13324
854
118
5180
1373
119
1360
1976
2535
4453
7232
20
2458
7616
406
1784
15
2746
1599
458
1720
834
32
3311
1001
4360
1156
4906
715
165
313
3046
1487
3175
2286
523
513
49
243
154
9
2193
1548
2273
1396
45
728
875
1283
176
9228
7079
4718
923
280
2228
3192
211
106
1163
501
87
1462
3553
1019
629
416
20
239
4050
4226
802
520
6039
5059
573
3296
7075
2966
2658
870
397
550
5826
3068
103
4020
1744
3660
2798
2471
705
1241
227
1865
6982
1740
333
1378
176
4963
1653
142
4524
3828
6183
319
23
3718
4571
519
5419
240
1814
3697
879
1327
825
2583
481
3775
163
296
2211
991
349
1483
538
2312
3635
4236
71
402
3762
3186
5349
5573
3575
2120
5164
610
1807
1764
2994
6726
357
157
109
466
2740
868
932
436
4624
5086
1316
470
166
486
1129
299
15
532
85
416
569
380
2569
1200
2192
4168
614
342
2912
2092
5872
36
830
3488
537
2823
785
399
3255
1211
2289
2088
4775
1523
89
634
67
2665
3187
1411
122
1022
2051
932
394
3148
586
2582
1660
2027
231
715
445
99
2875
323
2847
2353
1618
19
224
3042
1206
2863
44
2249
1929
1974
5176
1848
2285
593
131
8
2059
2988
4237
3935
657
36
5362
1689
29
183
3293
230
45
289
883
1014
145
64
1649
98
5820
146
8015
679
542
497
332
910
951
296
2729
1039
386
1188
1689
1026
397
525
5597
129
2011
866
35
272
233
6608
658
793
1318
426
698
816
3865
2
6841
709
368
944
771
1113
648
1786
1330
1309
620
4709
99
833
1657
9684
789
88
4073
576
173
2203
908
2267
762
1209
4005
2422
3569
96
3
6982
108
336
50
163
6242
4854
2429
6906
161
4919
1580
513
207
809
46
1162
7857
8903
235
4584
776
2992
1133
3150
2228
3
6682
161
2968
1221
318
3455
5120
3410
1691
2558
4934
119
5
131
961
2200
6599
5120
93
5107
63
1026
231
2404
4748
5799
2747
472
11011
3435
4310
108
1188
202
4620
180
5660
3686
12
401
143
2144
4918
217
3451
3151
8582
1229
1663
526
3631
2809
1521
704
4375
954
907
627
709
2144
80
3148
63
246
360
1485
827
51
2455
560
6423
950
5316
3918
218
24
319
199
133
2789
1443
2537
2503
670
1707
3391
2519
210
8076
1925
2564
2535
5737
3014
972
3660
1834
152
1852
2901
1403
3412
7799
1029
3378
5374
3032
2361
112
1454
727
311
805
1547
506
3818
145
230
3221
414
3558
131
6122
5084
1998
109
3702
2643
1919
2180
791
299
579
28
3382
388
1536
2449
2177
931
25
4802
1453
11641
12276
2638
403
3299
2293
1023
3657
106
274
2514
2155
4855
784
1113
1172
797
3117
1007
5872
249
2472
2259
2016
383
1006
2920
3598
15
1788
4288
2007
4
1169
2613
4326
355
5198
4673
1968
1619
7996
11517
207
3
2373
20
859
641
8377
17
4846
2043
7262
714
782
1424
6155
317
4069
949
2663
471
2174
2019
453
1347
788
1497
63
425
8417
3629
624
6551
3536
138
442
462
99
184
467
405
4658
2090
7706
2760
361
869
3731
252
851
4066
4952
1815
3877
2230
146
720
1381
192
1033
1023
375
344
3576
172
932
2082
1888
196
145
940
1310
1371
127
676
604
2179
2283
65
1587
5160
634
1460
4615
9
708
7909
582
106
2549
3251
6901
6991
1069
5104
415
3028
1217
2890
1069
1720
233
1290
353
438
1613
439
271
121
1936
3166
5
1210
1234
2579
3101
1617
263
395
263
4189
923
65
4291
470
2606
1082
1616
349
3128
70
3426
1227
869
479
6
3250
2810
1020
1004
2407
1913
58
804
170
12195
24
6681
11
297
145
1801
6486
524
5589
4233
4226
2198
375
4311
3813
1917
161
312
68
1873
2097
382
120
1174
6518
4981
3354
1330
1000
2627
2965
265
883
2416
562
8320
5984
262
2024
6157
638
877
584
15731
2659
4068
704
4625
5279
2102
156
4121
8703
8739
6524
319
4404
4477
1481
42
2231
902
2372
5341
2552
254
2008
1154
2389
6375
196
542
2338
1424
1086
150
547
1108
32
319
352
1615
1954
6083
1719
2074
3197
3203
1119
1049
411
2658
4884
37
3410
6656
8051
1811
3529
4176
828
2774
1102
148
4827
547
2824
1374
347
3243
1836
5934
312
6467
1248
749
295
74
559
34
1559
2790
303
4315
165
3384
1188
4858
4978
61
608
813
1072
6559
5972
1282
46
166
10239
3338
11
1254
203
139
2420
113
1652
69
2070
4352
2405
1493
1265
2899
3479
2694
5727
863
877
448
683
2675
2592
866
51
927
1782
2064
643
6331
4433
5718
1692
4187
811
2716
11859
155
1086
841
142
1744
1489
498
8966
10
191
839
254
1923
6847
42
3689
474
1934
3494
3251
4189
2590
3064
469
6225
173
2494
161
2873
11
8695
1099
1090
0
1378
1913
802
7534
5358
8291
4589
169
3362
294
1932
543
1560
173
340
3609
6628
162
567
179
5903
4472
3770
5851
3816
8953
1748
3446
2155
6949
547
3570
2768
885
173
6646
2248
310
480
592
229
1906
4172
2493
3214
4
4659
1995
733
3436
127
952
1203
1193
819
1121
2198
7744
2106
37
1649
762
5284
3427
5617
178
4484
2
494
1575
2210
8786
352
44
631
1019
3756
317
364
1577
4727
7732
1279
1571
3319
1164
407
6301
537
587
1255
529
668
463
10015
5712
4226
919
8669
130
121
908
123
1060
111
2262
422
2532
949
2306
750
861
8282
29
5090
191
274
5465
4791
3850
615
3475
267
2933
2657
1976
47
6
4869
6
171
564
3866
551
42
602
234
6119
4447
4866
57
2213
8196
411
1262
2154
3359
249
8626
995
2
1048
227
1169
4674
3938
79
6478
135
4511
12107
3722
75
5562
1049
68
806
4836
1122
3682
1117
1482
772
1257
3158
6568
849
700
10436
64
2363
730
1300
2025
507
3776
349
4892
556
382
4598
166
94
2798
15
4896
136
1293
3138
1073
1500
879
602
73
143
221
46
687
1533
4940
1386
1073
657
1213
326
700
217
6411
6954
2015
1668
4617
4706
1846
3753
2423
3
1125
84
6013
5923
11446
1417
1582
2789
62
3059
493
801
55
840
4365
582
418
130
9860
2471
2058
169
672
667
176
443
8905
1180
1276
1888
6567
5932
1100
7353
355
96
764
164
3605
4096
4579
207
8808
2396
1688
11
13
433
9389
1163
4
680
188
7831
272
1105
3780
536
1741
394
4418
3
7322
6975
3727
846
6527
1523
78
539
465
4882
9667
2645
53
1505
8033
69
2032
240
291
5927
2115
1829
2304
2340
437
69
1042
607
2956
1850
3894
199
5458
201
1117
209
487
2180
2511
750
40
26
9115
860
42
475
1256
2311
83
2625
2381
1742
695
1
159
281
8268
1038
1961
460
1507
976
492
3736
1151
376
649
1107
3713
217
4043
2800
1371
746
68
7779
4892
666
1676
160
160
3472
333
1247
5399
2947
2487
2396
2099
56
1110
3357
694
2431
984
5843
154
3591
675
149
2550
1660
30
1520
3637
2458
107
344
2604
2269
3869
422
6544
4655
479
2313
828
2888
143
2168
4040
8192
771
144
7072
5577
1380
18
185
2973
523
681
1325
530
893
434
223
2315
6
3013
287
6040
6353
22
3181
6707
1161
241
1406
40
3484
8862
212
2175
5400
1885
3926
1328
541
765
21
1937
591
347
467
6619
340
583
3713
9217
694
444
285
246
9955
1427
19
1783
1733
10138
6062
1606
287
116
420
244
114
540
90
3108
745
2872
1946
94
4662
146
375
3075
2631
97
691
5311
242
2387
2511
606
728
1054
8770
1456
5424
2189
406
3421
2027
1078
63
350
210
2154
1019
257
13173
4640
2051
8623
1258
141
2187
6905
2408
2403
19
3121
5672
2746
87
306
1149
204
3835
288
295
2762
1279
3669
62
66
437
2329
961
9253
1797
835
26
120
553
4006
691
760
1637
942
1929
360
2405
1296
3229
598
350
1616
1172
1561
1255
499
382
741
103
2746
2251
2
2268
583
40
412
550
962
2963
1034
2150
87
248
0
730
2039
398
12
1470
83
3440
1041
688
3720
1086
1667
644
274
3967
3067
172
749
2875
432
2975
38
4245
383
621
158
2817
1181
31
966
3759
3433
3733
589
2817
1379
616
2500
3763
16
9583
3770
3348
2180
8
1773
631
4461
2909
1297
7178
101
1805
546
4530
2284
3326
844
4388
63
172
473
326
28
1605
1708
661
884
4170
1648
1703
3179
2979
407
228
921
5496
1983
521
457
1808
762
1141
698
517
5563
74
4034
1465
8050
714
832
5727
3512
4078
490
2234
3915
4884
51
130
1131
204
3438
3858
356
2468
914
517
164
813
2954
2514
1306
2361
1289
8654
3238
5404
3715
1019
604
2192
3538
6277
5362
2652
70
1990
1659
28
5801
6932
4335
249
94
1897
1448
94
5405
7728
802
1394
3073
2505
2767
215
359
5
1557
1346
685
1707
222
285
1568
18
12
44
898
406
1723
648
202
120
278
1692
2128
1445
332
630
27
112
5221
730
4320
594
156
787
143
2767
1426
775
4541
2485
3801
581
4581
1835
1345
159
1338
233
327
3633
386
4983
49
69
6030
208
550
3926
5827
1021
694
1796
2534
191
5158
31
1
2409
3676
699
1488
2811
1156
725
2538
161
860
642
6294
275
159
107
501
151
12359
3672
1624
391
99
519
3729
405
1251
949
1384
1796
46
1306
5816
2295
124
6276
29
3331
224
538
7
206
987
2019
130
2121
160
4083
222
7326
75
228
1661
789
328
1141
130
708
1
1477
1277
1395
423
3787
368
435
2360
971
8042
277
964
1873
660
2090
254
1082
3335
866
314
10776
110
321
2427
353
208
1136
7852
2357
681
261
1432
4139
1069
181
186
1
977
2460
646
2118
5782
2484
75
887
14600
2815
891
2561
4703
7666
7335
1023
610
971
219
6255
2285
1298
251
786
751
525
5665
3123
2657
40
23
546
128
931
2197
3699
285
2541
3
551
114
197
565
3224
3773
1506
4861
7790
7607
3001
2204
743
6075
2962
4897
1627
1710
382
24
1744
2049
710
1593
408
37
4355
1973
1409
352
5725
654
228
1387
978
1298
1996
4395
709
885
11583
2232
2130
156
1697
333
1593
577
5914
362
2656
1460
104
5438
634
447
3006
796
2430
2854
6071
5822
563
8
4778
1056
1640
821
43
11176
8137
910
3129
1131
58
1391
1634
1330
2384
2341
6210
353
1042
23
10325
1482
4704
49
60
1985
1850
331
62
882
434
2620
19
2807
492
2444
3486
4866
1998
185
500
721
3423
406
164
1591
87
332
700
3848
1037
1352
5357
1352
2209
1153
1390
5488
2001
168
736
3284
3921
695
1521
1117
2903
2093
312
8358
388
1933
4021
357
6502
2339
1485
1731
1616
2127
1363
11072
232
3030
31
1595
1923
899
1253
429
4032
1103
1578
3509
87
103
257
0
108
6164
6388
1578
60
4406
3868
110
6638
244
1451
1645
125
4807
1930
2709
3482
791
1727
2908
304
338
11108
590
1448
220
1678
1279
1893
3196
2541
3281
5388
7581
3463
341
3718
500
8985
109
7662
3008
679
766
92
741
132
12481
1490
4159
3331
42
6
1
934
1488
3178
1333
286
936
473
2688
300
3125
79
344
1461
289
558
2992
4270
1710
56
1770
430
1539
700
31
2260
18
7831
170
594
1694
502
975
477
1366
471
1081
1451
1754
2151
2945
122
8190
681
3590
5115
72
1038
1378
2685
452
471
402
3446
1604
1376
66
7560
890
4787
506
1144
828
3370
7
758
868
3121
703
1428
566
9895
2514
82
19
1820
7529
1597
10455
8737
4933
6039
309
329
2996
665
1411
1798
363
3435
146
269
1570
1939
12640
697
2859
2437
5158
240
3067
1917
8811
1645
1554
1171
534
436
5775
3555
137
790
1707
869
1939
256
1867
35
752
8727
6
322
2301
799
1958
1123
662
388
334
147
1164
1469
2732
268
1781
2551
4
812
1209
747
2225
945
811
2933
711
1529
37
3414
133
59
4872
5954
851
772
1261
7743
484
1712
3314
410
0
2373
11019
972
226
5304
566
17
8401
5754
228
4104
453
369
1223
40
127
3121
9649
1435
105
784
7478
2368
496
4304
491
9663
692
665
208
951
743
894
573
346
385
1065
69
304
4257
1648
3665
250
312
272
1619
2
126
1197
5309
2520
1511
103
198
652
87
1926
108
674
550
1051
20
2222
513
941
103
15829
995
4605
560
2861
4224
10823
2777
9389
5981
2524
3450
4292
5953
94
1483
9899
7227
1370
5594
130
2408
360
1571
43
714
2491
4488
201
2061
1251
2988
1243
6463
87
123
6585
260
686
850
2672
1744
2657
1706
848
1824
4648
523
3556
401
640
4913
235
2442
2616
855
133
1035
2137
1925
6251
6766
6184
532
4896
1226
1507
5141
226
127
1516
26
2381
5272
912
1126
459
4024
1017
5005
3486
5761
4411
5291
777
3101
3772
82
466
1798
12920
191
2283
2638
6915
14
2050
4842
5647
169
170
1473
1443
79
5428
1334
2496
4418
219
50
1656
4082
1862
5651
2108
220
8853
300
4149
1281
590
921
103
932
953
556
314
2907
1106
533
2420
352
429
1190
928
1484
5735
10650
3344
1334
6916
280
111
563
2664
238
2674
1559
3961
5949
1763
420
315
689
83
170
1330
250
1109
4066
8272
1430
11904
145
25
1150
1226
6711
1053
2398
1543
10
68
4711
130
1266
2912
2656
1519
89
2530
1137
363
2259
3615
293
1355
928
29
1196
878
1579
4065
655
210
4242
631
868
3738
3
803
2924
8669
7394
3495
3633
381
448
6822
1025
7602
487
5909
6144
1911
718
1875
9
5535
3648
1497
1523
1342
4257
1319
5571
1161
2495
1863
6033
108
4836
2101
1981
264
1421
810
356
1013
239
498
377
628
3693
7868
919
4231
11939
1365
181
1705
262
969
2474
540
550
404
3276
41
7342
891
1664
964
20
5944
288
1463
546
2238
9646
71
591
29
542
2351
639
1138
1204
8065
590
1510
6011
6042
418
4494
5368
413
919
2801
557
7944
3719
1632
477
4038
3367
3143
8611
428
44
3432
5475
2355
6307
6608
316
1750
264
19
3361
617
941
600
3851
109
525
3912
4579
259
1909
2017
28
739
617
809
2840
775
681
505
7663
5757
37
1684
4494
3687
701
1138
367
290
1994
646
1513
608
359
2137
917
3039
8161
3446
4863
2544
100
499
15507
6580
1038
7505
272
1130
2993
210
298
1515
64
1936
4880
1117
1849
1147
1081
792
2009
601
7574
824
8362
1575
361
5645
2094
8042
618
119
5859
5375
1584
404
747
205
2181
1163
1399
50
3932
2213
24
2529
5712
1185
5293
183
3445
719
543
1169
4141
57
5153
2838
1675
10
1388
27
886
152
1738
6304
354
69
9219
2445
5637
608
774
1912
1906
0
1138
982
2507
1725
344
263
3470
2259
4164
14151
160
921
350
5823
2001
3791
878
5334
480
829
82
7
705
530
2793
8272
725
3571
4470
33
939
2705
24
5206
200
1032
3558
1077
353
5118
833
427
1142
187
4126
94
6730
35
3494
126
1154
109
2557
7411
6805
35
18
1543
4035
344
826
442
2282
706
3440
9028
1559
1301
605
546
1483
9897
9992
270
525
11
654
2950
414
838
855
1002
623
234
1324
5274
1100
963
363
101
1313
1030
1193
1330
406
4627
1062
191
4733
2902
1385
177
2623
1583
257
350
7610
498
4739
2510
4024
3432
6527
892
470
63
394
2823
1732
2283
3765
92
74
1873
167
825
2962
503
26
977
1835
85
1720
5162
1278
4950
1525
729
668
15
395
1753
538
2946
75
3925
2663
233
778
909
938
6388
7414
472
1404
3075
5401
621
1297
314
2481
2268
2349
7487
5442
2086
960
10619
4884
166
85
1092
973
1208
1315
4052
4711
688
7816
412
156
1985
3470
139
675
2022
504
5457
657
271
3125
826
3042
6636
1805
523
2694
93
328
1081
1465
3836
1112
33
149
115
745
70
4398
412
1
1943
10
623
1793
3588
990
2213
8698
111
2525
2335
1094
431
832
1376
411
64
3097
1310
3905
4882
4792
503
931
659
2177
9
3738
438
6889
1420
1447
243
5052
1540
211
2282
887
3777
3964
68
2661
365
6791
565
697
1952
473
2076
8437
24
3740
7298
2388
542
5007
2869
3267
3440
7103
497
206
305
153
194
3280
300
482
2486
1936
75
15
256
650
88
1418
1699
147
872
2909
3916
259
344
807
3436
386
1262
9065
1279
50
76
1068
71
666
1124
200
1124
1692
94
403
3150
1207
508
138
5794
110
6995
856
326
10370
6479
8431
2452
199
292
349
1378
2642
1996
1369
297
887
10398
6417
677
2477
644
3287
776
3622
238
2340
2742
4489
920
1741
3658
1675
5202
1034
875
3
1674
531
2258
3363
766
1193
5088
545
21
753
3281
6305
2712
737
997
414
1150
771
5459
307
132
452
5033
127
294
1696
296
4557
309
316
215
1437
1173
1420
96
2915
2905
45
153
3046
2353
7072
2601
1756
4520
1366
1080
11229
465
3773
2340
4776
5125
849
8389
556
1046
974
4988
1547
3
10019
702
21
305
98
517
194
6546
2004
2269
969
1953
1397
4126
73
3283
938
916
697
2144
1022
4099
4036
3367
1383
2779
448
37
460
3025
1694
2470
2983
1434
1729
3273
2335
140
273
822
6181
1031
507
17
363
648
4108
2092
28
1929
3909
950
3506
154
968
930
1823
4264
3641
546
2561
4986
2274
1791
197
325
6855
1977
3100
1606
3951
1365
2508
226
3074
372
137
3068
1383
1472
5487
2520
2239
3641
342
3259
418
350
2843
2348
201
117
938
2177
2484
621
4816
27
1235
849
10528
731
6742
163
637
539
8642
2336
997
6758
3
154
4942
898
7685
1189
3973
5440
4570
152
5790
90
255
420
673
4547
1349
32
1725
357
3042
353
4413
104
614
2915
336
2660
1159
774
1316
706
1262
2008
87
107
13
359
705
81
1468
27
2541
2566
584
5868
7526
1894
594
1752
1117
75
26
7684
326
4188
450
138
4027
1674
1176
2165
291
188
2480
2149
1336
257
106
30
208
436
3862
909
749
661
9851
2678
3196
1659
310
462
3217
647
2017
1991
1604
3200
3254
177
2053
2450
1856
1011
3045
1336
382
6769
508
61
339
1406
3521
2020
71
60
30
1513
4033
4569
2375
1943
5183
774
10448
112
22
4821
268
567
871
3844
250
2574
3509
1428
1916
1521
570
17
2111
1558
3625
1027
129
33
700
36
48
167
10157
1434
923
118
1112
239
522
1267
852
2209
552
2519
3790
476
143
6287
502
457
2928
580
2828
336
2690
592
6224
3536
2492
4941
2110
435
337
1747
259
1467
900
192
15
1020
1603
3706
904
756
238
85
7189
176
12954
4848
616
181
1406
307
2339
689
2150
7198
467
668
478
2656
48
325
1008
4343
3893
6
6496
948
1370
4327
149
5777
2822
227
1854
1248
34
764
174
1042
784
469
3088
137
974
689
2531
1506
5099
4179
3949
2651
7591
1998
147
1676
57
55
2173
171
515
4146
472
529
4546
3128
13645
2471
14702
1722
2118
6068
12
3230
34
1062
3826
1131
2913
402
9017
8375
2058
186
14
693
624
1483
2673
11550
2136
10
294
1965
54
2472
5745
5788
1397
4111
2108
33
320
2279
1241
9739
3903
1167
2409
168
5578
7384
368
11499
2084
1590
2928
2996
271
342
6333
3709
1101
2851
4128
799
2278
420
329
1302
243
701
5433
2143
1066
54
9607
717
814
1947
220
14
394
1196
3080
1081
2370
1660
74
5822
3583
2087
1036
2823
3226
2828
3850
656
4020
608
360
5214
763
2093
597
4616
1664
5652
1757
3732
1703
6501
6545
2983
443
1208
911
179
1404
5998
2943
3359
3844
1041
996
1030
375
613
1918
4857
7250
926
1077
13
40
443
1879
1714
807
1450
1700
7400
363
2262
1999
3593
364
3635
30
3689
2380
2453
1806
2851
2278
554
10349
1522
1831
233
9983
938
212
2060
1505
240
1079
2534
49
3928
42
986
7684
3607
3493
1288
120
700
541
92
2969
2762
2563
6859
3815
76
1887
2512
3281
2329
1173
53
167
3668
941
1646
2023
3397
2332
907
563
31
1162
1551
1805
80
1014
2023
134
1198
2368
433
3
760
311
108
531
714
2447
658
4329
147
3361
858
873
3062
9832
1196
706
3398
12569
4500
1817
2881
9269
589
2641
1586
1356
4761
2067
3664
529
895
1087
270
1165
1982
197
640
8456
4727
1583
27
215
848
4107
5298
5793
565
5455
61
278
3297
2156
8708
1188
465
2407
75
152
323
4249
1892
1146
803
116
3595
4027
1011
584
780
7950
2539
779
1416
729
225
5700
4758
891
1894
336
1860
836
413
1223
656
4992
9
31
186
636
2015
714
45
4
3382
15
950
10
1120
306
5248
34
126
1937
346
1461
226
2927
698
1489
32
130
1078
6088
2496
2029
173
0
125
2964
4680
612
730
1802
4958
6595
1601
4414
85
4185
165
2422
76
214
87
947
558
857
737
653
7989
1769
257
1976
7512
847
745
1374
1773
235
6582
177
5130
8990
7
5899
479
2908
2808
396
215
563
233
310
2332
27
1375
596
1161
192
599
191
2100
175
7732
74
435
321
2270
3146
129
294
47
1346
1352
35
1096
2548
261
2695
1604
47
1269
796
1269
1706
2999
960
2647
1292
9139
415
238
13
140
6128
660
156
731
1808
1307
2170
1630
1551
2613
313
8
815
675
14240
99
318
1615
5348
3181
1031
15
457
189
551
2681
10551
406
2643
2357
762
151
38
225
4739
1478
2058
177
812
1118
476
902
66
908
5673
7978
947
481
209
618
921
733
1210
3016
144
2896
942
938
5843
3718
17
934
325
2444
1870
176
12
10457
1382
4913
4362
4592
210
1101
144
679
787
1322
10149
1692
671
61
5276
11458
5011
364
1344
835
8258
788
423
2354
95
1486
212
1252
2536
3580
909
7873
1255
226
688
4626
71
10505
1555
5248
5362
8767
1570
508
4375
85
745
1860
3179
402
3388
3109
757
541
2469
2068
5363
4203
1544
53
1309
2558
460
0
152
36
502
2856
473
1502
7858
6143
6921
594
430
6194
558
1060
1420
716
8675
1999
268
100
254
3894
2570
640
1880
5343
2372
2608
36
7447
3242
4436
1128
1129
3838
159
32
67
706
134
6434
4317
176
3083
51
7955
427
1432
1881
696
1964
3431
111
3138
931
145
6537
1011
1845
89
6832
5357
2161
1353
123
339
153
7183
144
2852
6019
3902
3726
194
1946
1327
6298
5187
420
27
4218
1562
4503
2992
3633
944
157
3134
458
330
2858
2627
2268
1031
2602
11
670
9
2470
1353
58
535
2012
1751
14
23
1142
284
1964
918
3756
70
779
1870
293
2030
657
2325
3530
3626
291
1
2928
216
1377
10313
50
72
4165
6674
1285
3047
37
177
3172
317
482
405
294
172
7398
89
114
265
1017
4937
92
1693
1364
370
977
963
1764
11
7052
353
2902
1585
693
2184
553
6763
283
644
293
1807
485
242
96
3620
3670
931
816
1370
2104
5822
2766
608
1022
192
6441
528
496
20
536
279
2271
2480
11125
6262
352
2980
485
1991
875
2697
55
288
354
211
1390
1439
3608
388
1869
2214
2108
652
1887
685
512
375
5568
137
34
103
2891
2288
159
1954
5820
987
56
802
612
127
1726
4253
8149
6298
543
3481
239
735
176
962
4668
1227
1531
70
235
246
683
1620
9067
2566
745
4620
139
15
575
298
498
256
1340
895
783
2
1224
868
633
253
330
9
3005
2335
424
121
9071
4459
754
1450
3637
11
1584
6422
1102
148
3078
3156
4131
476
2180
6278
2461
3150
295
4170
1371
8089
3164
1147
968
170
9992
337
566
84
1933
165
1138
522
8314
107
2433
657
319
2086
388
263
4671
2800
562
2536
645
1029
4491
737
2593
6235
340
2770
2484
404
2
5495
915
1080
3215
1846
8127
1455
1748
1235
1185
791
2792
967
457
159
1823
898
2234
837
3310
971
235
277
3277
5450
757
3694
2285
274
205
1242
1521
286
6269
1471
1803
3129
310
2066
4435
1920
1554
2772
142
271
6099
3110
1261
793
4922
6
1063
1060
734
3055
502
1833
19
251
4844
2012
3841
282
1490
4197
148
4278
514
91
1047
2347
4947
2067
4877
2213
4573
2660
3994
2574
722
45
2066
1841
316
3628
354
2568
405
1787
553
40
262
2706
4263
4300
273
1031
0
1130
1151
272
9236
648
337
424
957
2581
4381
3978
1733
312
890
2411
1774
3848
3210
1392
1688
1330
2470
209
1719
833
2645
152
106
638
6252
100
3138
414
22
7
6312
950
2187
197
9047
2767
6493
1594
3605
2001
8100
372
191
255
801
6849
1847
3282
9629
2055
662
4217
1838
472
504
106
11
1836
650
966
461
7279
216
6563
5449
298
372
7331
4278
2731
2620
221
316
1494
9261
228
3563
4088
59
3668
853
2121
62
7610
33
807
1465
1108
129
634
5410
1147
223
3392
311
1315
619
431
1954
704
2701
4844
199
7921
611
440
143
2717
3150
6498
1436
5297
72
89
1112
188
1233
979
1238
1157
7773
136
256
4855
81
712
1150
1393
754
589
1
2346
9
2750
12368
1543
1587
1543
6571
4510
8237
5778
76
2712
903
2843
269
1587
152
1969
999
3375
3815
221
658
225
2725
583
667
398
579
1980
2342
7363
670
2108
155
7743
77
5421
1528
4709
817
558
173
7820
5112
162
4787
4056
756
1030
3085
5309
2021
8658
1313
981
99
1410
5449
1354
21
1391
617
1245
1399
4712
660
2819
3789
1690
4695
2904
617
944
55
668
256
237
19
1622
473
1925
1238
1472
2183
719
2489
60
905
4129
3607
311
234
5593
4963
49
61
3680
2463
1363
250
6409
205
598
840
1917
3902
3525
1287
207
229
3399
42
102
836
2119
2861
6837
386
1161
355
5872
742
989
5481
1969
207
1524
1513
1560
1514
160
3413
485
1630
817
371
886
1952
711
5480
1969
2905
1667
863
1167
703
1367
1678
1134
2787
891
1055
207
7350
425
465
1441
3223
536
1910
3052
6185
315
530
6944
355
343
3545
23
7641
960
4810
1472
1415
6641
1696
360
917
262
1816
54
832
2041
818
6355
34
218
622
1053
142
1701
279
3664
1915
4004
1762
702
471
49
781
367
3828
1106
1260
15471
6777
23
1328
3629
713
723
1780
1502
3183
2100
53
278
18
2589
1372
3279
1180
2756
52
2287
7125
2133
3284
460
3138
112
228
2371
146
775
3494
1170
768
102
4210
3378
3336
1237
38
117
204
8180
3933
1901
1101
156
3316
5002
5731
352
2869
889
360
591
401
941
599
4787
4
3976
945
4479
3419
4173
2031
6585
476
145
2134
992
2674
593
2787
1678
728
6947
2203
9067
615
2727
180
1250
1336
75
874
444
1577
745
14230
1478
444
2099
6
5756
461
566
129
1114
93
4234
6305
1612
852
2362
392
5350
235
766
912
2713
1981
854
2982
2477
525
436
964
708
892
27
4790
631
4247
1792
370
1377
52
4863
7230
2512
976
1005
2094
5376
5557
1183
1128
24
328
217
5031
4717
368
838
8005
105
922
228
750
760
100
13
4776
578
56
4709
697
1643
3437
9785
50
7
3855
297
4652
3429
9584
907
567
1159
3609
843
4499
347
67
1342
2967
477
341
4598
29
748
354
7
1133
192
23
3065
3642
2060
1552
384
1024
4031
1335
291
3300
1630
1989
728
1273
1780
373
1916
2425
2711
2520
416
1090
1131
1047
1988
873
4634
174
235
643
2014
2688
1835
423
1172
11742
1710
1225
88
7566
27
2703
1178
5305
1298
477
1
165
3617
336
6207
1515
611
2568
507
202
3436
6007
77
135
3442
128
6253
2078
901
457
492
9221
2600
3460
7
3627
611
2454
3233
3520
481
113
3525
884
9784
3069
327
7798
72
744
93
43
1911
634
657
60
3946
4601
2839
10280
4499
61
1006
2506
5808
3000
1168
5194
1441
231
584
3984
118
120
670
5423
10664
449
36
74
4057
8299
3406
1158
1388
7286
484
2779
586
358
24
4558
3273
1741
633
3470
2106
1665
1932
3243
13637
249
515
1208
725
10587
1134
101
12799
1769
2207
1268
631
5865
2140
3874
874
109
602
174
912
1688
355
804
810
982
129
825
413
1557
790
44
146
1241
5914
750
914
2704
901
2187
2132
116
385
2724
1178
606
355
3009
2058
1343
4398
256
249
5385
3266
1962
1508
99
3808
269
2072
3274
40
101
2643
1123
421
6631
1772
5299
2181
771
748
536
7348
934
2486
2
9921
6017
509
2271
47
523
1058
3880
4175
829
688
693
922
154
513
85
288
3538
6
678
7858
1017
1503
1505
2173
1257
74
135
387
397
8468
73
2472
1842
436
3304
709
2089
2434
332
2634
2091
3674
722
2313
5
5553
9
5917
1529
1767
69
4851
138
1467
2218
3174
3976
3077
3603
289
4564
52
1369
17
2860
3856
545
3138
423
3085
896
1303
1878
4
532
77
633
196
559
1076
803
3714
4280
162
2299
70
770
2217
6074
2202
4183
425
1074
3183
979
1022
480
1715
457
1609
267
3136
738
607
3218
409
377
8602
155
8143
1159
757
1699
14
1820
5331
2227
483
767
1037
1660
1082
723
4408
297
1673
5390
1036
2902
518
3992
495
1546
779
10284
2914
7970
1361
6004
523
6226
87
6629
2014
3585
4147
1163
5
1914
2208
7862
9855
1715
2214
1081
264
5416
441
1917
544
517
2023
1349
2077
415
2001
559
5643
61
2266
9352
539
48
2515
1949
1277
104
2247
2524
23
4191
528
2217
2537
4307
10518
75
2040
46
380
1331
5451
2
151
314
2147
2192
1334
233
7230
1128
18
115
62
1239
6925
5
518
11443
10525
651
8061
256
426
217
316
3603
277
1192
644
4360
1282
120
1851
1521
1784
30
3388
6722
493
5428
1094
1537
105
79
2099
389
5699
9157
690
5535
12
90
2470
308
1583
8079
654
5148
3307
4076
428
246
9
3241
603
505
9283
958
1285
1244
674
55
7756
271
89
5129
29
8241
4055
1241
895
55
6764
1360
10178
53
481
4265
6234
977
2533
2368
2524
2433
8038
3947
314
1543
2016
1353
6495
4471
7337
1874
11586
3062
373
1905
688
80
466
692
2831
4095
1194
610
3311
4904
2141
696
202
5435
899
3934
2090
1586
2895
447
948
2424
8786
1333
538
525
2928
860
237
5938
253
6940
347
279
1711
170
1315
787
1427
59
1159
2232
447
688
13
280
5360
150
1652
160
380
153
306
1671
590
3463
2115
1694
2626
4381
1457
11192
11
4678
8308
882
1309
11762
318
1835
2302
333
72
2472
4512
202
781
1689
1529
988
5806
243
277
693
210
226
569
60
475
8250
1349
916
2737
1607
467
11705
2486
896
2579
1180
3530
1487
448
312
1632
155
46
2
590
125
7066
611
1533
3349
3481
8160
3103
4727
3548
593
361
43
2403
398
277
1082
732
3386
257
283
635
3067
998
3611
4150
1396
429
2995
92
613
501
845
4142
3166
1532
1870
254
5678
306
5
4004
5539
5471
3519
6994
491
317
2504
346
301
3074
1835
143
1300
2083
2049
138
592
801
2
3801
476
3421
17
1315
3627
248
3157
405
2337
3273
2706
3222
10352
1290
435
611
1307
2693
1388
97
539
6470
1224
291
12
996
2105
328
629
1327
79
3824
5356
3919
59
412
29
173
1120
278
4766
223
5027
1656
425
281
67
4165
697
3440
77
1221
96
2857
5158
2808
3521
3234
101
561
1576
238
1458
41
764
2115
907
1118
266
3583
2219
9
59
4739
140
572
732
804
2772
3533
2634
87
127
67
813
737
1546
997
74
2072
1024
2464
10
75
6452
4130
6109
12434
2699
1386
85
245
470
830
419
31
5946
1009
1425
1594
3142
1664
1164
4841
585
3704
1651
1664
1162
297
409
3511
2176
163
1710
2195
8275
217
4455
7930
36
1460
2873
1756
2163
10
1345
5943
8385
2927
6260
987
176
1233
1174
6046
4118
62
113
375
41
149
39
165
245
3002
1055
6599
478
116
1261
86
375
4170
655
2297
390
1399
532
887
1886
1696
2810
5322
110
230
421
335
2079
337
1882
577
3269
888
3286
4979
845
766
296
326
15
829
2114
15255
10901
131
3543
1889
1851
784
2541
5291
309
5150
561
408
1285
8061
600
4533
227
2432
4185
3035
26
754
679
5391
696
5724
448
363
187
852
4115
4502
2833
70
214
1891
5
2397
1499
11462
7286
1877
1561
296
442
212
1043
100
21
6186
1953
606
1056
5418
147
362
1401
2143
5116
2361
504
4742
7759
3959
561
104
355
6529
1333
288
2657
2217
4582
7012
173
5377
119
51
264
854
638
9
3277
3004
1197
6518
4819
5052
8930
993
1103
337
1947
2520
19
101
2063
148
553
1906
273
648
4020
4661
1547
233
1106
148
556
294
7536
951
1633
292
1696
9168
713
1166
113
370
784
5554
2210
491
1320
1124
7252
594
270
186
2156
1664
1704
61
944
766
962
2353
3281
1021
549
65
484
417
35
2928
69
2503
795
1340
5568
1205
731
1390
3
2086
483
3903
2112
360
10820
55
153
1228
428
235
1865
685
36
1161
734
1395
335
1315
400
1664
5714
7747
1233
5642
138
276
12229
67
1298
808
2692
2935
1956
722
363
247
23
3312
1331
1214
198
3834
336
369
1102
1083
976
802
1745
1395
197
2132
100
742
3257
24
2225
7883
119
2567
445
602
543
633
834
660
509
2168
102
2621
3978
47
3011
62
151
4460
439
4284
1468
3007
1236
0
3870
108
5821
25
182
864
918
4805
1700
349
15473
3850
2312
334
4136
794
171
2696
108
5441
617
50
1332
1520
712
2806
3434
706
2804
0
1852
6319
2633
402
23
7672
3392
14
745
937
212
1813
16
1455
2189
4386
60
716
1965
617
4476
291
2060
2234
2896
2767
3079
13
302
1044
8546
9471
25
2644
63
1996
365
4879
39
3637
1760
1435
1595
13673
2816
1787
1352
4674
324
236
6105
350
2898
4317
9296
480
5367
1001
798
1757
1882
3228
5
3006
3601
898
157
1713
1466
1670
1682
4062
831
1821
1248
275
784
538
4512
3157
5
93
4826
410
1258
475
265
5294
1489
551
7440
35
4773
3466
1106
261
2061
206
3012
3399
546
948
4813
951
1371
1889
5938
581
2308
1504
5689
227
1840
10306
789
705
1425
7934
2617
4321
95
2257
217
1389
5850
632
1448
261
2804
136
1793
6411
706
353
4755
378
1799
2329
188
235
8027
1817
1335
799
262
6266
1673
2309
1096
3914
163
550
373
166
926
11978
3113
53
4291
6264
661
564
4525
935
3313
6034
1479
942
753
1025
11835
3261
1525
763
413
887
5309
837
373
2108
1787
5297
521
139
769
13
3297
1075
1568
621
454
165
396
1629
6482
238
149
1992
126
356
1497
17
120
10542
1327
219
1208
75
1261
1415
1211
600
374
1115
2209
5992
665
2033
1015
488
531
659
2823
1497
79
6033
5751
653
1070
513
635
72
84
640
6631
2187
3678
2750
80
1839
1122
39
2232
2608
38
598
3014
2975
239
5121
1566
2410
3217
1473
1211
401
318
3367
1279
8
3328
1203
673
1597
2846
837
3973
719
4266
707
192
11
2069
1570
2122
1518
1101
3876
2150
435
183
2266
614
4343
1280
197
3578
379
1588
241
3113
228
4493
4108
527
1717
8988
2029
3545
314
5322
61
444
401
4950
891
2024
56
683
382
772
3355
86
3885
5321
4
604
1250
34
219
4990
3029
2258
1805
7536
8661
82
937
1297
1009
3406
898
8293
4690
61
1332
1030
4672
2688
1524
1419
8025
3099
45
3031
5172
905
9437
3109
120
7120
91
1010
1013
867
3262
8109
1926
4189
3150
2462
609
0
264
2145
2725
3155
2101
76
2347
9061
553
645
11245
294
5544
189
177
755
3737
30
1309
157
373
10040
534
4099
64
2197
5924
310
6603
6760
5512
4652
612
79
1366
254
77
6787
2828
190
1953
29
5078
2381
6445
1841
133
1089
5132
434
19
4369
4603
1027
2838
110
338
319
1608
1961
4266
2
732
307
2795
1787
6156
175
1047
2558
97
98
144
132
1704
281
2020
556
369
3837
1322
909
1072
27
8
2957
531
1184
13
2388
1030
1150
142
3318
794
152
3857
4516
2457
2548
1921
3527
1357
70
1577
554
3110
5451
1053
1184
67
4385
818
1809
748
3954
333
2193
10819
1446
999
2433
320
3033
798
13
116
3204
3579
4924
1360
492
2150
1444
449
2259
1055
517
325
5321
1869
481
2719
519
11
92
4286
4557
236
5136
2736
712
136
1277
638
4270
67
5024
437
155
1894
2809
1282
345
2723
1830
30
1755
178
11363
664
634
3
329
61
927
228
30
102
1472
5462
507
754
2958
56
743
1214
781
1514
1321
5971
932
1815
3209
2547
30
1755
428
2792
1573
1258
80
8375
2039
1168
2288
1906
1148
2150
9826
3637
2634
1077
53
13361
1355
288
207
1082
7825
5225
3968
221
3252
1614
7578
9248
3246
3454
915
1415
762
1505
2821
3973
6763
1132
648
5395
1420
2250
2228
2699
61
103
1132
316
470
705
2925
858
4604
372
781
8623
483
2237
14511
1622
51
1436
4134
2740
2338
67
1868
234
248
355
4069
2826
3297
2914
1243
774
2820
8579
579
4521
4334
1188
2611
1206
491
7549
1204
5131
3352
1240
4352
2031
2756
5371
3365
4760
1684
694
15
6952
3685
2360
5590
7324
2981
5731
1242
1716
1238
9412
3127
419
2183
45
63
3312
795
5614
288
5689
2783
2365
3521
2335
2474
432
916
1896
1616
713
1472
1804
9450
5489
1384
2532
900
5547
64
1957
918
2169
237
601
3393
1525
2732
101
951
4952
753
4127
12922
2523
5345
9632
3061
9997
163
11731
835
982
1242
1347
2390
1302
168
357
233
1417
445
234
5121
572
2052
754
861
1469
74
473
519
1124
65
4512
789
4716
3639
134
7879
7753
3783
1422
388
2715
341
3568
3095
7383
8899
637
2415
1092
506
437
2693
290
5560
302
2778
7
110
2590
40
1556
15
5949
1129
1564
2582
978
105
1299
1936
1196
756
277
1548
571
4728
229
215
8221
3485
1371
293
957
1381
12680
1929
912
4497
58
7382
2391
2475
11815
440
37
1698
2368
3836
1419
255
188
2314
1264
677
2116
115
1583
2866
16
169
1031
346
536
1949
1881
804
175
1499
484
8813
309
226
918
118
213
3359
4948
111
3709
621
10567
16531
3
383
785
6489
3829
326
1055
7501
1142
5736
43
458
1005
3674
268
4219
6044
521
484
2
547
919
5500
5939
1225
1932
173
2586
1256
2056
26
152
2492
3001
8038
90
714
852
380
6143
2237
48
2978
6147
4514
40
947
4511
248
4066
2440
168
939
1991
1483
484
342
1405
5076
1840
343
5313
367
1739
68
2722
1753
992
1280
1165
292
32
503
152
4739
2530
7819
484
192
3930
13895
2321
4299
4013
1004
4852
4201
7734
206
4249
377
109
4778
2920
822
4761
1469
919
1350
409
5395
138
2202
1869
139
4866
2494
290
2810
28
1540
1609
3344
1483
2926
1096
906
4447
974
6837
174
4904
3014
10142
718
1297
1211
2139
415
1668
2048
169
2632
667
5537
3814
1461
114
796
7
811
3024
10176
131
876
1877
286
1320
2926
2360
181
2818
297
691
1345
795
3527
51
2464
883
774
1482
218
467
90
962
716
1378
1205
189
615
7738
2735
811
0
3051
968
3835
505
69
354
1854
3284
216
952
2377
820
4448
100
97
9981
1036
517
142
700
3
4420
5692
838
260
26
2640
194
6341
91
253
7039
2372
5547
1178
1799
1133
2329
2592
905
7424
102
800
779
3188
2739
2606
2444
138
285
182
829
3818
485
3961
1334
4007
1432
2868
759
1501
1155
3402
5746
1160
398
4007
264
2417
1768
6418
778
33
2721
8819
11391
648
1043
3906
92
2899
847
2874
343
5483
26
3115
1777
535
3377
625
1302
3965
3699
1835
4685
2640
2081
399
1350
1219
1783
2890
170
2398
2314
2755
6186
5549
11183
5120
6016
3089
655
5523
7873
2267
2754
435
3911
950
7376
4243
1995
337
9350
747
1049
6757
1848
5383
1164
1836
1460
836
155
701
2931
583
346
1771
2716
3007
2110
6438
11721
3878
274
3720
5248
1473
3411
151
245
130
4154
2536
3279
7643
4837
1948
149
29
1020
1128
172
6358
793
259
2575
2634
132
15026
5249
2624
761
471
9
279
6499
1285
60
819
1414
593
3627
263
56
10990
1723
1438
280
1658
2304
943
435
3129
13
1932
642
1506
77
920
105
544
4593
2494
758
1600
251
729
529
2106
4596
2125
263
1169
2161
1623
1669
1098
614
8727
9694
1471
3612
482
4521
2315
184
2682
912
573
4595
7
5089
513
562
725
157
153
5145
631
289
661
496
3636
1286
354
4163
6610
1917
1358
4766
288
1252
2022
1456
32
896
9053
5162
2258
13730
290
2378
11591
5297
1726
6836
7582
684
325
355
86
240
254
2322
677
2999
2726
3118
241
1709
826
100
3355
7
1381
452
1794
157
3049
108
3659
4105
346
5646
6360
6
318
399
2101
2862
3418
2149
373
2048
5297
1615
2635
1073
3474
688
628
2276
0
942
365
241
24
3152
112
965
5328
52
156
1100
6673
7664
3069
1099
2639
4384
1
1715
711
531
121
1363
258
437
616
1268
3294
1513
1012
5876
669
2504
311
285
1764
308
2676
6588
1522
685
3786
3520
4121
1
6373
1993
3981
1287
546
2193
192
117
238
5114
9937
6931
420
266
1688
1277
1746
3212
21
3208
2331
154
965
6097
1376
996
1493
942
325
803
231
2843
82
419
6635
1930
586
11022
1518
372
633
502
827
189
1898
1335
1418
2572
156
1124
410
968
413
1244
2253
2005
6704
1068
6352
914
95
3137
237
779
6430
1414
5894
2350
9635
7813
1427
1419
608
1580
194
5817
5297
180
2053
78
8
4650
500
6
645
21
5284
1417
6803
5869
3364
309
1498
20
1459
1511
2293
477
469
161
4867
8999
575
8603
1221
212
352
651
238
637
1033
1043
3395
2657
1149
19
1636
2451
494
6790
2364
32
1129
153
3110
1468
4727
2097
645
6381
3345
717
705
1808
1930
4357
6446
26
5735
850
154
826
2759
1117
1478
2347
39
2607
1062
291
784
621
4355
347
158
331
4147
391
4990
240
1951
178
832
289
343
4000
10346
3308
6853
3679
1261
6726
3080
654
1467
950
470
5824
4240
232
394
1047
455
2747
346
475
1549
164
2640
4958
800
138
1062
28
3699
846
3971
128
755
370
947
3094
290
8346
1906
5656
1105
374
143
799
851
33
1470
2778
5878
361
1749
138
3559
365
1026
1316
149
1371
4
794
3810
3449
581
1950
180
4015
13
5244
1381
9
1604
5058
484
954
1043
5782
36
471
80
69
3762
4628
3923
394
674
547
1684
4
1332
1675
2551
2773
2206
1040
3766
524
715
324
1934
1788
2179
1548
829
1480
2124
1120
923
231
7462
2279
228
1284
6502
766
1961
4482
931
547
289
1064
443
3712
608
298
5978
1868
33
501
1308
764
4417
402
445
4883
1191
6
185
580
1734
844
78
896
830
725
4121
152
506
4423
3049
5723
4376
2
141
48
1165
2278
270
2285
3074
3132
457
92
1471
7879
15
1192
5
1522
537
1005
2946
76
1460
349
105
980
1740
2042
2985
3055
90
1570
473
3477
35
2469
3370
3147
571
6198
9358
80
279
1074
2306
15
3881
211
2025
1069
6
1621
136
948
215
3906
1796
1821
3061
4469
1050
1931
748
2619
3094
2774
884
978
9142
1730
1357
3783
3348
2208
827
2379
4921
3381
860
2700
1613
3531
622
1289
5980
4038
10612
2204
328
1467
81
838
166
6030
306
382
1392
1119
1829
3214
1415
187
102
292
853
320
690
2044
14543
431
2004
4379
1038
1188
126
465
1359
3201
5276
336
1723
254
7066
801
2253
2482
202
276
252
287
2658
2008
309
973
2394
10850
1185
4190
1653
1451
199
2267
10213
799
526
238
3795
1589
6660
7287
1343
748
995
310
1146
767
3200
7952
136
663
1951
4699
1713
74
6399
7384
2678
516
1201
6284
2057
1115
1010
2091
5387
4909
741
620
30
4206
7932
726
7225
2284
977
43
1387
2119
8729
178
815
1644
353
318
968
54
2437
2222
531
4325
340
139
5985
525
513
4575
202
473
3168
176
117
3381
2816
2012
37
4518
265
689
1529
1073
825
1589
58
150
1792
1551
25
244
13351
150
242
2107
5321
321
5555
139
3604
1079
776
4293
758
1536
198
1009
36
315
648
3690
6150
7090
5732
367
1537
7046
9
1902
1153
3093
4467
781
2527
2199
191
54
2820
1018
2856
4600
5288
955
1363
1821
3198
3912
2994
361
1253
231
1059
2781
5149
1969
2091
173
28
284
799
8
1459
1549
1614
2157
1673
10467
2968
1401
2062
7101
1346
390
6589
2193
324
165
91
967
374
954
3264
801
106
962
212
1261
3966
3699
4021
3119
432
1317
1245
226
1838
749
1901
366
10536
725
1900
9573
860
398
570
8059
48
2205
6566
1397
153
549
3084
231
700
4189
1427
1291
2669
151
1153
928
79
2695
849
337
599
1567
545
93
1042
980
2859
2771
4632
424
1278
1675
2659
2918
4562
895
1477
620
662
1219
1592
183
712
4530
1835
2804
176
1374
4673
565
908
943
3172
4932
4703
12
1740
4775
4861
97
5983
1229
1487
1760
108
272
2536
5593
1904
245
617
9635
1878
3133
3106
2542
3147
932
1298
1701
1938
154
1327
2087
5801
7420
2027
47
1424
601
8709
7178
3226
6846
2680
1010
1272
2935
1730
2277
4059
659
4104
102
1452
33
7611
49
8443
1768
1847
683
782
2699
677
1657
640
5
2170
3867
5286
604
193
7049
1813
3962
1970
75
594
3751
948
2042
308
4909
1778
523
485
9004
137
1597
258
2491
1892
20
1550
476
4309
993
2071
446
1387
8954
589
1911
292
52
1386
834
1334
2780
132
230
9593
2411
138
5737
2843
1404
199
861
1344
2825
1711
764
685
3280
1525
964
1482
231
578
938
6636
3677
189
1922
142
46
10469
2123
4244
2071
109
2812
183
240
273
1429
192
1270
5214
982
134
1960
6304
7061
350
416
7754
833
1629
693
2021
780
251
56
3674
988
964
1497
3099
757
7034
2122
5790
2939
1119
7029
1190
1234
7908
371
8461
532
861
245
2712
4059
141
11
3516
701
1287
11286
117
1611
45
3476
1113
441
2185
464
7555
2155
1009
743
578
17
3415
5039
5096
1343
530
184
2325
823
3596
5984
7607
3126
1445
793
1027
757
1447
209
237
4699
2033
5428
312
5107
168
1780
6029
5
2978
1459
1541
1469
272
3781
943
3575
156
3752
1815
2289
2798
5
2604
1689
2638
3217
4268
131
5522
5464
45
345
2757
281
1
3078
2182
1120
1632
399
1453
1330
2319
4873
2057
8008
296
2656
752
921
1834
5714
522
2225
65
278
55
4607
504
2048
353
425
42
1912
786
3168
577
2068
74
2450
1428
2644
384
1039
13712
6714
5015
3235
4038
2412
66
2871
2037
12836
2637
4480
58
2671
535
1486
936
3017
4013
422
385
15013
1804
2937
132
6719
1040
7548
739
3486
1090
1005
683
149
1576
79
8
5975
3815
225
576
67
1
2079
2441
4436
187
2862
7080
896
20
1449
12
1057
1309
169
36
4612
558
4566
3860
680
2078
397
6860
445
417
10856
0
2315
53
9961
5301
4923
58
882
460
8375
1324
6277
1311
1422
2600
428
5167
3780
942
130
2443
5131
1589
2013
732
5265
3587
88
214
95
383
4453
1292
73
227
1265
146
206
5385
1417
130
1056
4006
275
4
3317
1364
3724
1242
845
58
2687
124
8
133
79
1751
659
5413
404
12
17
1068
4118
736
2372
2604
750
7678
5296
297
969
1118
1278
413
3433
128
260
3580
7340
1638
6631
101
170
1449
2406
26
2588
467
7407
239
401
3218
454
2537
1193
3550
3
242
3078
1931
7357
2174
255
1197
1687
348
7689
2542
946
4799
7409
796
821
2698
2160
4535
359
39
1131
3621
238
907
312
196
183
2430
2262
4830
3225
1354
3
391
3495
3593
3813
1971
850
4373
2266
99
3690
951
3927
809
991
181
134
1041
895
94
262
2
7556
3886
2939
337
445
1428
487
1582
934
3951
857
7757
12229
3311
7537
1917
8102
368
2439
1374
1371
329
5498
288
2497
230
6396
1081
1300
3298
5292
4838
106
505
5146
2815
1583
2051
2303
830
74
869
839
2771
91
642
3850
4969
1084
635
1039
310
31
4058
192
5203
791
1603
313
2213
791
2008
1214
5698
1143
1630
2518
1678
5554
4631
851
9188
786
8382
600
5916
6899
573
49
449
1816
855
614
2506
106
183
6972
1759
109
635
4473
5463
7867
2280
934
3630
800
4130
1421
1818
3256
645
1028
7231
185
745
5347
5554
5271
2631
3874
1515
121
3141
1300
1719
1581
6687
2352
1108
279
1325
163
814
1141
2121
103
2731
3236
158
2144
3563
604
7675
2998
5433
103
12
300
223
547
140
1266
4593
837
1258
2890
13
1059
3212
474
980
4352
4012
92
1851
2437
12405
245
2774
2980
3989
659
1995
1399
15767
405
2582
6428
149
1731
148
6763
1054
1548
751
376
206
4556
260
5124
740
91
5442
706
10817
7074
3731
3725
1974
1513
2271
1022
8957
2675
3325
925
1510
281
4274
723
1084
5740
811
4318
7951
2941
5890
3481
810
239
1597
763
148
11465
1944
2689
7603
88
551
6254
566
1234
1599
190
204
208
507
5900
1636
3767
437
7589
2713
366
658
3792
4537
2194
324
37
1151
262
3611
2321
1445
943
2147
2727
1998
3720
5098
5274
1635
7210
6156
109
153
276
700
2135
1744
1376
1238
4981
474
181
3428
361
1411
1057
19
1542
9561
457
969
2444
474
133
193
4713
1749
619
339
20
717
2896
1002
539
373
6643
3193
211
839
1375
472
664
58
1673
2683
6401
132
1703
172
5781
141
67
410
1301
2488
484
4323
6026
1305
45
626
1194
4222
190
51
1203
5712
8071
1863
2152
1180
6115
3587
137
5710
38
1123
1148
747
5363
6563
633
6239
220
4751
277
968
566
4729
1331
133
121
2950
258
1911
292
1353
455
226
6247
2871
2475
7177
943
3839
704
3239
7875
562
2538
1454
714
5684
5372
4137
3894
1395
925
1861
2
1919
7735
4099
1224
614
94
634
294
806
1483
889
3939
684
1553
5500
1615
443
5140
355
3291
6984
1534
1688
651
717
5937
1273
3100
8014
2742
1244
984
514
810
4464
395
1376
1001
1910
839
658
1475
14
1394
4440
5459
229
450
2753
445
4252
2530
330
4293
2226
5309
2784
5146
62
6466
245
712
3795
1809
3757
164
3227
2669
5629
376
59
728
1566
3847
1869
1052
7494
118
2374
776
3879
1310
2413
4952
491
86
560
336
488
943
370
1116
8098
415
18
299
750
1261
441
2096
796
4
3309
403
1062
345
1207
15308
427
3012
1633
640
543
927
4066
469
1024
5050
880
1033
4375
1084
4989
335
13
1231
3588
242
1437
4691
385
1621
437
2745
666
1081
419
2083
454
281
2117
2719
308
65
1365
3412
3869
1627
1615
5932
243
30
5372
1998
5868
2
7404
149
681
1573
2191
424
595
30
22
5
4120
1000
3235
3615
1109
433
509
4682
1358
1993
70
1317
626
2496
102
3862
311
988
3614
1839
44
736
254
1576
1185
2552
7
753
4080
1265
3425
7
456
10762
5824
1871
1673
325
6401
1254
6085
3038
583
36
231
7368
295
1683
1964
1988
3166
16
970
6094
144
7330
277
5278
102
810
8396
1425
4562
1690
45
845
1172
706
80
295
221
1885
27
1056
1408
3980
2150
2756
639
111
144
3943
2747
4186
5202
1921
794
2984
4925
5395
2280
3082
2012
1361
2157
2962
10393
2324
3375
1143
3256
25
147
750
1831
430
2
1544
839
498
528
99
356
714
329
36
8129
1768
2230
602
441
210
425
83
1649
564
7
5570
4922
58
2012
97
5466
1804
1029
3428
7027
5087
476
99
5114
2499
1484
7699
413
1592
189
5181
491
216
75
22
3897
85
1454
1402
4265
1398
232
621
1144
3929
8091
18
8275
2790
3410
1388
8435
992
175
564
2752
2474
7603
1190
33
1690
1408
1310
599
2267
1519
740
1078
1202
2604
407
2377
669
1429
2378
1177
1440
799
12472
2678
4773
10257
1132
3903
2311
5647
228
10832
6
259
2289
529
5783
1170
651
1731
4331
974
54
3658
5630
7642
1215
341
1313
7474
1296
8
976
415
2196
538
96
8335
235
1394
4061
12696
729
1422
2083
29
2317
453
39
2149
7035
4365
3300
1240
277
5323
6108
9346
202
3070
7890
897
4335
619
5840
1480
5956
1284
3886
1823
201
1722
3501
1231
12565
1976
544
3570
1193
1254
49
1055
359
1892
1854
51
1631
1713
2707
288
814
4
102
5748
26
7025
1418
1372
3473
1937
710
152
6396
891
3280
994
1492
594
8683
7531
2868
3683
2880
6210
197
588
2733
789
5621
1588
748
1098
388
2162
1447
787
1878
10706
5360
246
1037
235
922
2171
17
7368
5848
83
4605
3100
3773
4429
667
194
3238
790
550
947
487
16
579
164
2546
731
2095
0
1038
1641
5977
1216
3590
492
600
99
1198
20
220
2204
1487
1478
520
3810
5272
2407
48
37
2554
468
5550
4069
3861
1660
2148
174
3772
4553
1007
214
488
589
576
10825
294
620
1192
2515
4162
6248
5234
622
2883
127
1465
50
829
5106
2521
391
449
4163
847
605
3130
144
147
287
8
161
1527
618
1064
815
2959
881
345
757
5236
5690
829
402
1708
440
420
951
1860
1642
59
271
5687
744
111
718
299
533
780
688
10173
145
1063
869
883
1205
10361
1490
1788
1841
3298
3367
411
2228
4684
8398
186
5439
384
2153
426
6368
3753
2532
536
1205
2716
1938
4
218
42
1955
1006
597
845
1146
279
1316
13302
965
1722
210
8637
88
3879
5136
2152
88
9465
320
132
208
36
445
2938
10812
41
1945
9860
771
1573
2309
6337
358
1084
4683
7650
17
1692
114
2104
2274
74
1211
6277
3719
64
408
770
1675
640
11765
1449
413
476
1878
133
1438
180
48
1248
1563
1611
1227
1074
3009
607
3277
4322
8157
935
594
2791
4186
609
746
261
275
157
1004
4208
1383
706
1778
845
3687
3515
85
544
854
436
464
4135
1865
1664
2137
1289
1515
1429
244
98
10
3477
2864
8165
3904
650
17
59
103
51
366
1183
1613
1883
4249
1131
10297
47
3189
2025
690
587
2230
376
67
7429
1093
637
2292
376
3128
1327
718
933
14
278
407
8347
1727
1003
3987
1478
573
1250
3985
51
3348
1284
1542
359
1081
1421
163
2414
1671
284
6289
721
1824
2264
344
2310
3400
802
1667
4071
716
607
1795
97
2526
7173
1284
624
52
663
349
2717
1609
963
948
2073
11384
690
3079
174
2776
450
3069
6772
1117
1838
77
496
884
1975
1438
651
3344
363
1765
1011
2444
4407
247
875
296
83
737
72
9200
2410
1
7373
1386
51
280
8099
1422
2620
1698
499
698
566
5
458
1681
247
3602
81
930
3181
1479
25
4
4348
542
3375
6709
892
2572
1108
4400
1112
1503
1391
1129
1040
1599
89
320
380
3041
1822
135
1997
1353
3909
2720
104
656
571
1945
1950
8657
362
3824
9454
804
3600
186
723
1076
280
673
709
3404
1453
480
1200
6690
418
2544
946
5375
1814
281
1313
33
3638
341
52
1253
1680
1062
650
913
2624
1284
369
2201
256
4453
48
1254
2338
8347
1959
122
228
11102
1813
1567
101
191
2393
2180
1641
1472
1307
3266
9376
7201
2435
10756
4209
4604
340
1349
527
3628
2517
304
2324
2862
628
241
502
3068
160
1321
161
1320
1179
407
769
511
1216
2027
1954
437
612
2550
1975
19
185
260
1628
839
680
311
2827
1955
4390
438
4441
1838
94
127
1904
1711
181
795
4834
252
46
5901
132
1919
5362
273
2515
40
146
3041
3229
804
469
1978
2217
207
9
862
1605
1196
162
3497
5035
10802
235
340
1248
2004
2998
3
2207
2788
5340
3739
3372
456
217
805
2525
129
323
3727
2907
6946
30
72
905
2442
4968
1600
2732
2077
2900
4270
740
81
1017
5019
8498
3991
1736
14331
2960
460
485
834
961
2135
4103
3595
291
478
1095
1409
269
2280
993
125
623
457
2798
1323
2038
1445
8688
976
8155
1575
2372
1371
1644
87
3169
49
654
13
4925
43
1891
261
368
434
1452
6234
80
440
4017
754
185
452
1605
1295
3649
10438
6342
1620
1265
3734
3723
2289
1600
14288
65
53
2981
2107
988
234
358
509
226
606
327
1027
3096
2769
1247
1291
1060
948
1530
1337
2004
3257
28
771
1030
9435
13042
7665
975
3679
614
1847
778
431
23
581
6999
1888
191
944
221
3806
767
18
2127
4728
580
4448
2901
7037
7257
1791
213
5279
132
9171
2523
8276
1237
483
2389
5722
1455
832
220
701
1221
1455
45
670
1390
3204
289
12895
34
71
473
1358
2010
367
738
64
249
2181
907
2344
726
2246
393
7987
1613
102
15
518
428
1917
1605
327
1037
333
333
4614
3752
1529
2321
12188
10835
73
535
2455
1186
334
4325
386
12844
224
408
490
1902
1400
5719
1432
621
7244
294
2938
5854
611
375
712
231
4098
1700
64
1
1366
2526
924
451
2876
2672
47
2953
5029
83
1287
2604
9253
443
5909
4760
4318
2637
421
129
3858
890
16
208
1657
509
1019
1047
967
1410
2278
5766
368
2203
1283
542
4463
1452
650
6955
2180
1203
7596
4203
3925
255
6913
16814
29
2698
2220
482
87
417
1910
455
1524
3402
213
6150
1509
2824
51
6
628
30
11902
7160
12475
6463
1307
9179
496
1224
16
221
1448
901
726
892
490
3209
1210
492
304
376
3758
8
1380
2504
4448
4169
1687
1147
95
550
207
4310
7
4834
3157
852
130
241
1254
122
2912
2550
4231
2774
4978
3265
2354
657
977
55
419
835
2910
421
230
57
6303
107
253
2236
861
2680
61
549
1158
439
119
270
892
85
129
324
1576
638
6726
9651
137
1734
1567
18
5046
4158
1812
269
189
1077
11113
4342
752
284
2785
4204
1933
3139
1836
6242
2461
3354
4647
164
597
2083
655
12356
673
1178
50
571
6877
7667
780
1746
1805
1265
481
350
5676
145
262
625
253
654
4732
438
862
1197
1159
3713
476
1888
1119
241
2
21
346
1293
1408
3376
1847
376
2
2529
2369
105
543
2353
3996
1447
2489
576
1690
3397
654
50
1094
454
622
66
3225
6005
3417
1183
5166
4298
2543
495
2384
194
345
49
1808
1069
4603
3917
3
73
6484
1341
9381
7283
2234
1479
2008
545
51
4052
933
833
928
1535
334
5822
678
33
1025
1976
773
137
1147
482
144
17
3523
4494
28
177
1635
4106
129
290
360
971
1688
3036
3033
2834
10785
10177
274
5989
2049
2685
1145
2737
864
10259
2127
3188
9400
84
260
2187
6647
23
114
598
634
10794
4122
764
980
209
4281
4289
4958
9992
5131
13772
5413
176
18
2485
4633
105
1308
4590
4561
8602
1480
633
2197
383
7030
6198
822
457
1238
416
1778
631
2879
1813
2695
4735
1820
7551
528
2204
8548
556
68
4007
2934
1599
204
1006
3418
124
430
8493
5791
2921
7017
1224
1453
858
2549
1740
41
2583
2760
3670
8528
3421
1880
2740
3078
0
2081
914
2802
3509
9064
2214
1133
5665
169
5779
1868
713
7113
1879
1180
846
5035
68
2628
349
3579
3281
1680
3059
5352
1737
885
137
1637
487
1213
3983
32
4514
2015
8837
1055
371
3874
1770
3470
209
75
2604
13
4278
62
768
1435
1482
1963
3809
1404
7419
648
3873
304
236
1465
991
97
1404
5553
1019
9047
965
1039
2486
735
1059
2241
551
987
6798
104
4288
378
3983
3
1558
2050
6226
5713
2410
2631
2811
3096
3552
3797
4164
2234
1176
576
518
2667
3362
6448
1776
322
1042
2344
8185
729
1021
2723
3577
1276
1860
652
4940
126
4897
297
8620
165
3147
8591
2425
1727
5744
454
3113
2706
41
383
397
1547
2301
1204
1145
5942
1424
323
158
5897
918
210
3939
3748
3085
1497
443
1050
4040
4
2311
283
40
1279
10149
3378
94
1329
5513
135
2482
4596
954
2062
1577
953
11595
1979
192
497
7149
634
144
726
1413
22
4079
4823
1364
6069
966
7558
1786
1048
2893
2108
108
631
60
1678
7465
121
3132
4224
1055
372
1179
573
4908
26
2800
1470
149
7813
3097
610
1488
1734
2018
4021
333
676
18
721
2502
237
869
523
13315
4024
1064
1198
326
337
575
1516
3210
4700
3029
10956
6205
17
976
1122
540
4796
1413
3266
84
81
417
20
4217
732
1979
6119
87
1624
2913
109
114
525
707
5410
2058
2844
1515
748
4466
2071
4640
303
325
2224
4273
659
2762
50
5207
2082
1130
486
442
2768
171
361
5
905
930
364
3584
8853
1259
3211
8827
1822
1441
2312
2122
5672
2592
29
136
3352
1589
8
