16296168
644415999
417063901
623925
253504351
244470700
73906132
328983619
17401020
235010663
133679251
113464376
104933046
485292483
20367100
155666835
4824964
214670092
227684397
83753179
100632265
69269078
367682866
485862864
401084970
511552143
178239053
126264381
159721053
12452849
35340159
7484429
36100688
621874451
186770677
476064910
458803655
422550222
31936108
35261605
118289910
3957926
124627472
363871765
79379233
531712672
409895307
389547604
190281312
489005750
589114346
95022155
164823070
579178279
172601688
161811553
195277149
251532931
422894524
217312929
809018736
374808775
111404503
18725327
126175490
64719964
64181386
299234616
102313821
44034155
811288296
208570697
27401516
872304128
9794929
499891005
107899536
6494611
491711795
168958325
93598030
206926828
365421198
133202569
908706249
13692729
73827984
34352360
79305927
249542129
49271066
455227735
265264883
76419372
397905389
738089347
174141315
917234421
104098714
608164531
1288111
194971648
623197102
216353496
23355575
233957944
277309952
109908913
122902282
75372695
39567794
569150136
290930133
236193064
175535090
23547751
135713666
741823398
556699680
98592844
385229027
21236968
43480086
282727713
188660083
54299839
501811597
108196904
128422
80689750
268990855
405273931
123437528
643337101
134035634
486305560
227793357
34056100
293676775
83806409
228959256
54242982
220367295
115471837
184475520
619871905
166376011
265418941
49045527
799437169
267081632
2056576
238914599
494610112
439077753
361313839
107232216
27000349
198446292
483047719
639073
22672365
61882842
60583194
639471601
241987087
83588833
270549993
427197996
347620995
32495873
38463850
69216997
318120439
110410525
327847452
67659985
67423351
380156746
325200638
134704944
135290098
111983390
756939103
353295398
314331291
34093272
242236976
131657731
210717264
162968625
293443762
288042972
40859201
24393856
183459018
129158686
37908329
340770625
789738168
629183175
710090518
781775199
115625523
277063855
264559858
700252277
17908190
681130
82497053
358062557
255286301
92937691
113734154
99027439
169533025
148659072
260232126
11302606
380545843
214510770
370368657
293448080
147985409
13898652
604674382
483975549
33360697
244939996
386887600
237082931
376750242
354374311
101877225
522614345
45827496
322685419
435405266
123767867
329277417
63679732
223858197
221697484
9968495
49549201
38889368
326453653
228704618
335528701
452237903
157325773
407685838
263438149
650230112
190925793
630824656
216627160
88665652
21929659
17645792
408744014
772909367
247412628
85988161
130050306
151888923
339386907
186367265
702344937
301615976
207942712
293761116
139213599
592361752
107206384
485033751
132668684
205666793
70552448
332677449
196434355
247346001
233480205
433387584
541687330
119891994
663292234
221973018
33450357
77086464
213403158
138396527
7701360
33566141
71337470
641572
311241665
110019852
352538285
214727469
77761970
176893064
322680185
445161749
39259854
461381907
28949377
443531820
11234531
772477046
578952637
534000799
31594324
704093317
391008064
259757598
218913456
561907935
683166735
14232954
179055480
6508543
541582810
83984403
507456362
237006624
332705556
223428432
416885232
118445016
309148371
7524295
151149376
154090077
382008011
49175403
397908783
168489047
93460965
431553615
7552225
8277048
8118891
367071974
440434
27398020
82548369
519556353
48636920
137947638
7929600
31377545
8505589
377496792
4156294
14642944
301732612
128915316
46816
537268592
135701396
101918465
201775200
83940153
457053005
573557636
57050998
75530219
9925473
184401190
21185651
243280555
186556092
186229205
343112287
194650866
8549927
149064166
305199523
301665675
60544520
365019393
240802689
156300225
217381797
26880651
443933884
621615797
248939261
55564489
184526163
418392381
79625823
666624607
328102082
3981009
294225453
1296380
221420716
218951792
86134010
26227037
486580048
14009494
3628531
286686909
865430458
138681289
167366272
45005836
12240436
89810144
561802665
39541927
28611069
29045819
550578581
237971977
415142372
16169643
32078375
839865924
145231926
226469521
135229300
294414377
313610467
4214884
9942505
135945096
317631657
150677871
204658170
229143254
603916717
58913017
127147926
386545670
38772924
29598676
273432074
179389174
16686594
495313956
105655729
99535234
161244586
221358480
164445580
62519375
148233686
652490734
6943785
55791550
353428546
22487224
44517452
538538059
30991822
2086234
439486102
322272728
153300656
725049895
10786736
748344488
97417513
168513299
182955700
9692406
136121846
306693286
372798241
128143407
81417417
110348443
284687934
116045602
571530396
6111569
248480826
311158791
164113315
25060968
24373829
377149107
405096000
58441390
40593216
26032108
13682963
719419370
680285349
473519728
357779339
355339929
157080128
34281583
752195058
21014106
207836815
387895144
730513568
2483041
691685631
108494128
113748050
828912
639039649
264000992
72123238
443969023
92360851
592873938
83811549
124531833
690048801
186886805
415611915
565094281
1666654
131837320
241203607
760606379
128366368
134273203
109110621
42363809
264451253
192690970
15211951
93185261
14586360
317661183
160129852
43845085
819183355
507802277
82022688
125156416
86391329
227191002
34161547
264585765
125489649
213556144
7870687
76550167
474944796
146273744
795746719
88284946
289759949
162382582
544660335
796060449
258794708
343007683
506729014
15653161
716273994
422422978
127843938
58945352
124490376
677237028
91308451
850037068
318528584
141290534
130251072
124568048
189844675
291374264
283548329
32787383
460612864
592827751
77054263
35751119
509413824
486297396
6423171
115260850
117324499
714423523
709916276
169287616
176377318
402278565
222707020
71866190
120977303
194832528
36820180
44085484
13599860
168026199
243089611
694391071
127267136
157069656
120541653
52354183
228827266
290899322
312873851
85498293
80187897
4418776
112668113
351045679
55299788
565481096
289607940
133134169
484452124
151850029
219469900
98919822
100764752
12254721
6240639
264665185
485433296
162744896
154035454
218551411
80432985
379036654
401232600
385788733
18134296
479876718
179618816
271365949
46958656
472652797
19129278
260972937
14205176
310850823
7533561
50076598
145812958
117592196
756304306
148536623
229403780
183352113
469469114
368754996
259234942
26481353
97362618
284663683
195817397
59411993
142258504
397328274
755293806
376081929
61932788
564308809
327846
90771456
274088320
92548003
561426885
120014853
27716464
245606931
150011742
377423388
49226067
15882417
202630039
168095344
235311453
99607712
745289724
175181886
214306564
143852586
566573695
29187863
23489568
4605597
12521384
256130860
254066057
80299755
21459999
22320967
95791569
82918528
622080700
5876397
8426961
595760250
345811540
174543945
60372900
56478806
485260623
266530191
12939016
28836445
10769616
11845500
306207120
136088706
314720366
701456954
87679213
301813876
248566667
41147308
329617303
155916160
65636506
684704038
427124679
675140392
259115776
304422520
50598392
136019898
467661437
73908491
298468200
469112332
597440291
260164833
174331704
5941000
623709279
48514706
542731875
326490928
100015597
258571691
637985626
785021301
268363871
204183199
83799469
497449669
124426348
245323933
106651204
4784609
76095549
265033728
565589884
99847556
36389851
5668469
302461203
450256669
139124960
527700854
311113546
111427836
306609356
67219690
219638368
622720279
302395528
261232102
94640405
137015985
579783499
209273511
804259586
195000996
63563703
39590221
2800121
332198256
89320184
387287366
24707755
42486010
248529240
56620501
9809305
464085477
401549455
411281593
412282887
154044064
545473871
163617021
180794368
107025864
70826410
43405148
160277121
158367609
123328968
504856897
176687133
325929236
70759359
232747981
184851630
218573912
153657780
221541531
32529264
774955895
733823218
653349688
251226819
313622941
239080435
245523096
79365451
697533916
177247366
291107059
784450790
4300003
136161351
999731
15028641
643732448
310886781
282634194
615452448
45975521
47561725
575899551
204346759
154398541
42611068
282143260
423665451
225431064
21859891
12692259
143328281
260812898
75387849
45602105
439035624
418969079
303363516
388771974
223532366
161528236
131670616
104254461
40409934
457400920
924242709
14369983
525327914
404272001
215467604
62323046
552644275
13198636
738534166
205849547
9919875
673819045
114239356
446956327
555259461
354880562
209618087
516353249
168703821
279348094
135898755
7793316
19130392
126527589
160568169
70777649
328564695
247920462
358028839
35249254
60994758
13635480
678877808
317318567
409743159
661613237
14366097
22405440
106403389
196235724
496573578
774053964
229711240
522358284
184892793
32043823
343437984
274230312
321540100
158808408
570013197
142259916
30726248
114876581
501161854
482099348
390382309
115842721
459077857
37144711
494132550
171516640
384418744
477583582
126985377
33718751
61660953
20376969
63571478
624335708
12804352
174855354
340958908
808984084
14844503
138038666
60227846
93406595
165200850
94911217
399312361
137570002
442850416
8980286
502608840
1328052
329682436
65723020
449756595
107480367
399990800
610689208
176854129
300900243
211489583
44645860
6449780
379298805
751606736
17941209
133221676
56746748
627010697
485859529
11149487
179574137
351760806
457679412
436244874
34350064
227626200
108531452
473123039
29315221
128536983
384993985
649387683
317111346
29333716
861394257
47547753
74161
57828221
256776184
433915292
20482119
306902346
2435125
378278827
205572907
566629690
195196107
220109075
222345169
44471086
296811296
262588886
17768143
121907472
4530735
340794744
162812599
271578418
198518992
