433640032
831068034
368866163
22168064
313521648
550983832
306074099
576548596
847484532
799993099
350111451
39817617
187331744
143364717
388214437
299699921
88276065
42938723
234872454
59502188
204204012
553109347
222175360
2432532
13917472
227051472
267583881
406828971
116944605
134446829
59340789
328406911
308273
97362017
29435923
16793311
83041041
872910700
149645568
214345688
5732420
126789483
701920328
60373429
418631040
128974578
664150983
413753604
30374016
276676848
183982860
99655584
367743556
257687291
405618662
739041151
6222935
124285137
378848284
57692852
49293341
222402864
210907440
1696694
19283992
60432435
45570624
253768013
181576883
471742149
431436241
69216418
210728258
778076903
13607913
834135448
381932382
261526816
398618481
529680316
32066323
251544302
69944711
324504234
518871520
133474975
64217789
102984816
29648041
102158500
118524528
194456874
534760288
87789801
639298242
11582654
869737660
21850256
575695507
51075884
395459457
109626939
626482893
260933209
136362322
197405416
391693671
405697580
197584866
761370624
216000568
90914871
189562208
46850794
211405656
51598591
162987296
496514754
380983779
17755656
226047295
507769043
68728829
651906171
527832896
129480525
168591400
198735626
233722168
118174725
312871146
210651088
12609377
23830036
27099929
248170308
212452443
17743446
94344730
222403003
447079890
591555257
722822944
468221
492587437
189612841
308247401
1742777
18639017
616728096
186660351
326334374
623025560
395881711
612143665
230490580
287603569
439841920
144122728
60676080
205297188
585895986
268929537
351720609
128305171
159918133
260904939
6793981
169482687
54312982
81942994
360936999
315946225
254767653
4041586
315323908
416273067
799700975
117798984
129220248
636308158
3794466
121421433
102405598
101788469
9795232
202550623
511798399
182654555
163731915
42484050
354618806
360416806
214921141
164840784
343192840
43808814
297871507
135758116
16265105
630558592
149456250
398107729
229250666
167224807
110997226
722633300
315724515
385746131
531314994
144131808
484715073
82142194
308147895
429131952
328623904
701752944
95048206
566768311
168376016
411681744
577929798
207051070
99497537
37341836
323579051
710947721
56561049
253663412
270979230
268014750
142547164
412614336
157261041
263174633
258485024
37179702
353967687
886313191
115155147
641875994
58065522
152201159
53155275
132517658
47077199
8580958
768564736
97534690
362115741
461853945
205904492
246954077
87484681
452177199
477644715
62920432
325446696
401810332
97450118
392767173
289524302
163281939
228362107
507512860
376628176
233206029
309145249
736478436
184038505
130547332
237018960
103531473
38876023
151753364
91213163
282129034
392974121
724038437
38422418
12322792
316823714
41644515
248041384
497426274
97348001
5532152
81169729
727116125
29726266
157108652
40566381
714011625
105901216
17808825
139552201
714473638
288416968
88834579
492166250
502403674
11670305
263086891
202635402
201264329
262533541
65934306
533586659
520611888
121582580
568752139
158655621
355918099
353753962
24971851
104658791
523075011
230634891
159128999
165807806
43215761
8623879
34524392
9682321
269232676
411937281
712086911
135339791
133470070
252945775
139475596
554719376
250091320
337310403
72654136
276551283
518108544
392551600
98941111
15330241
183108070
257724863
186031450
262455901
943528123
332916711
385346180
83535886
38692072
34907372
18406066
676568576
105971756
778151051
89221008
14892366
292671286
452005173
4601496
563900873
346244712
36013883
381964797
404007322
193155504
400261114
850321486
327770500
391863175
228243520
473231421
240742767
61944867
342591857
324073140
164494360
20393451
823682665
38985900
265607299
701807356
110728201
207966447
16522804
23599356
12787021
48112594
564401716
51567616
84518589
46811824
342708779
281831201
47169280
206380754
218895104
105082548
74148040
174076434
248904159
110509424
129145824
84164626
727986421
369715881
137067124
94587022
36682353
630993362
96794468
410569156
33751040
30888082
546372038
12590754
82785871
168621228
9201353
191882220
487764353
434276399
245125000
1817199
13110704
104349761
290827125
724433312
506398574
223331958
275612512
25189143
266727275
154440670
53143127
420210124
43392385
598836962
275326159
275292342
6223616
305899661
77659025
169149764
345214941
37160102
50076632
550215612
733408187
290820862
177798961
389785036
26777834
145825972
198644593
350271307
138531242
307309938
203263128
271313783
92554476
112294671
544249150
480061289
539450205
246507661
275758060
785350853
108951822
32608961
62947570
67169439
869438227
228561022
363679684
397931517
27485291
275560294
189103312
695644348
4200939
95519424
618216928
305110217
324910971
266891624
2153822
263159396
385454585
42364312
50710419
125638237
147153014
172215290
120551016
9872709
27246910
461566715
300891298
230486130
397390560
85942784
118843960
581056191
81045634
181792385
264020
106010548
646149077
357859764
18563237
385835767
214098306
524276690
416118792
497779595
291479871
343309680
162884521
79079256
162952225
26248244
73642047
48689712
239646400
786682736
18906616
168008894
87970938
353460541
705606819
21640239
522573920
102443579
35966731
35717809
6766551
161093666
234006520
60130082
645912982
132183058
360605033
133424381
420469249
485243664
761791095
100386824
11273580
378645750
69662585
60853738
233755023
85887647
669238879
604584972
618091747
57706616
103138121
7444996
198301
169775426
526473199
8360174
309771395
206278452
594952757
91964546
410681384
231806310
57805117
350096859
278982045
36529088
303747450
24594041
124954768
54776184
321584524
169475618
9720483
52011533
240648050
122507929
378902207
349039069
316813820
44361552
780422334
199169201
200731392
344058887
450076951
23757144
212125700
256734597
247092978
173901068
92832756
637228217
89996184
45094519
69140241
29647066
24766917
460411673
355434375
122305064
458183220
19937527
294439419
87086106
878461749
12561586
103656704
206161371
69065487
204268987
275784419
113990954
16829042
26882325
291047065
90458505
240386652
40545409
65361352
802164225
206579914
95941924
247102712
3114856
87900051
83920129
523287051
188493700
24122928
404381981
765362359
35056696
458662077
31934245
579138352
121027551
19403854
171816165
99418267
596251819
245298865
834405474
4065624
42585823
223411294
404709718
485969771
471714603
94991076
810889861
25034158
301777078
48805248
218582293
851755089
379464400
92787901
87259176
639434392
27378596
124304885
382877514
105402394
16420865
274097121
71490806
131444545
267362090
11824167
132163165
2544238
400364989
76320758
142640728
449162597
679322668
32213011
219500099
414727484
549026589
119172135
349532561
224944938
254424138
345709943
91270229
800105449
799511275
98877283
161128724
162156076
25469933
9333199
16705348
262249243
322492304
343139373
244542260
233946705
69256062
152729187
81288941
207687395
197799007
93142400
242193769
123456312
512983564
89644100
527195340
344426630
57348231
449275604
38050304
29187228
605182871
312798214
305800945
73964520
31829952
274495587
2726203
83113210
254253581
1329676
701281805
492333247
2173333
5355811
265107591
72278089
476720169
319817618
619724457
536692201
72070845
559012978
618374856
481154981
160037541
130756958
94154554
421357860
258464620
184373009
57006080
52395634
389413342
57768628
819599786
489996645
6058039
18647552
238512218
162448265
189927799
686816141
782159376
192538867
669749488
58580622
347980419
360572166
895059756
184943576
560694009
272068888
257758377
314839987
5921660
263921253
414719064
564045248
292422615
77052262
811749014
73984821
455669088
200144722
126644143
19233483
320030427
211614426
141383591
293357308
119518241
351460
66978721
745287676
187548484
640712051
238092825
476171333
91108444
235845524
147050372
34226713
643608611
110099657
575208703
59152566
15414768
323400816
99380208
15246230
523206313
12747852
317873878
836767852
320243386
314532721
361126921
119824648
47981929
162588294
167969374
282440576
393691974
337465406
31287977
139867397
63412931
142357670
4806692
180184339
283248484
495636838
108019536
308076633
434873860
162414824
6694240
40165609
433760567
32767663
173194244
167811682
84778997
306996911
504422535
80838853
158160844
14393491
358360125
103869895
560040453
269974496
891254623
203141837
299217888
219961537
457926314
313620990
85340880
494765041
263318833
598218634
113135718
169252375
6853268
148090088
270729750
76029057
66767826
26568901
134109000
229949316
407326612
60793786
832720519
10203388
325226285
731906399
29813231
242343134
50304235
156251764
17444643
521351281
154846721
216230311
729675752
484897718
97640216
543806484
504884527
452505287
51335622
393134991
39428224
20207718
295131834
579733448
283393485
144398677
164738412
156139105
193726038
148015486
119703012
551062049
583306053
18977445
177969172
502127146
72001411
114565461
84934229
152308654
86891499
67376633
234349693
35008897
51798823
622902727
467139611
19307041
46120079
47210893
596531512
219845968
63199511
308636979
64544621
17962561
159609337
199284721
183033771
518687021
31215839
131588143
229170393
97760872
811703992
89910473
147457970
21096744
165804489
325060556
31248905
544851517
178814905
168950048
48337905
90460450
221385833
480443823
45287020
216092606
133792105
676732600
16193970
3788372
169923013
483935527
499004776
94372461
435011969
641178118
2024598
94574165
940478424
497405428
642534457
59371260
118409175
61990107
366799028
91777414
350045005
38361201
99900626
84731463
76960552
239356144
19921729
619140523
761313390
186275993
412553754
272372
313868314
499241809
119293052
70391237
220726422
113992600
372962973
93111655
37219027
13260797
6835390
312029712
44017366
293099689
171612395
20212408
2022777
585830799
341555237
34546784
27721337
532520586
778541240
157452745
212913375
20144105
50342048
539667648
54738900
48377189
13215036
575194696
262884690
55020078
382886338
127708635
19491744
33643926
16118639
223312006
502098629
175919343
119519533
62371465
14395537
252339447
347859548
11228811
363161721
185061831
142218076
234783627
294166536
314531424
356049190
16537042
317015647
844729
124182163
31248437
424493104
72078345
485238303
171797131
153631340
8285889
226793100
115005517
163555615
16896409
50793569
43877528
489632745
107199637
17672677
249045793
168739039
110679570
207352043
483012727
554085961
85804983
1608300
322582425
19725329
1492965
262547008
54998411
677648215
516029497
276347857
29003434
650479739
67718347
931116564
121601637
277517296
341573398
600508051
535411777
342092160
412438185
167626994
281169396
80043260
127848931
7766464
67092247
708847569
112356649
251677085
353201298
301120363
305399523
881976096
252246710
42576206
66643598
117433088
86962428
142395262
236678153
512520548
549608432
27266956
217768273
114314766
392639052
880183717
16892086
121131356
142005642
102349312
171572196
26313296
470886511
85032729
308219569
33920695
792272147
159391584
199396369
598368278
42973357
777020192
299384296
647684213
163782810
143526904
216948648
243284144
298190228
43053354
166506828
243694141
41357098
18621972
436843249
276469248
901930869
741574840
27422411
673222374
150044017
287120716
62629518
576327201
84147906
648020617
112572419
779976833
234807112
528797274
58756104
225627672
74407929
695866092
5573636
3676683
361317240
344481264
474488156
26832114
29512700
313929407
111990421
118761193
51976333
378024825
104014017
129089078
24134861
34024553
42204568
17475121
220234636
254436125
202052327
757657004
26096174
16318538
322217
468617697
296624581
358672711
268228701
212000785
37352230
161695516
404920354
83374202
402822999
103558464
133194723
432243334
153723132
71346289
506596684
334272396
167759901
158148295
114314008
42461240
267707825
122403421
406885043
252426328
50983745
241219841
776934496
62318789
73405973
894086123
88051384
536383402
332414570
21679470
98779196
567496281
87041728
323140153
30711984
2426120
475693594
187589912
12871576
837353607
43139168
243711906
513262997
332048304
726460236
273660364
200248779
119031439
128572509
359799061
232001737
163364272
72057792
36960407
312974572
172261976
643206738
355431584
613846034
48750193
699018
405895427
936050027
12116872
580711015
97341976
365050075
452425506
600315105
58410580
577966790
147443176
101361564
88070600
33433492
212230919
283200013
650079
83868904
788687986
256572553
75448111
301328377
639246402
176621911
260313631
164349614
248459250
456833016
920247369
283108537
120922
181160652
470835421
200845530
74159542
489236064
309867660
50073828
881113267
103832197
208755267
50500235
85899996
777357345
771472326
404784946
543041560
923031384
210037726
792868518
115738272
170007499
6643965
27986806
100801965
247684700
174558435
134325361
11439
282100906
631721612
271846279
52642542
165493321
40406709
575963491
113259366
753015364
325813608
361596555
510933543
68354480
677436267
608602054
751065985
487160318
372934409
364235199
367883350
463085956
5087594
278829950
28161400
141071430
581555676
221479920
286754881
235768174
133629393
687780271
150675276
71787633
22944692
322156493
75323702
8184034
4868352
394247620
324866026
10336696
77314770
43220022
283175041
115299720
26694685
340596532
216339471
452836595
49788757
363145996
366287180
102417665
69548656
128105184
170150665
77817091
358766961
37071492
331008220
304391624
205157610
421001919
205833237
18705020
374031321
579243494
586478331
59259229
662915239
538206020
548215783
95930338
110826468
2157753
196957473
10092049
744527041
132605654
215304821
73490502
227955136
12105227
327523587
17876615
223696659
71554086
432074782
126734575
442167499
200363143
391083377
24648516
79978206
442505497
77170619
173623815
17840289
193325976
395196956
410100300
150744289
751312552
57613536
308515318
56166884
22471786
245721111
181777
630297902
160345480
764996983
329388957
101365792
195563935
21392856
204100786
129004448
247638232
15606534
402903141
648359660
10548049
200371225
104440305
79251580
293346022
24093408
71961696
67243488
19271291
332392083
95503223
254407956
57074299
80896894
3147851
47019441
80585760
595110463
369565748
754404385
97000581
32895935
772017752
486970405
88663841
238918352
251646594
569085685
259750444
18326896
513441404
147463528
116820598
267606089
500635719
250819081
270652057
411467444
200926547
567385856
175089680
79718737
54967818
192277727
55349748
620867014
123981202
466335564
29199349
1925641
666530785
55815199
100015520
563405550
252907419
242376431
93153751
564159830
10689189
10496589
555816122
329211569
76106675
862347423
427158904
165125776
643352736
181424711
52578599
400981630
417644797
74216078
7670632
30568749
805092423
619391508
329900760
103411631
216502776
60977340
78841041
106811559
434985244
19944199
439191431
416416608
143699319
2591675
17366010
136865877
420965378
185193156
58162273
251603194
16051265
232707304
53562088
144347720
198714680
392103724
212660842
164286259
36231358
86851107
23621105
190617807
82396273
57171171
155800485
100197325
126798411
125266312
648626256
220132486
131257976
730728547
333316995
498454615
47445190
123305939
215141520
331991120
179921936
638387624
249416221
75076328
602164089
546297746
203359765
231064101
1977438
50428134
57344949
92642995
122100108
2333669
24337484
28710893
3959015
397954699
28242000
248316631
127820203
27152192
70027782
18497861
193888685
45272439
52361091
251179438
16844311
56985626
709657627
396840325
514623832
471097413
23689712
518090757
106513481
405124890
299328555
502007624
206671471
34392322
461558831
54482428
634650904
359640199
70589876
574510068
32774314
821722644
179244729
340867964
117737162
33807226
98290511
377739305
259625757
174152502
69084244
15531426
104283427
61651056
310168149
238161877
557270065
323618976
6045992
860111640
40757596
254573728
186103649
85023090
236594540
140286588
70633116
285096786
192805396
75140976
328879048
116969326
159772003
760433971
92890261
39068357
139841318
8095784
818001
145140289
95139121
114022780
84127629
519425493
73017268
388805515
223960864
144492449
84167409
134182756
19609578
352286572
240259626
52524882
144204400
439334170
123949793
399000940
423813574
318517688
214731490
53996160
413357687
47911547
232409754
2429755
19430921
58245352
42101516
372654177
72108752
153635326
141525274
560866096
20689722
148827632
335164828
332441783
253722315
362327443
143630007
455708123
195675727
2504804
17079923
168014558
164019370
700061328
3685367
421912426
67548755
139229438
28629774
408785941
150675716
134942280
572626523
767308847
353197304
15893515
378239256
297307455
328590954
99786435
8402685
116630693
166103416
94973466
256768906
397964204
258876652
68122620
192512172
710338207
189269891
110997539
1449056
302490747
223300294
292893179
64290800
146926431
24642616
180380402
209913295
469092604
354903729
50790976
22788782
443071685
450132810
398263386
109389008
185243189
748739553
97240834
291560920
95650164
61624045
462140221
28798140
100586388
61448094
54723418
89283187
51340969
383412405
948682
652336610
357579444
433364492
433513459
417618657
332612800
82615065
124720659
149660274
332069490
224374849
137604916
71115420
646649969
226117899
247901209
66437955
264678019
399242588
115269808
189985986
135826321
206543050
810497761
184908179
307139697
224121017
325761884
610466091
87331
133879230
511975218
126412039
35137098
445045342
689377878
243280900
420416571
452287613
72141470
3101875
103655491
175135865
55560952
441936185
85885058
139700096
102133895
86578849
254117385
98132509
51221625
50691950
234349134
785894567
443414303
139966416
390940144
123949801
80879219
675759158
264684564
156817543
11894849
115163421
26774510
291971104
150093198
137959592
4656642
16968288
258930698
14614172
484196630
228705813
752629743
297360102
670405519
276569517
444468240
228751602
213818573
354645738
3318001
483798766
717615527
7892787
442434633
121454692
130531805
127503786
11160172
19471976
177199619
135759546
672987781
242488206
168226070
9862451
76282615
155769401
17560500
250267656
135072020
447634417
95753685
263112304
98525184
68372589
548540379
648883216
87353785
211392246
586650681
382929812
250709871
96000289
95454185
92645708
188331623
540296887
122180688
36011928
134799453
222390054
73093749
398610863
292842825
128016734
23860443
205145305
60487352
508042276
539566939
283588725
6912643
342147520
562513489
413118839
8946856
11111185
165043265
499086873
454895976
504999856
253328156
383559383
151134950
269359014
209303548
478193338
21404373
6085665
255920624
309581204
2419441
661462156
61910470
210990100
55784671
107026793
511816621
500861752
403774958
895046912
29891569
60888976
111966080
486974247
152246850
12043491
19528959
11877391
492885883
502041157
228875566
89379505
106985520
442519029
954042334
477442243
380654289
433254740
36710988
4266011
323287853
630885985
110254905
873357675
48229693
253053193
195283921
7042061
602271317
581925904
377716560
139372065
44606926
65653379
118681656
186493393
7528937
613142014
465165591
750119202
205909344
851367001
374460724
45720315
209983189
56024434
8776023
228057699
382679809
79250560
214785701
117374667
361184641
114704298
283083411
622510970
28763936
133634847
3115238
450545833
85539119
372523444
583063525
6245392
234673960
42738185
19720756
14350729
192008595
88783343
475588384
396631888
279745519
221984892
237854109
498901025
8767797
108597111
618265201
700872212
235627591
404638080
127221625
41086161
25493347
454115408
87205546
114441042
842309087
1769329
45032509
5995485
213241284
92033166
82738105
770263986
31669717
179327752
13745477
573811833
345783995
556285061
687005493
17030860
138168676
74176474
352689114
147549546
2583468
735821866
603564835
492030290
295902989
535303171
294591779
38702959
478918947
185297713
19995243
251860464
142519528
177016261
136527182
33549152
312844320
463598583
723357155
722290275
24187603
158148439
180778634
679938018
402108996
89558551
358348788
455829722
274018981
193114099
118346589
131418787
37602847
386532788
217576686
14207707
426431911
240613350
79968968
236540971
9838374
251936066
732771196
35971285
221700234
105442077
277622293
404030787
294998145
239994880
218127711
400403854
308730467
50487915
19490964
144463760
521648280
18118179
281051881
299850305
345093433
820982061
435258980
10489770
19098426
187946830
343358410
201667449
355578224
337235849
659897295
13574161
1800976
33025732
663142280
514132587
705346548
104294743
20879519
241084936
176896556
242776863
651070082
282984363
174182061
242236469
159482385
186040072
20187844
31970064
220924009
23173056
172986853
564280685
118325880
380105527
146410187
707954756
388028847
13963223
356628126
487223220
299933969
13839167
176976096
36885538
428272526
268549241
296659979
185393031
493711618
82347316
460525273
385177292
3226824
60085179
938148332
322355246
83492009
533195776
102092319
31092669
150342461
699224641
572327437
103559822
623131658
6610545
127485476
144525228
108929153
414880353
321935557
253658546
850468256
105008721
314149209
63066627
34735374
32088879
461741888
9996814
623395037
368564838
424793699
264594300
32077621
206822145
731747201
309034185
536215258
218224302
394902911
271199316
694428876
326179
47877233
786206644
2071913
351534481
94276480
634042384
39108793
14113197
35486298
598912285
144244981
197023033
87912210
251018311
80618004
56094832
66899357
23885704
291481499
410382168
127521496
313671853
618786344
29386729
26519937
95955928
747253716
283584597
163386838
28758899
756247764
67718266
83368364
777418103
158921334
193912421
106821127
451010613
336680640
248819173
529443099
400635469
306920595
300941961
113740630
323235682
111556676
86819161
681324634
423474431
132139484
385489144
185109440
3694595
556201029
39067440
548444841
477760481
135316975
39964023
53077528
95905
361502120
145029000
677579042
522115145
390972072
639659273
406055694
20454441
23738003
19239868
107796353
49404418
64598300
159684457
245842185
463222715
363287809
175166519
706970588
29382159
203397562
150498002
155748468
84464234
54300454
353093939
305593963
204172789
89523215
124934374
112201964
226105780
554707943
110736396
792806262
434848409
325436054
173927656
179576799
47046729
699009447
439215872
444938179
496819905
266602150
219203818
93734726
511247997
73548451
579336306
246767784
441642947
19614894
412847271
103359040
90591697
403407415
809193379
335558029
514500496
366491169
31704782
141314985
206977476
387522995
38056467
295363800
6461849
628138159
755289
184264300
335426914
43843155
330884283
180205786
792090849
65174211
26330461
93571064
17915935
108921043
627785049
169197338
69079183
114249316
184611435
181095223
212377608
427519871
31844738
83363253
27412705
464598666
568006027
257993656
146810538
430958511
21927
692371969
117429299
110657363
381740365
33585478
537276587
141573479
625124740
36639645
234793715
258313891
162439333
700045161
125333657
460819282
131339454
497163861
27501883
605027975
51707713
273512995
805560913
733790866
541539344
152083391
49140849
78243817
171778551
155923016
47949400
564615784
427954836
498023504
20272809
620457323
36471771
237194385
56364175
379645853
870754370
61220428
11564832
421004176
359571536
173148813
508795225
237692699
72810054
645466824
94923613
218753784
160624963
130745611
71814945
32507566
573700628
16753456
124881025
20665485
10836109
7069
348263896
96272722
235846062
202035464
315394754
176865117
759460376
352778356
251972449
765992848
698618130
115001944
237913971
620716195
588968160
666458622
91185811
65301895
641912549
341794456
317981803
334726440
159810036
55129401
6158965
200526817
402961482
396883875
65243689
352437611
501984096
485635354
373664643
149041815
526773300
7522207
593290243
90803386
361960833
77985433
159056136
370355729
386256058
175938104
77763064
77124720
100531267
331996210
220463536
25050926
17169
680570842
12657376
40245013
386170484
367582926
492337910
263192568
698156574
106838143
83073249
46757
727281420
19408078
181627066
11940271
166276115
205561107
50353068
396798605
301168550
90442911
19326066
5757012
464369632
281443350
18839794
318695176
418690585
78485455
313342249
299493132
31182516
331834510
73202419
314450625
186408508
57418289
4418487
251820645
507449286
302914255
105605273
298206132
420414
101722663
86556217
445068513
391450105
96345772
380498540
6059605
141533989
193558645
343878230
82153569
135160988
58005393
285174483
195656500
184422767
345453583
58490954
84987232
496939783
175522007
552912551
46712030
237310422
221345936
22558247
301556811
585365745
230568126
427868353
709356023
619723491
36688224
515292190
627542195
47841451
657714520
76174891
255753
48726508
271650880
571232744
194707086
51269105
515704593
211596281
15378757
37510965
32626244
39547980
41135809
422463534
40846037
431700184
735551192
457227829
466175470
356397790
474660515
27492750
524924878
176144981
799052131
550459
313515944
299529507
85119149
735825120
462173607
9757517
166963039
369211320
26682377
209522106
133344956
249333319
71363160
535366429
37451552
155708496
41610729
99575856
182925805
4459974
363240890
273494191
553122818
389624519
85348355
49880442
2143745
44637360
15498420
284425687
476659802
24918757
122883529
375678489
529605604
216702721
527205430
198281030
348089175
120013527
219849048
326154456
127039140
145622157
140562338
168905600
264103928
363526801
622208949
329247380
253506912
205544634
70093895
120396361
328970017
56724294
59797977
281718604
1204348
83431344
375348221
501046013
435642553
433029706
3271046
119990656
268874368
25417189
112571879
82672756
113818006
465575320
329573340
94618114
132426104
43375515
185793457
424125538
137170745
218912118
656501865
281321717
12503961
33503231
53287781
33522477
459613376
752262085
263100749
595410679
179003983
649860087
363541964
21175738
19417039
318538170
572399181
946449
182149027
26051403
21960601
238097101
68065958
98024876
7622223
291594407
446490628
258044389
50177916
435526181
535396446
537334930
158420567
672842067
71824512
174632920
52173760
45970592
203506021
1544785
133816395
546962296
77097444
330564050
70590243
84433783
250156573
365316665
2089201
15860924
297910331
414121311
92954897
29522664
99508200
141366027
134499828
658368895
986725
731702213
89187272
4276225
354430772
708349739
64386845
851453747
466942757
90320135
153986595
678574485
179619273
81961726
20731604
67616483
94685009
207904263
95075920
7904895
23605675
64245553
727413332
61841954
724801494
360101504
659474053
690960129
4270162
411620945
204637696
344765484
25045841
44045589
334724955
38791871
226228070
703155357
44504941
163477529
327379256
347064051
458774725
467076338
313131329
594528948
882817937
116490538
69742960
246769182
2199269
471336394
389896941
7436857
114280646
107011443
214084185
952879129
30302152
350702992
134985533
4777269
199804090
726107217
595025656
227538595
722698430
101776163
37174842
257603227
258972225
222374284
614328495
809656941
306925974
573409264
497459593
839301976
86348119
434653831
455948030
35609224
32189513
23333056
5444088
533202231
345035224
81054160
310019810
232735806
59891308
126440196
85882690
178706713
11984064
876912521
359911201
88564080
57648964
20464381
94725376
380126125
94938814
139648832
635215673
399966461
252621265
9800778
176540512
238048028
56048895
56694024
161633921
459318132
182796529
67214049
152905054
425313461
71729549
325997552
518018584
475380285
34262032
118893988
177688563
214756484
215174864
730736512
46771913
431369344
196830118
30504303
216824980
66634407
254488489
299790040
446793727
334079503
2524765
25156033
493324525
224781862
84773517
10563376
264345109
66697623
140638447
517530477
64894116
501088761
137192021
437181227
142081936
23445955
494349119
46206217
33825441
217394538
46420858
188867749
66094201
310892138
236058745
140673763
19419912
3012944
9236736
151707191
237151688
50189273
734358409
354465209
119804863
434111736
145261436
334824436
291055541
239547781
238926315
32300582
419504951
139958507
1862380
86975181
398979216
706989700
41151506
2931619
210848967
205982124
89668964
245323276
75040420
195355477
240193971
157704441
882653873
105569377
440576353
752842088
86901403
175970940
202169868
34357506
419716264
57234385
189530485
32603928
68671973
462212847
661697127
530037793
682059392
31047463
340496492
539004839
73846094
232004936
790432241
302116153
352291984
83967325
69865780
792877635
459678846
183810428
86918052
28495846
240313896
726514119
439073341
412095172
239281367
617459179
104899648
176514465
16014673
3973805
245136199
51875982
153925695
454776992
201539530
141150282
31907888
167582886
93866665
219455562
376060657
468309478
168681870
211543008
89394719
28802215
154976988
488511172
18460721
246449608
5743423
488981985
110471620
73029176
85013739
24893658
115101393
509623821
656401908
647158172
74968470
496891042
291457170
153371856
410697
31971244
3049924
276978177
584636544
3726029
360663256
823887304
22839296
690316063
471079792
439793824
35851258
826165181
156796096
936148109
180822005
220636924
12517839
123258345
380233408
85653822
62400607
7274724
35223243
226245865
257787560
90013747
450169825
49221827
157398037
145489306
588361336
9265977
29743336
570752
26464246
337342275
266210311
18103913
228804289
95907831
272599990
814519412
144139939
34447060
73585454
22091055
99179359
17372065
136937625
40542416
65569885
68018322
3984403
396057551
280838496
241671358
800869826
67238976
562397550
45911452
198111720
59468044
492137506
271862865
93278882
11230893
894956246
691373747
634358254
12251952
479772570
16277618
52165296
437796585
646230003
98445937
125863297
8952199
33604500
193814762
415671072
386353608
633637952
721917941
841632528
172109266
431901699
253494540
101175292
16567728
177196195
43847068
16819327
90760541
228745092
279206400
511989143
191060768
277212784
809697298
422870993
133266021
255508776
202604952
449635982
423765420
102378704
231575442
157837536
477088522
75928736
113557539
59610241
27470183
113966016
20165948
34514928
578698774
70989140
330841903
377893954
375596156
133947680
248660818
9409499
104650352
123267091
56177876
249821611
5171725
389743386
65316909
197798031
624630243
158500713
23959768
24227554
339217453
66774825
133125089
236537627
31936236
351481510
10340813
313981690
200859958
124142448
135389897
76284895
381291838
24671928
221650669
888812785
42345999
191997034
132918236
99024656
54830622
6973014
194017840
15226972
122349696
5815590
311457667
716200385
589318219
58909320
92783815
724352247
197329108
91264656
433985325
619038380
62705891
80705816
446684330
44073282
650976614
54683876
2271331
130067611
243062980
12850912
14710402
358395121
32869753
493434549
54388640
30715018
334605967
10564336
338073464
431047915
454107088
131993952
294824543
15219366
121617844
300003156
60044219
124212000
14969872
372874542
17559217
38616147
90383639
22532217
578980836
424449569
106371043
111971949
53662287
172875727
749771228
503776187
392346313
509342761
136257281
138000477
18854168
3198069
517275536
21956240
130199506
487536435
54456261
237274947
214889889
128269450
148699880
16001431
420160065
25178733
9343191
233411255
459173971
406030105
535290647
446625197
285788853
60328687
583266981
29336760
744814676
377608938
249383283
136098352
35672045
157477742
448215595
144947737
119124287
1350726
74952045
173453868
733418436
143226
650020725
152228701
246742701
49182744
64663431
80844151
296643708
85897465
314942363
470253449
223399904
158637110
340406320
734542095
310216174
91382605
646934768
8582536
464627763
346782820
756008292
85431917
297274473
335920496
677859876
180636718
6712265
8188226
127193110
944540553
63664566
496604161
125819235
259243495
101442492
67414970
766184825
100305606
331726932
494028158
361789
117955004
373297165
475569637
7676080
10826051
197945216
279589473
549886298
403213197
174032156
635008475
385574301
528729
323081927
78888955
55601056
161670180
51375514
530007957
140433374
292268047
189807682
291815458
435427804
579168685
139371626
161104211
300202877
168133553
372993252
148607983
436121087
469349131
366546249
77354601
93922512
130989705
685437845
44612446
11975160
339417122
101459035
81133097
917438551
88276005
852973201
18442620
567397123
525944253
142476536
196297203
3754017
23389608
213694506
42544115
9095269
25125118
24964146
6725551
253273028
286238561
51294773
31936808
62801047
64389721
705509039
54139061
476278812
652282091
296917772
308412
127550168
42755240
458814625
107237554
58079076
77840963
489779584
436274576
1390235
32581116
354526396
376849780
122893271
44030555
52676005
20521159
58312912
330653137
8131713
4251016
195274287
237789702
11995203
387459127
25277686
25238000
146658730
1780097
907332868
59755327
168156092
92081169
17026671
145017822
236976816
312711240
255985015
219605863
179956
145310356
11181309
221860231
359710944
12844626
5836846
83355229
145483024
292174789
631775859
241118192
133444615
9263360
175472893
28763497
625225106
6773464
507848389
216269053
74168775
612291436
199735101
61563828
115028032
10343475
242453617
117007496
554808606
154977013
506674110
366931237
83801420
88972072
155765322
127504756
70055325
553042351
451982125
38658348
268996063
402331
63273835
42363795
222962912
375088793
2912693
279798903
150985000
781809817
296838417
84017048
209450809
1673880
190431
43697715
370095236
182446695
150725435
90597325
25718987
393399744
191947749
92198887
128711391
45092958
520005737
11755049
304272883
404869880
53715047
28976777
525465860
18818083
449083387
177400089
218290
119079970
487048848
83288408
209757
844384613
437166202
180753863
301356883
556274464
160237183
8199724
132036096
37427126
54807364
883092495
189005006
193003098
51263200
47525589
737613824
40005160
575500643
532908635
91593865
331776707
21006228
1397610
526989369
110085914
9374796
43256541
124476826
285777936
230894104
614776358
285714291
462377841
209011790
210279850
226157406
365885011
179275726
466122336
29199925
427377172
145773224
106001
327621772
691199313
157236345
142181493
493295358
32421205
117496347
156543970
89811301
51430336
518041187
240841457
691262632
380947228
98354268
211586131
331384122
237116173
183005200
160249285
89904704
27064938
38599280
856695555
194653921
313796862
20124839
435467352
328686148
286160049
387121664
403139589
123249672
478512025
33749715
669198214
89990396
36962758
53124950
112972644
86412321
325808364
227945264
637737529
278199009
222549415
144476111
81070465
735803557
354683288
92578293
398378323
25765389
95212947
491036875
72502555
132351381
403459511
280454824
20100807
304044927
135054810
310111011
169132076
6817797
194764385
20442931
381956921
299134683
153002227
703964971
86347898
48111560
132787465
751833634
645232953
38632933
6535593
41169789
504227771
82462028
233180741
316792294
16723233
72228516
444258569
472577434
13997828
606674814
9654458
297633375
271895207
414565227
601488
31496727
363427607
233695256
368204997
710988530
114647025
317087673
22930431
325204953
319510091
51306740
131782755
37979104
340190152
497929182
10040275
581723903
407442365
12213432
285223959
707407708
6528395
291410232
13127489
349847141
23112398
853798340
100879106
191301056
241510528
206608377
743182000
198395401
162003844
30392497
135597204
161008513
385582888
25370097
4492589
170895209
48650336
122875713
90168600
473867849
56701495
298042693
827616378
276069800
146163131
254251
705238676
1764786
608333364
541615036
212466081
61642673
54052811
523018953
14312313
176576701
450319587
568265425
62316405
193849163
786358895
5301402
124410468
449448317
63686568
36651574
95308924
210254381
63129600
148973651
135610647
467506665
468217738
332437801
371182716
403527231
31777639
56876081
57641824
22213142
48592406
277989517
42012681
91533985
425796192
71421464
214164798
504220900
111262689
90826166
412593236
608286284
226070115
15716822
480285505
31527547
387754353
139622834
1275146
191245328
114328516
288614160
1124034
8574445
286181267
10028197
557138023
160773669
25094776
419163739
183033129
862102660
366062952
439044110
29054249
378675829
287283816
879307193
164836495
59309883
55724512
238954360
94944619
111746267
423204015
39330800
201563056
584683354
132261
185299136
611684001
488140497
127373592
127538653
1800897
308371967
41273166
290534509
626295362
29639173
339910360
19652927
26489782
818085939
280280687
49832861
253755114
110113092
13052476
170162312
155426997
169815296
245300527
120865737
244493491
59900037
222827122
38739391
115208282
375783692
65964144
275223106
76202358
198045448
486512861
40144584
45115460
230624659
16653112
389045504
50180805
401516884
139624330
221199827
87967727
8634175
356142662
409264318
213053113
271474927
440358484
353555731
179657088
959415964
719848725
282585056
75217874
185784084
700770905
15416824
794119906
366755886
193769970
251647008
24595824
434615623
158621736
527248752
140942385
34238408
32552879
91039321
274736992
67764048
626935339
79937966
79842200
105404308
169154975
400107825
714481014
224391150
322163469
114165850
22694202
14503241
126503810
39643006
857829495
957677858
120798578
123347112
270396492
314042784
49531335
202799544
125241946
450975526
727571408
248425665
54199461
543312698
1602869
221504382
222367492
426982090
27501421
182063345
151384422
203129036
26379789
100442655
188092044
257788107
168721486
163068528
70829150
385887312
156546071
51820644
205751424
294637082
4467485
71489917
123010452
38721710
319778981
215141951
58242950
49512700
552669873
241845221
527252253
363389020
145575753
671957063
243088824
6442193
332394539
757503041
517361712
17717223
319302181
2639575
49556664
232766204
725952376
745944785
371856997
417856641
172233184
42282008
27356565
34639662
302928400
129543136
444335616
545788177
15167056
691192025
5443416
353273997
174624615
658071404
572168638
96419392
308437672
155536966
51345716
274310307
49874871
302120223
3593732
2993652
329871116
664121426
379093991
628299333
314087263
606885073
66798689
45299266
849287629
258636834
179590021
1767968
312720236
19218221
592614833
866941192
333475494
186748551
362415287
10403006
127097502
236799835
298611200
248533294
43613181
78794719
160428510
41806671
643506788
310810329
115765194
465000552
409378225
468011612
137698957
25480506
139809957
463058102
253691502
19549468
502697686
118141162
76628192
385717839
9591271
113986784
98173467
19012196
350449792
314641012
700359919
201454686
91886144
108554447
294233873
296378274
34974803
166720302
94270077
260354759
110608007
618082275
225642481
52528172
39906176
408676885
704983516
100191776
190317568
419576975
240950984
3776448
31696300
96751292
215012171
593399484
67717750
28897258
618305742
387605866
234769527
93555760
22429501
301286233
528697485
446661366
91967377
125944993
74892256
575754922
272793341
236497136
79068489
545312095
189816659
671311015
450091045
527593656
180672724
607380321
8813488
21949461
400343271
284458200
159395983
14130600
31264219
245752657
53901793
60525201
328903485
434110227
212525125
345452219
11376548
305550378
504410264
134300711
224562081
456512436
67804733
239745216
262415401
76805023
269933546
228972731
322420058
473402386
142415022
22475412
497833383
114871702
107228133
627599026
432297213
119836655
726567052
207646714
19896085
358648973
128410553
94799063
62670537
331059724
601589836
17074284
83095267
170268601
188987025
182071771
147664140
98551553
254279515
448108394
279639670
183593477
266999250
851565277
33929364
6442144
574165329
222189154
452088625
43031401
291773637
714743520
201502393
314517537
296594478
743072842
298516822
211743920
408262530
56402953
333116929
46619904
396902353
221889179
224293223
8314786
39524990
516256769
72719889
974561524
565394817
481244211
171354631
581893232
439849725
247662032
35723777
556313415
212302047
38887632
590415781
33004714
328795417
86138608
138051751
451359317
244508976
37040488
288721272
24608836
21051376
298850916
345978991
17966481
147567841
70750586
509774224
93046580
23392645
147839599
221349012
46426534
106174683
319712990
450913801
6019704
105638214
743141161
4911103
55895314
893410524
367776876
83518752
469802601
738584121
304045757
328615818
674474409
133413068
86931629
172871766
597548391
357250112
146137399
81592649
177133600
40058099
80521194
796144921
73582294
28340251
83907037
154044648
51869594
445254460
175296239
4336983
506993851
657614678
417614146
68495383
19220963
74443721
311634202
129692052
214102797
73776763
276412689
19649791
54270252
152246304
65817374
120602043
210433189
73155394
293798524
8534542
863282039
300948145
253077871
448514631
66340316
519822346
391925205
505602165
31549345
581066824
659085441
254957536
464765781
587240928
641154495
524258680
189719767
381209296
91325838
31908897
503039978
7651058
127546185
106959249
656798353
422719581
579103133
667242301
205206906
16182571
899206155
552881865
497696427
412598209
106819650
164707201
304983625
153761989
305937712
189901850
211689984
82425047
416285121
607694077
18910971
344304136
251650433
273317192
259276460
53360161
55299928
202326829
54725176
147714885
11565782
142330999
5877600
65435907
345220828
34789454
11461968
8855596
320646024
58888864
810729410
18530738
250572104
123452741
338065336
292641631
493335584
228882955
488314377
674021070
540911539
336481280
128868430
1020224
280523538
26772498
110299693
74646585
55514077
674473909
67255336
80313500
270166361
336390890
302378166
34041091
1336469
26744560
4753114
333986683
147299487
11715425
742291897
40391767
554402848
418550972
183475793
261674767
69061497
21657905
27603083
217077199
528996137
79909246
186458636
167516719
127245400
518610499
7895276
515547275
105930292
239434223
529889113
15150421
8618934
17105637
785045230
180926272
50006482
178578
308527005
5833674
95021934
601465194
606646534
596685977
436706895
43226201
324439761
453039365
32035135
464628415
635094020
252372512
29724757
194000509
226216059
235278081
325043577
42246640
352290209
422658039
286815291
324487864
423624689
128068698
487666779
74963665
463969256
90468965
22205120
35406614
160873755
30312482
303679238
151330013
29074175
505506773
541592239
435370016
202438711
56785284
161375464
534798806
208569417
157622557
111469912
54257996
119312475
737211
263562739
97054826
268441563
59477332
4844011
61324746
13081480
250210337
45514416
646977001
478788678
618106346
301422736
7500892
320231340
3205632
426569565
117942721
811058976
114404003
56170924
38999533
26686689
113301501
717821250
101717968
2329441
4196195
187996047
426977222
305860319
139034836
33498641
353917788
299924201
254437194
81698956
342583785
110143744
389743810
201226176
120670339
515172832
400572855
560958823
158854383
146502988
709449413
605079905
528997720
458431675
292286224
59763852
396809488
387809925
411316997
329170790
92603566
178246110
111160596
515630960
277979904
721457477
172996767
282599251
269142707
143933806
167512518
117958644
327507566
400422078
666735713
14858536
257776775
750930633
448833186
164017297
223704247
96151880
270772528
546095766
32768269
18175013
64783003
553375352
84886976
510669418
95345120
402739498
472744316
822745623
627740725
2850292
131037019
367870589
232906454
160509219
361423397
135707038
216178228
522017940
603417437
196739576
163680541
141983947
547545865
39227256
40864766
476704342
314775769
67745686
7438644
526213321
420318319
460123413
766755753
219627548
642041612
19207263
666083753
182124601
15272178
8183648
139741413
285738014
400022263
277908913
754650970
931537774
255460080
220393795
15201842
1626929
320989732
147965063
625374529
108312821
91420533
4941928
136420321
86966491
927957581
139488976
228989040
6375850
383851748
215431497
146101068
41029668
752232
276566794
628836715
9750905
691950224
54583804
587685296
28158635
4528898
497446250
209834625
300390785
282839850
67580528
73827115
113170261
122241836
119462384
163991638
51159438
264550297
280653754
632141671
193632891
129806249
13291441
250707523
53743401
283240266
325839922
11210093
296981308
167680523
101111683
57963191
94936408
268142798
745224812
35255103
642351276
168188107
266746893
456101393
77013789
471896506
154603096
329785101
374404321
73422921
376083130
153720011
2225715
190472688
183882432
337159488
122829364
756734321
306753553
15312173
149029454
621110936
189885103
55827947
6054521
60156709
76055581
180202350
329023704
82399232
164709320
53507782
602853550
76058997
191690560
644919787
43683485
538193432
678307994
910117933
180590395
75315247
328917835
354568633
341217521
77350284
950172024
696802465
573232904
6921011
11798431
360798272
468873948
108469111
203522238
91490856
789018490
11164063
36423556
209172398
64761519
95351423
209403304
67608500
530397297
85346242
203088103
91754285
284990416
23813417
220695634
439986594
253901103
223875328
192271812
237698365
46545668
943111788
278334792
751896929
41436752
486808000
489294542
276147790
274022096
131704891
405060984
141333653
100505779
128293610
98700760
349670403
150717045
359988585
279022110
10289470
20668021
768598925
72700254
26349729
13890668
652314261
27807842
92410605
267084937
363765808
374916626
248874463
63777824
159018374
366081
10486266
238835249
67780278
387521854
448025103
102589618
219073453
112388427
136332316
205347106
5278603
137595609
289087384
253649987
217266812
311474241
79678979
9744126
323611808
49366899
194644964
447156899
149047541
628285725
58700072
38008639
383958225
16116898
426726067
795537000
739850875
2350776
796717709
2925699
3503701
193135739
198296059
892285441
306202760
530795938
61568732
438340511
451850920
9671999
39090612
240566564
728602923
27788712
17884141
329387194
297363838
624041449
76576000
69701261
849810599
394947868
47361304
85146395
214455853
287315212
289932412
36416465
620643283
51620151
64413466
67780070
468953476
20386336
281296409
35819957
147466312
20486257
233373477
61563668
878634347
576200969
25008217
57223748
3287282
1345631
160168589
46782988
63784613
265122234
134766581
30232868
2536960
239118450
304747289
5447216
5721836
111917968
23601822
9166224
52625905
130778350
727743664
10745773
34657084
289346526
561433984
17653882
69066293
276071229
162062686
236095981
256665152
143748892
283897550
541393976
410490141
764735814
33039304
88787678
115464172
506596386
50088764
289361841
429000374
41487687
432987112
214321280
4955216
12045112
437950827
165373102
28161923
143379
327012801
320895610
348768047
305513521
84054889
272531622
347745862
263447776
417860736
6130411
396049434
653122580
599693978
193999800
281020921
27610111
132313569
537055247
381652081
326568951
772118387
49902186
158607392
213587753
429809626
545534848
172984044
107166276
678500287
233207566
726821567
108324511
370089713
813597357
417748900
134325356
121305509
681927868
146130992
158980280
103648944
42891332
726056105
204899137
155178049
50638735
146370686
324907515
17545900
707267564
81714556
740051497
799514494
413841991
319099648
197142418
300287349
338702238
454751606
338922324
12569288
245443215
35151716
318183860
731234173
114595202
151091244
134372574
168612203
350538720
313576199
426801239
413196390
394590523
60137401
440142272
214274944
178871571
183383748
413166329
277402336
171150258
298140534
91869153
131791088
403181386
279055276
102577000
299742901
381207240
275017911
304867513
769998898
273947461
238220471
188986357
828112580
249370519
140374651
848760919
523560321
90208525
66507188
256673741
158774102
228432232
348806528
179310397
560382894
961099344
123090459
4411741
438996628
239634319
235051201
234839421
6179853
255731465
266550772
307740249
583474789
42717797
397431152
369264253
7901385
238302070
420835161
687163525
14661674
320277931
242501209
285752719
437292139
246291301
460036184
64350369
283930621
3910476
143316516
537815723
70024144
271719650
19455441
517748806
158687323
522730745
133862815
54155584
96277348
177348561
62653263
226523455
521631679
239711341
128823629
155453897
389218115
102320128
406310800
283981436
36860849
253626155
46035254
77428709
492237934
141672077
128115943
375632013
40518891
793581459
713692745
517115794
964076241
267508521
441408555
82314996
1993912
192988539
195324990
273821735
303633041
122323755
6660243
116965820
33119781
229879468
297564556
312019456
273446998
215440956
324393881
152348326
411664190
31965182
266982899
105052614
431285011
484803549
145984376
292035295
66336419
481751779
509927216
361475063
133548166
79377123
70740590
36738304
33961888
653640149
768528055
453849934
672475882
421697540
270232786
49329526
8954751
25633845
