109442246
246383761
246492761
381903224
423883187
37715404
47216764
68451456
380811762
1644745
506564435
216018550
26953318
155191622
9940327
11000525
37484289
274937174
221971673
227868843
364778352
12248553
5978634
689140007
204418099
32277025
86810789
146142807
52647872
254071305
610630071
246773485
257052744
697349871
351848014
426573819
70076067
653132776
452814977
352896672
198030487
99534835
331188419
211473977
48153702
921965514
193717976
94448519
365656843
125705968
78366953
124377863
221162944
297701632
125073241
718537768
245131019
576954109
226121757
364160508
635751097
373650172
82302466
387322540
257425397
938887
260387096
17938720
509906329
22466029
213587479
242911014
56952897
167278363
78085043
562939554
532305631
266029534
189051732
560392179
175701283
49427222
73301881
132123421
118741032
39538145
842993869
56277681
258883987
407621373
191086424
76457616
455880164
149914322
19466701
574634173
137484651
22130075
57835530
327404452
547849260
259647793
725308894
167591574
341633812
76503888
1764505
2546529
38433241
756344044
455094115
738065249
640836610
130610379
235884899
108802176
482820408
180034320
50081920
73824882
779405128
28772250
11968029
337643184
714070936
66176404
136998709
333776218
214673012
232517676
272127256
77693286
344264380
107977131
5121604
344696114
41896156
508105672
207458175
21244832
434444981
212765357
701776528
231057366
681000033
337657141
139156438
439552471
276835663
143537920
684795416
10975060
15897141
255103360
409816785
215333066
573519584
310710639
152647929
188092746
752166264
105842113
107121853
512525056
498837673
138841134
62110684
154987033
532472407
57585919
61238278
300213927
287944406
353712115
153369501
42084210
105812494
153909581
184890671
95549626
208465034
483273779
21817721
97609036
15681896
667967035
698945688
263287672
461025804
51730460
425572888
198342106
86043323
230262827
187807696
163088081
138706500
139217184
691950523
150919875
205340241
97516633
192084103
292956091
16689163
617414451
58956245
339006636
49651575
744399744
252558066
154152201
449494297
87834736
17038192
168676140
255045060
31232241
158856492
317034507
105750743
94400750
460692165
463717353
5166656
546558
83886672
131040265
273527608
729986970
806097011
19774347
217376327
17027544
69314036
385788737
9350717
9987977
482881862
293829190
698130249
160455096
84367103
401842297
133959771
11503620
615550402
17975053
29954892
211543920
220138244
286784775
146556010
427665601
364088887
22025388
33734664
322686969
734612449
428793075
134082292
319268840
200053329
83419746
696205824
395059960
24612354
664831081
283513268
445245151
72088385
212916115
189609328
66885986
50584476
183297249
119485665
158412516
50780862
178308801
924018864
24419353
151010940
67398583
10897932
88281267
70050168
266690700
354129080
13952639
72288008
213087757
335975618
149462219
539167351
218760406
119219909
281139522
13526216
61881424
218906226
305025879
15733822
62371971
160033132
157715550
46581045
212194330
15516376
11456848
232586166
64214868
460450032
82003626
1989059
27740925
122732737
232770896
89629732
39036556
337762797
564578344
128630943
226232142
136869690
351906828
341904164
85174009
285950091
110267239
116448070
813670132
149564298
749544093
339248768
442043463
137649471
153683748
41212401
202987597
746761611
33908097
247911339
576270788
128245672
239601307
124131042
474496426
94908007
164121645
189454243
33663260
80924650
60799715
31222310
437214425
421574856
45172984
346305
274184152
72977
8721173
344232440
212260042
143585087
326881578
246409632
546546749
208006016
228013246
16030909
386948224
288164958
60208322
38354525
1812185
47112800
50756250
329941621
203169593
88678933
440055080
33529695
68876255
71382513
229055729
362135465
4326891
20277808
64878882
200776929
215097991
12388853
48704998
34345309
640262081
241153291
322961882
476180667
77112139
100874836
5445797
316371737
147332224
229570701
463438595
490935535
473884411
550066140
18469250
72573740
130206864
67321996
494834452
107788289
318245796
263088684
19332513
182803505
355863624
37012303
167808474
262308061
113624486
101127384
366309967
102994365
119354185
190199788
761647160
90447228
2421254
381303630
651152896
196934293
313532621
133059672
272024924
2427623
57576236
365659516
12123262
71787661
236219816
193202529
261540215
163934988
486707171
300175776
14613565
180661330
352659373
115771221
385694061
403431377
10676480
532635676
215364818
236369281
298335231
67324315
192687966
117475070
410565029
318223269
220216194
139876507
234651792
820360264
98703913
681311670
454514844
17927400
59168929
45077936
45424213
410043713
489115095
57434041
785619584
138364531
364846013
235751226
286762763
13755970
920936349
294803153
4863556
226922557
430330356
265866417
210917888
110109646
136119829
526078966
609034800
12846759
22385687
36915796
277418621
416278303
559906837
42354173
804172026
342922006
6345298
142466041
110772608
91396463
43089805
1071406
59992780
741150387
142925174
353551874
166440985
10870536
95696906
88202624
298846909
273400430
368751073
199957412
152263640
438642743
30807919
114200279
551766016
290072561
109488470
357775399
574255150
98205886
120226795
132588276
85598686
433966678
84568542
97598160
305061581
70000956
95458243
73368664
211282793
32818827
247127904
666468012
946867926
46938229
394078629
173870398
276413011
208885265
302024682
323959945
257333910
377003272
26292196
552485024
23296879
578981946
411306763
241921387
410925888
44913861
178922227
463285089
148505906
252834113
92128959
39760543
423041133
187787676
378443015
54667348
88297710
321612573
413653578
339576952
789816143
2815587
764396876
2300111
71246646
119601611
593182759
56782001
50699419
563989638
21019110
416937441
47516516
355673674
406121792
335007797
514989331
383390896
135995196
61762378
7444316
277668349
391160138
149929021
480157226
41417998
206912490
139082877
101533344
695196083
219688346
288418991
474913400
537719408
5439299
350161344
255918255
615221416
382089868
487358835
162581617
45835275
771994273
54173850
402720626
234333364
568891933
446132408
302516466
243626520
82843959
30831499
67291332
828835114
9573424
279632997
4761446
212147608
13360517
18381396
501824511
250157322
52928427
171254511
371398554
779006742
23400721
222615963
588130732
223108276
677842452
180499512
29427642
113284080
200046369
344612979
229482053
123809216
432421305
3775593
257898163
5157040
214429491
14624353
487588925
131601569
15240422
476084169
675449112
339907317
300785390
139210496
87533944
359229373
604212142
248866887
130475060
212064345
42185264
171028964
330540475
119522104
705900291
206683502
423273037
47658073
605456349
96743245
527926207
144938521
23291584
381984920
9817028
28395008
53773557
314962182
165622600
197587273
535701949
49889008
65013836
12471753
41983397
213453644
423042601
182912151
66871314
53521536
20049516
599028997
63149915
81355872
496955847
106574515
207102599
447501501
289149312
422721775
134614341
574727596
194055299
480268736
381596526
203570503
237637882
375508647
9540712
18052373
259206035
18965464
109612195
194361448
514430755
38604692
355945129
22508140
169851429
112249068
21564995
95049036
850526397
331976891
138576857
53083650
693352680
186631425
9861769
97549456
240277994
56001775
236450132
22868192
96119414
1297837
138574878
713356253
436114656
24711690
531198617
26692070
2135254
167177296
528805301
63516149
120221827
82969565
12794920
279502497
65541
156661024
3601783
49979596
7371910
68680915
219796450
394899637
282207524
34339461
722779760
561502664
245065204
423774800
499890961
899817
76389896
375117942
106526168
40928321
234549760
564065145
9725846
265055869
87642313
64572814
122860773
383740119
224896621
731132935
836163451
31689928
9489969
26834399
55787399
127823678
690477600
847845179
326176466
323920662
318517681
230467896
285775717
136993556
190950044
10870921
118223568
56014573
828515243
515806072
39888640
112610649
156062258
50599089
225641759
30235136
135316143
170191357
164095954
26050114
193173794
193501860
18918088
349797841
816306685
111794954
174323025
143127210
456011955
137253750
144998461
422552106
570904417
548420693
175786660
146431840
172753824
62495369
4127155
57493092
72659499
83323175
825074232
12090159
458654056
226457319
310798321
28711840
158288242
188799025
7036905
536478749
341502153
115736351
20452371
283076380
62810813
449440073
719980252
280516837
462783664
39672438
583588823
3418258
156276001
44757985
64807993
304956555
308107164
308358321
323576379
351134148
193309249
247354721
317247453
79593462
268284743
53668064
465172627
89740219
83282816
21329233
619896125
314842189
409016081
342547084
542373310
300857488
637233036
335477546
19279800
157169082
69192360
251368497
290063845
182642092
401419609
431729152
29950941
145862681
236574085
370776837
154465000
349966005
185033302
102004469
64377781
116174781
281854492
184551732
500227160
40901503
153842237
794414163
246085883
222637549
354313664
180791326
185984668
105168831
259542405
20078649
335862751
17540525
132470905
904829171
90015061
147998424
135879184
360191988
438695112
430032645
145876092
217682299
648757451
834133987
958121718
611967901
26615356
351150013
34387468
145962903
141822204
41238037
395572284
226872161
128660370
184026205
444130676
31850083
6619133
34438629
750473892
157073283
123012715
23584068
417487851
410946015
51434784
98451417
226397667
17956674
905653935
363363960
888899317
85024643
831208864
128695165
564995
196066881
348647539
447239137
879603736
614046592
556691313
64978930
80338054
30014986
75705936
77827604
122345319
44555928
371457487
437012668
4353289
72431729
83046939
372227100
337457033
239552295
297877250
663049980
817360627
408037965
519654389
37263417
3009051
177284756
24693421
254760095
154522913
4420360
249906432
258718921
581439598
611385217
207792037
159836260
16378820
88800426
169545344
76355738
29773536
60195007
293400458
480895424
792499824
72751756
7893686
182811003
359983509
361047376
214688963
499604606
172377517
429935399
151151853
3731701
37200465
6806032
249600767
314259360
578197632
291615840
179901537
630644026
98306695
788401849
78867793
2754523
96923268
692295200
45821041
121875954
451885771
139040965
201264816
180332538
1141119
835497969
292819185
30568820
542741977
434751355
155767672
154169755
48295904
283501835
105220616
303940352
73258836
376550800
82340945
13748096
60963948
97155956
280204205
263054320
96151629
310261564
285912300
539794800
458885200
364273085
31181671
742689775
122379291
34818068
133814319
80114512
149443456
618849516
154738
500986162
80728824
45288869
84060341
423227040
444165093
452512953
459087696
2454217
167622072
109696612
694745441
477041369
142141449
206865268
851450967
18119880
50655339
354399912
155967825
176771279
148108652
23439852
5272925
163071531
149282810
498681933
66283705
109609568
174325009
10046347
620713292
731593366
476903648
231439449
182441239
459072264
491102425
207080167
445426344
311590081
36437807
99096916
323736148
292212200
582688728
104923492
220885014
424539201
81837177
668527993
922743976
292964287
25309090
193001695
500047300
124969042
791159301
143545241
106165174
121683404
320622240
316062317
79896839
88281643
574475513
68344535
13546491
23274273
394362730
198804440
841645453
118250169
721454832
795152933
197291584
323641487
5186056
123444242
7006175
227549726
187969154
76614456
483447835
310795193
223073307
299007501
409669280
4481676
232785225
98254605
371279414
15612928
71119671
152397229
411932243
513562210
136841255
374774152
131158503
624235072
64857720
29280818
266831347
86161124
134257785
54543481
159989800
167667291
208442275
549942255
307346674
659172952
43657076
603927694
112603963
49602368
817817121
694010667
76900762
510016884
664028832
71366357
17043145
85529941
134690059
152239653
498529305
160602369
421697661
105802511
122200996
222407359
290313551
900403213
232800562
64694686
218147161
271652281
13863591
261048677
26089925
33038757
31394615
440907815
138891141
295272621
14663325
440159851
363791610
340491846
143208184
49185133
21686525
21259746
685402150
306372969
10990614
98364043
209460598
254739645
534829885
41799524
317078576
52420566
77637184
39522783
147931984
403655907
1750132
211429174
288949696
423068641
145186854
370415852
630238111
453445027
371872
173460193
60419529
176064397
197013592
711640764
7464523
647778604
313594634
13141859
130865961
25478702
318962811
918913680
14815224
405806401
529063303
38472351
269463856
172323270
236950380
486781368
246505447
259031200
757855882
189015941
600038812
217983766
98349721
3428677
90138091
35456668
166560876
518915680
199051252
86497256
199256449
582818204
439880186
656961516
366813377
1643136
363661113
641235379
228204736
255620203
571677910
284646936
107395221
90776763
43927466
1565434
526395136
208408980
8676741
98256950
699610919
752900197
464915562
322682990
198862475
124644356
692039858
104131197
209967472
78698595
122188630
7322893
290278551
445377151
812270465
588420533
100025752
330682543
4106696
433342787
156999000
567365025
29329551
214963017
553618400
431831453
785066201
81701152
28542921
699632448
86727645
319179924
9111626
111885677
433030297
167688794
235532040
509238412
948124593
460486243
312378636
228332486
83194961
55743273
382412424
161180050
160642418
32034943
47168160
697920287
121326024
364308461
624609
173107502
68610636
562975974
273560977
233676100
115816620
6444010
589534038
51152872
22487444
286966684
174957111
140436990
181528013
10079521
198312928
269972080
30413875
171933192
50555636
85608384
709803810
66022750
270563988
719673037
118333776
317964235
16957369
21864206
376070296
648110658
310770989
253225309
44977921
652470067
774639872
172673723
138568379
429316584
430114216
121556824
261066492
99607972
134448881
538549661
11931426
566993684
563038136
13483883
11585298
165855424
136596892
190324972
52057444
471474761
37158962
338580516
559537361
416311386
61810680
173076967
605822590
207539570
272543655
504375365
11805040
234456682
16379718
100210396
118250761
8330891
76704651
131663840
25957005
330188429
186525244
137754769
141968010
600530706
2078240
316520779
372194390
219213294
413369905
25388465
386380741
148567768
140856465
321758432
2705231
285726791
453368799
405959951
12515275
8309825
443384445
272842994
349897332
861532608
413386076
714000376
38750976
336939783
97563286
190997956
578566304
593256265
422219158
165288378
390897961
107699195
253506579
73665376
96257405
253061439
35591304
130361512
350385979
125664281
117338789
223211383
798883672
17266456
52850899
134423152
195692806
5212885
61646026
217291017
51420945
231483930
212254889
6020500
238586272
67089262
384648685
63185880
905719114
175342278
9302504
574745960
45937219
96529734
40401941
156600502
436462477
190409683
386565843
21663291
47194128
312549393
189531346
34513852
305479258
74774784
3463115
102375846
7005235
637668800
359751646
72198609
255175335
531355361
36907460
193249409
986658801
56730361
154370906
61666964
383540319
144413917
262450651
192828101
456004315
107903159
59339215
595920766
263776302
352519771
36213827
264539530
465697119
167733240
607249951
847195993
46923166
683078210
277778481
169513809
1909129
852306656
6983361
34489706
332332828
197346217
934592880
286802848
210200914
5158723
322683552
294344839
122641191
406756717
203189361
20427381
640738603
305780252
5544256
278711600
180004831
69227008
35229841
159504221
203127232
39782429
384045812
341045695
684117006
78971749
429544634
92318275
464844909
118351569
364015991
541611
25185973
30443735
96043669
175848664
81637206
200259435
44559303
275458566
4031036
55002611
245239372
84496176
146537423
27029278
71206496
303980793
73493685
27048951
131089750
30755956
298616198
33135726
256458168
428696522
356209247
157074135
845086
543565925
328059623
767907942
555470908
30660127
499213632
48301401
75946444
238333291
360338605
209556027
94968630
501228810
43221210
492493595
114905563
33442249
567760886
75827995
22435409
310477291
221784080
285188401
74623264
409998063
100223523
141873616
162909792
106886910
46028680
416559055
70349173
784193861
181147261
566015113
343564011
117641241
308421376
272620154
163779480
49136424
223851321
281692424
81449285
129969316
106249216
211624079
438964696
327840225
178486357
142576840
63637858
111972534
46679815
64313053
1977676
316515340
132453385
302270886
16536520
39217032
109620158
542198624
190874586
307382852
204424961
225803502
369163690
873039
339873282
40561857
268099846
83290953
388324789
1778964
75745876
168681033
377955969
391977728
20201704
1027487
658739593
813546314
86400826
102861974
878153289
74743057
45438232
323308206
271401752
640753610
12067835
312533310
38141575
13615878
121744831
312732161
4559316
810092160
236761186
447847533
167378916
60380637
52746541
575101814
456154090
118720785
140224714
117483544
63855376
215830861
250491693
85993295
412165808
125021379
234299430
156371878
47910991
248389281
649325561
347088788
18682104
27607619
272806713
34506449
3961594
221194586
338280477
851622931
29953695
259369775
56161104
11129121
242092574
841339983
673871164
701050403
19719901
227736119
33876069
412476385
688251838
549442360
554757646
211527856
44692207
324861282
186291963
543739140
848541589
32171265
58750336
246417315
259223140
280380157
215647376
190287012
173164996
404722293
108271374
227556400
415089368
385333461
95303627
31422232
384161227
584921083
333569131
155455996
157555514
124580025
91926163
52206511
82492459
357394831
284816376
277079971
84678328
157531476
538953361
2878882
3871748
207996625
263203726
562285585
616883185
137866069
378283222
420955175
716556238
286067668
331562323
665354091
814218170
444024883
202274569
74774250
140464159
135319167
127137186
158866871
411740774
131827385
316684083
1890636
656666875
9231
23569216
119533711
28022139
2458471
190027952
59469358
100980688
68190809
14015835
657192432
98617568
277840546
51121797
121274879
17912137
199277633
630321197
395700454
13937568
23250484
402992116
437500543
720954973
443775374
143624965
90170112
85163229
48734423
307382453
129546357
694425968
11205564
418518805
187044589
194870594
647518875
10426758
141609479
43688817
587958743
396614247
36029350
379474429
30026972
55501176
654152807
811817619
88776884
807585361
371890197
520197593
13628425
127861664
349399480
12268090
655221613
36188967
398746380
108935413
434850601
291170352
145487769
46470625
28636364
246712688
11011339
147958698
119981821
61663248
102147940
146925460
75070096
429515443
260862534
170798112
636488464
750372695
363028474
127753308
142588053
183584056
261238324
188020205
57737051
333524327
369705338
368477654
36746851
558250363
652744160
570537888
590430432
66018350
48642993
12428065
139405490
442988744
286955017
1110352
45019454
241941085
556642223
232214441
4052649
466280641
1266895
177757287
566440581
330536382
62873281
90362690
19483596
654368896
145941184
851675905
202659770
385000092
422003931
212174099
273559
709534153
11323234
119594305
180330810
131720407
348555219
214765980
33413773
94930103
203362206
154027453
690950023
56361189
246751708
98188015
312424749
16314924
3885057
136683040
471264892
13643767
183618997
30555667
472467776
20462115
164984432
207622988
16510597
38355848
200197152
4087397
164653741
715222056
295032564
119872496
577454934
81385428
101433645
332302459
169907488
72941777
3092597
65808025
470312752
2115968
422416023
32788696
5723713
856389775
443234122
177322474
931150099
400735954
302843838
85769324
187590913
235684405
214457760
53383464
128815280
83272433
50627402
143209554
547032861
850227699
109003581
270310981
351874969
492951907
430522705
531315526
114964116
86826410
181403392
19006164
716829772
850473551
54006147
432968870
123851872
137229461
406709584
900132012
297451214
107980315
168909277
841920237
9846471
83809747
12194707
19382536
283579439
266990837
183383527
150584015
524765803
127229880
723990079
74951062
107112988
93363451
44507616
358501681
142829059
223123746
77219847
140636203
353278537
52609005
376797300
716771776
157580512
220890149
311297409
42187990
672355978
107017440
49676632
577277920
44349403
12144336
15694331
103998327
67284819
9517394
193795497
85848637
123510720
375835776
15445911
105196800
327715572
6174092
682266432
10305526
389473045
187783031
77437761
294652985
189124646
18368446
49610059
87701617
245038696
181486549
7606962
818559141
305180379
643027845
197729281
90854526
553561483
7680465
104596220
196773250
223105097
56840681
57061501
133266788
149817654
513004996
98772285
773314542
30424363
109109896
286374229
172254295
595231252
153322051
118584246
265988251
12409116
42591740
462936909
9728964
460416199
502143162
3775856
385325434
24000707
205137112
4935427
68400629
60068254
278785696
319053291
589477161
474476840
58554151
572552166
100601027
242184334
550301849
15445707
485355439
484840477
144887328
374198852
412126785
34068761
172863384
188223004
140185154
285354864
644109553
776908841
539371581
3527163
160723401
577183901
53236834
106290676
428024257
356972615
631480702
104187073
87214676
167172063
878406001
129882463
154710597
89509167
217561788
240222
23186461
308017224
18443453
8985472
216823212
175172424
202672449
89868567
489075900
38774943
5521657
274324710
250447272
293791543
21940225
37616599
57953113
705332016
599281705
31205131
20188519
31446031
525494718
153787140
77616994
164460976
227536539
1451329
446981584
154237441
38751327
31458596
59184897
690771771
198445900
178187419
245144425
397934334
468153493
76113090
49526256
37824408
83719579
164821600
75015958
42576392
76410351
273803329
185536861
653552038
723506596
577984
81341345
18169620
87925566
465295491
125585929
325328953
324741939
19554282
706756042
701118397
50350240
88844352
24207927
41846611
67597853
176893277
100061619
3205980
38955385
749310901
191277997
597751086
20203688
120238897
45573013
134050237
80681728
16408990
306966633
5013020
312235278
165005589
253216945
113733152
53125322
230401940
160473584
520854623
45753551
643477928
56934574
442012537
328175524
252317256
311675931
6058035
253118954
109329061
37515619
27560524
170964099
11050775
15395650
73096595
27087466
96879043
271654200
715560730
4971815
70421679
360720958
181437711
68033425
578387527
34489710
66827729
567313926
20879181
133889036
62931900
264535188
5507988
1517341
508880278
760890211
303052801
117619364
572463485
446664479
289183879
293697536
526730180
112715502
128102754
7410206
362655724
624591876
54754138
36838424
30174925
700041975
24638797
143215567
12724750
486353
151035592
46809967
142564871
152550597
2981611
811413885
332096324
4366439
453342236
271973903
184663549
13850018
540665451
7194382
36900388
18494704
182644394
161956411
447587162
411732916
224382656
296669279
83653708
90668467
12882439
358380234
456551928
250621314
61140286
303424329
628747432
251288941
122642618
24096443
157700356
598098161
180723904
558967920
314624149
41912639
55273744
25047811
392295376
206152669
593109964
45853317
110189572
8099357
575537235
146825509
6954565
208244501
41791298
688587620
647464202
155080738
35445816
136472496
31089984
413253836
130529166
552239759
133821056
19229936
20505021
97714924
381989155
464631820
340626921
191011577
14745922
94593336
860519949
31090513
287471698
116020700
116865373
207317289
247660132
62009173
18974752
198358208
15323514
25407600
256618081
95076568
213020440
258012616
9982110
8404320
374014064
872397890
525568500
66516769
435285061
69266639
17916982
586132570
66108841
7871598
702922393
225825058
415919590
61911226
95897830
18522478
527905784
43307022
85740597
544371660
66980793
276329428
132425943
224288
266592766
67988655
152981679
207243230
16216004
74566794
177574804
118096912
123527458
116926320
221954496
464581533
587327559
266039783
72980944
4456030
197130250
298252569
562851345
153136440
387868542
150606756
100678359
3699342
53360469
721700079
921143695
220300451
80884187
311041571
360975781
580038979
33717830
198017951
247287681
429215250
422040400
24762239
640197568
76717193
409118525
519609479
333799296
68848416
38734380
316056162
913983689
771805777
673060245
57407305
228211163
145261104
90561661
150531072
198616917
34905894
43529761
91191091
385766928
134422179
431169516
166509053
157865318
590099326
117697889
193712572
717199108
191550877
16965384
8535385
761336704
221643749
218396912
9607432
238225192
535238931
670754660
17995770
184532004
45290027
760060357
82412957
987273942
256751801
72339613
53601168
344591267
8412640
138547707
172774238
42766939
19314136
457109292
9498368
761610802
96513786
586874793
6565651
203253848
66676984
220721617
110908774
109742683
183338663
78112816
34583011
69260292
108124250
733628665
66550314
506336795
866067826
562509726
272062925
400931920
591341935
33664479
8925876
17837979
180447102
323809130
100240097
153433842
338619120
25704028
204156840
27259276
528403435
191202080
36960002
816284116
594317616
426730051
209450001
153823789
61304582
925929845
499569900
508525942
519036540
134422386
227738244
772923918
699930610
29073777
121038720
684097588
244482508
261076628
105093902
720178775
208717725
696130148
305181932
197100544
534794665
624234624
24934169
111286705
251514978
447987350
143118995
456170687
353859448
9828184
116886908
333434073
4000287
316864245
16958990
203993472
171804032
450286735
679034157
84739339
147869113
489164671
48269986
24934968
159279114
210365003
231880540
41927735
172450221
366564501
387783696
284098409
137209546
595495281
339305825
181429953
7297422
405442141
34258247
402328923
430803226
74945776
147625705
236831661
152968689
895353052
637587205
27262196
199368643
284763954
332769746
229563542
780602288
24313464
315259293
215316687
344465062
731885031
9166221
134104829
416502927
182036892
197304066
500714181
410673663
187778130
75999952
234811438
674366030
551914671
526363835
503444386
49889865
30507820
733471682
139488039
46370677
14165052
430738
53008764
122906325
886777169
142657236
457224620
20734245
120963879
23717398
86610133
348148051
256764442
104614200
282365193
428974114
385234910
648859243
303521274
4735758
105734560
277834089
475395751
39068071
173490034
14103703
124620245
294659356
397810966
251243998
514163757
389018397
117856291
9689628
176799715
132829306
239516159
47139437
213966288
27842751
269042653
341925222
272306505
70520320
4118848
152445173
485456013
824983185
254789356
453959938
109284382
503134762
36751711
17056012
67680536
5605490
16944054
687714434
403387037
309736
47065020
99687393
556697771
5300140
8750304
212524116
483823475
318300037
541457399
154153687
337799330
126217877
71626066
431834400
71618273
243991760
14282568
703694696
610706729
48394645
537964818
232856125
108818403
11749660
3120737
65466155
786761447
300425044
196876508
364009537
37026706
123150109
51583993
13488811
76878637
267925527
251634449
320165315
446135276
292785972
704615979
297200782
14586521
204464371
132607879
234868121
97728616
827701346
765032067
5706882
255652863
869780790
712087293
15563897
163377316
74661293
31095779
112321656
673199443
77847723
262516472
131592007
328935321
70146300
273209272
17512006
104759493
76016923
134588738
76494201
363759306
54454331
846945
510763470
42203760
7470888
3086943
195888501
129427881
69022058
307127186
278022828
557642320
535051661
241583672
350712540
368352363
304672179
6839776
16856925
16146732
145192276
370732366
407182453
507608799
126658161
136799784
190202620
397917816
68701006
188849183
421438681
153959152
429879514
5962963
457439304
216723163
195380295
702583524
64222201
571421641
555869753
775447109
274437519
161190994
84184096
116785953
522228175
742789697
17998888
93702144
348044119
98103643
165602896
362976153
67479061
408890776
89881225
44650715
419579005
147772906
217799963
20189398
94995846
86268436
447251924
69669825
327894085
614879013
377242505
866412324
163640559
351732448
34071083
57310373
145716775
119154010
125867708
388592617
162290131
404813969
100657026
214152252
69094968
261417079
111048468
298029264
419209423
308933360
845284372
325743198
441579898
35764527
247991971
6494227
531236182
256111639
94282392
239009613
285552473
420696663
155232472
58221665
109807678
42260708
49306933
630778079
300888231
203306528
4945117
6664851
311271337
37956977
124540367
860591599
192398140
440192523
90625621
69443761
93484873
47221087
652070514
6939056
166879810
375855095
191064695
252030324
28679491
178216386
170449118
217383948
374429449
247046761
124740899
102496457
436698027
320148349
531026040
25679637
42625981
274695588
556063037
582303464
417867020
283200616
242682464
436053438
264787651
428139639
410682876
78180476
1433371
369055197
380097117
791090371
105279821
26059945
42463897
307086112
46783469
14900321
30181687
98774998
86814835
307426603
628385175
249819991
105235941
277859176
98241434
204907110
555717368
88239039
596622186
321405749
4525760
18178970
708471325
114633099
796602555
332047
838382531
658980225
23474504
422462311
306365148
311310966
212733314
296967699
131059836
312836938
483746984
207104617
16404948
80219745
26265940
82127396
107693528
190879296
12631041
491918042
598310823
296597072
418892153
670155495
178269039
380169370
216576857
879606844
203803775
110723003
94896134
212379220
319007763
90580637
330652045
204388555
281883391
877226351
343988461
5347341
469230585
68468233
170724062
910699097
427028751
618175808
466391427
214343993
686245248
212006486
406909021
473205844
160414804
558587597
4299049
875001909
84327532
123673335
14875812
300745591
207902663
61883281
665097249
64463152
315704211
313783536
156278501
155209711
138695942
876463422
450445840
354776768
66115504
294323805
178633127
24433749
33688539
384211152
34605100
90820240
78142001
735027840
385212097
39417373
568473403
258079126
60903626
2931251
59993895
470960253
505567878
102201903
45817881
151939777
624936488
120348648
181529336
43222880
33984460
309094578
204113482
547497950
38559025
83860528
13884296
318817874
49248172
40623595
3591441
527854626
329952324
424722651
93088987
339079215
675923535
537898729
639867298
269831316
252187366
600227059
97326089
351933702
68628920
278341692
62658135
228460678
27958321
117410295
3195684
385265231
165046161
53921935
49940444
303208038
51353636
236381672
116081047
54694997
11983368
304895870
94941822
224950132
166688937
64836344
87048364
74437210
89345799
248314075
319967041
10581426
466078332
866014405
22447793
627025964
522798937
119596521
132730605
151662036
719187491
276019344
301719850
220197321
368521636
806355388
76684416
529972556
430314328
533233915
604901753
658263547
5639408
329588205
24463608
164428100
199641720
189841836
254638894
476163118
176696207
578804195
585287817
897972489
479965660
720745462
30866741
47797126
26825831
185101960
193440500
857117988
89024489
44674624
375993105
680794822
687123675
340762736
292219872
31499097
24201612
77768659
66630366
12611493
622350661
305736897
47615977
122158584
434728913
370360178
181464708
744516570
46306431
337015178
493724663
187982162
425557224
229475
75112839
104907996
329964097
516089340
40833221
735889781
13928048
533382204
41030392
236218048
397557735
341330216
579964805
112702201
369655896
50961716
77323888
38310328
526663153
39669487
499944322
19557440
338032266
357839056
168627181
855991256
490621321
336983694
512917230
207489960
411348680
301630989
989480846
197036984
234325299
564190147
767992671
155919127
386613883
562585750
301459088
419627709
31853897
76578632
111401606
272153964
517823697
374519862
117255646
633589040
58143946
38703968
626172241
276954118
31146265
255802419
62671521
363762649
335162955
465676214
952074300
5358653
177394858
354887058
147938043
647139721
151889832
71095159
166817091
365691050
46007821
10674536
203248424
251393016
321686121
609683349
15303299
96207230
21084013
81822069
338589534
87623111
418788232
60982494
244572454
202657817
55996879
95350286
193482570
624406320
40055982
194737579
116415083
211456901
164092899
85819201
182957141
322263624
115312759
162250433
50561206
369995699
145453563
22729125
372562705
498797598
616913757
23735680
38850096
401091601
372208777
263227626
179461423
619557232
491410756
104571945
26839671
197096752
117403418
397561601
54546822
41484160
48805876
160845868
802132
47898816
18233488
315693382
212872651
413800
489047928
726573432
30228229
233780712
362050715
222987775
1001971
209964241
614408351
715638208
188241840
197308104
52744811
302714721
345238181
439482024
835344853
266746832
130154520
16886776
521669357
919814446
294780961
62831578
159779021
2747559
260502615
300240430
36295326
243489247
96099292
452251302
98413189
5314050
389027986
86832608
82145085
170851614
289601024
149267652
185950582
424654954
89243878
111217789
544822169
87402412
39527829
199148087
396921275
257706201
424183073
12189277
276348598
584913541
42445914
20427891
542267218
347117348
37915704
456912361
473874304
11273394
157137804
5157956
95194618
69607313
18859888
301554072
174181376
256758748
102010276
8843364
204417527
70993336
270480606
49065901
64156986
34568336
41283513
508179936
441853393
72242454
16309347
129227425
177554964
74109950
12631066
26867534
92707305
4853856
103374360
122599801
659844460
602280216
83541392
113813777
700809068
45926237
76702053
273576828
171708085
31341475
173470881
53372981
212774568
25783411
105616562
53791488
55398989
313422281
403268617
60264863
31818432
41332998
291553354
226716025
270699471
28962592
723291216
140400232
782144897
521532084
557865957
69788700
368584121
144673284
40139953
323905580
26413878
241175591
100242230
142641184
549035210
16445944
152795466
259521549
121950394
38445948
161091500
254595
570026383
7021266
241753072
128616489
280112127
707312544
5663210
21815107
427621545
63360153
34325877
4587970
382075005
307305
403358199
90163242
27172161
77201019
342960328
226620837
212867581
487332136
285927536
63192172
56873248
321696509
10461739
284876703
6119552
590201558
410532857
16675530
84349995
172145076
95116092
110639248
145900297
129956663
532087530
175979956
327678065
69647931
497578696
39382540
154631257
50911585
591494239
232024664
379942609
604348957
81509195
395246542
443527584
229507855
191665357
28804795
39620125
193921256
729711178
180861494
589192919
355797873
279743409
405281088
48974691
495717860
273800702
367597703
123088602
20211609
241686731
211379630
162351066
462050888
497387440
311623750
58360850
147318410
240060554
438208337
624924070
604740553
171812565
408999986
646076979
119667946
350850390
107702518
345308031
568350677
168380297
22179257
569076856
342295458
359765721
143633680
35920045
258611734
652282905
259789837
49189705
499050963
357173719
122222473
32146066
11823181
406272929
826141505
221669892
53748603
302615764
614428676
679828050
17293219
122768668
80151616
538997888
8880561
70692427
32226759
93619669
699536427
247375740
47411232
172532492
24081247
635438250
632828725
315719524
216337165
181910211
26264704
52154239
95970032
307289894
804878339
695490536
164999096
214260509
11838324
589068074
211917075
51817390
245987521
110793474
598263424
826622192
603155127
44680087
16531623
127296868
204608452
8331999
48549958
16181471
802250301
397269741
60365486
244052841
487408619
507483144
268613686
167020896
102758035
24430834
48117756
279422078
110024772
82990588
96045345
750253109
316828272
5066424
100745771
32591296
125767819
104545923
488098861
391271198
322173181
464746868
140617645
19733788
200023264
117931685
171699447
3944790
107138156
267263360
114190756
594172238
228773194
95578661
99560989
206867601
2711836
256235273
864645162
199779808
135768368
468673114
74814736
592805965
249619547
287945479
160206570
3121505
760160656
35449141
929106396
263160772
100084303
7870881
13962297
280921039
143955776
186642512
409461480
48632161
19545172
225130
24738596
552533761
147528801
16321669
14742899
518261330
20357568
544995803
420446834
926592745
414923785
594650533
490857636
360369387
114737108
388205056
141857480
215076608
90650025
769517124
62257145
41492000
683398255
273487005
591238515
274686364
606682301
223345219
266648592
58599150
22283636
74887641
53669274
354700680
85649809
62471504
846734089
365931999
324470824
338108923
525229333
284602299
204938701
7645477
188394497
172293760
243187142
471722714
4237224
135062627
50838679
15824092
30075300
198265077
4567908
40541865
622340029
564484192
270254176
4392128
88725823
542354162
488092500
3595888
7591126
15579485
5405442
402558558
85577976
457278093
17303441
46727640
28510547
605559030
459335340
227014569
1875432
723635142
738721656
373635072
385642237
669549260
199543577
504425959
228330040
121129410
24121510
21847588
81363701
617382239
648543045
129506911
525096840
152447999
738480683
127964514
107105209
416110088
78630273
477923656
247023761
173976193
576651899
288946140
26890588
5618962
143521039
18708520
485517177
193157482
930824391
11689152
6305101
21186179
275634328
192182909
1957484
172535614
444731185
43813385
338322592
225233920
381518066
15192416
485044737
79356998
65071162
61774903
253912991
573567858
402008056
52610625
11427731
658003207
44594888
14572073
110161204
133813248
166276672
400682954
122078289
894343731
3488088
134622879
297761151
13263734
521716168
317854831
11549968
317623695
111841657
341023356
720369005
1591325
674202871
119745830
504563431
224059868
122009679
78558075
575851200
13329845
48317143
144434731
56692050
102102256
621092974
225163623
63968352
445120
316216813
198977875
10925951
228837595
106583751
675591230
435989387
124343829
72393684
594041915
346333447
99511865
206423604
369851050
667889096
517304541
310238214
861575869
784107779
35950321
59727646
718772795
108742447
230675264
551554304
343258596
468003941
94902077
434073781
298908960
762298399
209198992
130908063
93834640
520928898
390028324
411720793
499639413
561941545
362621865
47852489
693680344
127160636
80912560
326648753
294487473
76567624
341153708
35582261
291361507
375991715
399524768
65226082
150441857
83393438
5859888
195947390
38114347
41791360
85069099
96007534
696724266
455868108
48094015
335626972
57938896
325395751
195377761
900254646
105446557
38665653
12885336
220869482
98823115
46684417
36756685
7248133
1611192
656098
22309926
28860597
490733450
159952396
746743634
807444378
319016316
217958564
376979168
460095296
828297665
324193152
669002849
523933576
3619361
297288553
168451503
460072705
532739127
76639889
215388567
598633502
205126761
444615114
129219920
37866460
224816051
4047099
467751635
119204536
25571197
305768055
528342459
333155071
481001157
554746742
443227515
12332951
774176964
31804
150647866
23146508
46830759
256198020
24168235
31440466
449886974
564696421
396095066
36089557
75331620
334585672
14411474
20373255
220795136
285999953
97335025
296212678
148224361
931922720
123072004
367516491
574417331
13889025
170882536
504318727
423890991
13611717
35516000
290386245
19036703
68004498
211147958
379149161
93601565
98038286
820592638
679222601
25219707
377513910
436351343
638032692
1775547
162286489
36823957
244066744
390679176
368245823
135932224
149577936
230322253
110849296
138972518
314411
282334579
121959495
538086809
25672631
95436891
629362420
669958
104944711
18261633
73027295
387451517
113486854
116646544
26249931
909101658
12580400
12059873
66356213
292113171
335185
69232094
7940160
27399802
346497848
84563609
890043495
271774331
262935584
5288256
60218187
43629100
432924395
272485948
161988475
190072371
560787776
437031024
62146140
145015931
313925566
195825025
37621749
212632744
68952072
827794159
159868172
25652730
268643493
1721301
46329435
421591712
679049956
157085901
793065601
457611052
7397216
13855540
383935168
13887598
425043707
220910896
611231316
238184306
683872105
81422752
81049153
98403309
263616109
89119525
5474191
245516118
338702454
148836141
15574203
516577471
746733024
33583088
1200696
502673799
27723796
199850064
99537618
35309943
325311856
366435981
269333518
239842526
427413556
275091233
250877479
247753308
247284334
188868523
94218713
54376022
82543824
282071046
427927504
59227668
171694213
287269869
89887360
37824547
6278104
112427572
27003242
276506542
158007594
256696081
139674848
59387169
174774860
438314701
347287856
490392448
3571048
160290945
137840480
329928185
151915696
353859955
202143321
65637486
21993051
88822955
27658772
186202596
4011403
107352369
205764588
150839546
252054608
189725333
12777949
10635476
702154918
371357846
687184
39571341
192601364
22329453
373679072
287710302
196504608
70164030
190684431
249338699
401450373
1307016
29709596
640052631
123693166
122399386
225199494
254922199
150771490
94949821
170648347
209947532
91539400
213633048
50138178
91658809
728802471
891312073
58266146
201444821
246103273
19729449
691421159
463492352
91865621
103054514
326104245
20519471
367458276
28239114
8908625
20460794
579168440
440840167
90468523
463573056
378853723
69598305
378351828
89458825
179199952
213414973
71411812
505119958
123802380
983181487
357024548
844551798
373976072
79277931
9340881
198553421
1270940
5611501
54089216
236114087
837218851
141354307
15671724
325969996
118790886
83978280
576939493
130244220
452095811
92353201
356701374
537944233
178089776
48221407
173965254
548556121
59295821
53543983
71490125
126144679
64642276
571103506
27655456
77199137
53845837
22762743
250900271
80938347
5613611
314787887
11187828
67888109
213257932
21008937
245006741
7229060
241183025
170729498
328074776
7308712
379935420
93889242
6616149
101591070
185904368
487101626
191787765
632561977
210198689
46262196
137934040
45470955
59620481
77487400
433335888
493561285
185686753
171711592
15911903
264644731
29255702
493181118
395461588
274897295
922334594
13784905
165553816
817607590
155193257
806932855
712761266
102287910
142042752
502850591
513126560
751836812
270080391
171811594
305565615
337573069
257019544
20746388
32445888
162411013
167577810
247768036
212152914
480362068
62227483
21403737
195951934
230915125
121321351
335767103
252039568
398769169
62835489
78288460
870012555
756255432
267823474
202836008
261280678
75433968
621210864
559712166
754043356
221355908
101387164
3578481
21169967
428468610
251344490
287734685
123729877
206404287
466162280
334269955
61265007
374833823
188218187
249857980
218766730
704699920
118742224
4637981
183909953
325344354
255516385
181438280
768269248
517713092
98534127
66021349
663190923
75959829
372351884
9583476
120596774
182108068
543996807
320419800
149525153
419309
22914392
51893731
404917789
173964156
2152863
89830105
13239457
233941361
85302584
15039345
388273121
116375631
373096890
61197417
566316952
38203440
470306220
206735243
72077765
78305577
142255878
429962289
3471691
37378816
28754524
149611600
55293249
237042369
520741391
23472252
1467953
344847861
24574104
105491974
89522216
214466
163672801
13980784
4772246
964167361
61280145
150459288
647104922
267480791
51731867
5902980
362183728
498840674
416637021
11575273
42377470
361208366
923785980
198190474
159800500
33189825
158090998
9464896
120189148
337757226
63842255
557368754
180972101
895796696
45412619
289617425
915154645
2972728
167648836
38731286
73337545
540623867
91621777
382689511
155116257
164164096
260758145
4766306
107909256
187496692
529215314
299204436
12245034
204707625
522616
75490492
25496326
112543024
126970693
478885766
112793681
11644787
248842462
79278303
76680453
56890822
219804345
274725232
15456694
159971297
638096747
388967468
100205600
29758802
72400914
14148944
398426047
241627498
52087141
906867931
359230383
480388511
461328447
250729711
15991244
10839326
44793477
415485929
115925397
124852816
297402965
49922485
277154143
38488561
529923754
327472740
315057546
248498805
389145411
141148825
377551185
203717181
249879421
284883269
331580564
53896256
156901666
505521182
140217689
599963452
140910152
29220013
443594708
89634052
94430750
313027535
197441508
184856205
43951936
123392701
573062881
72016497
52565874
134909937
76632272
118722770
1318369
5030512
554719056
460035252
25316808
95720649
16540119
770919788
36526361
37165680
10500774
428015231
40454569
51247070
90478874
469869983
4224832
35619549
514965544
22286389
364253999
180664245
116227266
368688601
272521491
85466341
27679311
31295992
139650669
123557792
543954901
128165928
36824249
51514699
26723669
347372827
452077395
6002149
25628056
23685637
182612098
127385322
73787102
110981753
7170284
261619525
331232680
105479514
117705403
72905396
152106851
2168272
50073649
909565952
202101346
859789940
199322786
181302897
147894730
17207269
346653166
125244361
120257330
3498297
38403116
406626842
391525114
87024022
218892535
140639827
113352428
422854341
117610408
561781276
42278575
43569525
22643600
663378488
330734836
38525764
410267575
261418141
326616017
254713699
32156121
275305100
104123749
85687816
237642460
400295235
87708289
87007610
267684573
394403671
163656483
469643780
355294614
618235874
492825808
467302131
579285382
172211794
484770922
318271459
451973176
42418441
170828916
267523848
49687347
107254736
218883
73938191
725655916
300988319
333057010
18718481
183696540
316770616
910212367
104347997
20894798
268345634
63087926
157747968
120223275
263263076
155479500
277531487
501455482
146894742
6344343
16242250
413995508
105034259
190377927
61793064
234623428
396838016
280554883
245256835
23371668
31955213
14638016
51998530
644901668
185087134
334288543
2553047
366676387
190605293
871925953
670220252
13521094
44164225
26148436
133765335
525837711
681275197
593964331
488935016
13963284
44389919
245492539
34007364
379851094
511547482
244376002
195592071
19429824
112439889
27817665
39112267
411879391
8211491
309833272
438534496
426545623
163472687
32921147
52241715
956682826
48666660
369410033
751676480
368314827
22733945
173471656
296886194
183196701
242637973
393450316
215440640
190166297
652037971
108612946
137645601
157417632
77309530
495866929
48208236
20370864
92612779
38516134
25847551
529041420
199389352
226680608
877325013
506217485
518593592
554271076
48873213
183866264
568939855
206935348
66519596
81948721
62374240
239114546
248161696
836067310
206418023
7261350
138345895
17046263
249599512
850136918
333662032
426067096
25422304
385579624
113265704
335889828
879614048
76364872
33719729
106042194
46632612
325868103
43090131
373473444
575477152
532309687
28868683
1335543
765661263
144399250
55391072
327801253
7071584
415538917
10959938
419406324
13886137
248659960
88575253
344516786
45597772
412057640
410702920
238832285
289833499
396701325
454870381
739067060
18772633
948471945
145350751
130128125
71241331
612822921
7587400
121230458
674213585
607311358
574101633
170469159
122351456
85551256
496839781
137002372
248412685
273437712
365095607
134624342
337191802
7321724
4355544
323406628
709248565
26392006
189192104
54687123
91842016
210331494
135921756
784749746
69555132
334115813
105642976
137802148
237282093
41369289
390089245
326820977
18895232
308655585
203412296
90898466
130644532
63708389
163369161
305937149
329214187
8935927
64561385
82122615
38281397
197168247
824349700
135887545
187524620
39912026
419670519
68157983
148548949
434172096
180682916
683310522
1779779
522113582
431301872
88919011
338160160
39334387
522664638
131482352
197841048
357050267
833528204
553767361
80476962
31346657
264018432
37833984
112885822
3666586
269016335
722013544
29354448
404273701
100116534
40487497
24807977
712437385
802840480
824916
48557725
355018547
825542213
352766081
333369266
186397915
214151683
272821801
132481946
4715497
587782008
887081324
22420758
379675368
634165281
274150106
659914783
8917195
460854576
614532673
610824539
147543059
50783559
22440640
173084726
288662181
199284956
98195008
58528846
219180249
17352154
182042455
500093152
471702999
443759576
454349408
277562268
593597727
96643750
34209649
10659768
247449067
69645628
255610914
466763210
553586423
238107807
92667426
385190111
221130793
3375675
699743231
66927169
118835122
16254512
167453677
328456741
322555679
3839569
163124683
482599955
27268678
640488460
612421515
14696149
109006545
304513577
235430942
349779960
600564776
685280805
178841457
530811512
139855972
617199257
186464097
310000365
142862290
139444462
459632850
423267664
393386224
485472868
415059489
509964343
276046282
177651381
49706876
60088927
184749951
19371848
303560560
596289908
165860808
29303575
350630210
557740344
111396877
33505383
242819952
269586398
313720740
320340216
398720619
153170749
121986379
196725530
304923745
302794896
44814166
216521944
107907496
200115401
445460454
116971913
810261432
340525871
124022218
515467268
230791927
621285458
120012845
39601508
342706830
559038850
55951197
322466327
16647172
163569722
273094636
526416659
36806767
330367560
233444303
390472061
134792662
460479826
135730704
25304364
398029971
3887232
617092097
15810953
16057178
150784610
326018811
67059095
156906829
374689589
50671911
210114337
107055201
169387801
93026901
120362687
405730818
520348672
305478178
190370307
265930432
251065662
70106367
857993797
29951061
133993551
695110123
47359408
180073081
76428160
405986442
351547784
752544641
45256723
80539380
915910380
202310736
262919403
66665895
63669064
184713658
118468790
3809133
197295067
425015074
418463630
94173025
210562225
53702982
47465239
511930358
323834252
18585698
220397044
315734957
75075115
206178265
47276533
485884899
511276234
101851869
51398498
71886162
176965529
37827256
424495755
155895587
374911660
29989792
43752450
77741738
306370485
848885397
337522132
419855596
451703685
258683124
312311527
255735037
385404556
882819438
57870281
181090972
148230905
75428387
657848111
536136341
18766298
91990263
363458679
323268626
162105132
271279981
240481107
195805312
72120699
165741000
366819005
661500310
740843615
910358898
403141285
266292051
308651156
562301837
30601546
11537821
4338028
59735965
650929187
26946014
271915300
213012477
249735262
821851513
154170263
334643819
165480631
140962559
68490530
185214476
255045271
582401148
48039585
361845468
388597670
678827400
84173461
39888601
83626621
511640319
291817295
369905488
402667336
185742468
286767491
639466641
94495300
415777399
539526424
26189971
41153685
40926550
77272864
6106821
79469422
37812965
60718548
707455429
306497729
113786996
764929612
455090203
12589465
32745792
407024490
293636406
308879732
31599999
394831976
132561222
504757664
90308555
37637
419268838
105901109
239626453
206301788
69575059
32880753
57189585
645656255
255826728
699462107
97202608
73357827
105685354
380958480
251384339
815100808
220507376
38417464
15859303
519405904
345001873
58562761
291692624
221331603
270159862
170114336
195683377
93230761
334575434
553652481
751402526
8997339
82255944
131613895
752415497
531221768
334969271
701579713
32050637
536626459
113713054
60550652
298567891
94555773
574249240
293664058
600514665
344635738
22598139
12369675
42318593
585967304
11637317
300369631
240698905
70935987
323902636
307094056
288414629
222511120
251383396
10400380
122760719
803325664
138611728
203183729
317687
634108876
7066091
526176219
112838861
338164436
369502520
123958707
225433881
5361943
685960068
413192116
137150176
166085572
713132398
100674409
340207616
154701053
208584774
159797065
370273014
62125494
36205625
152460610
209516791
201349826
773471077
495308281
677687933
434397196
93659821
78350372
450028667
310649414
90294728
470765747
44455220
186866024
285868579
4016197
277950544
38079828
193874082
47353861
213528348
268971479
293407217
19654299
160171697
104390352
1534798
66129264
17233754
462368207
143009141
17204274
116286080
1617747
51071350
40182545
578935896
4680242
212673202
267384051
250345415
65312963
70609258
519461699
884321868
263436275
172951929
104173161
328608096
208779060
111705696
754051432
488624664
146352013
732641844
6030123
4476190
433843599
52861144
421575585
490652253
39773314
507152264
249458230
251541181
139012429
383367653
714749574
114130820
20096941
119111360
423447036
337997968
145415867
695310800
365959906
135425973
220232906
61590401
220462126
331471968
5065061
59415076
221556429
227954745
614243347
48333134
530754457
611242075
599666635
81736756
206107873
11085850
397695123
170446164
9063684
61571497
86573215
29292510
274889097
52281892
220793884
373347338
14571444
482012572
257420401
479232085
294925033
135005595
511821032
166708568
120869599
86587956
130929349
252258217
908860
37547511
147459840
27100180
68544343
69828802
311147136
266933923
47077059
321119986
383360195
606245922
124026840
104502735
679673269
554678883
2045703
250969037
263900001
457860372
16334441
73422180
98261275
403638521
123369778
84766459
232776088
869146908
66920537
479433211
131237031
4040064
244697787
65669681
255025680
177834943
60395172
367268199
106109129
122894034
300482983
602601624
77890389
336309433
181533162
169819903
154381987
227360184
544698813
44511781
419267434
129941856
275066192
422491200
170185796
413424968
538838003
112731877
124538795
69302784
13997121
156247603
351751241
55524017
273003567
524114145
552093697
5603158
51572725
23397469
167582950
27900476
4243221
98904926
581218075
56891657
346476670
22943386
14149016
57466477
739560729
240759410
362477807
517078521
163710878
182880574
18330006
27065723
324188397
105963920
230862061
31459576
506674629
440908964
40054301
62484192
3033354
130016851
30066469
30889279
160639641
130322963
405029922
219120934
77358122
159302704
283731844
22874840
448685011
184938924
315045961
54147710
35509198
215333908
285205280
258689110
149804147
335772709
635328959
656589256
156170125
32153886
309695932
317002749
26210286
678183
674731849
10084293
6432509
1272928
61412481
137670222
529228472
296798591
43622111
363793113
578024776
23449375
188778808
950049
269299523
67518503
286730988
956187816
734950885
73113404
2879579
380691868
112668815
38012259
422967890
37559515
12371481
393800193
79500040
323783209
40962401
461126521
161743875
12164441
225161856
767004324
435906048
98879780
165533275
355810521
568061001
243587934
124258826
209033697
115232104
498822039
359333969
172433871
644994307
1400772
591480368
126439456
512850609
25926596
56629693
22483301
8545276
538079902
301348353
304606011
377696571
3193007
16712065
176413627
58848471
3971817
86352100
374133453
155872545
107344961
420095644
166242432
400750843
21686968
400225201
394612720
478973368
554351523
102370241
336760156
212928783
792256511
468679391
801099781
23569219
589742824
101525580
664082275
309279223
250179553
35072776
245417112
6455094
252901400
320953900
324963971
55642531
401384422
91415322
144156888
57306415
88070937
60116608
507174930
308693886
504227711
68866983
50752263
42641795
148772760
711782333
220416093
256898224
397995488
145072625
124743757
30312630
740416107
100388487
33714422
23275396
122368232
119463103
403991927
894336690
121589158
38517368
534123264
595149549
238688699
155127808
282483841
19588058
129653887
762242272
349166994
653671208
80569564
508907008
712657960
45470635
209842944
141871873
396614897
162918265
17499392
173142437
361874271
34679187
153599321
418912632
44797106
24256809
72039620
251789454
164373112
5803352
282599517
18579745
337149187
419703239
32477493
473662198
230426628
103876052
541147231
36025489
56548831
184724214
42044761
286036461
69353355
753170329
38261168
338628628
283322448
775952184
130021787
538897867
32366101
215244957
2850792
246091242
30387985
914649624
42094801
44973482
525085561
425994402
77565744
302436965
412914208
99571488
46478035
29770578
249547172
369590307
22864811
203284433
2822383
195714312
113936940
381660931
68927383
46371918
495571508
882933514
148702357
233344182
468184657
74376884
513862824
471444218
311709481
247772332
242092544
48963325
200506825
624789013
833172093
438715915
270766785
463121091
555605663
113476991
358268622
186790600
290416123
101976148
132726216
170656375
40645911
432965817
163140902
173484316
4467008
178870980
640007851
31365272
12110941
336773128
610406912
3400232
68344182
206384344
30267082
33649245
769085097
659400701
52897749
444746200
239857299
30004394
214203942
27931161
398768987
5518324
46817854
67953033
255910006
254059268
206103463
300081273
378412948
152444341
464698912
748486989
150588630
892427431
159687297
4675063
230523101
8401423
358344361
53610509
343748990
236684304
315987417
351705819
76312570
143905337
131143692
345350396
62318536
27995250
29883876
124280084
184660492
394714360
338900579
148308217
637671104
331232370
296137906
622559347
770651721
78364072
58539328
88579354
345011900
184884669
268149296
148415260
269508554
16545926
29763817
94993
13972890
732921985
28453127
1717050
97271199
339408593
155267515
341338364
37462526
431082519
72789127
13854656
476012553
643584825
429289512
93031193
517495815
247649263
352390068
209696371
103479644
24199666
68712848
27303264
214526293
512143149
18150886
208870157
47291448
47341
336340299
39848557
352961554
292446266
108477634
400973400
19065344
167396826
153057850
923080925
274678606
4502267
596096433
41229113
365513635
200252728
93050404
97161601
335735016
288259154
108512987
298265509
350211593
364696213
62607772
50443926
148628813
202250837
224049422
759218589
354912614
650349
116686958
106080531
114683540
32206362
99085674
58332934
305953211
371860428
387880356
365308765
54323890
484394709
576541197
492145064
608403405
14190141
551267793
311717927
23755645
640539519
69877894
282178072
574868739
421916613
5407040
212018799
73151113
393124936
382178931
211927561
43856775
21661379
669767365
44768160
53768499
165613941
13607874
645530493
13097061
372896276
299608695
525211605
616819027
719040667
79817373
41794934
35337459
781526675
72778532
389059366
73772156
427517797
15694638
570291926
292925148
402151917
202970778
119406549
137694416
1029560
302364952
88092122
167673941
370299381
428882985
623984229
229691392
312948273
113244498
108199033
74368595
399357178
8658540
449712766
138463237
668633830
226352639
313373552
32840533
146412357
120414184
159029003
52046729
862120973
67845444
110087397
127593744
170054880
193490910
10014156
5535452
57062167
60897814
50333825
124214616
446414767
9119970
174362960
102564801
146471518
110952760
109863138
1767528
119876828
74450226
32327131
69566623
57717892
475039521
750684336
334615504
51506069
22000461
346563505
27659302
670234822
340194129
177029705
259575980
152699946
473793836
655864093
397526907
205532141
303049602
123605792
108681456
47985552
501524797
217256282
6087297
63485808
195320304
289997003
471087432
886684938
791404274
33634587
169829736
667655126
404587621
445091250
13388162
469461532
47144042
160246800
437283579
358578191
130676167
413683898
322430642
138694356
115179749
225497604
335018377
181560082
51498176
307403650
180889216
74093696
87731100
354283397
575356395
97865393
266559822
363002968
120305416
50651113
94588545
460405
108721269
592991398
875659174
154673450
264326292
322808197
176359800
215903338
220770515
344518676
1278862
459044521
297607821
631181718
102028412
271148563
89708115
196170688
3782493
4996333
867051899
88881896
68303240
313488631
422188627
236358676
534581189
76517765
114672282
201118776
372454272
301180967
330968394
25864465
32902685
125566206
315678087
458622515
397498268
398627514
436115333
37375999
78974682
847438019
471801063
3840811
124005097
19669567
273715781
857454919
671333484
240297007
91849565
170029311
124438609
52048300
10071034
391628385
752488876
36471162
461576485
57350201
698654494
40994673
145348592
234578761
76344446
138286769
89118906
192541851
12330251
226477519
246214081
10950592
374342469
13910141
28616271
7766545
212924988
376522830
189494823
13027292
57501577
278123861
74739745
82817408
45803015
625656
448766885
65606017
21029573
162740576
53572685
52974660
12543670
813937601
44483647
732866086
237698106
85058733
226998432
175797889
260274541
153741376
581846929
412642012
615035111
32956784
80431570
16531521
259614907
398789496
57209537
312658161
180832135
60109475
288216704
87588788
109325076
231692250
237279321
740595111
248295001
151525770
42652557
484902923
128677311
469696569
282405412
36558878
579818857
602682302
147442860
116253651
229276825
14275952
6865588
464623786
35410574
251160768
13406640
86745649
462661020
14489713
68650342
433787640
77200158
713130094
300721512
40088898
11167104
499661569
11280369
153158589
243447010
20606048
249844001
112724401
281770196
188699877
387424767
372743426
675802909
473192018
555880451
81450630
273224733
102670173
54193467
279684442
40993505
245513269
10685849
444466575
23052396
9441528
430501025
249920354
143339308
307375256
101654745
6174855
643726208
235576946
53637401
239976106
96629644
58641284
135183121
36724378
341409788
108658256
359482683
618448859
209479485
354887536
225272482
85447160
168383472
799648278
74102865
224988525
305653855
639049331
488698823
198148252
119105754
46875627
13860576
76404108
369735580
6468153
398185685
346693368
132919249
227209368
47834200
305221315
636461749
240901773
35610253
201598227
456032320
536732059
242139987
61432381
455521957
73461439
333014005
592549801
325862225
111490935
402494785
149933623
547688913
44205425
9285169
5954265
214380629
170322784
396098855
131072849
90246272
145359124
288904451
735561381
854056144
304171100
377417264
6599685
205574526
414746870
134841195
122691547
166749132
550554541
69690918
88728552
535370329
14453837
276777856
16069347
381765423
4906902
96485297
458557389
213287966
22813569
163746766
258805330
51394992
71658290
60294625
650040274
592516144
20966160
300853693
690666593
76747329
455507928
179760725
254671369
50521401
342318776
150861991
123423309
357504125
41011956
3453985
266976577
188146409
276223041
371554403
10529408
78111036
591987672
9184727
380316641
732462892
203998492
367426913
121207990
6153422
448994122
486570349
513438952
14092038
75983182
132491000
214794288
561817291
362885815
350565221
31446753
34297321
186640405
173875917
388950788
231909017
485376496
11678910
468801351
511911209
595884582
430487806
199191840
631851580
50425784
299345927
630988381
36936036
76278492
41177371
158846575
654975452
188209144
174942034
221060448
562455825
74654833
187784826
194776534
285810574
831946895
107955225
436352147
543262060
162744980
53633698
27637240
241626728
60181295
52330389
65567984
182351313
16203496
164485805
55046263
39221745
327828474
134390389
590494338
859237183
642543736
40416484
574734154
12496104
11680338
246047446
558799211
114794987
49021961
18248323
572901566
870430594
2994568
477478496
58007460
98005041
104273765
34133849
42568436
14686912
148396952
107698745
505667765
76244139
170135106
82974369
293838757
237087584
38667642
271578048
12373825
559648468
192728712
227870320
152987218
863754912
42957351
178774167
460691289
129604566
141742379
204477286
335970968
125860313
430179506
320784896
93293101
58560376
18629232
454077545
255491937
41075748
160357072
430420810
47061972
58284370
12422017
49806175
543917106
335673153
110304329
150501430
714867445
90956
277049868
286582784
613331467
7040841
93582824
80288518
324508465
466595876
364484793
104617250
170541825
23451912
186721787
205922312
7801590
442977955
5220394
449332200
131684653
112945902
219502231
85161858
271277092
64745943
315091830
78660761
32273463
276492880
62521452
57641788
51719921
27487070
35440911
111118925
207487387
533622449
847632802
233067181
193418897
512822928
111786332
258158484
151938507
158073962
79548546
90881497
209526586
184821452
776660118
237322051
32680871
28701040
310916884
263620505
141357614
283310707
48755007
47784232
641717297
57261952
549315665
47846707
39315086
116674032
17735841
705209215
92169
26754460
228384925
230678632
488922048
969916556
621740713
441383925
161731740
28581345
130473341
49763225
442288917
72734473
151268828
568327621
146369898
100087270
89071488
192499497
584769980
639514026
91243260
772576376
8420424
20152532
266451080
185570309
36424461
162719629
22548658
512455273
164435024
11789344
55381180
286319041
195183961
280570973
86840900
22135597
7617865
152810536
550731601
56972777
38574267
323796576
164824672
444233342
4337653
78919564
28334001
77104353
509618250
691136836
229339566
31069703
183455316
744034140
447841665
78446961
7431722
29226051
650745707
614399116
26314975
142682616
75242636
392167391
77688826
286422880
94453458
553809
82404009
597275854
296332204
345811535
259303959
352400446
259596484
127794016
13022558
52466569
330020956
217102906
28388501
414328411
188660879
90387069
47419730
335515904
337050910
132601018
129536521
353916320
163884148
266402210
301121119
214067026
162625882
431178858
238265925
355274917
513065803
39101705
463765566
10032783
271368450
368990548
98440637
167783760
610758744
31009849
173657791
72242161
76161121
219834076
58925830
388414644
498805349
255088751
238722433
211767739
13582333
107764510
161166410
320152642
334897735
33170740
263976797
637393852
420832799
186120243
35977609
85798777
76308024
25532602
38830311
210891112
431185899
375696416
612323801
100086246
119370752
211745056
72411328
160423333
298527468
252563188
115408385
47019056
262554105
602256720
414392471
125401472
470342496
292868740
533049987
574124304
47422306
76520126
414113545
15263002
58345600
78927235
725782022
4431950
200429982
138602905
9252552
234586940
120045788
15112278
24085196
80549044
809843
301301899
98715104
162627129
229127186
478112166
542933018
11194769
431574201
68260816
181209414
75842600
50740361
448220201
409512141
167185313
22960048
245043231
656452965
565449237
9059101
2737142
43556617
837076199
412835648
159449993
647417584
9875729
111499952
517880451
143405181
292993924
2625394
946234716
467927368
23993956
261334465
17672848
110732198
308978905
521635131
145050356
269148412
14090490
11789654
94337349
251827941
275833606
330600487
626962599
265666367
764372233
617040125
115120334
569982900
26365925
124419643
491597264
93905276
175794924
233051543
697676507
203794125
11974884
366124955
68737410
9783984
5146889
386759996
805020532
260488615
271952392
116519997
7252881
104202288
115762437
229050378
13383306
306487853
640530361
286867890
272105791
9599541
175181450
675722437
400481117
244655187
137734606
530442817
591409376
184847240
20327687
301243293
466107413
237155091
785911344
16632192
383995109
594197719
176319952
323546350
52673820
45836012
444948216
28945889
764955094
81726807
385986264
187704085
400507250
736307651
39727599
81431426
265799241
630664686
313467333
17662440
187777701
322753701
18565268
119062544
259004294
266369846
76099828
277255144
115305457
235439155
147449456
47533683
648164511
179172911
106687204
247626243
96900122
408679732
519538832
760367483
23009831
207120105
158640896
250937856
55454169
10562890
313884160
86232628
566993727
586721871
183041311
1938109
528502560
711154537
54019680
439457221
856125583
8918440
268043093
613484995
201806769
115652520
82285744
203966136
159796135
173324979
537968245
2748160
18155054
973273155
194690299
74957650
425365593
533376647
41298640
484317732
104462190
645059601
515180244
8280629
445495987
108531016
249277799
7662451
3869470
111247524
65196400
1060501
140734452
4434785
257929677
396551739
396762304
696374152
532700787
194622073
404086255
14500892
97656465
15738697
83665611
686036890
22374775
154058436
423611253
16720712
309148328
1373181
819846031
831895736
171645219
128602941
50966856
208233816
377227296
429216186
46725528
645601433
113467672
282128029
911252581
103715656
67354084
26018944
381206512
480555635
661158728
28212687
370365025
827542400
318160033
197402431
8137782
240135138
436649192
232057467
49132080
307754032
559018000
725452438
430130337
450255016
61085984
464836277
4039513
196552377
275873325
8510161
137793959
799508808
128050344
478770716
323439921
593867528
122760275
317903697
360386930
127805930
37865766
218762449
88190106
185973402
1873793
197279131
63011576
469582448
657710141
21429058
651712873
14602417
858083226
671756679
239851898
8725345
52702706
608549976
390336374
5534008
297196641
194475341
246259201
184794817
87328511
63769267
384330115
30216586
656014556
60996243
84281213
123318397
136928810
318533499
16610935
622313028
6304735
101164167
281693791
31245220
554635897
286712808
359100537
63116848
147401017
63440337
149367137
741183784
155907247
37039825
55350000
116910745
684342217
73781235
258029136
86821696
50365732
119818009
17242479
573149653
48893544
212857873
171922664
259158455
189998704
656370776
566536893
119350129
223672320
342931897
183019999
145548326
138993650
635843537
50290001
435888511
173048915
91517005
441254931
207357570
14682141
671726309
61273377
349659436
136268913
98532548
617024264
319499886
65541580
329598790
685105682
148525705
226610919
561290743
69617405
460800262
34829101
705708921
395878393
250124111
253145777
279675780
271851264
228600747
29967892
540158045
551561534
1165573
83886678
363553300
376609297
75582668
16251247
345520090
296540334
333269849
122491696
813916819
568329853
94343439
293122960
172153156
349825
80099131
604678032
231290085
492745751
579132941
688555463
596413221
22805303
673136812
16523635
609407000
7769660
59113879
14250322
71564371
516154393
191396188
1876700
149522206
789461970
37743960
266155488
387034759
447614732
827362435
705887749
519687249
152419730
66823909
69038218
28871964
238538753
212214681
226431257
9542242
5573740
34445050
345348577
143128151
48153458
366250664
75082258
208191136
845275652
272535673
154151269
211103021
47940495
404536632
699723216
151955951
167060558
130257737
92238451
40764045
291407714
99418745
85941256
465668344
16722174
137518997
160477656
451146383
59925818
390719933
60097991
23398246
156891931
55069753
448859518
481825582
644187046
14709521
243781495
52570405
392577931
83512623
190182536
72887284
68015281
107728559
38622733
240048671
160626303
593249356
11975826
212878957
783809606
594235977
214716816
4400117
485189369
365627918
539395705
6956864
30222921
57755960
149495408
1023835
518062576
139625361
313473259
443502361
875639784
11805310
371289465
190854451
310779466
250597175
119143872
96531262
883337008
488771044
39034738
115195607
371605632
383313445
373560136
379771011
615537953
4259410
4129987
44736411
399528796
592317316
576557877
94594189
403833991
73807336
75200721
335934159
323216434
16041766
35869319
427660665
28798738
215696448
159470679
558534312
250339692
264138496
151204688
753873332
51697237
73985623
34102377
107424734
260873835
167397063
4537875
77887381
479548456
23483226
114635521
671314291
276771556
273966108
609101290
11504234
466760757
124310389
846442062
114378634
673693791
23173392
191149051
289527227
530616553
229838973
318643794
3119904
133819712
56645182
449523616
565561621
75350019
638264021
398491499
171626941
58694808
393465360
23567449
31948442
862772576
281436773
131098490
56716396
82669390
140112226
315484645
63646037
8152857
16933632
587309568
37573160
64995751
61339745
325480401
688038603
146043855
677575800
65529872
49290147
158713942
89551860
20828729
65965187
3666762
240001117
3150444
63367259
163686665
362910891
761966086
244551281
60931540
555668122
438706193
38841821
241084804
197956325
100724209
268736110
80783182
659028903
170979107
168649749
240881843
70468197
191046386
116766720
47972237
12453770
462270400
171026013
57200915
276982339
64153673
119103979
75416799
324284507
258887538
687777821
211978183
252010910
147097458
33562056
50814919
51471846
55629134
42909750
35139062
252835403
35405904
255471423
204105591
722707392
25256937
63563161
509354159
457058013
164873536
198396463
56748088
829288051
393869008
499182791
737084867
22891616
39634733
181403503
525950541
231460272
276287920
126070916
245558223
167915080
16252777
229704296
222614213
209585225
367402468
606097026
554579584
207356929
267713776
15968500
72077032
291832816
554984928
149636661
630216535
542400616
498377865
188442356
799291789
45500967
82533638
170335831
614448813
1951342
135744293
29279425
267906836
14960875
205586992
777881850
210573416
80328277
178584043
131796415
277522187
3742000
392097009
483031875
661600348
8163091
397047829
9141189
238528423
375843865
263939872
222373806
1216051
79396837
379949868
368696443
320192232
36781712
543962605
143919408
337174140
5082796
2077041
7640281
38635396
45886793
45604516
627032851
133792842
110382417
13616306
519439121
93775708
111869952
108542789
370777049
254941632
84984104
271366507
6296356
383916032
265220019
413253091
349743365
191012804
30286546
58706975
70735693
349613
28423089
145629167
360474622
826032104
794952710
376295653
595350635
200696959
35866616
171429199
44952425
715050
16132264
136282077
180017596
10267288
579002796
137243169
77299226
445639602
439623639
682297290
534336
708277115
226940699
60543274
4542910
482885033
61894435
728772645
243089917
321918529
547521336
520128568
235910001
157637484
22084126
39351051
164194508
347969343
145500074
400922792
370108515
184702329
26581635
662079640
203792982
618410394
328637915
839474200
692707688
195432033
700894287
692528618
48607616
38385918
201618793
457796312
348111063
125820642
83737296
696290438
25197921
100048033
25459691
411170888
110759530
718105147
20744922
389202556
83844126
29140421
237633153
588451314
176741291
67963843
34855793
71284848
153930464
222266347
469270919
890998737
83283848
149453704
176013210
363771801
6441628
227716636
71671951
60237627
408553580
238118376
67535126
385566208
539049936
492502551
216977744
27468000
632370222
88621497
327529379
233099301
779923433
87530031
88052893
162243952
65692397
187959325
470037841
7671665
180208234
120387352
355868290
89568111
170525224
161358858
5418573
26542887
276466072
208767159
304395182
190318491
668042283
640989492
802023453
368713401
111606671
470576045
7772912
623909139
368972306
345234911
104541678
319072126
120107034
2011215
7659522
451826646
66819949
282559727
869202832
258899688
343904920
238479200
157601376
165134485
184672176
92323555
21745018
210928093
29469942
518602417
6681065
616528816
500772454
49633664
485098389
382191993
816822262
164800611
98075293
23285056
533061765
319729225
212993155
44495023
414192849
23451497
294358495
66541231
116393426
348834132
618550621
470052863
91176539
141085728
580640920
320120048
61670197
178029131
693143623
72342760
64800934
440622570
497571168
111200720
182543953
774801907
8020834
61451311
562596159
843919081
432096686
3857717
406909996
107706448
534968188
167481296
32756680
27374148
306407001
247050090
280180916
460239334
789461800
158963881
885949973
269295878
327131700
675339169
333920080
622412200
16754585
160322477
237456184
51205189
131556368
118754145
444811670
273369664
34618294
74974050
434691309
461650816
547412261
413724370
215552485
476045746
147670264
38407200
318908128
361330876
296590151
831563975
401128673
772840097
164307798
520353791
83507807
529020948
108598770
41140755
678864193
739683393
158424221
73692819
167529703
3074432
96569443
77010623
1386646
444486772
81313685
365306061
299163907
343580581
38243276
2166471
24508888
449284645
23753624
275642105
340217809
920434119
246565584
224585444
829278097
185362624
361218250
178674079
91423388
83827081
822536909
190660053
708059392
60475875
133099583
377203429
21402524
577681143
834370215
172781309
80871669
160023020
882582284
213321177
178366465
469778041
284323171
118587208
481565588
58684459
43613677
412676019
377296357
728128296
410177542
354713856
68300681
655667443
260945086
241105966
293679574
562457400
124267207
536532012
34096824
674670627
83233768
868760296
190074025
26169672
107774281
363769936
91606474
228063705
432062736
670763258
411435007
38135071
163353086
421968800
59011270
625224968
217377348
184150279
806161411
270192357
182788732
36686631
763460795
262538615
64051468
189878134
72740273
22060319
188788197
299935871
213116832
33164955
145579791
103525048
91447176
245363295
169697020
64309054
108080281
28842032
364791856
437411308
432976858
73252652
9581583
50144449
117540676
291963420
201672475
38378383
361205189
42166338
723611290
12362699
423675792
45994573
567655525
40868205
435290496
537324994
133639680
187969056
113516560
12468771
245319764
570464224
121770473
19112280
85410805
531749121
118431937
134407596
484625345
53093511
49037317
307619763
118240683
619700238
538635134
281827064
397602378
343668857
353943580
518527927
55507968
14502274
78583912
929416
40207307
868416569
4539058
186413714
415453332
275473442
707453404
11083781
748401501
225470444
880152246
58010568
409358637
51460067
413694779
819811198
459109524
197465741
83659477
14331487
508976280
582521996
307722448
52610795
49101353
423706025
228291130
127069688
665562761
350250921
510340857
288576231
782079683
585846129
392324005
560040427
174250027
96803420
358874319
471239976
28444304
557479746
30220768
62101269
108819680
746888654
603247926
188871783
265664512
199959946
85593421
900729366
645790734
93696937
939584151
493938264
147817052
480575373
373372682
249766208
571829400
124641672
6041517
169730321
362272364
28154874
131810814
45533926
231165113
215747937
725473811
183052648
55981005
97647516
433199245
188850448
782527069
30373819
567676859
521421863
234222056
39800224
10789345
28170704
663912689
477939981
235580727
264772973
37338051
163779138
9454985
96607274
565282600
296342697
190604945
690573788
325473063
315245556
322304417
601513196
218469246
26401046
391187631
39326372
370024197
466037822
395410719
453937744
140900617
184178800
101770911
924117769
740071581
273565033
144754704
103994941
324783784
86708340
647212489
259570216
5342642
17999501
20719020
18946716
721723275
97580208
627653125
7363128
45284515
203311771
40280092
24124843
355023733
12203497
27229597
269152491
36943772
133659068
825707223
136610514
82242653
304195726
566121480
204014424
19537066
372320292
219615499
414724680
15316692
35422984
101616301
47647853
418010081
12191780
477611215
198008574
343946124
232436170
19019940
4674335
573697110
5934313
148787281
475079564
127921215
32641988
46302569
365510224
70781952
234243656
449443776
235207460
251313920
761518916
414952537
165220084
79626778
770262233
790668307
69989191
96791643
875937835
78507316
47750176
617396292
149861835
302849080
444776795
778106472
143082204
269262475
156603678
310769155
253930976
224690218
761928511
257416440
151301853
722652568
41039562
163712922
78393697
369546741
340956437
23817402
31624325
9852803
745180900
167215617
524645105
159884808
454158108
291773323
93327221
540192096
596929642
265650525
140698421
3202591
164040835
723197889
74486392
364192759
420148728
355564352
769092851
466070286
874193516
218030909
41736255
397857616
260059904
20386825
16834776
10693606
127689631
381893899
34981495
518465572
43901961
66497516
29152745
645079977
98724730
302652062
196649847
20854400
1267909
398845536
135467249
76789498
342156926
227799835
11382528
287744514
61780472
281489122
525258657
81051156
245102953
536777670
363770277
136781437
540074513
377177715
136030720
728199324
313494771
615531288
693347560
168379399
334753690
70168672
735436428
28309651
372966240
592164924
79156859
81044634
819147649
159590969
22197529
335568759
35042018
437304564
772403611
88355538
135288562
549849560
39130018
658966952
258768057
188143344
189836805
3893043
299665336
824273102
5763762
367144960
34734731
118488189
86176789
83189343
470662594
51413340
370308425
596378303
554682769
117250793
763361454
23240413
448350685
81971003
5111159
25767478
742437301
55981130
380561909
920774026
36037182
630094514
199035100
194893930
201902618
289573894
317028849
500386686
314353531
270958364
411224104
2269433
64905673
150284227
863559143
392187954
134153267
334833253
234620388
507694768
506740275
345270159
303500636
228678651
364996352
149094081
62875593
190810096
241360607
392543639
91242637
757418936
152357044
586786146
159755132
37047537
47114155
292183896
24270650
27861919
177529607
22808815
353601493
62135664
103296769
452310957
79879479
414258810
74373620
437511961
82892032
681610441
137817503
202473986
126843891
547833194
80518376
230091780
308659701
111229950
37942991
219204234
275400176
368732115
124681353
330824983
98316548
174024155
80786223
24453213
47718593
476960540
652407722
100106040
93689821
567829841
24854484
236041846
148842370
122658081
516406321
9927936
3543480
389007934
32901610
736118607
281465568
63465176
39941127
253255022
53744753
231348340
49656048
862229879
215675407
343451012
236728792
29766339
179862081
629287416
271215462
334142816
300547740
183704625
488690577
423961020
373185994
457002744
87612512
173420047
117681774
325985880
13234635
320837632
692332660
1497584
48990595
202349864
496883960
61926116
332520711
54614633
33435319
87925863
432365299
659732026
279987518
179979867
460486053
27748516
387781450
529380346
174268544
26535449
110074060
249729533
87016560
104205350
633391281
708641817
441475536
64805987
603588077
459423040
29999765
191925920
107327399
212208036
407418140
773935164
160761291
604828055
26882237
12696764
342237760
622526623
527926056
934035302
595525312
776704316
43810017
83894192
19145600
283700113
92461888
111363999
332315817
36386140
438725224
40848924
231520041
272981739
186436528
233827915
382369501
88698691
389382127
15416611
248731132
483156124
134120165
270164721
22994881
448254549
298645402
125883076
308570560
192412486
162759397
159781329
49116232
250613459
51814590
8162601
475256329
72751735
351288844
726361863
216298674
159104893
126518091
87264488
431902723
531749483
415878540
170615745
545400593
48458561
53827772
190673176
869506912
277464447
165359599
37749173
220940096
792794752
596919354
72923677
211211644
807990804
16889084
274138830
321675823
758286697
257798309
96384127
233697489
396541
363363092
254031255
105702095
148515116
64393824
212015779
186524612
178996161
290009691
69531269
67482906
210914705
451820528
505230475
46075950
19533455
8324830
258001765
243231043
730496776
17146
8564856
22167584
88257784
80572058
470285003
295359056
89366536
306482308
113810192
29667201
49079583
550773584
51513714
78713143
163224963
357845524
96195428
466291078
153891115
53513688
89481470
19128213
814489269
312093647
224354874
297210279
8260879
68985247
133039760
806773616
494287053
45984456
323952999
55904000
479307430
76690541
160037534
554746822
784846368
74850887
4756475
669030070
84558921
138202959
64126325
239263021
35621895
132612855
389753164
96433724
18746167
776535362
393502532
111674012
552120515
39443144
242371668
85192825
666794568
36988801
122213009
353620891
795842124
269130507
379277948
337612941
212209591
17068493
44261579
217579824
48105576
161878915
592316195
98055704
14069280
697421066
378469876
30199546
359097764
11387975
3634399
603597698
313763426
275641532
23849785
352849055
516279861
444458708
127493361
288550417
118929759
729103731
18960985
18665858
513441072
29055009
21524400
210390740
164678336
336944987
70902840
114641288
218172976
584829508
64593865
91056008
112229023
116758396
917392149
195740434
78499318
76994772
177434234
74069269
578185225
622884559
30987325
843500385
204060297
230315025
707417664
166289831
46642597
688209808
867112653
39673863
212181019
119011441
571303324
14840356
21957531
54472139
96464352
123655279
595153256
98225716
432863036
269703802
97524614
1427560
171669160
158929231
147591102
18935298
4990752
152715616
35559040
111049287
87564054
229750016
339899080
28988127
747480301
96054799
58258496
132992523
127195030
4527352
785697084
307248932
342582942
621095263
446212353
644934688
100299029
104756624
472006096
216749510
331912078
20746058
324735361
188300050
429237038
127234800
266103769
274118919
538493816
376365609
198327232
95102361
189538984
69491708
116661339
298003770
20901559
16093408
12674260
162384574
47233408
619970473
232321161
66215961
147830103
676375936
357928992
131619138
259430491
3692704
769053616
19108801
437282
473905081
30882253
710465979
2964942
926350827
240803888
280332354
1008336
114187616
170190296
24494197
107413869
299590335
99084182
417133748
47599058
323031036
364190560
393195267
119053356
931947296
287801960
264600166
100595033
443272274
173769711
54926704
674625952
68989035
268277017
141292097
177542452
119195615
102212314
169131718
253508742
11752864
896122157
56035476
12013484
99910657
6926336
21156125
329331996
524067304
95626219
180192139
395470735
3819491
361214194
44335019
228623409
649429169
166109684
163469683
92668144
274706992
58609125
8883956
43326635
39751401
97872456
20111421
75994109
111589477
287864294
114982271
260023995
38961513
35859608
22600252
332553555
196716349
734881920
22868028
259864644
154870784
21078552
66652050
48763221
633039816
298051379
24166265
398872701
252862315
705774605
162361804
72430835
179957689
310674225
16444843
153869172
192634144
258582905
152778112
46949507
745153409
127208521
371517488
455354020
174054796
137841923
359065617
230648595
306062112
598298138
254507
474194906
137958349
676372894
350357591
124309164
372948179
70144471
32823112
373309921
328908624
71488126
105303631
48841062
128690401
214560575
147754700
516489819
604267305
563535128
28065244
134031666
22072491
591564003
7586794
93698643
59887889
917916136
409976510
223648625
153508896
119929588
256173696
267537284
298454732
182508186
159821889
32069523
105256063
317605773
726827581
77187742
796813309
627772932
214714976
173459430
558531509
81357861
498416244
16028905
237224292
136362217
329358624
146211411
525838674
23056636
186268911
154104157
16037054
612851605
277013218
57138148
249206493
59328823
230293413
233530304
10663525
85892251
231021654
531219951
317715852
366276
2313259
872815981
45079516
3858793
354193587
106060660
654803713
28555782
40355053
72948484
24371262
60397716
205864043
204092140
19087435
33023152
259040000
1732486
430160281
164059453
156913425
288317113
68454442
162701569
228989758
457815747
667483806
447469423
58305976
191077800
204957984
47097976
144141649
402481524
181636494
61049813
179147188
159972879
5748265
571528845
193973976
208893454
356423956
64450879
16322188
308659933
807949797
627500634
62783639
22143045
251147273
345130206
202838110
161594297
29533378
461320160
21667578
54091259
161879035
2420325
454495103
114759120
388912833
82627840
6155554
140047441
3391421
423408032
344331725
382781803
174788752
98103036
19344340
345894530
133188300
39998023
14978332
360493507
94683397
210790959
18719386
838125201
427649776
79899073
106820068
427648587
221994893
370209566
732855957
39494223
396842790
78776890
2365618
283052550
33086643
218628951
87474208
492516612
214658425
103569654
78134395
293495947
184854806
18140656
56982489
168414496
675427809
13099927
233772260
301149906
67899165
504079310
6785703
339674372
44734513
25765564
141439456
305444930
847682271
632373600
38896888
94432104
67532700
368829063
870304551
37791031
21314723
502078117
103238489
105852911
13152539
497270195
410881360
288479033
1225663
81324594
144177914
7826226
213509808
71963191
4891396
238120477
115723451
336891688
133618269
162822975
256676143
113960738
88163450
619039838
338249752
26393389
63321267
213710262
7668590
14812381
410680026
147447600
823510491
297868069
351384798
344813530
267699646
184618132
470154273
108281529
4451261
272723621
76469250
86885975
293472585
83779101
56729115
481329975
181773976
47184363
84219878
68814230
24036343
79700259
669745881
451628241
62174088
19935903
113720169
13400728
305246197
88923601
297523430
60300142
128754109
859403351
6983559
208568942
85026222
367952927
253938364
330701503
140117527
14894250
464891073
244103917
632075190
472323117
492949336
647275281
234838
43600605
115527432
98466088
119146288
98067797
677723552
864403264
12658778
440922798
305354128
126436641
360074861
247627093
255685867
433123392
395250680
607271016
357643728
700642000
89551912
174193344
361687989
138502171
101055048
219169104
326287313
248900843
978137473
425182151
634952908
124234247
216585865
36536222
142961685
64091948
675112696
700116607
327062353
99722069
551060559
478305618
212439510
326842105
377232442
418799859
336438524
350711631
23933464
585034464
172112102
74512529
275307470
411336
343337905
665190
207491388
10837600
433669491
51793921
3870186
754894441
33308624
1793735
527607616
454564271
192856926
3532021
14411144
145746568
377955551
768272847
187456060
49238017
228393565
33284493
2637457
355060912
288418413
334773201
243124488
563407469
102361600
55903153
3755635
10050818
93903384
135665968
350180313
306081718
810038559
52111536
234087807
7599375
48042778
378328831
24906195
84189984
180176034
493215152
520706452
24613389
7063635
291721687
96222835
636904796
7489701
624591714
729426086
6932560
11537040
968490513
162453036
521163166
59932427
157606593
65648859
274732373
815833711
482026484
32616677
63970256
12902428
348197769
180581786
720528368
350639204
283408343
606415382
41046981
11433799
146232874
133882471
379967457
10247263
296363761
94802480
100833509
373092520
60041492
613576168
218013843
954072466
44184940
526027683
242049466
320173196
757951483
202284128
404416512
66627456
439875877
24476409
549491228
2173591
7976825
368394617
34415107
189563328
646411919
330355480
53958470
107032004
527772400
538546451
52951902
471867272
167943128
864174366
5304974
275007379
72995249
56341546
157863314
142105483
248179296
26932516
30951176
7230892
42201393
21971272
363264955
181996000
31780103
27500283
505871328
666197395
26636206
280423067
122072391
216164393
613433507
232091289
37928079
6123408
78345751
150371740
628973115
23251595
100775834
26778244
95666408
21983567
49897429
94256579
46146395
461216393
660613212
56262401
202672476
35731245
815567490
393796747
75182352
441148030
25721886
481166416
230141260
622518260
192079137
57124282
246119246
713801260
388429750
742346092
322355128
412068567
145585401
192259718
76613983
88194901
126228266
401677503
74909213
327482245
229272187
255317944
32480121
124850895
241796530
412184406
289760577
131669180
89296239
305215823
188005357
33914656
185729032
13529888
487417715
41782615
214607590
19528209
48036019
755159902
157589981
563142652
115909757
8080188
221837966
381509595
533164608
77640696
624870415
727438110
732702726
152366883
719473617
533433908
2590542
616196673
22822260
8212051
299569137
255693248
121844313
187376813
79204199
33822910
516976928
141157632
429888925
96452611
42321085
91890233
787127518
224629395
673132961
49009032
585091134
5767291
494147150
2192353
235593738
526011495
297273614
5013840
41739300
60957392
112246496
148044941
864580
206575629
543300664
257965071
696587900
38189376
114057813
877021775
621877902
228593500
97977601
861312
699795837
491627445
505247007
100892830
48878516
155387981
57585303
166827167
182508208
207814695
236908483
77297665
40768040
705969592
272345542
36889299
298287214
662615318
237775414
456393024
378267885
11101624
25529967
135658933
47934931
175645810
511424038
2734555
88190726
5864678
89648400
607803046
95207237
152415686
3533129
149376481
535667669
99254841
551334125
662582517
285700584
8709056
254336214
244612594
103008115
75870266
123008796
234210899
309300863
329129705
333491581
1582580
245619955
48509075
129384411
647443908
337947916
31268587
720701287
60303150
247525228
150489472
209593586
714381664
257772664
251072510
324578914
157303367
761187297
241103956
760794674
144290749
85636982
52605733
155352276
30482177
388530838
508856661
985225732
15011377
93982325
305254041
107116019
100205072
636166546
82721508
226624050
95561825
220626131
19392065
691488954
70980263
350365778
300719374
4277200
330318697
143658777
116622489
97725294
393732837
127301272
71898900
956491429
699849865
205091569
438007276
756337905
497766087
34929927
589373891
154727987
384884959
467971738
250873225
546494229
91997792
743518353
123743715
465254
240080568
26419636
503750052
224339690
576702168
223540910
470680740
116719296
86015169
655795910
252870296
19750285
265011339
368190824
105559898
126752105
207059564
754432261
329020329
560548117
414865208
120703496
130566082
782971229
12690642
48509390
134557572
329993153
60037393
75586411
296223937
53920664
57278662
427152798
195513529
240956146
150330272
286751844
119434665
375464728
392204826
258508129
272969225
75888671
64923418
8652783
902463464
67607801
49637951
414989081
14770370
403145419
168610976
226910896
709418809
24683677
228441242
196750355
125956963
392257493
174721227
717621401
529198247
448797986
502628068
45417756
486912056
45033704
47623056
104945921
7600640
16537452
557893636
264356751
83222152
360078291
65958057
127241371
40817678
68178303
158408800
736043433
364651344
52047347
41167234
188476289
70962076
890684067
195233732
8812884
86963155
330446875
327649528
27182520
319321909
134297681
77151282
70196000
861290533
254153245
661368281
320560583
527074589
236521189
16446312
225380652
130039328
346525342
613080109
2935480
28845301
402706575
793035473
257530095
12128560
749043472
276505961
587850956
64996033
815844318
588553073
205204075
137225044
32535109
101099872
7824230
300882933
488324705
568021504
151902124
513706851
49682000
455374244
708159313
139381829
481518547
716613545
163003615
309004321
8345675
772526140
556931014
268969272
59304945
154743389
35348085
11394029
893493834
552267263
345975976
12707368
11483400
196273971
86079174
767520805
644841911
329268366
776284772
413511749
734640223
195130794
18450414
182357663
336906248
19084740
207590065
77712832
111201983
632491264
1114440
25582679
26877141
233505357
141456889
2126236
5886525
854487457
154864488
229832336
698039065
921146718
691748367
364821913
296450860
375635925
89684290
356146969
134412706
26056521
5415125
61446069
602941457
334919245
708445686
155258203
33434748
54679585
365987927
31603932
166705856
12936069
177399615
328261735
606459282
305654181
51216776
621351389
117645541
5252806
822987218
700991523
341389728
356903490
31997917
495932807
202443256
243120619
244267776
96195180
252369231
18057857
573127653
291685263
150606282
649503400
347120999
67875917
72312428
440764901
129425808
11678477
533672552
739454541
176175361
40784062
136009089
98424638
37636404
952609835
656961285
348666644
519182138
154057172
482984399
681255211
24443377
615769245
687063348
163942400
105687465
197788705
226279411
162271935
594754197
443929558
92849724
45108662
106832207
400904173
251216249
112856247
284751752
67767272
111774330
898556155
49550261
359381944
255141066
246743
50010661
36231851
212961016
189638001
169433753
516657916
5768395
117149097
80820229
104037477
460289844
124800300
124304056
295369695
153027928
158266084
4844661
58616285
137577089
321282685
200754241
110672601
334627900
275268128
807334536
383377699
62827503
631959997
148892306
302931435
17410193
54672523
48866457
72209302
89528435
307475951
402791696
91552420
362162648
184752941
46732471
72124072
289718972
255366301
68145248
190034137
17663152
71193045
52764841
157503057
236585455
481912285
46359952
60472636
46054810
96144896
787811600
402138615
588865915
370568152
196130353
583132808
51580519
445338727
147690823
42898851
244142020
151102049
290243875
137638699
86180160
317899427
8758726
469416505
97296040
108981280
573149001
40954576
10307428
202596498
314978906
675551104
19547178
192242461
610482085
394233964
115170253
100545400
257935543
230193552
73319794
223378261
509191376
112258112
319510534
718577018
95348745
115809277
529373266
194389253
222344
458857071
163716510
227764179
559182336
531377481
25056641
46219980
275923456
71128851
352862248
478558962
12006576
62491357
288521923
232268731
61487295
193368128
684952
72121477
128069405
269957976
21598240
76486098
147614416
611672951
689529460
109104235
523753520
22505056
211240505
9671690
773162179
715552139
9068839
300417021
402998958
133235239
274422174
75523271
97263246
53236553
218589316
47892627
31227550
204701095
201877120
62237289
542624752
4512465
8126441
328558820
187502221
209252831
414276351
259527072
7350712
342328419
30644136
316057989
19108667
208881153
57846741
211343457
430300074
101422298
816417031
152019103
79235424
540986656
402015646
174584019
568589679
310522217
518443168
301675075
280614672
610402266
249026012
125997718
412945390
312201522
57010621
42552441
180250766
229093327
924425980
495761545
198623926
219900699
288690329
624316252
131151880
441963424
72709333
68065231
162233993
22104672
3950785
87915658
69478913
646007441
198305962
872511912
52506721
172340363
24314336
202710201
448710337
392259904
545760749
469486225
347164144
85238290
368243317
108106479
130596203
465649218
95805880
73416396
917834981
79965238
64750672
655021088
263227292
189594781
388328892
450450760
275264901
367004464
546985216
307576092
461054988
28368492
139119388
577989986
7961056
391093032
135290817
700197092
751632436
82753760
544625991
153104532
136944382
654794231
304839287
340019200
152096832
951518
34762624
100292
675791015
387984739
189506901
415918151
587101829
87308963
485723954
225911619
5496768
2059204
343988453
257747424
167411329
217605063
465477820
184840876
78257224
703786035
63194063
62114687
334500716
52009465
283210662
66840643
78646661
613358017
418426783
