v1: 35  v2: 1  w: 1
v1: 3  v2: 35  w: 1
v1: 17  v2: 3  w: 1
v1: 21  v2: 35  w: 1
v1: 43  v2: 35  w: 1
v1: 26  v2: 43  w: 1
v1: 7  v2: 26  w: 1
v1: 40  v2: 7  w: 1
v1: 14  v2: 40  w: 1
v1: 44  v2: 7  w: 1
v1: 15  v2: 44  w: 1
v1: 30  v2: 44  w: 1
v1: 28  v2: 30  w: 1
v1: 47  v2: 3  w: 1
v1: 4  v2: 47  w: 1
v1: 48  v2: 7  w: 1
v1: 49  v2: 43  w: 1
v1: 18  v2: 49  w: 1
v1: 27  v2: 49  w: 1
v1: 52  v2: 44  w: 1
v1: 55  v2: 40  w: 1
v1: 56  v2: 27  w: 1
v1: 24  v2: 56  w: 1
v1: 57  v2: 14  w: 1
v1: 58  v2: 21  w: 1
v1: 59  v2: 47  w: 1
v1: 60  v2: 18  w: 1
v1: 61  v2: 17  w: 1
v1: 6  v2: 61  w: 1
v1: 63  v2: 49  w: 1
v1: 64  v2: 30  w: 1
v1: 65  v2: 63  w: 1
v1: 66  v2: 1  w: 1
v1: 33  v2: 66  w: 1
v1: 67  v2: 56  w: 1
v1: 69  v2: 40  w: 1
v1: 8  v2: 69  w: 1
v1: 20  v2: 8  w: 1
v1: 34  v2: 69  w: 1
v1: 16  v2: 34  w: 1
v1: 62  v2: 34  w: 1
v1: 70  v2: 67  w: 1
v1: 36  v2: 70  w: 1
v1: 31  v2: 36  w: 1
v1: 71  v2: 58  w: 1
v1: 72  v2: 47  w: 1
v1: 73  v2: 64  w: 1
v1: 32  v2: 73  w: 1
v1: 11  v2: 32  w: 1
v1: 22  v2: 11  w: 1
v1: 74  v2: 15  w: 1
v1: 9  v2: 74  w: 1
v1: 5  v2: 9  w: 1
v1: 46  v2: 9  w: 1
v1: 50  v2: 9  w: 1
v1: 12  v2: 50  w: 1
v1: 51  v2: 12  w: 1
v1: 53  v2: 12  w: 1
v1: 75  v2: 12  w: 1
v1: 76  v2: 55  w: 1
v1: 37  v2: 76  w: 1
v1: 23  v2: 37  w: 1
v1: 79  v2: 37  w: 1
v1: 80  v2: 11  w: 1
v1: 83  v2: 53  w: 1
v1: 87  v2: 63  w: 1
v1: 88  v2: 76  w: 1
v1: 90  v2: 14  w: 1
v1: 41  v2: 90  w: 1
v1: 91  v2: 11  w: 1
v1: 85  v2: 91  w: 1
v1: 93  v2: 34  w: 1
v1: 94  v2: 59  w: 1
v1: 95  v2: 12  w: 1
v1: 29  v2: 95  w: 1
v1: 99  v2: 18  w: 1
v1: 100  v2: 64  w: 1
v1: 10  v2: 34  w: 2
v1: 2  v2: 10  w: 1
v1: 39  v2: 2  w: 1
v1: 13  v2: 20  w: 2
v1: 19  v2: 43  w: 2
v1: 25  v2: 18  w: 2
v1: 38  v2: 100  w: 2
v1: 45  v2: 38  w: 1
v1: 82  v2: 38  w: 1
v1: 68  v2: 17  w: 2
v1: 77  v2: 60  w: 2
v1: 78  v2: 66  w: 2
v1: 89  v2: 78  w: 1
v1: 54  v2: 89  w: 2
v1: 81  v2: 56  w: 2
v1: 84  v2: 23  w: 2
v1: 86  v2: 65  w: 2
v1: 92  v2: 41  w: 2
v1: 96  v2: 57  w: 2
v1: 97  v2: 39  w: 2
v1: 98  v2: 67  w: 2
v1: 42  v2: 44  w: 3
