v1: 1  v2: 66  w: 1
v1: 1  v2: 35  w: 1
v1: 66  v2: 33  w: 1
v1: 35  v2: 21  w: 1
v1: 35  v2: 3  w: 1
v1: 3  v2: 47  w: 1
v1: 3  v2: 17  w: 1
v1: 47  v2: 59  w: 1
v1: 47  v2: 72  w: 1
v1: 47  v2: 4  w: 1
v1: 17  v2: 61  w: 1
v1: 4  v2: 58  w: 1
v1: 61  v2: 79  w: 1
v1: 61  v2: 49  w: 1
v1: 61  v2: 6  w: 1
v1: 58  v2: 71  w: 1
v1: 79  v2: 37  w: 1
v1: 49  v2: 63  w: 1
v1: 49  v2: 43  w: 1
v1: 49  v2: 27  w: 1
v1: 49  v2: 18  w: 1
v1: 18  v2: 60  w: 1
v1: 18  v2: 99  w: 1
v1: 1  v2: 100  w: 1
v1: 100  v2: 64  w: 1
v1: 100  v2: 52  w: 1
v1: 100  v2: 16  w: 1
v1: 100  v2: 15  w: 1
v1: 64  v2: 30  w: 1
v1: 64  v2: 80  w: 1
v1: 64  v2: 73  w: 1
v1: 52  v2: 44  w: 1
v1: 16  v2: 34  w: 1
v1: 16  v2: 94  w: 1
v1: 15  v2: 74  w: 1
v1: 30  v2: 69  w: 1
v1: 30  v2: 28  w: 1
v1: 80  v2: 11  w: 1
v1: 73  v2: 32  w: 1
v1: 44  v2: 7  w: 1
v1: 71  v2: 95  w: 1
v1: 34  v2: 62  w: 1
v1: 95  v2: 12  w: 1
v1: 95  v2: 29  w: 1
v1: 12  v2: 75  w: 1
v1: 12  v2: 51  w: 1
v1: 12  v2: 50  w: 1
v1: 12  v2: 53  w: 1
v1: 75  v2: 36  w: 1
v1: 50  v2: 88  w: 1
v1: 50  v2: 9  w: 1
v1: 53  v2: 83  w: 1
v1: 36  v2: 70  w: 1
v1: 36  v2: 31  w: 1
v1: 88  v2: 76  w: 1
v1: 9  v2: 5  w: 1
v1: 9  v2: 46  w: 1
v1: 70  v2: 67  w: 1
v1: 76  v2: 55  w: 1
v1: 67  v2: 56  w: 1
v1: 55  v2: 40  w: 1
v1: 56  v2: 24  w: 1
v1: 40  v2: 14  w: 1
v1: 34  v2: 93  w: 1
v1: 14  v2: 57  w: 1
v1: 14  v2: 90  w: 1
v1: 90  v2: 41  w: 1
v1: 37  v2: 23  w: 1
v1: 63  v2: 65  w: 1
v1: 63  v2: 87  w: 1
v1: 69  v2: 8  w: 1
v1: 8  v2: 20  w: 1
v1: 11  v2: 91  w: 1
v1: 11  v2: 22  w: 1
v1: 91  v2: 85  w: 1
v1: 43  v2: 26  w: 1
v1: 7  v2: 48  w: 1
v1: 95  v2: 19  w: 2
v1: 62  v2: 81  w: 2
v1: 61  v2: 96  w: 2
v1: 60  v2: 77  w: 2
v1: 18  v2: 25  w: 2
v1: 61  v2: 45  w: 2
v1: 45  v2: 38  w: 1
v1: 38  v2: 82  w: 1
v1: 58  v2: 97  w: 2
v1: 97  v2: 39  w: 2
v1: 39  v2: 2  w: 1
v1: 2  v2: 10  w: 1
v1: 52  v2: 78  w: 2
v1: 78  v2: 89  w: 1
v1: 89  v2: 54  w: 2
v1: 16  v2: 68  w: 2
v1: 67  v2: 98  w: 2
v1: 23  v2: 84  w: 2
v1: 41  v2: 92  w: 2
v1: 65  v2: 86  w: 2
v1: 20  v2: 13  w: 2
v1: 78  v2: 42  w: 3
